<?xml version="1.0" encoding="UTF-8"?>
<testsuite name="TestSuite" time="10,923.025" tests="315" errors="0" skipped="66" failures="41">
  <properties>
    <property name="jansi.mode" value="force"/>
    <property name="java.runtime.name" value="OpenJDK Runtime Environment"/>
    <property name="java.vm.version" value="17.0.6+10"/>
    <property name="sun.boot.library.path" value="E:\KalyaniG\TechTools\Eclipse\eclipse-java-2022-12-R-win32-x86_64\eclipse\plugins\org.eclipse.justj.openjdk.hotspot.jre.full.win32.x86_64_17.0.6.v20230204-1729\jre\bin"/>
    <property name="maven.multiModuleProjectDirectory" value="E:\KalyaniG\AEWorkspace\AEQATestAutomationFramework"/>
    <property name="java.vm.vendor" value="Eclipse Adoptium"/>
    <property name="java.vendor.url" value="https://adoptium.net/"/>
    <property name="guice.disable.misplaced.annotation.check" value="true"/>
    <property name="path.separator" value=";"/>
    <property name="java.vm.name" value="OpenJDK 64-Bit Server VM"/>
    <property name="sun.os.patch.level" value=""/>
    <property name="user.script" value=""/>
    <property name="user.country" value="IN"/>
    <property name="sun.java.launcher" value="SUN_STANDARD"/>
    <property name="java.vm.specification.name" value="Java Virtual Machine Specification"/>
    <property name="user.dir" value="E:\KalyaniG\AEWorkspace\AEQATestAutomationFramework"/>
    <property name="java.vm.compressedOopsMode" value="Zero based"/>
    <property name="java.runtime.version" value="17.0.6+10"/>
    <property name="os.arch" value="amd64"/>
    <property name="java.io.tmpdir" value="C:\Users\KALYAN~1.GOM\AppData\Local\Temp\"/>
    <property name="line.separator" value="&#10;"/>
    <property name="java.vm.specification.vendor" value="Oracle Corporation"/>
    <property name="user.variant" value=""/>
    <property name="os.name" value="Windows 10"/>
    <property name="classworlds.conf" value="E:\KalyaniG\AEWorkspace\.metadata\.plugins\org.eclipse.m2e.launching\launches\m2conf16867174729277678253.tmp"/>
    <property name="sun.jnu.encoding" value="Cp1252"/>
    <property name="java.library.path" value="E:\KalyaniG\TechTools\Eclipse\eclipse-java-2022-12-R-win32-x86_64\eclipse\plugins\org.eclipse.justj.openjdk.hotspot.jre.full.win32.x86_64_17.0.6.v20230204-1729\jre\bin;C:\Windows\Sun\Java\bin;C:\Windows\system32;C:\Windows;E:/KalyaniG/TechTools/Eclipse/eclipse-java-2022-12-R-win32-x86_64/eclipse//plugins/org.eclipse.justj.openjdk.hotspot.jre.full.win32.x86_64_17.0.6.v20230204-1729/jre/bin/server;E:/KalyaniG/TechTools/Eclipse/eclipse-java-2022-12-R-win32-x86_64/eclipse//plugins/org.eclipse.justj.openjdk.hotspot.jre.full.win32.x86_64_17.0.6.v20230204-1729/jre/bin;C:\Program Files\java\jre11.0.9+11\bin;C:\Windows\system32;C:\Windows;C:\Windows\System32\Wbem;C:\Windows\System32\WindowsPowerShell\v1.0\;C:\Windows\System32\OpenSSH\;C:\Program Files\Docker\Docker\resources\bin;C:\Program Files\Git\cmd;E:\KalyaniG\TechTools\Maven\apache-maven-3.9.0-bin\apache-maven-3.9.0\bin;C:\Program Files\AutomationEdge\tools\OpenJDK11U-jdk_x64_windows_hotspot_11.0.9_11\jdk-11.0.9+11\bin;C:\Program Files (x86)\Microsoft SQL Server\160\DTS\Binn\;C:\Program Files\Azure Data Studio\bin;C:\Program Files\Microsoft SQL Server\Client SDK\ODBC\170\Tools\Binn\;C:\Program Files (x86)\Microsoft SQL Server\150\Tools\Binn\;C:\Program Files\Microsoft SQL Server\150\Tools\Binn\;C:\Program Files\Microsoft SQL Server\150\DTS\Binn\;C:\Users\kalyani.gomkale\AppData\Local\Microsoft\WindowsApps;;E:\KalyaniG\TechTools\Eclipse\eclipse-java-2022-12-R-win32-x86_64\eclipse;;."/>
    <property name="jdk.debug" value="release"/>
    <property name="java.class.version" value="61.0"/>
    <property name="java.specification.name" value="Java Platform API Specification"/>
    <property name="sun.management.compiler" value="HotSpot 64-Bit Tiered Compilers"/>
    <property name="os.version" value="10.0"/>
    <property name="user.home" value="C:\Users\kalyani.gomkale"/>
    <property name="user.timezone" value="Asia/Calcutta"/>
    <property name="file.encoding" value="UTF-8"/>
    <property name="java.specification.version" value="17"/>
    <property name="user.name" value="kalyani.gomkale"/>
    <property name="java.class.path" value="E:\KalyaniG\TechTools\Eclipse\eclipse-java-2022-12-R-win32-x86_64\eclipse\plugins\org.eclipse.m2e.maven.runtime_3.8.604.20221130-2149\jars\plexus-classworlds-2.6.0.jar"/>
    <property name="java.vm.specification.version" value="17"/>
    <property name="sun.arch.data.model" value="64"/>
    <property name="sun.java.command" value="org.codehaus.plexus.classworlds.launcher.Launcher -B -Dstyle.color=always test"/>
    <property name="java.home" value="E:\KalyaniG\TechTools\Eclipse\eclipse-java-2022-12-R-win32-x86_64\eclipse\plugins\org.eclipse.justj.openjdk.hotspot.jre.full.win32.x86_64_17.0.6.v20230204-1729\jre"/>
    <property name="user.language" value="en"/>
    <property name="java.specification.vendor" value="Oracle Corporation"/>
    <property name="java.vm.info" value="mixed mode"/>
    <property name="java.version" value="17.0.6"/>
    <property name="native.encoding" value="Cp1252"/>
    <property name="java.vendor" value="Eclipse Adoptium"/>
    <property name="maven.home" value="E:\KalyaniG\AEWorkspace\AEQATestAutomationFramework\EMBEDDED"/>
    <property name="style.color" value="always"/>
    <property name="file.separator" value="\"/>
    <property name="java.version.date" value="2023-01-17"/>
    <property name="java.vendor.url.bug" value="https://github.com/adoptium/adoptium-support/issues"/>
    <property name="sun.io.unicode.encoding" value="UnicodeLittle"/>
    <property name="sun.cpu.endian" value="little"/>
    <property name="java.vendor.version" value="Temurin-17.0.6+10"/>
    <property name="m2e.build.project.data.socket.port" value="63030"/>
    <property name="sun.cpu.isalist" value="amd64"/>
  </properties>
  <testcase name="ValidateFirstTimeLoginTest" classname="com.ae.qa.testcases.LoginPageTest" time="17.859"/>
  <testcase name="validateAddNewTenant" classname="com.ae.qa.testcases.TenantsPageTest" time="36.022"/>
  <testcase name="validateaddNewTenantsWithDuplicateOrgCode" classname="com.ae.qa.testcases.TenantsPageTest" time="40.705"/>
  <testcase name="verifyLicenseInfoTest" classname="com.ae.qa.testcases.TenantsPageTest" time="23.312"/>
  <testcase name="creatingSystemAdminTest" classname="com.ae.qa.testcases.SystemUsersPageTest" time="70.813"/>
  <testcase name="validateEditSystemUsers" classname="com.ae.qa.testcases.SystemUsersPageTest" time="66.513"/>
  <testcase name="validatePasswordMismatch" classname="com.ae.qa.testcases.SystemUsersPageTest" time="60.235"/>
  <testcase name="ValidateCreatingTenantAdminTest" classname="com.ae.qa.testcases.TenantUsersPageTest" time="59.503"/>
  <testcase name="ValidateEditTenantUserTest" classname="com.ae.qa.testcases.TenantUsersPageTest" time="137.552"/>
  <testcase name="validatedownloadingAuditLogs" classname="com.ae.qa.testcases.AuditLogsPageTest" time="25.457"/>
  <testcase name="validatecheckColumnsInAuditLogs" classname="com.ae.qa.testcases.AuditLogsPageTest" time="26.048"/>
  <testcase name="validatedeselectAllInAuditLogs" classname="com.ae.qa.testcases.AuditLogsPageTest" time="25.918"/>
  <testcase name="verifySpecificColumnTest" classname="com.ae.qa.testcases.AuditLogsPageTest" time="26.31"/>
  <testcase name="validateUploadPSTest" classname="com.ae.qa.testcases.ArtifactsPageTest" time="104.056"/>
  <testcase name="validateUploadPluginsTest" classname="com.ae.qa.testcases.PluginsPageTest" time="236.629"/>
  <testcase name="validateAgentServerNotSetTest" classname="com.ae.qa.testcases.SystemSettingsPageTest" time="59.577"/>
  <testcase name="validateInvalidURLTest" classname="com.ae.qa.testcases.SystemSettingsPageTest" time="27.26"/>
  <testcase name="validateServerUrlTest" classname="com.ae.qa.testcases.SystemSettingsPageTest" time="29.066"/>
  <testcase name="validateEditCleanUpRequest" classname="com.ae.qa.testcases.SystemSettingsPageTest" time="30.024"/>
  <testcase name="validateAddSmtpServerTest" classname="com.ae.qa.testcases.SmtpPageTest" time="55.03"/>
  <testcase name="validateSkipQuesTest" classname="com.ae.qa.testcases.SecurityQuestionsPageTest" time="24.048"/>
  <testcase name="validateSecurityQuesTest" classname="com.ae.qa.testcases.SecurityQuestionsPageTest" time="38.581"/>
  <testcase name="validateUpdatingSecQuesWithWrongPswdTest" classname="com.ae.qa.testcases.SecurityQuestionsPageTest" time="37.013"/>
  <testcase name="validateUpdatingSecurityQuesTest" classname="com.ae.qa.testcases.SecurityQuestionsPageTest" time="33.897"/>
  <testcase name="validateSkipThenSetQuesTest" classname="com.ae.qa.testcases.SecurityQuestionsPageTest" time="49.108"/>
  <testcase name="validatePswdComplexityTest" classname="com.ae.qa.testcases.SysadminPolicyPageTest" time="41.059"/>
  <testcase name="validatePasswordHistoryTest" classname="com.ae.qa.testcases.SysadminPolicyPageTest" time="110.835"/>
  <testcase name="validateNoOfAttemptsTest" classname="com.ae.qa.testcases.SysadminPolicyPageTest" time="176.152">
    <failure message="expected [Your account is inaccessible . Please contact your Administrator.] but found []" type="java.lang.AssertionError">java.lang.AssertionError: expected [Your account is inaccessible . Please contact your Administrator.] but found []
	at org.testng.Assert.fail(Assert.java:110)
	at org.testng.Assert.failNotEquals(Assert.java:1413)
	at org.testng.Assert.assertEqualsImpl(Assert.java:149)
	at org.testng.Assert.assertEquals(Assert.java:131)
	at org.testng.Assert.assertEquals(Assert.java:655)
	at org.testng.Assert.assertEquals(Assert.java:665)
	at com.ae.qa.pages.SysadminPolicyPage.validateNoOfAttempts(SysadminPolicyPage.java:375)
	at com.ae.qa.testcases.SysadminPolicyPageTest.validateNoOfAttemptsTest(SysadminPolicyPageTest.java:51)
</failure>
    <system-out><![CDATA[The name of the testcase passed is :validatePasswordHistoryTest
[DEBUG] 2023-04-18 21:09:38.614 [TestNG-test=AESanity-1] TestBase - Execution started
[INFO ] 2023-04-18 21:09:40.874 [TestNG-test=AESanity-1] TestBase - Browser started successfully
[INFO ] 2023-04-18 21:09:45.699 [TestNG-test=AESanity-1] TestBase - User is navigated to AE portal
validateNoOfAttemptsTest test case started
User log in Successfully
Settings tab clicked
Security Question tab clicked
Actual message:Security questions set successfully
Security questions set successfully
User signed out successfully
User log in Successfully
Settings tab clicked
Sysadmin Policy tab clicked
No.of wrong attempts actually set is:4 No.of attempts set by user is:4
No.of wrong attempts actually set is:4 No.of attempts set by user is:4
Actual Message after password policy update:Password policy updated successfully
Expected Message after password policy update:Password policy updated successfully
User signed out successfully
Actual_msg:
Actual_msg:
Actual_msg:
4th Unsuccessful attempt
Actual_msg:
Expected_msg:Your account is inaccessible . Please contact your Administrator.
]]></system-out>
    <system-err><![CDATA[Starting ChromeDriver 112.0.5615.49 (bd2a7bcb881c11e8cfe3078709382934e3916914-refs/branch-heads/5615@{#936}) on port 4893
Only local connections are allowed.
Please see https://chromedriver.chromium.org/security-considerations for suggestions on keeping ChromeDriver safe.
ChromeDriver was started successfully.
Apr 18, 2023 9:09:40 PM org.openqa.selenium.remote.ProtocolHandshake createSession
INFO: Detected dialect: W3C
]]></system-err>
  </testcase>
  <testcase name="validateLastLoginTest" classname="com.ae.qa.testcases.InformationPageTest" time="29.532"/>
  <testcase name="validateViewProfileTest" classname="com.ae.qa.testcases.InformationPageTest" time="46.08"/>
  <testcase name="validateChangePasswordTest" classname="com.ae.qa.testcases.InformationPageTest" time="30.146"/>
  <testcase name="verifycheckLogsTest" classname="com.ae.qa.testcases.AuditLogsPageTest" time="40.111"/>
  <testcase name="validateWFReqLessThanNotfTest" classname="com.ae.qa.testcases.PurgePolicyPageTest" time="35.306"/>
  <testcase name="validatePurgePolicyDurationTest" classname="com.ae.qa.testcases.PurgePolicyPageTest" time="26.575"/>
  <testcase name="validateUpdatePurgePolicyEntityTest" classname="com.ae.qa.testcases.PurgePolicyPageTest" time="31.02"/>
  <testcase name="validatePurgingScheduleDayTest" classname="com.ae.qa.testcases.PurgeSchedulePageTest" time="45.684"/>
  <testcase name="validatePurgingScheduleWeekendTest" classname="com.ae.qa.testcases.PurgeSchedulePageTest" time="26.603">
    <failure message="Schedule not created for day of week expected [Schedule created successfully] but found [Next fire time is too close to update/create time, skipping it. Setting the Next fire time as [Tue, 30-May-2023 20:30 PM IST]]" type="java.lang.AssertionError">java.lang.AssertionError: Schedule not created for day of week expected [Schedule created successfully] but found [Next fire time is too close to update/create time, skipping it. Setting the Next fire time as [Tue, 30-May-2023 20:30 PM IST]]
	at org.testng.Assert.fail(Assert.java:110)
	at org.testng.Assert.failNotEquals(Assert.java:1413)
	at org.testng.Assert.assertEqualsImpl(Assert.java:149)
	at org.testng.Assert.assertEquals(Assert.java:131)
	at org.testng.Assert.assertEquals(Assert.java:655)
	at com.ae.qa.pages.PurgeSchedulePage.validatePurgingScheduleWeekend(PurgeSchedulePage.java:158)
	at com.ae.qa.testcases.PurgeSchedulePageTest.validatePurgingScheduleWeekendTest(PurgeSchedulePageTest.java:40)
</failure>
    <system-out><![CDATA[The name of the testcase passed is :validatePurgingScheduleDayTest
[DEBUG] 2023-04-18 21:19:56.212 [TestNG-test=AESanity-1] TestBase - Execution started
[INFO ] 2023-04-18 21:19:58.341 [TestNG-test=AESanity-1] TestBase - Browser started successfully
[INFO ] 2023-04-18 21:20:04.319 [TestNG-test=AESanity-1] TestBase - User is navigated to AE portal
validatePurgingScheduleWeekendTest test case started
User log in Successfully
Actual success message after setting purging schedule for day of week:Next fire time is too close to update/create time, skipping it. Setting the Next fire time as [Tue, 30-May-2023 20:30 PM IST]
Expected success message after setting purging schedule for day of week:Schedule created successfully
]]></system-out>
    <system-err><![CDATA[Starting ChromeDriver 112.0.5615.49 (bd2a7bcb881c11e8cfe3078709382934e3916914-refs/branch-heads/5615@{#936}) on port 5922
Only local connections are allowed.
Please see https://chromedriver.chromium.org/security-considerations for suggestions on keeping ChromeDriver safe.
ChromeDriver was started successfully.
Apr 18, 2023 9:19:58 PM org.openqa.selenium.remote.ProtocolHandshake createSession
INFO: Detected dialect: W3C
]]></system-err>
  </testcase>
  <testcase name="validateForgotPswdTest" classname="com.ae.qa.testcases.LoginPageTest" time="1.018"/>
  <testcase name="ValidateSettingPwdWOComplexityTest" classname="com.ae.qa.testcases.LoginPageTest" time="66.574"/>
  <testcase name="ValidateResetPswdTest" classname="com.ae.qa.testcases.LoginPageTest" time="46.557"/>
  <testcase name="ValidateLoginWithResetPswdTest" classname="com.ae.qa.testcases.LoginPageTest" time="63.607">
    <failure message="no such element: Unable to locate element: {&quot;method&quot;:&quot;xpath&quot;,&quot;selector&quot;:&quot;//div/h2[contains(text(),&apos;Home&apos;)]&quot;}&#10;  (Session info: chrome=112.0.5615.121)&#10;For documentation on this error, please visit: https://www.seleniumhq.org/exceptions/no_such_element.html&#10;Build info: version: &apos;3.141.59&apos;, revision: &apos;e82be7d358&apos;, time: &apos;2018-11-14T08:17:03&apos;&#10;System info: host: &apos;AEDBSERVER&apos;, ip: &apos;10.41.5.163&apos;, os.name: &apos;Windows 10&apos;, os.arch: &apos;amd64&apos;, os.version: &apos;10.0&apos;, java.version: &apos;17.0.6&apos;&#10;Driver info: org.openqa.selenium.chrome.ChromeDriver&#10;Capabilities {acceptInsecureCerts: false, browserName: chrome, browserVersion: 112.0.5615.121, chrome: {chromedriverVersion: 112.0.5615.49 (bd2a7bcb881c..., userDataDir: C:\Program Files (x86)\scop...}, goog:chromeOptions: {debuggerAddress: localhost:55416}, javascriptEnabled: true, networkConnectionEnabled: false, pageLoadStrategy: normal, platform: WINDOWS, platformName: WINDOWS, proxy: Proxy(), setWindowRect: true, strictFileInteractability: false, timeouts: {implicit: 0, pageLoad: 300000, script: 30000}, unhandledPromptBehavior: dismiss and notify, webauthn:extension:credBlob: true, webauthn:extension:largeBlob: true, webauthn:extension:minPinLength: true, webauthn:extension:prf: true, webauthn:virtualAuthenticators: true}&#10;Session ID: 82a4387a816491b5ca0b49c7b5e1dcd6&#10;*** Element info: {Using=xpath, value=//div/h2[contains(text(),&apos;Home&apos;)]}" type="org.openqa.selenium.NoSuchElementException">org.openqa.selenium.NoSuchElementException: no such element: Unable to locate element: {"method":"xpath","selector":"//div/h2[contains(text(),'Home')]"}
  (Session info: chrome=112.0.5615.121)
For documentation on this error, please visit: https://www.seleniumhq.org/exceptions/no_such_element.html
Build info: version: '3.141.59', revision: 'e82be7d358', time: '2018-11-14T08:17:03'
System info: host: 'AEDBSERVER', ip: '10.41.5.163', os.name: 'Windows 10', os.arch: 'amd64', os.version: '10.0', java.version: '17.0.6'
Driver info: org.openqa.selenium.chrome.ChromeDriver
Capabilities {acceptInsecureCerts: false, browserName: chrome, browserVersion: 112.0.5615.121, chrome: {chromedriverVersion: 112.0.5615.49 (bd2a7bcb881c..., userDataDir: C:\Program Files (x86)\scop...}, goog:chromeOptions: {debuggerAddress: localhost:55416}, javascriptEnabled: true, networkConnectionEnabled: false, pageLoadStrategy: normal, platform: WINDOWS, platformName: WINDOWS, proxy: Proxy(), setWindowRect: true, strictFileInteractability: false, timeouts: {implicit: 0, pageLoad: 300000, script: 30000}, unhandledPromptBehavior: dismiss and notify, webauthn:extension:credBlob: true, webauthn:extension:largeBlob: true, webauthn:extension:minPinLength: true, webauthn:extension:prf: true, webauthn:virtualAuthenticators: true}
Session ID: 82a4387a816491b5ca0b49c7b5e1dcd6
*** Element info: {Using=xpath, value=//div/h2[contains(text(),'Home')]}
	at java.base/jdk.internal.reflect.NativeConstructorAccessorImpl.newInstance0(Native Method)
	at java.base/jdk.internal.reflect.NativeConstructorAccessorImpl.newInstance(NativeConstructorAccessorImpl.java:77)
	at java.base/jdk.internal.reflect.DelegatingConstructorAccessorImpl.newInstance(DelegatingConstructorAccessorImpl.java:45)
	at java.base/java.lang.reflect.Constructor.newInstanceWithCaller(Constructor.java:499)
	at java.base/java.lang.reflect.Constructor.newInstance(Constructor.java:480)
	at org.openqa.selenium.remote.http.W3CHttpResponseCodec.createException(W3CHttpResponseCodec.java:187)
	at org.openqa.selenium.remote.http.W3CHttpResponseCodec.decode(W3CHttpResponseCodec.java:122)
	at org.openqa.selenium.remote.http.W3CHttpResponseCodec.decode(W3CHttpResponseCodec.java:49)
	at org.openqa.selenium.remote.HttpCommandExecutor.execute(HttpCommandExecutor.java:158)
	at org.openqa.selenium.remote.service.DriverCommandExecutor.execute(DriverCommandExecutor.java:83)
	at org.openqa.selenium.remote.RemoteWebDriver.execute(RemoteWebDriver.java:552)
	at org.openqa.selenium.remote.RemoteWebDriver.findElement(RemoteWebDriver.java:323)
	at org.openqa.selenium.remote.RemoteWebDriver.findElementByXPath(RemoteWebDriver.java:428)
	at org.openqa.selenium.By$ByXPath.findElement(By.java:353)
	at org.openqa.selenium.remote.RemoteWebDriver.findElement(RemoteWebDriver.java:315)
	at org.openqa.selenium.support.pagefactory.DefaultElementLocator.findElement(DefaultElementLocator.java:69)
	at org.openqa.selenium.support.pagefactory.internal.LocatingElementHandler.invoke(LocatingElementHandler.java:38)
	at jdk.proxy2/jdk.proxy2.$Proxy28.getText(Unknown Source)
	at com.ae.qa.pages.LoginPage.ValidateLoginWithResetPswd(LoginPage.java:194)
	at com.ae.qa.testcases.LoginPageTest.ValidateLoginWithResetPswdTest(LoginPageTest.java:97)
</failure>
    <system-out><![CDATA[The name of the testcase passed is :ValidateResetPswdTest
[DEBUG] 2023-04-18 21:23:22.323 [TestNG-test=AESanity-1] TestBase - Execution started
[INFO ] 2023-04-18 21:23:24.183 [TestNG-test=AESanity-1] TestBase - Browser started successfully
[INFO ] 2023-04-18 21:23:28.430 [TestNG-test=AESanity-1] TestBase - User is navigated to AE portal
ValidateLoginWithResetPswdTest test case started
]]></system-out>
    <system-err><![CDATA[Starting ChromeDriver 112.0.5615.49 (bd2a7bcb881c11e8cfe3078709382934e3916914-refs/branch-heads/5615@{#936}) on port 34129
Only local connections are allowed.
Please see https://chromedriver.chromium.org/security-considerations for suggestions on keeping ChromeDriver safe.
ChromeDriver was started successfully.
Apr 18, 2023 9:23:24 PM org.openqa.selenium.remote.ProtocolHandshake createSession
INFO: Detected dialect: W3C
]]></system-err>
  </testcase>
  <testcase name="ValidateFirstTimeTALoginTest" classname="com.ae.qa.testcasesTenantAdmin.LoginPageTestTA" time="11.978"/>
  <testcase name="validateUploadLicenseTest" classname="com.ae.qa.testcasesTenantAdmin.HomePageTestTA" time="35.892"/>
  <testcase name="ValidateCreatingWorkflowAdminTest" classname="com.ae.qa.testcasesTenantAdmin.TenantUsersPageTestTA" time="48.79"/>
  <testcase name="ValidateCreatingTenantAdminTest" classname="com.ae.qa.testcasesTenantAdmin.TenantUsersPageTestTA" time="48.294"/>
  <testcase name="ValidateCreatingUserAdminTest" classname="com.ae.qa.testcasesTenantAdmin.TenantUsersPageTestTA" time="49.183"/>
  <testcase name="ValidateCreatingTenantUserTest" classname="com.ae.qa.testcasesTenantAdmin.TenantUsersPageTestTA" time="50.699"/>
  <testcase name="validateCreateUserGroup" classname="com.ae.qa.testcasesTenantAdmin.UserGroupsPageTestTA" time="28.052"/>
  <testcase name="validateEditUserGroup" classname="com.ae.qa.testcasesTenantAdmin.UserGroupsPageTestTA" time="24.202"/>
  <testcase name="validateAddUserToGroup" classname="com.ae.qa.testcasesTenantAdmin.UserGroupsPageTestTA" time="36.377"/>
  <testcase name="validateRemoveUserFromGroup" classname="com.ae.qa.testcasesTenantAdmin.UserGroupsPageTestTA" time="32.087"/>
  <testcase name="ValidateDuplicateUserGroupTest" classname="com.ae.qa.testcasesTenantAdmin.UserGroupsPageTestTA" time="26.74"/>
  <testcase name="validateImportWorkflowTest" classname="com.ae.qa.testcasesTenantAdmin.WorkflowListPageTestTA" time="52.759"/>
  <testcase name="ValidateUploadInvalidIconTest" classname="com.ae.qa.testcasesTenantAdmin.WorkflowListPageTestTA" time="20.995"/>
  <testcase name="ValidateUploadIconTest" classname="com.ae.qa.testcasesTenantAdmin.WorkflowListPageTestTA" time="24.053"/>
  <testcase name="ValidateEditManualExecutionTest" classname="com.ae.qa.testcasesTenantAdmin.WorkflowListPageTestTA" time="31.739"/>
  <testcase name="ValidateExportWorkflowTest" classname="com.ae.qa.testcasesTenantAdmin.WorkflowListPageTestTA" time="29.698"/>
  <testcase name="ValidateCreateCategoryTest" classname="com.ae.qa.testcasesTenantAdmin.CategoriesPageTestTA" time="44.085"/>
  <testcase name="ValidateEditCategoryTest" classname="com.ae.qa.testcasesTenantAdmin.CategoriesPageTestTA" time="44.338"/>
  <testcase name="ValidateAssignWFToCategoryTest" classname="com.ae.qa.testcasesTenantAdmin.CategoriesPageTestTA" time="31.898"/>
  <testcase name="ValidateCreateDuplicateCategoryTest" classname="com.ae.qa.testcasesTenantAdmin.CategoriesPageTestTA" time="36.475"/>
  <testcase name="ValidateCreateCredentialsTest" classname="com.ae.qa.testcasesTenantAdmin.CredentialsPageTestTA" time="41.874"/>
  <testcase name="ValidateEditCredentialsTest" classname="com.ae.qa.testcasesTenantAdmin.CredentialsPageTestTA" time="56.009"/>
  <testcase name="ValidateDuplicateCredentialsTest" classname="com.ae.qa.testcasesTenantAdmin.CredentialsPageTestTA" time="40.243"/>
  <testcase name="ValidateCreateCredentialPoolTest" classname="com.ae.qa.testcasesTenantAdmin.CredentialsPageTestTA" time="35.419"/>
  <testcase name="ValidateDuplicateCredentialPoolTest" classname="com.ae.qa.testcasesTenantAdmin.CredentialsPageTestTA" time="30.927"/>
  <testcase name="ValidateMoveCredentialToPoolTest" classname="com.ae.qa.testcasesTenantAdmin.CredentialsPageTestTA" time="26.849"/>
  <testcase name="validateDownloadAgentTest" classname="com.ae.qa.testcasesTenantAdmin.AgentListPageTestTA" time="139.496"/>
  <testcase name="validateCheckStatusOfAgent" classname="com.ae.qa.testcasesTenantAdmin.AgentListPageTestTA" time="24.972"/>
  <testcase name="validateSingleWorkflowAssignmentTest" classname="com.ae.qa.testcasesTenantAdmin.WorkflowAssignmentPageTestTA" time="31.346"/>
  <testcase name="validateSubmitRequestTest" classname="com.ae.qa.testcasesTenantAdmin.CataloguePageTestTA" time="21.824"/>
  <testcase name="validateRequestStatusTest" classname="com.ae.qa.testcasesTenantAdmin.RequestsPageTestTA" time="39.161"/>
  <testcase name="validatedownloadingAuditLogsTA" classname="com.ae.qa.testcasesTenantAdmin.AuditLogsPageTestTA" time="32.057"/>
  <testcase name="validatecheckColumnsInAuditLogsTA" classname="com.ae.qa.testcasesTenantAdmin.AuditLogsPageTestTA" time="21.045"/>
  <testcase name="validatedeselectAllInAuditLogsTA" classname="com.ae.qa.testcasesTenantAdmin.AuditLogsPageTestTA" time="19.101"/>
  <testcase name="verifySpecificColumnTestTA" classname="com.ae.qa.testcasesTenantAdmin.AuditLogsPageTestTA" time="19.203"/>
  <testcase name="ValidateUnverifiedStatusTest" classname="com.ae.qa.testcasesTenantAdmin.TenantUsersPageTestTA" time="64.006"/>
  <testcase name="ValidateActiveStatusTest" classname="com.ae.qa.testcasesTenantAdmin.TenantUsersPageTestTA" time="44.572"/>
  <testcase name="validateDailyScheduleTest" classname="com.ae.qa.testcasesTenantAdmin.SchedulerPageTestTA" time="63.234"/>
  <testcase name="validateEditDailyScheduleTest" classname="com.ae.qa.testcasesTenantAdmin.SchedulerPageTestTA" time="39.938"/>
  <testcase name="validateWeeklyScheduleTest" classname="com.ae.qa.testcasesTenantAdmin.SchedulerPageTestTA" time="82.683"/>
  <testcase name="validateMonthlyScheduleTest" classname="com.ae.qa.testcasesTenantAdmin.SchedulerPageTestTA" time="83.004"/>
  <testcase name="validateInfineScheduleTest" classname="com.ae.qa.testcasesTenantAdmin.SchedulerPageTestTA" time="73.438"/>
  <testcase name="validateTransferScheduleTest" classname="com.ae.qa.testcasesTenantAdmin.SchedulerPageTestTA" time="28.139"/>
  <testcase name="validatecheckColumnsInAgentList" classname="com.ae.qa.testcasesTenantAdmin.AgentListPageTestTA" time="20.992"/>
  <testcase name="validatedeselectAllInAgentListTA" classname="com.ae.qa.testcasesTenantAdmin.AgentListPageTestTA" time="21.184"/>
  <testcase name="validateSpecificColumnInAgentList" classname="com.ae.qa.testcasesTenantAdmin.AgentListPageTestTA" time="27.356"/>
  <testcase name="validatecheckColumnsInRequests" classname="com.ae.qa.testcasesTenantAdmin.RequestsPageTestTA" time="20.837"/>
  <testcase name="validatedeselectAllInRequests" classname="com.ae.qa.testcasesTenantAdmin.RequestsPageTestTA" time="21.083"/>
  <testcase name="validateSpecificColumnInRequests" classname="com.ae.qa.testcasesTenantAdmin.RequestsPageTestTA" time="27.273"/>
  <testcase name="validateDownloadRequestTest" classname="com.ae.qa.testcasesTenantAdmin.RequestsPageTestTA" time="21.974"/>
  <testcase name="validateAgentLogsTest" classname="com.ae.qa.testcasesTenantAdmin.AgentLogsPageTestTA" time="64.983"/>
  <testcase name="validateWorkflowLogsTest" classname="com.ae.qa.testcasesTenantAdmin.AgentLogsPageTestTA" time="35.287"/>
  <testcase name="validateDashboardNoneTest" classname="com.ae.qa.testcasesTenantAdmin.DashboardsPageTestTA" time="31.635"/>
  <testcase name="validateImportWorkflowWithConfigParamTest" classname="com.ae.qa.testcasesTenantAdmin.WorkflowListPageTestTA" time="56.252"/>
  <testcase name="validateImportWorkflowWithRuntimeParamTest" classname="com.ae.qa.testcasesTenantAdmin.WorkflowListPageTestTA" time="50.272"/>
  <testcase name="validateImportWorkflowWithConfigRuntimeParamTest" classname="com.ae.qa.testcasesTenantAdmin.WorkflowListPageTestTA" time="56.18"/>
  <testcase name="validateImportWorkflowWithCredConfigParamTest" classname="com.ae.qa.testcasesTenantAdmin.WorkflowListPageTestTA" time="61.34"/>
  <testcase name="ValidateShowFileStructureTest" classname="com.ae.qa.testcasesTenantAdmin.WorkflowListPageTestTA" time="28.511"/>
  <testcase name="ValidateUpdateWFWithConfigWFTest" classname="com.ae.qa.testcasesTenantAdmin.WorkflowListPageTestTA" time="74.834">
    <failure message="no such element: Unable to locate element: {&quot;method&quot;:&quot;xpath&quot;,&quot;selector&quot;:&quot;//span[@class=&apos;mul-dorpdown-button&apos;]&quot;}&#10;  (Session info: chrome=112.0.5615.121)&#10;For documentation on this error, please visit: https://www.seleniumhq.org/exceptions/no_such_element.html&#10;Build info: version: &apos;3.141.59&apos;, revision: &apos;e82be7d358&apos;, time: &apos;2018-11-14T08:17:03&apos;&#10;System info: host: &apos;AEDBSERVER&apos;, ip: &apos;10.41.5.163&apos;, os.name: &apos;Windows 10&apos;, os.arch: &apos;amd64&apos;, os.version: &apos;10.0&apos;, java.version: &apos;17.0.6&apos;&#10;Driver info: org.openqa.selenium.chrome.ChromeDriver&#10;Capabilities {acceptInsecureCerts: false, browserName: chrome, browserVersion: 112.0.5615.121, chrome: {chromedriverVersion: 112.0.5615.49 (bd2a7bcb881c..., userDataDir: C:\Program Files (x86)\scop...}, goog:chromeOptions: {debuggerAddress: localhost:62082}, javascriptEnabled: true, networkConnectionEnabled: false, pageLoadStrategy: normal, platform: WINDOWS, platformName: WINDOWS, proxy: Proxy(), setWindowRect: true, strictFileInteractability: false, timeouts: {implicit: 0, pageLoad: 300000, script: 30000}, unhandledPromptBehavior: dismiss and notify, webauthn:extension:credBlob: true, webauthn:extension:largeBlob: true, webauthn:extension:minPinLength: true, webauthn:extension:prf: true, webauthn:virtualAuthenticators: true}&#10;Session ID: 9d53571bd830fd15f40c5297e3120b0e&#10;*** Element info: {Using=xpath, value=//span[@class=&apos;mul-dorpdown-button&apos;]}" type="org.openqa.selenium.NoSuchElementException">org.openqa.selenium.NoSuchElementException: no such element: Unable to locate element: {"method":"xpath","selector":"//span[@class='mul-dorpdown-button']"}
  (Session info: chrome=112.0.5615.121)
For documentation on this error, please visit: https://www.seleniumhq.org/exceptions/no_such_element.html
Build info: version: '3.141.59', revision: 'e82be7d358', time: '2018-11-14T08:17:03'
System info: host: 'AEDBSERVER', ip: '10.41.5.163', os.name: 'Windows 10', os.arch: 'amd64', os.version: '10.0', java.version: '17.0.6'
Driver info: org.openqa.selenium.chrome.ChromeDriver
Capabilities {acceptInsecureCerts: false, browserName: chrome, browserVersion: 112.0.5615.121, chrome: {chromedriverVersion: 112.0.5615.49 (bd2a7bcb881c..., userDataDir: C:\Program Files (x86)\scop...}, goog:chromeOptions: {debuggerAddress: localhost:62082}, javascriptEnabled: true, networkConnectionEnabled: false, pageLoadStrategy: normal, platform: WINDOWS, platformName: WINDOWS, proxy: Proxy(), setWindowRect: true, strictFileInteractability: false, timeouts: {implicit: 0, pageLoad: 300000, script: 30000}, unhandledPromptBehavior: dismiss and notify, webauthn:extension:credBlob: true, webauthn:extension:largeBlob: true, webauthn:extension:minPinLength: true, webauthn:extension:prf: true, webauthn:virtualAuthenticators: true}
Session ID: 9d53571bd830fd15f40c5297e3120b0e
*** Element info: {Using=xpath, value=//span[@class='mul-dorpdown-button']}
	at java.base/jdk.internal.reflect.NativeConstructorAccessorImpl.newInstance0(Native Method)
	at java.base/jdk.internal.reflect.NativeConstructorAccessorImpl.newInstance(NativeConstructorAccessorImpl.java:77)
	at java.base/jdk.internal.reflect.DelegatingConstructorAccessorImpl.newInstance(DelegatingConstructorAccessorImpl.java:45)
	at java.base/java.lang.reflect.Constructor.newInstanceWithCaller(Constructor.java:499)
	at java.base/java.lang.reflect.Constructor.newInstance(Constructor.java:480)
	at org.openqa.selenium.remote.http.W3CHttpResponseCodec.createException(W3CHttpResponseCodec.java:187)
	at org.openqa.selenium.remote.http.W3CHttpResponseCodec.decode(W3CHttpResponseCodec.java:122)
	at org.openqa.selenium.remote.http.W3CHttpResponseCodec.decode(W3CHttpResponseCodec.java:49)
	at org.openqa.selenium.remote.HttpCommandExecutor.execute(HttpCommandExecutor.java:158)
	at org.openqa.selenium.remote.service.DriverCommandExecutor.execute(DriverCommandExecutor.java:83)
	at org.openqa.selenium.remote.RemoteWebDriver.execute(RemoteWebDriver.java:552)
	at org.openqa.selenium.remote.RemoteWebDriver.findElement(RemoteWebDriver.java:323)
	at org.openqa.selenium.remote.RemoteWebDriver.findElementByXPath(RemoteWebDriver.java:428)
	at org.openqa.selenium.By$ByXPath.findElement(By.java:353)
	at org.openqa.selenium.remote.RemoteWebDriver.findElement(RemoteWebDriver.java:315)
	at org.openqa.selenium.support.pagefactory.DefaultElementLocator.findElement(DefaultElementLocator.java:69)
	at org.openqa.selenium.support.pagefactory.internal.LocatingElementHandler.invoke(LocatingElementHandler.java:38)
	at jdk.proxy2/jdk.proxy2.$Proxy28.click(Unknown Source)
	at com.ae.qa.pagesTenantAdmin.WorkflowListPageTA.ValidateUpdateWFWithConfigWF(WorkflowListPageTA.java:605)
	at com.ae.qa.testcasesTenantAdmin.WorkflowListPageTestTA.ValidateUpdateWFWithConfigWFTest(WorkflowListPageTestTA.java:137)
</failure>
    <system-out><![CDATA[The name of the testcase passed is :ValidateShowFileStructureTest
[DEBUG] 2023-04-18 22:16:36.141 [TestNG-test=AESanity-1] TestBase - Execution started
[INFO ] 2023-04-18 22:16:38.767 [TestNG-test=AESanity-1] TestBase - Browser started successfully
[INFO ] 2023-04-18 22:16:47.282 [TestNG-test=AESanity-1] TestBase - User is navigated to AE portal
ValidateUpdateWFWithConfigWFTest test case started
User LogIn Succesfully
workflowTab clicked
workflowList  tab clicked
Clicked the Dropdown button
Clicked the Update option from dropdown
]]></system-out>
    <system-err><![CDATA[Starting ChromeDriver 112.0.5615.49 (bd2a7bcb881c11e8cfe3078709382934e3916914-refs/branch-heads/5615@{#936}) on port 8865
Only local connections are allowed.
Please see https://chromedriver.chromium.org/security-considerations for suggestions on keeping ChromeDriver safe.
ChromeDriver was started successfully.
Apr 18, 2023 10:16:38 PM org.openqa.selenium.remote.ProtocolHandshake createSession
INFO: Detected dialect: W3C
]]></system-err>
  </testcase>
  <testcase name="validateReportNoneMultipleWFTest" classname="com.ae.qa.testcasesTenantAdmin.DashboardsPageTestTA" time="65.781">
    <failure message="Report doesn&apos;t displayed on screen successfully expected [Workflow Execution Summary KG] but found [Workflow Execution Summary KG (Time Unit: Seconds)]" type="java.lang.AssertionError">java.lang.AssertionError: Report doesn't displayed on screen successfully expected [Workflow Execution Summary KG] but found [Workflow Execution Summary KG (Time Unit: Seconds)]
	at org.testng.Assert.fail(Assert.java:110)
	at org.testng.Assert.failNotEquals(Assert.java:1413)
	at org.testng.Assert.assertEqualsImpl(Assert.java:149)
	at org.testng.Assert.assertEquals(Assert.java:131)
	at org.testng.Assert.assertEquals(Assert.java:655)
	at com.ae.qa.pagesTenantAdmin.DashboardsPageTA.createdReportValidation(DashboardsPageTA.java:515)
	at com.ae.qa.pagesTenantAdmin.DashboardsPageTA.validateReportNoneMultipleWF(DashboardsPageTA.java:425)
	at com.ae.qa.testcasesTenantAdmin.DashboardsPageTestTA.validateReportNoneMultipleWFTest(DashboardsPageTestTA.java:52)
</failure>
    <system-out><![CDATA[The name of the testcase failed is :ValidateUpdateWFWithConfigWFTest
[DEBUG] 2023-04-18 22:18:16.258 [TestNG-test=AESanity-1] TestBase - Execution started
[INFO ] 2023-04-18 22:18:19.609 [TestNG-test=AESanity-1] TestBase - Browser started successfully
[INFO ] 2023-04-18 22:18:25.064 [TestNG-test=AESanity-1] TestBase - User is navigated to AE portal
validateReportNoneMultipleWFTest test case started
User logged in successfully
Reports Tab is clicked
Dashboard chosed successfully
Add report is clicked
Report Type selected successfully
Generate on Worklfows radio button already selected
one workflow is selected
Second workflow is selected
Generate button selected successfully
Report added as a chart
Report saved on screen
]]></system-out>
    <system-err><![CDATA[Starting ChromeDriver 112.0.5615.49 (bd2a7bcb881c11e8cfe3078709382934e3916914-refs/branch-heads/5615@{#936}) on port 8331
Only local connections are allowed.
Please see https://chromedriver.chromium.org/security-considerations for suggestions on keeping ChromeDriver safe.
ChromeDriver was started successfully.
Apr 18, 2023 10:18:19 PM org.openqa.selenium.remote.ProtocolHandshake createSession
INFO: Detected dialect: W3C
]]></system-err>
  </testcase>
  <testcase name="validateDashboardTodayTest" classname="com.ae.qa.testcasesTenantAdmin.DashboardsPageTestTA" time="104.625">
    <failure message="no such element: Unable to locate element: {&quot;method&quot;:&quot;xpath&quot;,&quot;selector&quot;:&quot;//button[text()=&apos;Create&apos;]&quot;}&#10;  (Session info: chrome=112.0.5615.121)&#10;For documentation on this error, please visit: https://www.seleniumhq.org/exceptions/no_such_element.html&#10;Build info: version: &apos;3.141.59&apos;, revision: &apos;e82be7d358&apos;, time: &apos;2018-11-14T08:17:03&apos;&#10;System info: host: &apos;AEDBSERVER&apos;, ip: &apos;10.41.5.163&apos;, os.name: &apos;Windows 10&apos;, os.arch: &apos;amd64&apos;, os.version: &apos;10.0&apos;, java.version: &apos;17.0.6&apos;&#10;Driver info: org.openqa.selenium.chrome.ChromeDriver&#10;Capabilities {acceptInsecureCerts: false, browserName: chrome, browserVersion: 112.0.5615.121, chrome: {chromedriverVersion: 112.0.5615.49 (bd2a7bcb881c..., userDataDir: C:\Program Files (x86)\scop...}, goog:chromeOptions: {debuggerAddress: localhost:60488}, javascriptEnabled: true, networkConnectionEnabled: false, pageLoadStrategy: normal, platform: WINDOWS, platformName: WINDOWS, proxy: Proxy(), setWindowRect: true, strictFileInteractability: false, timeouts: {implicit: 0, pageLoad: 300000, script: 30000}, unhandledPromptBehavior: dismiss and notify, webauthn:extension:credBlob: true, webauthn:extension:largeBlob: true, webauthn:extension:minPinLength: true, webauthn:extension:prf: true, webauthn:virtualAuthenticators: true}&#10;Session ID: a9565498ba780865eacbb95c301232ce&#10;*** Element info: {Using=xpath, value=//button[text()=&apos;Create&apos;]}" type="org.openqa.selenium.NoSuchElementException">org.openqa.selenium.NoSuchElementException: no such element: Unable to locate element: {"method":"xpath","selector":"//button[text()='Create']"}
  (Session info: chrome=112.0.5615.121)
For documentation on this error, please visit: https://www.seleniumhq.org/exceptions/no_such_element.html
Build info: version: '3.141.59', revision: 'e82be7d358', time: '2018-11-14T08:17:03'
System info: host: 'AEDBSERVER', ip: '10.41.5.163', os.name: 'Windows 10', os.arch: 'amd64', os.version: '10.0', java.version: '17.0.6'
Driver info: org.openqa.selenium.chrome.ChromeDriver
Capabilities {acceptInsecureCerts: false, browserName: chrome, browserVersion: 112.0.5615.121, chrome: {chromedriverVersion: 112.0.5615.49 (bd2a7bcb881c..., userDataDir: C:\Program Files (x86)\scop...}, goog:chromeOptions: {debuggerAddress: localhost:60488}, javascriptEnabled: true, networkConnectionEnabled: false, pageLoadStrategy: normal, platform: WINDOWS, platformName: WINDOWS, proxy: Proxy(), setWindowRect: true, strictFileInteractability: false, timeouts: {implicit: 0, pageLoad: 300000, script: 30000}, unhandledPromptBehavior: dismiss and notify, webauthn:extension:credBlob: true, webauthn:extension:largeBlob: true, webauthn:extension:minPinLength: true, webauthn:extension:prf: true, webauthn:virtualAuthenticators: true}
Session ID: a9565498ba780865eacbb95c301232ce
*** Element info: {Using=xpath, value=//button[text()='Create']}
	at java.base/jdk.internal.reflect.NativeConstructorAccessorImpl.newInstance0(Native Method)
	at java.base/jdk.internal.reflect.NativeConstructorAccessorImpl.newInstance(NativeConstructorAccessorImpl.java:77)
	at java.base/jdk.internal.reflect.DelegatingConstructorAccessorImpl.newInstance(DelegatingConstructorAccessorImpl.java:45)
	at java.base/java.lang.reflect.Constructor.newInstanceWithCaller(Constructor.java:499)
	at java.base/java.lang.reflect.Constructor.newInstance(Constructor.java:480)
	at org.openqa.selenium.remote.http.W3CHttpResponseCodec.createException(W3CHttpResponseCodec.java:187)
	at org.openqa.selenium.remote.http.W3CHttpResponseCodec.decode(W3CHttpResponseCodec.java:122)
	at org.openqa.selenium.remote.http.W3CHttpResponseCodec.decode(W3CHttpResponseCodec.java:49)
	at org.openqa.selenium.remote.HttpCommandExecutor.execute(HttpCommandExecutor.java:158)
	at org.openqa.selenium.remote.service.DriverCommandExecutor.execute(DriverCommandExecutor.java:83)
	at org.openqa.selenium.remote.RemoteWebDriver.execute(RemoteWebDriver.java:552)
	at org.openqa.selenium.remote.RemoteWebDriver.findElement(RemoteWebDriver.java:323)
	at org.openqa.selenium.remote.RemoteWebDriver.findElementByXPath(RemoteWebDriver.java:428)
	at org.openqa.selenium.By$ByXPath.findElement(By.java:353)
	at org.openqa.selenium.remote.RemoteWebDriver.findElement(RemoteWebDriver.java:315)
	at org.openqa.selenium.support.pagefactory.DefaultElementLocator.findElement(DefaultElementLocator.java:69)
	at org.openqa.selenium.support.pagefactory.internal.LocatingElementHandler.invoke(LocatingElementHandler.java:38)
	at jdk.proxy2/jdk.proxy2.$Proxy28.click(Unknown Source)
	at com.ae.qa.pagesTenantAdmin.DashboardsPageTA.validateDashboardToday(DashboardsPageTA.java:215)
	at com.ae.qa.testcasesTenantAdmin.DashboardsPageTestTA.validateDashboardTodayTest(DashboardsPageTestTA.java:92)
</failure>
    <system-out><![CDATA[The name of the testcase failed is :validateReportNoneMultipleWFTest
[DEBUG] 2023-04-18 22:19:41.519 [TestNG-test=AESanity-1] TestBase - Execution started
[INFO ] 2023-04-18 22:19:43.689 [TestNG-test=AESanity-1] TestBase - Browser started successfully
[INFO ] 2023-04-18 22:19:48.173 [TestNG-test=AESanity-1] TestBase - User is navigated to AE portal
validateDashboardTodayTest test case started
User logged in successfully
Reports Tab is clicked
New Dashboard button is clicked
Dashboard level is already selcted
Dashboard duration Today selected
]]></system-out>
    <system-err><![CDATA[Starting ChromeDriver 112.0.5615.49 (bd2a7bcb881c11e8cfe3078709382934e3916914-refs/branch-heads/5615@{#936}) on port 8512
Only local connections are allowed.
Please see https://chromedriver.chromium.org/security-considerations for suggestions on keeping ChromeDriver safe.
ChromeDriver was started successfully.
Apr 18, 2023 10:19:43 PM org.openqa.selenium.remote.ProtocolHandshake createSession
INFO: Detected dialect: W3C
]]></system-err>
  </testcase>
  <testcase name="validateReportTodayTest" classname="com.ae.qa.testcasesTenantAdmin.DashboardsPageTestTA" time="57.512">
    <failure message="Report doesn&apos;t displayed on screen successfully expected [Workflow Executed time Report KG] but found [Workflow Executed time Report KG ()]" type="java.lang.AssertionError">java.lang.AssertionError: Report doesn't displayed on screen successfully expected [Workflow Executed time Report KG] but found [Workflow Executed time Report KG ()]
	at org.testng.Assert.fail(Assert.java:110)
	at org.testng.Assert.failNotEquals(Assert.java:1413)
	at org.testng.Assert.assertEqualsImpl(Assert.java:149)
	at org.testng.Assert.assertEquals(Assert.java:131)
	at org.testng.Assert.assertEquals(Assert.java:655)
	at com.ae.qa.pagesTenantAdmin.DashboardsPageTA.createdReportValidation(DashboardsPageTA.java:515)
	at com.ae.qa.pagesTenantAdmin.DashboardsPageTA.validateReportToday(DashboardsPageTA.java:533)
	at com.ae.qa.testcasesTenantAdmin.DashboardsPageTestTA.validateReportTodayTest(DashboardsPageTestTA.java:103)
</failure>
    <system-out><![CDATA[The name of the testcase failed is :validateDashboardTodayTest
[DEBUG] 2023-04-18 22:21:36.936 [TestNG-test=AESanity-1] TestBase - Execution started
[INFO ] 2023-04-18 22:21:40.592 [TestNG-test=AESanity-1] TestBase - Browser started successfully
[INFO ] 2023-04-18 22:21:46.876 [TestNG-test=AESanity-1] TestBase - User is navigated to AE portal
validateReportTodayTest test case started
User logged in successfully
Reports Tab is clicked
Dashboard chosed successfully
Add report is clicked
Report Type selected successfully
Generate on Worklfows radio button already selected
one workflow is selected
Generate button selected successfully
Report added as a chart
Report saved on screen
]]></system-out>
    <system-err><![CDATA[Starting ChromeDriver 112.0.5615.49 (bd2a7bcb881c11e8cfe3078709382934e3916914-refs/branch-heads/5615@{#936}) on port 5723
Only local connections are allowed.
Please see https://chromedriver.chromium.org/security-considerations for suggestions on keeping ChromeDriver safe.
ChromeDriver was started successfully.
Apr 18, 2023 10:21:40 PM org.openqa.selenium.remote.ProtocolHandshake createSession
INFO: Detected dialect: W3C
]]></system-err>
  </testcase>
  <testcase name="validateDashboarRelativeTest" classname="com.ae.qa.testcasesTenantAdmin.DashboardsPageTestTA" time="43.685"/>
  <testcase name="validateReportRelativeTest" classname="com.ae.qa.testcasesTenantAdmin.DashboardsPageTestTA" time="57.414">
    <failure message="Report doesn&apos;t displayed on screen successfully expected [Relative ReportKG] but found [Relative ReportKG ()]" type="java.lang.AssertionError">java.lang.AssertionError: Report doesn't displayed on screen successfully expected [Relative ReportKG] but found [Relative ReportKG ()]
	at org.testng.Assert.fail(Assert.java:110)
	at org.testng.Assert.failNotEquals(Assert.java:1413)
	at org.testng.Assert.assertEqualsImpl(Assert.java:149)
	at org.testng.Assert.assertEquals(Assert.java:131)
	at org.testng.Assert.assertEquals(Assert.java:655)
	at com.ae.qa.pagesTenantAdmin.DashboardsPageTA.createdReportValidation(DashboardsPageTA.java:515)
	at com.ae.qa.pagesTenantAdmin.DashboardsPageTA.validateReportRelative(DashboardsPageTA.java:549)
	at com.ae.qa.testcasesTenantAdmin.DashboardsPageTestTA.validateReportRelativeTest(DashboardsPageTestTA.java:124)
</failure>
    <system-out><![CDATA[The name of the testcase passed is :validateDashboarRelativeTest
[DEBUG] 2023-04-18 22:23:41.684 [TestNG-test=AESanity-1] TestBase - Execution started
[INFO ] 2023-04-18 22:23:44.025 [TestNG-test=AESanity-1] TestBase - Browser started successfully
[INFO ] 2023-04-18 22:23:49.547 [TestNG-test=AESanity-1] TestBase - User is navigated to AE portal
validateReportRelativeTest test case started
User logged in successfully
Reports Tab is clicked
Dashboard chosed successfully
Add report is clicked
Report Type selected successfully
Generate on Worklfows radio button already selected
one workflow is selected
Generate button selected successfully
Report added as a chart
Report saved on screen
]]></system-out>
    <system-err><![CDATA[Starting ChromeDriver 112.0.5615.49 (bd2a7bcb881c11e8cfe3078709382934e3916914-refs/branch-heads/5615@{#936}) on port 22856
Only local connections are allowed.
Please see https://chromedriver.chromium.org/security-considerations for suggestions on keeping ChromeDriver safe.
ChromeDriver was started successfully.
Apr 18, 2023 10:23:44 PM org.openqa.selenium.remote.ProtocolHandshake createSession
INFO: Detected dialect: W3C
]]></system-err>
  </testcase>
  <testcase name="validateEditDashboardToCustomTest" classname="com.ae.qa.testcasesTenantAdmin.DashboardsPageTestTA" time="66.779"/>
  <testcase name="validateReportCustomTest" classname="com.ae.qa.testcasesTenantAdmin.DashboardsPageTestTA" time="57.069">
    <failure message="Report doesn&apos;t displayed on screen successfully expected [Custom Report KG] but found [Custom Report KG (Time Unit: Minutes)]" type="java.lang.AssertionError">java.lang.AssertionError: Report doesn't displayed on screen successfully expected [Custom Report KG] but found [Custom Report KG (Time Unit: Minutes)]
	at org.testng.Assert.fail(Assert.java:110)
	at org.testng.Assert.failNotEquals(Assert.java:1413)
	at org.testng.Assert.assertEqualsImpl(Assert.java:149)
	at org.testng.Assert.assertEquals(Assert.java:131)
	at org.testng.Assert.assertEquals(Assert.java:655)
	at com.ae.qa.pagesTenantAdmin.DashboardsPageTA.validateReportCustom(DashboardsPageTA.java:646)
	at com.ae.qa.testcasesTenantAdmin.DashboardsPageTestTA.validateReportCustomTest(DashboardsPageTestTA.java:224)
</failure>
    <system-out><![CDATA[The name of the testcase passed is :validateEditDashboardToCustomTest
[DEBUG] 2023-04-18 22:26:10.915 [TestNG-test=AESanity-1] TestBase - Execution started
[INFO ] 2023-04-18 22:26:13.280 [TestNG-test=AESanity-1] TestBase - Browser started successfully
[INFO ] 2023-04-18 22:26:17.833 [TestNG-test=AESanity-1] TestBase - User is navigated to AE portal
validateReportCustomTest test case started
User logged in successfully
Reports Tab is clicked
Dashboard chosed successfully
Add report is clicked
Report Type selected successfully
Generate on Worklfows radio button already selected
one workflow is selected
Generate button selected successfully
Report added as a Table
Report saved on screen
]]></system-out>
    <system-err><![CDATA[Starting ChromeDriver 112.0.5615.49 (bd2a7bcb881c11e8cfe3078709382934e3916914-refs/branch-heads/5615@{#936}) on port 6382
Only local connections are allowed.
Please see https://chromedriver.chromium.org/security-considerations for suggestions on keeping ChromeDriver safe.
ChromeDriver was started successfully.
Apr 18, 2023 10:26:13 PM org.openqa.selenium.remote.ProtocolHandshake createSession
INFO: Detected dialect: W3C
]]></system-err>
  </testcase>
  <testcase name="validateSetAsDefaultReportTest" classname="com.ae.qa.testcasesTenantAdmin.DashboardsPageTestTA" time="24.372"/>
  <testcase name="validatePinToHomeTest" classname="com.ae.qa.testcasesTenantAdmin.DashboardsPageTestTA" time="21.495"/>
  <testcase name="validateMakePublicTest" classname="com.ae.qa.testcasesTenantAdmin.DashboardsPageTestTA" time="21.834"/>
  <testcase name="validateDeleteDashboardWithReportTest" classname="com.ae.qa.testcasesTenantAdmin.DashboardsPageTestTA" time="25.292"/>
  <testcase name="validateDeleteDashboardWithoutReportTest" classname="com.ae.qa.testcasesTenantAdmin.DashboardsPageTestTA" time="31.401">
    <failure message="Dashboard not created expected [Dashboard created successfully] but found []" type="java.lang.AssertionError">java.lang.AssertionError: Dashboard not created expected [Dashboard created successfully] but found []
	at org.testng.Assert.fail(Assert.java:110)
	at org.testng.Assert.failNotEquals(Assert.java:1413)
	at org.testng.Assert.assertEqualsImpl(Assert.java:149)
	at org.testng.Assert.assertEquals(Assert.java:131)
	at org.testng.Assert.assertEquals(Assert.java:655)
	at com.ae.qa.pagesTenantAdmin.DashboardsPageTA.validateDeleteDashboardWithoutReport(DashboardsPageTA.java:758)
	at com.ae.qa.testcasesTenantAdmin.DashboardsPageTestTA.validateDeleteDashboardWithoutReportTest(DashboardsPageTestTA.java:270)
</failure>
    <system-out><![CDATA[The name of the testcase passed is :validateDeleteDashboardWithReportTest
[DEBUG] 2023-04-18 22:30:08.945 [TestNG-test=AESanity-1] TestBase - Execution started
[INFO ] 2023-04-18 22:30:10.725 [TestNG-test=AESanity-1] TestBase - Browser started successfully
[INFO ] 2023-04-18 22:30:17.149 [TestNG-test=AESanity-1] TestBase - User is navigated to AE portal
validateDeleteDashboardWithoutReportTest test case started
User logged in successfully
Reports Tab is clicked
New Dashboard button is clicked
Dashboard level is already selcted
Dashboard duration None selected
Actual Success Msg:
Expected Success Msg:Dashboard created successfully
]]></system-out>
    <system-err><![CDATA[Starting ChromeDriver 112.0.5615.49 (bd2a7bcb881c11e8cfe3078709382934e3916914-refs/branch-heads/5615@{#936}) on port 39515
Only local connections are allowed.
Please see https://chromedriver.chromium.org/security-considerations for suggestions on keeping ChromeDriver safe.
ChromeDriver was started successfully.
Apr 18, 2023 10:30:10 PM org.openqa.selenium.remote.ProtocolHandshake createSession
INFO: Detected dialect: W3C
]]></system-err>
  </testcase>
  <testcase name="validateCreateDataSourcePostgresTest" classname="com.ae.qa.testcasesTenantAdmin.DataSourcesPageTestTA" time="55.481"/>
  <testcase name="validateUpdationPurgePolicyDurationTATest" classname="com.ae.qa.testcasesTenantAdmin.PurgePolicyPageTestTA" time="33.361">
    <failure message="Purge policy not UPDATED successfully expected [Policy saved successfully] but found []" type="java.lang.AssertionError">java.lang.AssertionError: Purge policy not UPDATED successfully expected [Policy saved successfully] but found []
	at org.testng.Assert.fail(Assert.java:110)
	at org.testng.Assert.failNotEquals(Assert.java:1413)
	at org.testng.Assert.assertEqualsImpl(Assert.java:149)
	at org.testng.Assert.assertEquals(Assert.java:131)
	at org.testng.Assert.assertEquals(Assert.java:655)
	at com.ae.qa.pagesTenantAdmin.PurgePolicyPageTA.validateUpdationPurgePolicyDurationTA(PurgePolicyPageTA.java:98)
	at com.ae.qa.testcasesTenantAdmin.PurgePolicyPageTestTA.validateUpdationPurgePolicyDurationTATest(PurgePolicyPageTestTA.java:29)
</failure>
    <system-out><![CDATA[The name of the testcase passed is :validateCreateDataSourcePostgresTest
[DEBUG] 2023-04-18 22:31:54.463 [TestNG-test=AESanity-1] TestBase - Execution started
[INFO ] 2023-04-18 22:31:56.213 [TestNG-test=AESanity-1] TestBase - Browser started successfully
[INFO ] 2023-04-18 22:32:02.259 [TestNG-test=AESanity-1] TestBase - User is navigated to AE portal
validateUpdationPurgePolicyDurationTATest test case started
User log in Successfully
Actual success message after setting purging policy:
Expected success message after setting purging policy:Policy saved successfully
]]></system-out>
    <system-err><![CDATA[Starting ChromeDriver 112.0.5615.49 (bd2a7bcb881c11e8cfe3078709382934e3916914-refs/branch-heads/5615@{#936}) on port 42680
Only local connections are allowed.
Please see https://chromedriver.chromium.org/security-considerations for suggestions on keeping ChromeDriver safe.
ChromeDriver was started successfully.
Apr 18, 2023 10:31:56 PM org.openqa.selenium.remote.ProtocolHandshake createSession
INFO: Detected dialect: W3C
]]></system-err>
  </testcase>
  <testcase name="validateAddSmtpServerTATest" classname="com.ae.qa.testcasesTenantAdmin.SmtpPageTestTA" time="45.176"/>
  <testcase name="validateEditSmtpServerTATest" classname="com.ae.qa.testcasesTenantAdmin.SmtpPageTestTA" time="23.44">
    <failure message="SMTP configuration Failed expected [AutomationEdge successfully configured for mail services] but found []" type="java.lang.AssertionError">java.lang.AssertionError: SMTP configuration Failed expected [AutomationEdge successfully configured for mail services] but found []
	at org.testng.Assert.fail(Assert.java:110)
	at org.testng.Assert.failNotEquals(Assert.java:1413)
	at org.testng.Assert.assertEqualsImpl(Assert.java:149)
	at org.testng.Assert.assertEquals(Assert.java:131)
	at org.testng.Assert.assertEquals(Assert.java:655)
	at com.ae.qa.pagesTenantAdmin.SmtpPageTA.validateEditSmtpServerTA(SmtpPageTA.java:158)
	at com.ae.qa.testcasesTenantAdmin.SmtpPageTestTA.validateEditSmtpServerTATest(SmtpPageTestTA.java:38)
</failure>
    <system-out><![CDATA[The name of the testcase passed is :validateAddSmtpServerTATest
[DEBUG] 2023-04-18 22:34:00.381 [TestNG-test=AESanity-1] TestBase - Execution started
[INFO ] 2023-04-18 22:34:03.841 [TestNG-test=AESanity-1] TestBase - Browser started successfully
[INFO ] 2023-04-18 22:34:09.996 [TestNG-test=AESanity-1] TestBase - User is navigated to AE portal
validateEditSmtpServerTATest test case started
User logged in successfully
Settings tab clicked
SMTP tab clicked
Edit button clicked
Tested connection successfully
]]></system-out>
    <system-err><![CDATA[Starting ChromeDriver 112.0.5615.49 (bd2a7bcb881c11e8cfe3078709382934e3916914-refs/branch-heads/5615@{#936}) on port 24026
Only local connections are allowed.
Please see https://chromedriver.chromium.org/security-considerations for suggestions on keeping ChromeDriver safe.
ChromeDriver was started successfully.
Apr 18, 2023 10:34:03 PM org.openqa.selenium.remote.ProtocolHandshake createSession
INFO: Detected dialect: W3C
]]></system-err>
  </testcase>
  <testcase name="validatePswdComplexityTATest" classname="com.ae.qa.testcasesTenantAdmin.TenantPolicyPageTestTA" time="39.395"/>
  <testcase name="validatePasswordHistoryTATest" classname="com.ae.qa.testcasesTenantAdmin.TenantPolicyPageTestTA" time="74.002"/>
  <testcase name="validateNoOfAttemptsTATest" classname="com.ae.qa.testcasesTenantAdmin.TenantPolicyPageTestTA" time="126.161">
    <failure message="expected [Your account is inaccessible . Please contact your Administrator.] but found []" type="java.lang.AssertionError">java.lang.AssertionError: expected [Your account is inaccessible . Please contact your Administrator.] but found []
	at org.testng.Assert.fail(Assert.java:110)
	at org.testng.Assert.failNotEquals(Assert.java:1413)
	at org.testng.Assert.assertEqualsImpl(Assert.java:149)
	at org.testng.Assert.assertEquals(Assert.java:131)
	at org.testng.Assert.assertEquals(Assert.java:655)
	at org.testng.Assert.assertEquals(Assert.java:665)
	at com.ae.qa.pagesTenantAdmin.TenantPolicyPageTA.validateNoOfAttempts(TenantPolicyPageTA.java:388)
	at com.ae.qa.testcasesTenantAdmin.TenantPolicyPageTestTA.validateNoOfAttemptsTATest(TenantPolicyPageTestTA.java:43)
</failure>
    <system-out><![CDATA[The name of the testcase passed is :validatePasswordHistoryTATest
[DEBUG] 2023-04-18 22:36:49.407 [TestNG-test=AESanity-1] TestBase - Execution started
[INFO ] 2023-04-18 22:36:51.625 [TestNG-test=AESanity-1] TestBase - Browser started successfully
[INFO ] 2023-04-18 22:36:56.693 [TestNG-test=AESanity-1] TestBase - User is navigated to AE portal
validateNoOfAttemptsTATest test case started
User log in Successfully
Settings tab clicked
Tenant Policy tab clicked
Save button clicked & Below validation validates no.of attempts for wrong password is equal to what user set in confirm Policy pop-up
No.of wrong attempts actually set is:4 No.of attempts set by user is:4
Ok button clicked in confirm policy popup
Actual Message after password policy update:Password policy updated successfully
Expected Message after password policy update:Password policy updated successfully
User signed out successfully
Actual_msg:
Actual_msg:
Actual_msg:
4th Unsuccessful attempt
Actual_msg:
Expected_msg:Your account is inaccessible . Please contact your Administrator.
]]></system-out>
    <system-err><![CDATA[Starting ChromeDriver 112.0.5615.49 (bd2a7bcb881c11e8cfe3078709382934e3916914-refs/branch-heads/5615@{#936}) on port 39230
Only local connections are allowed.
Please see https://chromedriver.chromium.org/security-considerations for suggestions on keeping ChromeDriver safe.
ChromeDriver was started successfully.
Apr 18, 2023 10:36:51 PM org.openqa.selenium.remote.ProtocolHandshake createSession
INFO: Detected dialect: W3C
]]></system-err>
  </testcase>
  <testcase name="validateLastLoginTATest" classname="com.ae.qa.testcasesTenantAdmin.InformationPageTestTA" time="21.327"/>
  <testcase name="validateViewProfileTATest" classname="com.ae.qa.testcasesTenantAdmin.InformationPageTestTA" time="45.783"/>
  <testcase name="validateSetTenantLogo" classname="com.ae.qa.testcasesTenantAdmin.InformationPageTestTA" time="22.176">
    <failure message="Logo not uploaded expected [Logo uploaded successfully] but found []" type="java.lang.AssertionError">java.lang.AssertionError: Logo not uploaded expected [Logo uploaded successfully] but found []
	at org.testng.Assert.fail(Assert.java:110)
	at org.testng.Assert.failNotEquals(Assert.java:1413)
	at org.testng.Assert.assertEqualsImpl(Assert.java:149)
	at org.testng.Assert.assertEquals(Assert.java:131)
	at org.testng.Assert.assertEquals(Assert.java:655)
	at com.ae.qa.pagesTenantAdmin.InformationPageTA.setTenantLogo(InformationPageTA.java:199)
	at com.ae.qa.testcasesTenantAdmin.InformationPageTestTA.validateSetTenantLogo(InformationPageTestTA.java:61)
</failure>
    <system-out><![CDATA[The name of the testcase passed is :validateViewProfileTATest
[DEBUG] 2023-04-18 22:40:37.451 [TestNG-test=AESanity-1] TestBase - Execution started
[INFO ] 2023-04-18 22:40:39.903 [TestNG-test=AESanity-1] TestBase - Browser started successfully
[INFO ] 2023-04-18 22:40:44.541 [TestNG-test=AESanity-1] TestBase - User is navigated to AE portal
validateSetTenantLogo test case started
User log in successfully
Save button is clicked
Success Message after uploading logo: 
]]></system-out>
    <system-err><![CDATA[Starting ChromeDriver 112.0.5615.49 (bd2a7bcb881c11e8cfe3078709382934e3916914-refs/branch-heads/5615@{#936}) on port 43632
Only local connections are allowed.
Please see https://chromedriver.chromium.org/security-considerations for suggestions on keeping ChromeDriver safe.
ChromeDriver was started successfully.
Apr 18, 2023 10:40:39 PM org.openqa.selenium.remote.ProtocolHandshake createSession
INFO: Detected dialect: W3C
]]></system-err>
  </testcase>
  <testcase name="validateRemoveTenantLogo" classname="com.ae.qa.testcasesTenantAdmin.InformationPageTestTA" time="21.309"/>
  <testcase name="valiateEnableLockedUserTest" classname="com.ae.qa.testcasesTenantAdmin.TenantUsersPageTestTA" time="32.351"/>
  <testcase name="validateUploadSinglePluginsTest" classname="com.ae.qa.testcases.PluginsPageTest" time="30.9"/>
  <testcase name="validateAssignPluginSingleTenantTest" classname="com.ae.qa.testcases.PluginAssignmentsPageTest" time="79.017"/>
  <testcase name="validateAssignTenantSinglePluginTest" classname="com.ae.qa.testcases.PluginAssignmentsPageTest" time="43.287"/>
  <testcase name="validateAssignPluginAllTenantTest" classname="com.ae.qa.testcases.PluginAssignmentsPageTest" time="63.882"/>
  <testcase name="validateUploadDriverTest" classname="com.ae.qa.testcases.FileManagementPageTest" time="40.875"/>
  <testcase name="validateDisableWorkflowsTest" classname="com.ae.qa.testcases.WorkflowsPageTest" time="71.685">
    <failure message="no such element: Unable to locate element: {&quot;method&quot;:&quot;xpath&quot;,&quot;selector&quot;:&quot;//span[@class=&apos;mul-dorpdown-button&apos;]&quot;}&#10;  (Session info: chrome=112.0.5615.121)&#10;For documentation on this error, please visit: https://www.seleniumhq.org/exceptions/no_such_element.html&#10;Build info: version: &apos;3.141.59&apos;, revision: &apos;e82be7d358&apos;, time: &apos;2018-11-14T08:17:03&apos;&#10;System info: host: &apos;AEDBSERVER&apos;, ip: &apos;10.41.5.163&apos;, os.name: &apos;Windows 10&apos;, os.arch: &apos;amd64&apos;, os.version: &apos;10.0&apos;, java.version: &apos;17.0.6&apos;&#10;Driver info: org.openqa.selenium.chrome.ChromeDriver&#10;Capabilities {acceptInsecureCerts: false, browserName: chrome, browserVersion: 112.0.5615.121, chrome: {chromedriverVersion: 112.0.5615.49 (bd2a7bcb881c..., userDataDir: C:\Program Files (x86)\scop...}, goog:chromeOptions: {debuggerAddress: localhost:59757}, javascriptEnabled: true, networkConnectionEnabled: false, pageLoadStrategy: normal, platform: WINDOWS, platformName: WINDOWS, proxy: Proxy(), setWindowRect: true, strictFileInteractability: false, timeouts: {implicit: 0, pageLoad: 300000, script: 30000}, unhandledPromptBehavior: dismiss and notify, webauthn:extension:credBlob: true, webauthn:extension:largeBlob: true, webauthn:extension:minPinLength: true, webauthn:extension:prf: true, webauthn:virtualAuthenticators: true}&#10;Session ID: 55b01cd4944d6cc470d4736093b313e7&#10;*** Element info: {Using=xpath, value=//span[@class=&apos;mul-dorpdown-button&apos;]}" type="org.openqa.selenium.NoSuchElementException">org.openqa.selenium.NoSuchElementException: no such element: Unable to locate element: {"method":"xpath","selector":"//span[@class='mul-dorpdown-button']"}
  (Session info: chrome=112.0.5615.121)
For documentation on this error, please visit: https://www.seleniumhq.org/exceptions/no_such_element.html
Build info: version: '3.141.59', revision: 'e82be7d358', time: '2018-11-14T08:17:03'
System info: host: 'AEDBSERVER', ip: '10.41.5.163', os.name: 'Windows 10', os.arch: 'amd64', os.version: '10.0', java.version: '17.0.6'
Driver info: org.openqa.selenium.chrome.ChromeDriver
Capabilities {acceptInsecureCerts: false, browserName: chrome, browserVersion: 112.0.5615.121, chrome: {chromedriverVersion: 112.0.5615.49 (bd2a7bcb881c..., userDataDir: C:\Program Files (x86)\scop...}, goog:chromeOptions: {debuggerAddress: localhost:59757}, javascriptEnabled: true, networkConnectionEnabled: false, pageLoadStrategy: normal, platform: WINDOWS, platformName: WINDOWS, proxy: Proxy(), setWindowRect: true, strictFileInteractability: false, timeouts: {implicit: 0, pageLoad: 300000, script: 30000}, unhandledPromptBehavior: dismiss and notify, webauthn:extension:credBlob: true, webauthn:extension:largeBlob: true, webauthn:extension:minPinLength: true, webauthn:extension:prf: true, webauthn:virtualAuthenticators: true}
Session ID: 55b01cd4944d6cc470d4736093b313e7
*** Element info: {Using=xpath, value=//span[@class='mul-dorpdown-button']}
	at java.base/jdk.internal.reflect.NativeConstructorAccessorImpl.newInstance0(Native Method)
	at java.base/jdk.internal.reflect.NativeConstructorAccessorImpl.newInstance(NativeConstructorAccessorImpl.java:77)
	at java.base/jdk.internal.reflect.DelegatingConstructorAccessorImpl.newInstance(DelegatingConstructorAccessorImpl.java:45)
	at java.base/java.lang.reflect.Constructor.newInstanceWithCaller(Constructor.java:499)
	at java.base/java.lang.reflect.Constructor.newInstance(Constructor.java:480)
	at org.openqa.selenium.remote.http.W3CHttpResponseCodec.createException(W3CHttpResponseCodec.java:187)
	at org.openqa.selenium.remote.http.W3CHttpResponseCodec.decode(W3CHttpResponseCodec.java:122)
	at org.openqa.selenium.remote.http.W3CHttpResponseCodec.decode(W3CHttpResponseCodec.java:49)
	at org.openqa.selenium.remote.HttpCommandExecutor.execute(HttpCommandExecutor.java:158)
	at org.openqa.selenium.remote.service.DriverCommandExecutor.execute(DriverCommandExecutor.java:83)
	at org.openqa.selenium.remote.RemoteWebDriver.execute(RemoteWebDriver.java:552)
	at org.openqa.selenium.remote.RemoteWebDriver.findElement(RemoteWebDriver.java:323)
	at org.openqa.selenium.remote.RemoteWebDriver.findElementByXPath(RemoteWebDriver.java:428)
	at org.openqa.selenium.By$ByXPath.findElement(By.java:353)
	at org.openqa.selenium.remote.RemoteWebDriver.findElement(RemoteWebDriver.java:315)
	at org.openqa.selenium.support.pagefactory.DefaultElementLocator.findElement(DefaultElementLocator.java:69)
	at org.openqa.selenium.support.pagefactory.internal.LocatingElementHandler.invoke(LocatingElementHandler.java:38)
	at jdk.proxy2/jdk.proxy2.$Proxy28.click(Unknown Source)
	at com.ae.qa.pages.WorkflowsPage.validateDisableWorkflows(WorkflowsPage.java:64)
	at com.ae.qa.testcases.WorkflowsPageTest.validateDisableWorkflowsTest(WorkflowsPageTest.java:28)
</failure>
    <system-out><![CDATA[The name of the testcase passed is :validateUploadDriverTest
[DEBUG] 2023-04-18 22:47:28.954 [TestNG-test=AESanity-1] TestBase - Execution started
[INFO ] 2023-04-18 22:47:31.125 [TestNG-test=AESanity-1] TestBase - Browser started successfully
[INFO ] 2023-04-18 22:47:35.000 [TestNG-test=AESanity-1] TestBase - User is navigated to AE portal
validateDisableWorkflowsTest test case started
User log in Successfully
Opertaion of Disable all workflows is selected from dropdown
]]></system-out>
    <system-err><![CDATA[Starting ChromeDriver 112.0.5615.49 (bd2a7bcb881c11e8cfe3078709382934e3916914-refs/branch-heads/5615@{#936}) on port 27487
Only local connections are allowed.
Please see https://chromedriver.chromium.org/security-considerations for suggestions on keeping ChromeDriver safe.
ChromeDriver was started successfully.
Apr 18, 2023 10:47:31 PM org.openqa.selenium.remote.ProtocolHandshake createSession
INFO: Detected dialect: W3C
]]></system-err>
  </testcase>
  <testcase name="validateEnableWorkflowsTest" classname="com.ae.qa.testcases.WorkflowsPageTest" time="71.625">
    <failure message="no such element: Unable to locate element: {&quot;method&quot;:&quot;xpath&quot;,&quot;selector&quot;:&quot;//span[@class=&apos;mul-dorpdown-button&apos;]&quot;}&#10;  (Session info: chrome=112.0.5615.121)&#10;For documentation on this error, please visit: https://www.seleniumhq.org/exceptions/no_such_element.html&#10;Build info: version: &apos;3.141.59&apos;, revision: &apos;e82be7d358&apos;, time: &apos;2018-11-14T08:17:03&apos;&#10;System info: host: &apos;AEDBSERVER&apos;, ip: &apos;10.41.5.163&apos;, os.name: &apos;Windows 10&apos;, os.arch: &apos;amd64&apos;, os.version: &apos;10.0&apos;, java.version: &apos;17.0.6&apos;&#10;Driver info: org.openqa.selenium.chrome.ChromeDriver&#10;Capabilities {acceptInsecureCerts: false, browserName: chrome, browserVersion: 112.0.5615.121, chrome: {chromedriverVersion: 112.0.5615.49 (bd2a7bcb881c..., userDataDir: C:\Program Files (x86)\scop...}, goog:chromeOptions: {debuggerAddress: localhost:49501}, javascriptEnabled: true, networkConnectionEnabled: false, pageLoadStrategy: normal, platform: WINDOWS, platformName: WINDOWS, proxy: Proxy(), setWindowRect: true, strictFileInteractability: false, timeouts: {implicit: 0, pageLoad: 300000, script: 30000}, unhandledPromptBehavior: dismiss and notify, webauthn:extension:credBlob: true, webauthn:extension:largeBlob: true, webauthn:extension:minPinLength: true, webauthn:extension:prf: true, webauthn:virtualAuthenticators: true}&#10;Session ID: 7b742fe13c55a4eacf19e90e72d7dd2b&#10;*** Element info: {Using=xpath, value=//span[@class=&apos;mul-dorpdown-button&apos;]}" type="org.openqa.selenium.NoSuchElementException">org.openqa.selenium.NoSuchElementException: no such element: Unable to locate element: {"method":"xpath","selector":"//span[@class='mul-dorpdown-button']"}
  (Session info: chrome=112.0.5615.121)
For documentation on this error, please visit: https://www.seleniumhq.org/exceptions/no_such_element.html
Build info: version: '3.141.59', revision: 'e82be7d358', time: '2018-11-14T08:17:03'
System info: host: 'AEDBSERVER', ip: '10.41.5.163', os.name: 'Windows 10', os.arch: 'amd64', os.version: '10.0', java.version: '17.0.6'
Driver info: org.openqa.selenium.chrome.ChromeDriver
Capabilities {acceptInsecureCerts: false, browserName: chrome, browserVersion: 112.0.5615.121, chrome: {chromedriverVersion: 112.0.5615.49 (bd2a7bcb881c..., userDataDir: C:\Program Files (x86)\scop...}, goog:chromeOptions: {debuggerAddress: localhost:49501}, javascriptEnabled: true, networkConnectionEnabled: false, pageLoadStrategy: normal, platform: WINDOWS, platformName: WINDOWS, proxy: Proxy(), setWindowRect: true, strictFileInteractability: false, timeouts: {implicit: 0, pageLoad: 300000, script: 30000}, unhandledPromptBehavior: dismiss and notify, webauthn:extension:credBlob: true, webauthn:extension:largeBlob: true, webauthn:extension:minPinLength: true, webauthn:extension:prf: true, webauthn:virtualAuthenticators: true}
Session ID: 7b742fe13c55a4eacf19e90e72d7dd2b
*** Element info: {Using=xpath, value=//span[@class='mul-dorpdown-button']}
	at java.base/jdk.internal.reflect.NativeConstructorAccessorImpl.newInstance0(Native Method)
	at java.base/jdk.internal.reflect.NativeConstructorAccessorImpl.newInstance(NativeConstructorAccessorImpl.java:77)
	at java.base/jdk.internal.reflect.DelegatingConstructorAccessorImpl.newInstance(DelegatingConstructorAccessorImpl.java:45)
	at java.base/java.lang.reflect.Constructor.newInstanceWithCaller(Constructor.java:499)
	at java.base/java.lang.reflect.Constructor.newInstance(Constructor.java:480)
	at org.openqa.selenium.remote.http.W3CHttpResponseCodec.createException(W3CHttpResponseCodec.java:187)
	at org.openqa.selenium.remote.http.W3CHttpResponseCodec.decode(W3CHttpResponseCodec.java:122)
	at org.openqa.selenium.remote.http.W3CHttpResponseCodec.decode(W3CHttpResponseCodec.java:49)
	at org.openqa.selenium.remote.HttpCommandExecutor.execute(HttpCommandExecutor.java:158)
	at org.openqa.selenium.remote.service.DriverCommandExecutor.execute(DriverCommandExecutor.java:83)
	at org.openqa.selenium.remote.RemoteWebDriver.execute(RemoteWebDriver.java:552)
	at org.openqa.selenium.remote.RemoteWebDriver.findElement(RemoteWebDriver.java:323)
	at org.openqa.selenium.remote.RemoteWebDriver.findElementByXPath(RemoteWebDriver.java:428)
	at org.openqa.selenium.By$ByXPath.findElement(By.java:353)
	at org.openqa.selenium.remote.RemoteWebDriver.findElement(RemoteWebDriver.java:315)
	at org.openqa.selenium.support.pagefactory.DefaultElementLocator.findElement(DefaultElementLocator.java:69)
	at org.openqa.selenium.support.pagefactory.internal.LocatingElementHandler.invoke(LocatingElementHandler.java:38)
	at jdk.proxy2/jdk.proxy2.$Proxy28.click(Unknown Source)
	at com.ae.qa.pages.WorkflowsPage.validateEnableWorkflows(WorkflowsPage.java:90)
	at com.ae.qa.testcases.WorkflowsPageTest.validateEnableWorkflowsTest(WorkflowsPageTest.java:37)
</failure>
    <system-out><![CDATA[The name of the testcase failed is :validateDisableWorkflowsTest
[DEBUG] 2023-04-18 22:48:50.388 [TestNG-test=AESanity-1] TestBase - Execution started
[INFO ] 2023-04-18 22:48:52.816 [TestNG-test=AESanity-1] TestBase - Browser started successfully
[INFO ] 2023-04-18 22:48:56.023 [TestNG-test=AESanity-1] TestBase - User is navigated to AE portal
validateEnableWorkflowsTest test case started
User log in Successfully
Opertaion of Enable all workflows is selected from dropdown
]]></system-out>
    <system-err><![CDATA[Starting ChromeDriver 112.0.5615.49 (bd2a7bcb881c11e8cfe3078709382934e3916914-refs/branch-heads/5615@{#936}) on port 41729
Only local connections are allowed.
Please see https://chromedriver.chromium.org/security-considerations for suggestions on keeping ChromeDriver safe.
ChromeDriver was started successfully.
Apr 18, 2023 10:48:52 PM org.openqa.selenium.remote.ProtocolHandshake createSession
INFO: Detected dialect: W3C
]]></system-err>
  </testcase>
  <testcase name="ValidateUpdatePSTest" classname="com.ae.qa.testcases.ArtifactsPageTest" time="51.736"/>
  <testcase name="validateUnlockUserWithSecQueAndResetPswdTest" classname="com.ae.qa.testcases.LoginPageTest" time="45.569"/>
  <testcase name="ValidateLoginOfUnlockUserTest" classname="com.ae.qa.testcases.LoginPageTest" time="63.464">
    <failure message="no such element: Unable to locate element: {&quot;method&quot;:&quot;xpath&quot;,&quot;selector&quot;:&quot;//div/h2[contains(text(),&apos;Home&apos;)]&quot;}&#10;  (Session info: chrome=112.0.5615.121)&#10;For documentation on this error, please visit: https://www.seleniumhq.org/exceptions/no_such_element.html&#10;Build info: version: &apos;3.141.59&apos;, revision: &apos;e82be7d358&apos;, time: &apos;2018-11-14T08:17:03&apos;&#10;System info: host: &apos;AEDBSERVER&apos;, ip: &apos;10.41.5.163&apos;, os.name: &apos;Windows 10&apos;, os.arch: &apos;amd64&apos;, os.version: &apos;10.0&apos;, java.version: &apos;17.0.6&apos;&#10;Driver info: org.openqa.selenium.chrome.ChromeDriver&#10;Capabilities {acceptInsecureCerts: false, browserName: chrome, browserVersion: 112.0.5615.121, chrome: {chromedriverVersion: 112.0.5615.49 (bd2a7bcb881c..., userDataDir: C:\Program Files (x86)\scop...}, goog:chromeOptions: {debuggerAddress: localhost:56353}, javascriptEnabled: true, networkConnectionEnabled: false, pageLoadStrategy: normal, platform: WINDOWS, platformName: WINDOWS, proxy: Proxy(), setWindowRect: true, strictFileInteractability: false, timeouts: {implicit: 0, pageLoad: 300000, script: 30000}, unhandledPromptBehavior: dismiss and notify, webauthn:extension:credBlob: true, webauthn:extension:largeBlob: true, webauthn:extension:minPinLength: true, webauthn:extension:prf: true, webauthn:virtualAuthenticators: true}&#10;Session ID: 633080ea82185c2d90b0f5513d3e3e8d&#10;*** Element info: {Using=xpath, value=//div/h2[contains(text(),&apos;Home&apos;)]}" type="org.openqa.selenium.NoSuchElementException">org.openqa.selenium.NoSuchElementException: no such element: Unable to locate element: {"method":"xpath","selector":"//div/h2[contains(text(),'Home')]"}
  (Session info: chrome=112.0.5615.121)
For documentation on this error, please visit: https://www.seleniumhq.org/exceptions/no_such_element.html
Build info: version: '3.141.59', revision: 'e82be7d358', time: '2018-11-14T08:17:03'
System info: host: 'AEDBSERVER', ip: '10.41.5.163', os.name: 'Windows 10', os.arch: 'amd64', os.version: '10.0', java.version: '17.0.6'
Driver info: org.openqa.selenium.chrome.ChromeDriver
Capabilities {acceptInsecureCerts: false, browserName: chrome, browserVersion: 112.0.5615.121, chrome: {chromedriverVersion: 112.0.5615.49 (bd2a7bcb881c..., userDataDir: C:\Program Files (x86)\scop...}, goog:chromeOptions: {debuggerAddress: localhost:56353}, javascriptEnabled: true, networkConnectionEnabled: false, pageLoadStrategy: normal, platform: WINDOWS, platformName: WINDOWS, proxy: Proxy(), setWindowRect: true, strictFileInteractability: false, timeouts: {implicit: 0, pageLoad: 300000, script: 30000}, unhandledPromptBehavior: dismiss and notify, webauthn:extension:credBlob: true, webauthn:extension:largeBlob: true, webauthn:extension:minPinLength: true, webauthn:extension:prf: true, webauthn:virtualAuthenticators: true}
Session ID: 633080ea82185c2d90b0f5513d3e3e8d
*** Element info: {Using=xpath, value=//div/h2[contains(text(),'Home')]}
	at java.base/jdk.internal.reflect.NativeConstructorAccessorImpl.newInstance0(Native Method)
	at java.base/jdk.internal.reflect.NativeConstructorAccessorImpl.newInstance(NativeConstructorAccessorImpl.java:77)
	at java.base/jdk.internal.reflect.DelegatingConstructorAccessorImpl.newInstance(DelegatingConstructorAccessorImpl.java:45)
	at java.base/java.lang.reflect.Constructor.newInstanceWithCaller(Constructor.java:499)
	at java.base/java.lang.reflect.Constructor.newInstance(Constructor.java:480)
	at org.openqa.selenium.remote.http.W3CHttpResponseCodec.createException(W3CHttpResponseCodec.java:187)
	at org.openqa.selenium.remote.http.W3CHttpResponseCodec.decode(W3CHttpResponseCodec.java:122)
	at org.openqa.selenium.remote.http.W3CHttpResponseCodec.decode(W3CHttpResponseCodec.java:49)
	at org.openqa.selenium.remote.HttpCommandExecutor.execute(HttpCommandExecutor.java:158)
	at org.openqa.selenium.remote.service.DriverCommandExecutor.execute(DriverCommandExecutor.java:83)
	at org.openqa.selenium.remote.RemoteWebDriver.execute(RemoteWebDriver.java:552)
	at org.openqa.selenium.remote.RemoteWebDriver.findElement(RemoteWebDriver.java:323)
	at org.openqa.selenium.remote.RemoteWebDriver.findElementByXPath(RemoteWebDriver.java:428)
	at org.openqa.selenium.By$ByXPath.findElement(By.java:353)
	at org.openqa.selenium.remote.RemoteWebDriver.findElement(RemoteWebDriver.java:315)
	at org.openqa.selenium.support.pagefactory.DefaultElementLocator.findElement(DefaultElementLocator.java:69)
	at org.openqa.selenium.support.pagefactory.internal.LocatingElementHandler.invoke(LocatingElementHandler.java:38)
	at jdk.proxy2/jdk.proxy2.$Proxy28.getText(Unknown Source)
	at com.ae.qa.pages.LoginPage.ValidateLoginWithResetPswd(LoginPage.java:194)
	at com.ae.qa.testcases.LoginPageTest.ValidateLoginOfUnlockUserTest(LoginPageTest.java:120)
</failure>
    <system-out><![CDATA[The name of the testcase passed is :validateUnlockUserWithSecQueAndResetPswdTest
[DEBUG] 2023-04-18 22:52:14.145 [TestNG-test=AESanity-1] TestBase - Execution started
[INFO ] 2023-04-18 22:52:15.938 [TestNG-test=AESanity-1] TestBase - Browser started successfully
[INFO ] 2023-04-18 22:52:20.048 [TestNG-test=AESanity-1] TestBase - User is navigated to AE portal
ValidateLoginOfUnlockUserTest test case started
]]></system-out>
    <system-err><![CDATA[Starting ChromeDriver 112.0.5615.49 (bd2a7bcb881c11e8cfe3078709382934e3916914-refs/branch-heads/5615@{#936}) on port 35931
Only local connections are allowed.
Please see https://chromedriver.chromium.org/security-considerations for suggestions on keeping ChromeDriver safe.
ChromeDriver was started successfully.
Apr 18, 2023 10:52:15 PM org.openqa.selenium.remote.ProtocolHandshake createSession
INFO: Detected dialect: W3C
]]></system-err>
  </testcase>
  <testcase name="validateAddIntegrationServicesTest" classname="com.ae.qa.testcases.IntegrationServicePageTest" time="65.204"/>
  <testcase name="validateEditIntegrationServicesTest" classname="com.ae.qa.testcases.IntegrationServicePageTest" time="30.064"/>
  <testcase name="validateDownloadIntegrationServicesTest" classname="com.ae.qa.testcases.IntegrationServicePageTest" time="23.202"/>
  <testcase name="validateEnableIntForMultipleTATest" classname="com.ae.qa.testcases.IntegrationServicePageTest" time="15.509">
    <failure message="Integration service not enabled for multiple Tenant. expected [Operation completed successfully] but found []" type="java.lang.AssertionError">java.lang.AssertionError: Integration service not enabled for multiple Tenant. expected [Operation completed successfully] but found []
	at org.testng.Assert.fail(Assert.java:110)
	at org.testng.Assert.failNotEquals(Assert.java:1413)
	at org.testng.Assert.assertEqualsImpl(Assert.java:149)
	at org.testng.Assert.assertEquals(Assert.java:131)
	at org.testng.Assert.assertEquals(Assert.java:655)
	at com.ae.qa.pages.IntegrationServicesPage.validateEnableIntForMultipleTA(IntegrationServicesPage.java:220)
	at com.ae.qa.testcases.IntegrationServicePageTest.validateEnableIntForMultipleTATest(IntegrationServicePageTest.java:56)
</failure>
    <system-out><![CDATA[The name of the testcase passed is :validateDownloadIntegrationServicesTest
[DEBUG] 2023-04-18 22:56:02.318 [TestNG-test=AESanity-1] TestBase - Execution started
[INFO ] 2023-04-18 22:56:04.720 [TestNG-test=AESanity-1] TestBase - Browser started successfully
[INFO ] 2023-04-18 22:56:09.128 [TestNG-test=AESanity-1] TestBase - User is navigated to AE portal
validateEnableIntForMultipleTATest test case started
User log in Successfully
Enable button is clicked
Integration service enable for Tenant1: KG01 and allowed number of configuration is: 2
Integration service enable for Tenant2: KG02 and allowed number of configuration is: 1
Submit button is clicked
actual success msg is: 
]]></system-out>
    <system-err><![CDATA[Starting ChromeDriver 112.0.5615.49 (bd2a7bcb881c11e8cfe3078709382934e3916914-refs/branch-heads/5615@{#936}) on port 37918
Only local connections are allowed.
Please see https://chromedriver.chromium.org/security-considerations for suggestions on keeping ChromeDriver safe.
ChromeDriver was started successfully.
Apr 18, 2023 10:56:04 PM org.openqa.selenium.remote.ProtocolHandshake createSession
INFO: Detected dialect: W3C
]]></system-err>
  </testcase>
  <testcase name="validateAddIntegrationTypesTest" classname="com.ae.qa.testcases.IntegrationTypesPageTest" time="38.202"/>
  <testcase name="validateEditIntegrationTypesTest" classname="com.ae.qa.testcases.IntegrationTypesPageTest" time="23.296">
    <failure message="Integration type not updated. expected [Integration type jar for [remedyforce] updated successfully] but found []" type="java.lang.AssertionError">java.lang.AssertionError: Integration type not updated. expected [Integration type jar for [remedyforce] updated successfully] but found []
	at org.testng.Assert.fail(Assert.java:110)
	at org.testng.Assert.failNotEquals(Assert.java:1413)
	at org.testng.Assert.assertEqualsImpl(Assert.java:149)
	at org.testng.Assert.assertEquals(Assert.java:131)
	at org.testng.Assert.assertEquals(Assert.java:655)
	at com.ae.qa.pages.IntegrationTypesPage.validateEditIntegrationTypes(IntegrationTypesPage.java:108)
	at com.ae.qa.testcases.IntegrationTypesPageTest.validateEditIntegrationTypesTest(IntegrationTypesPageTest.java:36)
</failure>
    <system-out><![CDATA[The name of the testcase passed is :validateAddIntegrationTypesTest
[DEBUG] 2023-04-18 22:57:21.923 [TestNG-test=AESanity-1] TestBase - Execution started
[INFO ] 2023-04-18 22:57:25.477 [TestNG-test=AESanity-1] TestBase - Browser started successfully
[INFO ] 2023-04-18 22:57:30.372 [TestNG-test=AESanity-1] TestBase - User is navigated to AE portal
validateEditIntegrationTypesTest test case started
User log in Successfully
Edit button is clicked
Submit Button is clicked
]]></system-out>
    <system-err><![CDATA[Starting ChromeDriver 112.0.5615.49 (bd2a7bcb881c11e8cfe3078709382934e3916914-refs/branch-heads/5615@{#936}) on port 9782
Only local connections are allowed.
Please see https://chromedriver.chromium.org/security-considerations for suggestions on keeping ChromeDriver safe.
ChromeDriver was started successfully.
Apr 18, 2023 10:57:25 PM org.openqa.selenium.remote.ProtocolHandshake createSession
INFO: Detected dialect: W3C
]]></system-err>
  </testcase>
  <testcase name="validateSearchFunctionalityTest" classname="com.ae.qa.testcases.HomePageTest" time="23.087"/>
  <testcase name="validateSearchFunctionalityTATest" classname="com.ae.qa.testcasesTenantAdmin.HomePageTestTA" time="12.976"/>
  <testcase name="validateAddIntegrationTypesTATest" classname="com.ae.qa.testcasesTenantAdmin.IntegrationTypesPageTestTA" time="31.218"/>
  <testcase name="validateTypeConfBothTATest" classname="com.ae.qa.testcasesTenantAdmin.IntegrationTypeConfigPageTestTA" time="31.564">
    <failure message="Cannot locate element with text: IntService1ForMadhuRani2&#10;For documentation on this error, please visit: https://www.seleniumhq.org/exceptions/no_such_element.html&#10;Build info: version: &apos;3.141.59&apos;, revision: &apos;e82be7d358&apos;, time: &apos;2018-11-14T08:17:03&apos;&#10;System info: host: &apos;AEDBSERVER&apos;, ip: &apos;10.41.5.163&apos;, os.name: &apos;Windows 10&apos;, os.arch: &apos;amd64&apos;, os.version: &apos;10.0&apos;, java.version: &apos;17.0.6&apos;&#10;Driver info: driver.version: unknown" type="org.openqa.selenium.NoSuchElementException">org.openqa.selenium.NoSuchElementException: Cannot locate element with text: IntService1ForMadhuRani2
For documentation on this error, please visit: https://www.seleniumhq.org/exceptions/no_such_element.html
Build info: version: '3.141.59', revision: 'e82be7d358', time: '2018-11-14T08:17:03'
System info: host: 'AEDBSERVER', ip: '10.41.5.163', os.name: 'Windows 10', os.arch: 'amd64', os.version: '10.0', java.version: '17.0.6'
Driver info: driver.version: unknown
	at org.openqa.selenium.support.ui.Select.selectByVisibleText(Select.java:147)
	at com.ae.qa.pagesTenantAdmin.IntegrationTypeConfigPageTA.validateTypeConfBothTA(IntegrationTypeConfigPageTA.java:114)
	at com.ae.qa.testcasesTenantAdmin.IntegrationTypeConfigPageTestTA.validateTypeConfBothTATest(IntegrationTypeConfigPageTestTA.java:28)
</failure>
    <system-out><![CDATA[The name of the testcase passed is :validateAddIntegrationTypesTATest
[DEBUG] 2023-04-18 22:59:36.080 [TestNG-test=AESanity-1] TestBase - Execution started
[INFO ] 2023-04-18 22:59:39.982 [TestNG-test=AESanity-1] TestBase - Browser started successfully
[INFO ] 2023-04-18 22:59:46.226 [TestNG-test=AESanity-1] TestBase - User is navigated to AE portal
validateTypeConfBothTATest test case started
User log in Successfully
Type selected from dropdown
]]></system-out>
    <system-err><![CDATA[Starting ChromeDriver 112.0.5615.49 (bd2a7bcb881c11e8cfe3078709382934e3916914-refs/branch-heads/5615@{#936}) on port 37988
Only local connections are allowed.
Please see https://chromedriver.chromium.org/security-considerations for suggestions on keeping ChromeDriver safe.
ChromeDriver was started successfully.
Apr 18, 2023 10:59:39 PM org.openqa.selenium.remote.ProtocolHandshake createSession
INFO: Detected dialect: W3C
]]></system-err>
  </testcase>
  <testcase name="ValidateConfigureOKTAwidOpenIDTest" classname="com.ae.qa.testcasesTenantAdmin.TenantUserSSOPageTestTA" time="125.206">
    <failure message="Keys to send should be a not null CharSequence" type="java.lang.IllegalArgumentException">java.lang.IllegalArgumentException: Keys to send should be a not null CharSequence
	at org.openqa.selenium.remote.RemoteWebElement.sendKeys(RemoteWebElement.java:97)
	at jdk.internal.reflect.GeneratedMethodAccessor1.invoke(Unknown Source)
	at java.base/jdk.internal.reflect.DelegatingMethodAccessorImpl.invoke(DelegatingMethodAccessorImpl.java:43)
	at java.base/java.lang.reflect.Method.invoke(Method.java:568)
	at org.openqa.selenium.support.pagefactory.internal.LocatingElementHandler.invoke(LocatingElementHandler.java:51)
	at jdk.proxy2/jdk.proxy2.$Proxy28.sendKeys(Unknown Source)
	at com.ae.qa.pagesTenantAdmin.TenantUserSSOPageTA.ValidateConfigureOKTAwidOpenID(TenantUserSSOPageTA.java:127)
	at com.ae.qa.testcasesTenantAdmin.TenantUserSSOPageTestTA.ValidateConfigureOKTAwidOpenIDTest(TenantUserSSOPageTestTA.java:25)
</failure>
    <system-out><![CDATA[The name of the testcase failed is :validateTypeConfBothTATest
[DEBUG] 2023-04-18 23:00:20.305 [TestNG-test=AESanity-1] TestBase - Execution started
[INFO ] 2023-04-18 23:00:22.925 [TestNG-test=AESanity-1] TestBase - Browser started successfully
[INFO ] 2023-04-18 23:00:28.073 [TestNG-test=AESanity-1] TestBase - User is navigated to AE portal
ValidateConfigureOKTAwidOpenIDTest test case started
User log in Successfully
Success message: Tenant created successfully
Tenant created successfully
Below validation is to validate new tenant record is visible in webtable
Actual:OKTA_OpenIDExpected:OKTA_OpenID
New Tenant is present in the table-Validated successfully
User signed out successfully
User logged in successfully
started creating new Tenant
User is created successfully
Actual Username:OKTA1
Expected Username:OKTA1
New user is verified and present in the webtable
User signed out successfully
User changed first time password of User Successfully
User log in Successfully
Single Sign-on Tab is clicked
Input text is:null
]]></system-out>
    <system-err><![CDATA[Starting ChromeDriver 112.0.5615.49 (bd2a7bcb881c11e8cfe3078709382934e3916914-refs/branch-heads/5615@{#936}) on port 29611
Only local connections are allowed.
Please see https://chromedriver.chromium.org/security-considerations for suggestions on keeping ChromeDriver safe.
ChromeDriver was started successfully.
Apr 18, 2023 11:00:22 PM org.openqa.selenium.remote.ProtocolHandshake createSession
INFO: Detected dialect: W3C
java.io.FileNotFoundException: C:\Users\kalyanig\Downloads\AE_Automation_UploadFiles\oauth-authorization-server.json (The system cannot find the path specified)
	at java.base/java.io.FileInputStream.open0(Native Method)
	at java.base/java.io.FileInputStream.open(FileInputStream.java:216)
	at java.base/java.io.FileInputStream.<init>(FileInputStream.java:157)
	at java.base/java.io.FileInputStream.<init>(FileInputStream.java:111)
	at java.base/java.io.FileReader.<init>(FileReader.java:60)
	at com.ae.qa.util.TestUtil.getTextFromTextFile(TestUtil.java:128)
	at com.ae.qa.pagesTenantAdmin.TenantUserSSOPageTA.ValidateConfigureOKTAwidOpenID(TenantUserSSOPageTA.java:125)
	at com.ae.qa.testcasesTenantAdmin.TenantUserSSOPageTestTA.ValidateConfigureOKTAwidOpenIDTest(TenantUserSSOPageTestTA.java:25)
	at java.base/jdk.internal.reflect.NativeMethodAccessorImpl.invoke0(Native Method)
	at java.base/jdk.internal.reflect.NativeMethodAccessorImpl.invoke(NativeMethodAccessorImpl.java:77)
	at java.base/jdk.internal.reflect.DelegatingMethodAccessorImpl.invoke(DelegatingMethodAccessorImpl.java:43)
	at java.base/java.lang.reflect.Method.invoke(Method.java:568)
	at org.testng.internal.invokers.MethodInvocationHelper.invokeMethod(MethodInvocationHelper.java:139)
	at org.testng.internal.invokers.TestInvoker.invokeMethod(TestInvoker.java:677)
	at org.testng.internal.invokers.TestInvoker.invokeTestMethod(TestInvoker.java:221)
	at org.testng.internal.invokers.MethodRunner.runInSequence(MethodRunner.java:50)
	at org.testng.internal.invokers.TestInvoker$MethodInvocationAgent.invoke(TestInvoker.java:962)
	at org.testng.internal.invokers.TestInvoker.invokeTestMethods(TestInvoker.java:194)
	at org.testng.internal.invokers.TestMethodWorker.invokeTestMethods(TestMethodWorker.java:148)
	at org.testng.internal.invokers.TestMethodWorker.run(TestMethodWorker.java:128)
	at java.base/java.util.concurrent.ThreadPoolExecutor.runWorker(ThreadPoolExecutor.java:1136)
	at java.base/java.util.concurrent.ThreadPoolExecutor$Worker.run(ThreadPoolExecutor.java:635)
	at java.base/java.lang.Thread.run(Thread.java:833)
]]></system-err>
  </testcase>
  <testcase name="validateTenantsPageTest" classname="com.ae.qa.testcases.TenantsPageTest" time="25.594"/>
  <testcase name="validateSystemUsersPageTest" classname="com.ae.qa.testcases.SystemUsersPageTest" time="26.477"/>
  <testcase name="validateTenantUsersPageTest" classname="com.ae.qa.testcases.TenantUsersPageTest" time="30.349"/>
  <testcase name="validateWorkflowsPageTest" classname="com.ae.qa.testcases.WorkflowsPageTest" time="24.414"/>
  <testcase name="validateLogsPageTest" classname="com.ae.qa.testcases.AuditLogsPageTest" time="26.732"/>
  <testcase name="validateArtifactsPageTest" classname="com.ae.qa.testcases.ArtifactsPageTest" time="24.444"/>
  <testcase name="validatePluginsPageTest" classname="com.ae.qa.testcases.PluginsPageTest" time="24.681"/>
  <testcase name="validatePluginAssignmentsPageTest" classname="com.ae.qa.testcases.PluginAssignmentsPageTest" time="15.572"/>
  <testcase name="validatePurgePolicyPageTest" classname="com.ae.qa.testcases.PurgePolicyPageTest" time="24.515"/>
  <testcase name="validatePurgeSchedulePageTest" classname="com.ae.qa.testcases.PurgeSchedulePageTest" time="27.433"/>
  <testcase name="validateIntegrationServicesPageTest" classname="com.ae.qa.testcases.IntegrationServicePageTest" time="24.304"/>
  <testcase name="validateIntegrationTypePageTest" classname="com.ae.qa.testcases.IntegrationTypesPageTest" time="24.585"/>
  <testcase name="validateFileManagmentPageTest" classname="com.ae.qa.testcases.FileManagementPageTest" time="24.636"/>
  <testcase name="validateSystemSettingsPageTest" classname="com.ae.qa.testcases.SystemSettingsPageTest" time="24.413"/>
  <testcase name="validateSMTPPageTest" classname="com.ae.qa.testcases.SmtpPageTest" time="26.57"/>
  <testcase name="validateSysadminPolicyPageTest" classname="com.ae.qa.testcases.SysadminPolicyPageTest" time="26.534"/>
  <testcase name="validateSecurityQuestionsPageTest" classname="com.ae.qa.testcases.SecurityQuestionsPageTest" time="24.567"/>
  <testcase name="validateSchedulerPageTATest" classname="com.ae.qa.testcasesTenantAdmin.SchedulerPageTestTA" time="15.781"/>
  <testcase name="validateRequestsPageTATest" classname="com.ae.qa.testcasesTenantAdmin.RequestsPageTestTA" time="19.647"/>
  <testcase name="validateAgentLogsPageTATest" classname="com.ae.qa.testcasesTenantAdmin.AgentLogsPageTestTA" time="18.627"/>
  <testcase name="validateIntegrationTypesPageTATest" classname="com.ae.qa.testcasesTenantAdmin.IntegrationTypesPageTestTA" time="16.809"/>
  <testcase name="validateFileManagementPageTATest" classname="com.ae.qa.testcasesTenantAdmin.FileManagementPageTestTA" time="16.62"/>
  <testcase name="validateAboutTabTest" classname="com.ae.qa.testcasesTenantAdmin.InformationPageTestTA" time="27.407"/>
  <testcase name="validateAboutTabTest" classname="com.ae.qa.testcases.InformationPageTest" time="28.218"/>
  <testcase name="ValidateBulkUserUploadWithEmailTest" classname="com.ae.qa.testcasesTenantAdmin.TenantUsersPageTestTA" time="87.547"/>
  <testcase name="ValidateBulkUserUploadWithoutEmailTest" classname="com.ae.qa.testcasesTenantAdmin.TenantUsersPageTestTA" time="87.91"/>
  <testcase name="validateImportWorkflowWithConfigParamCredAndCredpoolTATest" classname="com.ae.qa.testcasesTenantAdmin.WorkflowListPageTestTA" time="109.068"/>
  <testcase name="ValidateLabelChangeInReportTest" classname="com.ae.qa.testcasesTenantAdmin.DashboardsPageTestTA" time="71.58">
    <failure message="no such element: Unable to locate element: {&quot;method&quot;:&quot;xpath&quot;,&quot;selector&quot;:&quot;//div[@title=&apos;Maximize&apos;]&quot;}&#10;  (Session info: chrome=112.0.5615.121)&#10;For documentation on this error, please visit: https://www.seleniumhq.org/exceptions/no_such_element.html&#10;Build info: version: &apos;3.141.59&apos;, revision: &apos;e82be7d358&apos;, time: &apos;2018-11-14T08:17:03&apos;&#10;System info: host: &apos;AEDBSERVER&apos;, ip: &apos;10.41.5.163&apos;, os.name: &apos;Windows 10&apos;, os.arch: &apos;amd64&apos;, os.version: &apos;10.0&apos;, java.version: &apos;17.0.6&apos;&#10;Driver info: org.openqa.selenium.chrome.ChromeDriver&#10;Capabilities {acceptInsecureCerts: false, browserName: chrome, browserVersion: 112.0.5615.121, chrome: {chromedriverVersion: 112.0.5615.49 (bd2a7bcb881c..., userDataDir: C:\Program Files (x86)\scop...}, goog:chromeOptions: {debuggerAddress: localhost:50931}, javascriptEnabled: true, networkConnectionEnabled: false, pageLoadStrategy: normal, platform: WINDOWS, platformName: WINDOWS, proxy: Proxy(), setWindowRect: true, strictFileInteractability: false, timeouts: {implicit: 0, pageLoad: 300000, script: 30000}, unhandledPromptBehavior: dismiss and notify, webauthn:extension:credBlob: true, webauthn:extension:largeBlob: true, webauthn:extension:minPinLength: true, webauthn:extension:prf: true, webauthn:virtualAuthenticators: true}&#10;Session ID: 1fc84e4988ef3be38aaf9bd9d5814eb9&#10;*** Element info: {Using=xpath, value=//div[@title=&apos;Maximize&apos;]}" type="org.openqa.selenium.NoSuchElementException">org.openqa.selenium.NoSuchElementException: no such element: Unable to locate element: {"method":"xpath","selector":"//div[@title='Maximize']"}
  (Session info: chrome=112.0.5615.121)
For documentation on this error, please visit: https://www.seleniumhq.org/exceptions/no_such_element.html
Build info: version: '3.141.59', revision: 'e82be7d358', time: '2018-11-14T08:17:03'
System info: host: 'AEDBSERVER', ip: '10.41.5.163', os.name: 'Windows 10', os.arch: 'amd64', os.version: '10.0', java.version: '17.0.6'
Driver info: org.openqa.selenium.chrome.ChromeDriver
Capabilities {acceptInsecureCerts: false, browserName: chrome, browserVersion: 112.0.5615.121, chrome: {chromedriverVersion: 112.0.5615.49 (bd2a7bcb881c..., userDataDir: C:\Program Files (x86)\scop...}, goog:chromeOptions: {debuggerAddress: localhost:50931}, javascriptEnabled: true, networkConnectionEnabled: false, pageLoadStrategy: normal, platform: WINDOWS, platformName: WINDOWS, proxy: Proxy(), setWindowRect: true, strictFileInteractability: false, timeouts: {implicit: 0, pageLoad: 300000, script: 30000}, unhandledPromptBehavior: dismiss and notify, webauthn:extension:credBlob: true, webauthn:extension:largeBlob: true, webauthn:extension:minPinLength: true, webauthn:extension:prf: true, webauthn:virtualAuthenticators: true}
Session ID: 1fc84e4988ef3be38aaf9bd9d5814eb9
*** Element info: {Using=xpath, value=//div[@title='Maximize']}
	at java.base/jdk.internal.reflect.NativeConstructorAccessorImpl.newInstance0(Native Method)
	at java.base/jdk.internal.reflect.NativeConstructorAccessorImpl.newInstance(NativeConstructorAccessorImpl.java:77)
	at java.base/jdk.internal.reflect.DelegatingConstructorAccessorImpl.newInstance(DelegatingConstructorAccessorImpl.java:45)
	at java.base/java.lang.reflect.Constructor.newInstanceWithCaller(Constructor.java:499)
	at java.base/java.lang.reflect.Constructor.newInstance(Constructor.java:480)
	at org.openqa.selenium.remote.http.W3CHttpResponseCodec.createException(W3CHttpResponseCodec.java:187)
	at org.openqa.selenium.remote.http.W3CHttpResponseCodec.decode(W3CHttpResponseCodec.java:122)
	at org.openqa.selenium.remote.http.W3CHttpResponseCodec.decode(W3CHttpResponseCodec.java:49)
	at org.openqa.selenium.remote.HttpCommandExecutor.execute(HttpCommandExecutor.java:158)
	at org.openqa.selenium.remote.service.DriverCommandExecutor.execute(DriverCommandExecutor.java:83)
	at org.openqa.selenium.remote.RemoteWebDriver.execute(RemoteWebDriver.java:552)
	at org.openqa.selenium.remote.RemoteWebDriver.findElement(RemoteWebDriver.java:323)
	at org.openqa.selenium.remote.RemoteWebDriver.findElementByXPath(RemoteWebDriver.java:428)
	at org.openqa.selenium.By$ByXPath.findElement(By.java:353)
	at org.openqa.selenium.remote.RemoteWebDriver.findElement(RemoteWebDriver.java:315)
	at org.openqa.selenium.support.pagefactory.DefaultElementLocator.findElement(DefaultElementLocator.java:69)
	at org.openqa.selenium.support.pagefactory.internal.LocatingElementHandler.invoke(LocatingElementHandler.java:38)
	at jdk.proxy2/jdk.proxy2.$Proxy28.getWrappedElement(Unknown Source)
	at org.openqa.selenium.remote.internal.WebElementToJsonConverter.apply(WebElementToJsonConverter.java:50)
	at java.base/java.util.stream.ReferencePipeline$3$1.accept(ReferencePipeline.java:197)
	at java.base/java.util.Spliterators$ArraySpliterator.forEachRemaining(Spliterators.java:992)
	at java.base/java.util.stream.AbstractPipeline.copyInto(AbstractPipeline.java:509)
	at java.base/java.util.stream.AbstractPipeline.wrapAndCopyInto(AbstractPipeline.java:499)
	at java.base/java.util.stream.ReduceOps$ReduceOp.evaluateSequential(ReduceOps.java:921)
	at java.base/java.util.stream.AbstractPipeline.evaluate(AbstractPipeline.java:234)
	at java.base/java.util.stream.ReferencePipeline.collect(ReferencePipeline.java:682)
	at org.openqa.selenium.remote.RemoteWebDriver.executeScript(RemoteWebDriver.java:484)
	at com.ae.qa.pagesTenantAdmin.DashboardsPageTA.validateLabelChangeInReport(DashboardsPageTA.java:796)
	at com.ae.qa.testcasesTenantAdmin.DashboardsPageTestTA.ValidateLabelChangeInReportTest(DashboardsPageTestTA.java:280)
</failure>
    <system-out><![CDATA[The name of the testcase passed is :validateImportWorkflowWithConfigParamCredAndCredpoolTATest
[DEBUG] 2023-04-18 23:22:50.119 [TestNG-test=AESanity-1] TestBase - Execution started
[INFO ] 2023-04-18 23:22:52.243 [TestNG-test=AESanity-1] TestBase - Browser started successfully
[INFO ] 2023-04-18 23:22:56.725 [TestNG-test=AESanity-1] TestBase - User is navigated to AE portal
ValidateLabelChangeInReportTest test case started
User log in Successfully
Dashboard chosed successfully
]]></system-out>
    <system-err><![CDATA[Starting ChromeDriver 112.0.5615.49 (bd2a7bcb881c11e8cfe3078709382934e3916914-refs/branch-heads/5615@{#936}) on port 5571
Only local connections are allowed.
Please see https://chromedriver.chromium.org/security-considerations for suggestions on keeping ChromeDriver safe.
ChromeDriver was started successfully.
Apr 18, 2023 11:22:52 PM org.openqa.selenium.remote.ProtocolHandshake createSession
INFO: Detected dialect: W3C
]]></system-err>
  </testcase>
  <testcase name="ValidateDownloadReportPdfTest" classname="com.ae.qa.testcasesTenantAdmin.DashboardsPageTestTA" time="70.653">
    <failure message="Cannot locate an element using xpath=//div[@title=&apos;Download as PDF&apos;]&#10;For documentation on this error, please visit: https://www.seleniumhq.org/exceptions/no_such_element.html&#10;Build info: version: &apos;3.141.59&apos;, revision: &apos;e82be7d358&apos;, time: &apos;2018-11-14T08:17:03&apos;&#10;System info: host: &apos;AEDBSERVER&apos;, ip: &apos;10.41.5.163&apos;, os.name: &apos;Windows 10&apos;, os.arch: &apos;amd64&apos;, os.version: &apos;10.0&apos;, java.version: &apos;17.0.6&apos;&#10;Driver info: driver.version: RemoteWebDriver" type="org.openqa.selenium.NoSuchElementException">org.openqa.selenium.NoSuchElementException: Cannot locate an element using xpath=//div[@title='Download as PDF']
For documentation on this error, please visit: https://www.seleniumhq.org/exceptions/no_such_element.html
Build info: version: '3.141.59', revision: 'e82be7d358', time: '2018-11-14T08:17:03'
System info: host: 'AEDBSERVER', ip: '10.41.5.163', os.name: 'Windows 10', os.arch: 'amd64', os.version: '10.0', java.version: '17.0.6'
Driver info: driver.version: RemoteWebDriver
	at org.openqa.selenium.remote.RemoteWebDriver.findElement(RemoteWebDriver.java:327)
	at org.openqa.selenium.remote.RemoteWebDriver.findElementByXPath(RemoteWebDriver.java:428)
	at org.openqa.selenium.By$ByXPath.findElement(By.java:353)
	at org.openqa.selenium.remote.RemoteWebDriver.findElement(RemoteWebDriver.java:315)
	at org.openqa.selenium.support.pagefactory.DefaultElementLocator.findElement(DefaultElementLocator.java:69)
	at org.openqa.selenium.support.pagefactory.internal.LocatingElementHandler.invoke(LocatingElementHandler.java:38)
	at jdk.proxy2/jdk.proxy2.$Proxy28.getWrappedElement(Unknown Source)
	at org.openqa.selenium.remote.internal.WebElementToJsonConverter.apply(WebElementToJsonConverter.java:50)
	at java.base/java.util.stream.ReferencePipeline$3$1.accept(ReferencePipeline.java:197)
	at java.base/java.util.Spliterators$ArraySpliterator.forEachRemaining(Spliterators.java:992)
	at java.base/java.util.stream.AbstractPipeline.copyInto(AbstractPipeline.java:509)
	at java.base/java.util.stream.AbstractPipeline.wrapAndCopyInto(AbstractPipeline.java:499)
	at java.base/java.util.stream.ReduceOps$ReduceOp.evaluateSequential(ReduceOps.java:921)
	at java.base/java.util.stream.AbstractPipeline.evaluate(AbstractPipeline.java:234)
	at java.base/java.util.stream.ReferencePipeline.collect(ReferencePipeline.java:682)
	at org.openqa.selenium.remote.RemoteWebDriver.executeScript(RemoteWebDriver.java:484)
	at com.ae.qa.pagesTenantAdmin.DashboardsPageTA.validateDownloadReportPdf(DashboardsPageTA.java:837)
	at com.ae.qa.testcasesTenantAdmin.DashboardsPageTestTA.ValidateDownloadReportPdfTest(DashboardsPageTestTA.java:289)
</failure>
    <system-out><![CDATA[The name of the testcase failed is :ValidateLabelChangeInReportTest
[DEBUG] 2023-04-18 23:24:11.441 [TestNG-test=AESanity-1] TestBase - Execution started
[INFO ] 2023-04-18 23:24:13.759 [TestNG-test=AESanity-1] TestBase - Browser started successfully
[INFO ] 2023-04-18 23:24:18.367 [TestNG-test=AESanity-1] TestBase - User is navigated to AE portal
ValidateDownloadReportPdfTest test case started
User log in Successfully
Dashboard chosed successfully
]]></system-out>
    <system-err><![CDATA[Starting ChromeDriver 112.0.5615.49 (bd2a7bcb881c11e8cfe3078709382934e3916914-refs/branch-heads/5615@{#936}) on port 13466
Only local connections are allowed.
Please see https://chromedriver.chromium.org/security-considerations for suggestions on keeping ChromeDriver safe.
ChromeDriver was started successfully.
Apr 18, 2023 11:24:13 PM org.openqa.selenium.remote.ProtocolHandshake createSession
INFO: Detected dialect: W3C
]]></system-err>
  </testcase>
  <testcase name="getResult" classname="com.ae.qa.testcasesTenantAdmin.DashboardsPageTestTA" time="70.659">
    <failure message="no such window: target window already closed&#10;from unknown error: web view not found&#10;  (Session info: chrome=112.0.5615.121)&#10;Build info: version: &apos;3.141.59&apos;, revision: &apos;e82be7d358&apos;, time: &apos;2018-11-14T08:17:03&apos;&#10;System info: host: &apos;AEDBSERVER&apos;, ip: &apos;10.41.5.163&apos;, os.name: &apos;Windows 10&apos;, os.arch: &apos;amd64&apos;, os.version: &apos;10.0&apos;, java.version: &apos;17.0.6&apos;&#10;Driver info: org.openqa.selenium.chrome.ChromeDriver&#10;Capabilities {acceptInsecureCerts: false, browserName: chrome, browserVersion: 112.0.5615.121, chrome: {chromedriverVersion: 112.0.5615.49 (bd2a7bcb881c..., userDataDir: C:\Program Files (x86)\scop...}, goog:chromeOptions: {debuggerAddress: localhost:64897}, javascriptEnabled: true, networkConnectionEnabled: false, pageLoadStrategy: normal, platform: WINDOWS, platformName: WINDOWS, proxy: Proxy(), setWindowRect: true, strictFileInteractability: false, timeouts: {implicit: 0, pageLoad: 300000, script: 30000}, unhandledPromptBehavior: dismiss and notify, webauthn:extension:credBlob: true, webauthn:extension:largeBlob: true, webauthn:extension:minPinLength: true, webauthn:extension:prf: true, webauthn:virtualAuthenticators: true}&#10;Session ID: 7893cc9f0378f71eba8043feff0eb4ec" type="org.openqa.selenium.NoSuchWindowException">org.openqa.selenium.NoSuchWindowException: no such window: target window already closed
from unknown error: web view not found
  (Session info: chrome=112.0.5615.121)
Build info: version: '3.141.59', revision: 'e82be7d358', time: '2018-11-14T08:17:03'
System info: host: 'AEDBSERVER', ip: '10.41.5.163', os.name: 'Windows 10', os.arch: 'amd64', os.version: '10.0', java.version: '17.0.6'
Driver info: org.openqa.selenium.chrome.ChromeDriver
Capabilities {acceptInsecureCerts: false, browserName: chrome, browserVersion: 112.0.5615.121, chrome: {chromedriverVersion: 112.0.5615.49 (bd2a7bcb881c..., userDataDir: C:\Program Files (x86)\scop...}, goog:chromeOptions: {debuggerAddress: localhost:64897}, javascriptEnabled: true, networkConnectionEnabled: false, pageLoadStrategy: normal, platform: WINDOWS, platformName: WINDOWS, proxy: Proxy(), setWindowRect: true, strictFileInteractability: false, timeouts: {implicit: 0, pageLoad: 300000, script: 30000}, unhandledPromptBehavior: dismiss and notify, webauthn:extension:credBlob: true, webauthn:extension:largeBlob: true, webauthn:extension:minPinLength: true, webauthn:extension:prf: true, webauthn:virtualAuthenticators: true}
Session ID: 7893cc9f0378f71eba8043feff0eb4ec
	at java.base/jdk.internal.reflect.NativeConstructorAccessorImpl.newInstance0(Native Method)
	at java.base/jdk.internal.reflect.NativeConstructorAccessorImpl.newInstance(NativeConstructorAccessorImpl.java:77)
	at java.base/jdk.internal.reflect.DelegatingConstructorAccessorImpl.newInstance(DelegatingConstructorAccessorImpl.java:45)
	at java.base/java.lang.reflect.Constructor.newInstanceWithCaller(Constructor.java:499)
	at java.base/java.lang.reflect.Constructor.newInstance(Constructor.java:480)
	at org.openqa.selenium.remote.http.W3CHttpResponseCodec.createException(W3CHttpResponseCodec.java:187)
	at org.openqa.selenium.remote.http.W3CHttpResponseCodec.decode(W3CHttpResponseCodec.java:122)
	at org.openqa.selenium.remote.http.W3CHttpResponseCodec.decode(W3CHttpResponseCodec.java:49)
	at org.openqa.selenium.remote.HttpCommandExecutor.execute(HttpCommandExecutor.java:158)
	at org.openqa.selenium.remote.service.DriverCommandExecutor.execute(DriverCommandExecutor.java:83)
	at org.openqa.selenium.remote.RemoteWebDriver.execute(RemoteWebDriver.java:552)
	at org.openqa.selenium.remote.RemoteWebDriver.execute(RemoteWebDriver.java:609)
	at org.openqa.selenium.remote.RemoteWebDriver.getScreenshotAs(RemoteWebDriver.java:295)
	at com.ae.qa.base.TestBase.getScreenShot(TestBase.java:114)
	at com.ae.qa.base.TestBase.getResult(TestBase.java:204)
	at jdk.internal.reflect.GeneratedMethodAccessor6.invoke(Unknown Source)
	at java.base/jdk.internal.reflect.DelegatingMethodAccessorImpl.invoke(DelegatingMethodAccessorImpl.java:43)
	at java.base/java.lang.reflect.Method.invoke(Method.java:568)
	at org.testng.internal.invokers.MethodInvocationHelper.invokeMethod(MethodInvocationHelper.java:139)
	at org.testng.internal.invokers.MethodInvocationHelper.invokeMethodConsideringTimeout(MethodInvocationHelper.java:69)
	at org.testng.internal.invokers.ConfigInvoker.invokeConfigurationMethod(ConfigInvoker.java:361)
	at org.testng.internal.invokers.ConfigInvoker.invokeConfigurations(ConfigInvoker.java:296)
	at org.testng.internal.invokers.TestInvoker.runConfigMethods(TestInvoker.java:816)
	at org.testng.internal.invokers.TestInvoker.runAfterConfigurations(TestInvoker.java:785)
	at org.testng.internal.invokers.TestInvoker.invokeMethod(TestInvoker.java:761)
	at org.testng.internal.invokers.TestInvoker.invokeTestMethod(TestInvoker.java:221)
	at org.testng.internal.invokers.MethodRunner.runInSequence(MethodRunner.java:50)
	at org.testng.internal.invokers.TestInvoker$MethodInvocationAgent.invoke(TestInvoker.java:962)
	at org.testng.internal.invokers.TestInvoker.invokeTestMethods(TestInvoker.java:194)
	at org.testng.internal.invokers.TestMethodWorker.invokeTestMethods(TestMethodWorker.java:148)
	at org.testng.internal.invokers.TestMethodWorker.run(TestMethodWorker.java:128)
	at java.base/java.util.concurrent.ThreadPoolExecutor.runWorker(ThreadPoolExecutor.java:1136)
	at java.base/java.util.concurrent.ThreadPoolExecutor$Worker.run(ThreadPoolExecutor.java:635)
	at java.base/java.lang.Thread.run(Thread.java:833)
</failure>
    <system-out><![CDATA[The name of the testcase failed is :ValidateDownloadReportPdfTest
]]></system-out>
  </testcase>
  <testcase name="getResult" classname="com.ae.qa.testcasesTenantAdmin.DashboardsPageTestTA" time="0">
    <skipped/>
    <system-out><![CDATA[The name of the testcase Skipped is :validateColumnHideTest
]]></system-out>
  </testcase>
  <testcase name="getResult" classname="com.ae.qa.testcasesTenantAdmin.DashboardsPageTestTA" time="0">
    <skipped/>
    <system-out><![CDATA[The name of the testcase Skipped is :validateFullScreenModeTest
]]></system-out>
  </testcase>
  <testcase name="getResult" classname="com.ae.qa.testcasesTenantAdmin.DashboardsPageTestTA" time="0">
    <skipped/>
    <system-out><![CDATA[The name of the testcase Skipped is :validateReportNoneSingleWFTest
]]></system-out>
  </testcase>
  <testcase name="getResult" classname="com.ae.qa.testcasesTenantAdmin.DashboardsPageTestTA" time="0">
    <skipped/>
    <system-out><![CDATA[The name of the testcase Skipped is :validateReportNoneSingleCategoryTest
]]></system-out>
  </testcase>
  <testcase name="getResult" classname="com.ae.qa.testcasesTenantAdmin.DashboardsPageTestTA" time="0">
    <skipped/>
    <system-out><![CDATA[The name of the testcase Skipped is :validateReportNoneMultipleCategoryTest
]]></system-out>
  </testcase>
  <testcase name="getResult" classname="com.ae.qa.testcasesTenantAdmin.DashboardsPageTestTA" time="0">
    <skipped/>
    <system-out><![CDATA[The name of the testcase Skipped is :validateEditDashboardRelativeDurationHourTest
]]></system-out>
  </testcase>
  <testcase name="getResult" classname="com.ae.qa.testcasesTenantAdmin.DashboardsPageTestTA" time="0">
    <skipped/>
    <system-out><![CDATA[The name of the testcase Skipped is :validateRelativeReportDurationHourTest
]]></system-out>
  </testcase>
  <testcase name="getResult" classname="com.ae.qa.testcasesTenantAdmin.DashboardsPageTestTA" time="0">
    <skipped/>
    <system-out><![CDATA[The name of the testcase Skipped is :validateEditDashboardRelativeDurationDayTest
]]></system-out>
  </testcase>
  <testcase name="getResult" classname="com.ae.qa.testcasesTenantAdmin.DashboardsPageTestTA" time="0">
    <skipped/>
    <system-out><![CDATA[The name of the testcase Skipped is :validateRelativeReportDurationDayTest
]]></system-out>
  </testcase>
  <testcase name="getResult" classname="com.ae.qa.testcasesTenantAdmin.DashboardsPageTestTA" time="0">
    <skipped/>
    <system-out><![CDATA[The name of the testcase Skipped is :validateEditDashboardRelativeDurationMonthTest
]]></system-out>
  </testcase>
  <testcase name="getResult" classname="com.ae.qa.testcasesTenantAdmin.DashboardsPageTestTA" time="0">
    <skipped/>
    <system-out><![CDATA[The name of the testcase Skipped is :validateRelativeReportDurationMonthTest
]]></system-out>
  </testcase>
  <testcase name="getResult" classname="com.ae.qa.testcasesTenantAdmin.DashboardsPageTestTA" time="0">
    <skipped/>
    <system-out><![CDATA[The name of the testcase Skipped is :validateEditDashboardRelativeDurationYearTest
]]></system-out>
  </testcase>
  <testcase name="initialization" classname="com.ae.qa.testcasesTenantAdmin.DashboardsPageTestTA" time="0">
    <skipped/>
  </testcase>
  <testcase name="initialization" classname="com.ae.qa.testcasesTenantAdmin.DashboardsPageTestTA" time="0">
    <skipped/>
    <system-out><![CDATA[The name of the testcase passed is :validateDeleteUserGroup
]]></system-out>
  </testcase>
  <testcase name="initialization" classname="com.ae.qa.testcasesTenantAdmin.DashboardsPageTestTA" time="0">
    <skipped/>
    <system-out><![CDATA[The name of the testcase passed is :validateDeleteScheduleTest
]]></system-out>
  </testcase>
  <testcase name="initialization" classname="com.ae.qa.testcasesTenantAdmin.DashboardsPageTestTA" time="0">
    <skipped/>
    <system-out><![CDATA[The name of the testcase passed is :validateUploadSameSinglePluginTest
]]></system-out>
  </testcase>
  <testcase name="initialization" classname="com.ae.qa.testcasesTenantAdmin.DashboardsPageTestTA" time="0">
    <skipped/>
    <system-out><![CDATA[The name of the testcase passed is :validateSinglePluginUploadLowerVersionTest
]]></system-out>
  </testcase>
  <testcase name="initialization" classname="com.ae.qa.testcasesTenantAdmin.DashboardsPageTestTA" time="0">
    <skipped/>
  </testcase>
  <testcase name="initialization" classname="com.ae.qa.testcasesTenantAdmin.DashboardsPageTestTA" time="0">
    <skipped/>
    <system-out><![CDATA[The name of the testcase passed is :validateDeleteUploadDriverTest
]]></system-out>
  </testcase>
  <testcase name="initialization" classname="com.ae.qa.testcasesTenantAdmin.DashboardsPageTestTA" time="0">
    <skipped/>
  </testcase>
  <testcase name="initialization" classname="com.ae.qa.testcasesTenantAdmin.DashboardsPageTestTA" time="0">
    <skipped/>
    <system-out><![CDATA[The name of the testcase passed is :validateWFInActiveAfterSysadminRemovesPluginPermissionTest
]]></system-out>
  </testcase>
  <testcase name="initialization" classname="com.ae.qa.testcasesTenantAdmin.DashboardsPageTestTA" time="0">
    <skipped/>
    <system-out><![CDATA[The name of the testcase passed is :validateWFFailureAfterSysadminRemovesPluginPermissionTest
]]></system-out>
  </testcase>
  <testcase name="initialization" classname="com.ae.qa.testcasesTenantAdmin.DashboardsPageTestTA" time="0">
    <skipped/>
    <system-out><![CDATA[The name of the testcase passed is :validateWFActiveSuccessAfterSysadminAssignPluginPermissionTest
]]></system-out>
  </testcase>
  <testcase name="initialization" classname="com.ae.qa.testcasesTenantAdmin.DashboardsPageTestTA" time="0">
    <skipped/>
  </testcase>
  <testcase name="validateColumnHideTest" classname="com.ae.qa.testcasesTenantAdmin.DashboardsPageTestTA" time="0">
    <skipped/>
    <system-out><![CDATA[validateColumnHideTest test case started
]]></system-out>
  </testcase>
  <testcase name="ValidateDeleteCredentialPoolTest" classname="com.ae.qa.testcasesTenantAdmin.CredentialsPageTestTA" time="18.585">
    <failure message="Credential Pool deletion unsuccessful expected [Credential pool [AE1] deleted successfully] but found []" type="java.lang.AssertionError">java.lang.AssertionError: Credential Pool deletion unsuccessful expected [Credential pool [AE1] deleted successfully] but found []
	at org.testng.Assert.fail(Assert.java:110)
	at org.testng.Assert.failNotEquals(Assert.java:1413)
	at org.testng.Assert.assertEqualsImpl(Assert.java:149)
	at org.testng.Assert.assertEquals(Assert.java:131)
	at org.testng.Assert.assertEquals(Assert.java:655)
	at com.ae.qa.pagesTenantAdmin.CredentialsPageTA.ValidateDeleteCredentialPool(CredentialsPageTA.java:332)
	at com.ae.qa.testcasesTenantAdmin.CredentialsPageTestTA.ValidateDeleteCredentialPoolTest(CredentialsPageTestTA.java:91)
</failure>
    <system-out><![CDATA[[DEBUG] 2023-04-18 23:25:29.029 [TestNG-test=AESanity-1] TestBase - Execution started
[INFO ] 2023-04-18 23:25:32.435 [TestNG-test=AESanity-1] TestBase - Browser started successfully
[INFO ] 2023-04-18 23:25:42.592 [TestNG-test=AESanity-1] TestBase - User is navigated to AE portal
ValidateDeleteCredentialPoolTest test case started
User LogIn Succesfully
workflowTab clicked
Credentials tab clicked
Delete button on popup is confirmed
Actual message is :
Expected message is :Credential pool [AE1] deleted successfully
]]></system-out>
    <system-err><![CDATA[Starting ChromeDriver 112.0.5615.49 (bd2a7bcb881c11e8cfe3078709382934e3916914-refs/branch-heads/5615@{#936}) on port 20653
Only local connections are allowed.
Please see https://chromedriver.chromium.org/security-considerations for suggestions on keeping ChromeDriver safe.
ChromeDriver was started successfully.
Apr 18, 2023 11:25:32 PM org.openqa.selenium.remote.ProtocolHandshake createSession
INFO: Detected dialect: W3C
]]></system-err>
  </testcase>
  <testcase name="ValidateDeleteCredentialTest" classname="com.ae.qa.testcasesTenantAdmin.CredentialsPageTestTA" time="30.076"/>
  <testcase name="validateDeleteUserGroup" classname="com.ae.qa.testcasesTenantAdmin.UserGroupsPageTestTA" time="24.112"/>
  <testcase name="validateFullScreenModeTest" classname="com.ae.qa.testcasesTenantAdmin.DashboardsPageTestTA" time="0">
    <skipped/>
    <system-out><![CDATA[validateFullScreenModeTest test case started
]]></system-out>
  </testcase>
  <testcase name="validateHomePageForConsumptionTabTest" classname="com.ae.qa.testcases.HomePageTest" time="17.938">
    <failure message="Cannot locate an element using xpath=//span[text()=&apos;Home&apos;]&#10;For documentation on this error, please visit: https://www.seleniumhq.org/exceptions/no_such_element.html&#10;Build info: version: &apos;3.141.59&apos;, revision: &apos;e82be7d358&apos;, time: &apos;2018-11-14T08:17:03&apos;&#10;System info: host: &apos;AEDBSERVER&apos;, ip: &apos;10.41.5.163&apos;, os.name: &apos;Windows 10&apos;, os.arch: &apos;amd64&apos;, os.version: &apos;10.0&apos;, java.version: &apos;17.0.6&apos;&#10;Driver info: driver.version: RemoteWebDriver" type="org.openqa.selenium.NoSuchElementException">org.openqa.selenium.NoSuchElementException: Cannot locate an element using xpath=//span[text()='Home']
For documentation on this error, please visit: https://www.seleniumhq.org/exceptions/no_such_element.html
Build info: version: '3.141.59', revision: 'e82be7d358', time: '2018-11-14T08:17:03'
System info: host: 'AEDBSERVER', ip: '10.41.5.163', os.name: 'Windows 10', os.arch: 'amd64', os.version: '10.0', java.version: '17.0.6'
Driver info: driver.version: RemoteWebDriver
	at org.openqa.selenium.remote.RemoteWebDriver.findElement(RemoteWebDriver.java:327)
	at org.openqa.selenium.remote.RemoteWebDriver.findElementByXPath(RemoteWebDriver.java:428)
	at org.openqa.selenium.By$ByXPath.findElement(By.java:353)
	at org.openqa.selenium.remote.RemoteWebDriver.findElement(RemoteWebDriver.java:315)
	at org.openqa.selenium.support.pagefactory.DefaultElementLocator.findElement(DefaultElementLocator.java:69)
	at org.openqa.selenium.support.pagefactory.internal.LocatingElementHandler.invoke(LocatingElementHandler.java:38)
	at jdk.proxy2/jdk.proxy2.$Proxy28.isDisplayed(Unknown Source)
	at com.ae.qa.pages.HomePage.validateHomePageForConsumptionTab(HomePage.java:68)
	at com.ae.qa.testcases.HomePageTest.validateHomePageForConsumptionTabTest(HomePageTest.java:35)
</failure>
    <system-out><![CDATA[[DEBUG] 2023-04-18 23:27:36.945 [TestNG-test=AESanity-1] TestBase - Execution started
[INFO ] 2023-04-18 23:27:39.566 [TestNG-test=AESanity-1] TestBase - Browser started successfully
[INFO ] 2023-04-18 23:27:44.305 [TestNG-test=AESanity-1] TestBase - User is navigated to AE portal
validateHomePageForConsumptionTabTest test case started
User log in Successfully
]]></system-out>
    <system-err><![CDATA[Starting ChromeDriver 112.0.5615.49 (bd2a7bcb881c11e8cfe3078709382934e3916914-refs/branch-heads/5615@{#936}) on port 41345
Only local connections are allowed.
Please see https://chromedriver.chromium.org/security-considerations for suggestions on keeping ChromeDriver safe.
ChromeDriver was started successfully.
Apr 18, 2023 11:27:39 PM org.openqa.selenium.remote.ProtocolHandshake createSession
INFO: Detected dialect: W3C
]]></system-err>
  </testcase>
  <testcase name="getResult" classname="com.ae.qa.testcases.HomePageTest" time="17.94">
    <failure message="no such window: target window already closed&#10;from unknown error: web view not found&#10;  (Session info: chrome=112.0.5615.121)&#10;Build info: version: &apos;3.141.59&apos;, revision: &apos;e82be7d358&apos;, time: &apos;2018-11-14T08:17:03&apos;&#10;System info: host: &apos;AEDBSERVER&apos;, ip: &apos;10.41.5.163&apos;, os.name: &apos;Windows 10&apos;, os.arch: &apos;amd64&apos;, os.version: &apos;10.0&apos;, java.version: &apos;17.0.6&apos;&#10;Driver info: org.openqa.selenium.chrome.ChromeDriver&#10;Capabilities {acceptInsecureCerts: false, browserName: chrome, browserVersion: 112.0.5615.121, chrome: {chromedriverVersion: 112.0.5615.49 (bd2a7bcb881c..., userDataDir: C:\Program Files (x86)\scop...}, goog:chromeOptions: {debuggerAddress: localhost:62169}, javascriptEnabled: true, networkConnectionEnabled: false, pageLoadStrategy: normal, platform: WINDOWS, platformName: WINDOWS, proxy: Proxy(), setWindowRect: true, strictFileInteractability: false, timeouts: {implicit: 0, pageLoad: 300000, script: 30000}, unhandledPromptBehavior: dismiss and notify, webauthn:extension:credBlob: true, webauthn:extension:largeBlob: true, webauthn:extension:minPinLength: true, webauthn:extension:prf: true, webauthn:virtualAuthenticators: true}&#10;Session ID: f6897bad0411d3a49998c7e8166f5a6a" type="org.openqa.selenium.NoSuchWindowException">org.openqa.selenium.NoSuchWindowException: no such window: target window already closed
from unknown error: web view not found
  (Session info: chrome=112.0.5615.121)
Build info: version: '3.141.59', revision: 'e82be7d358', time: '2018-11-14T08:17:03'
System info: host: 'AEDBSERVER', ip: '10.41.5.163', os.name: 'Windows 10', os.arch: 'amd64', os.version: '10.0', java.version: '17.0.6'
Driver info: org.openqa.selenium.chrome.ChromeDriver
Capabilities {acceptInsecureCerts: false, browserName: chrome, browserVersion: 112.0.5615.121, chrome: {chromedriverVersion: 112.0.5615.49 (bd2a7bcb881c..., userDataDir: C:\Program Files (x86)\scop...}, goog:chromeOptions: {debuggerAddress: localhost:62169}, javascriptEnabled: true, networkConnectionEnabled: false, pageLoadStrategy: normal, platform: WINDOWS, platformName: WINDOWS, proxy: Proxy(), setWindowRect: true, strictFileInteractability: false, timeouts: {implicit: 0, pageLoad: 300000, script: 30000}, unhandledPromptBehavior: dismiss and notify, webauthn:extension:credBlob: true, webauthn:extension:largeBlob: true, webauthn:extension:minPinLength: true, webauthn:extension:prf: true, webauthn:virtualAuthenticators: true}
Session ID: f6897bad0411d3a49998c7e8166f5a6a
	at java.base/jdk.internal.reflect.NativeConstructorAccessorImpl.newInstance0(Native Method)
	at java.base/jdk.internal.reflect.NativeConstructorAccessorImpl.newInstance(NativeConstructorAccessorImpl.java:77)
	at java.base/jdk.internal.reflect.DelegatingConstructorAccessorImpl.newInstance(DelegatingConstructorAccessorImpl.java:45)
	at java.base/java.lang.reflect.Constructor.newInstanceWithCaller(Constructor.java:499)
	at java.base/java.lang.reflect.Constructor.newInstance(Constructor.java:480)
	at org.openqa.selenium.remote.http.W3CHttpResponseCodec.createException(W3CHttpResponseCodec.java:187)
	at org.openqa.selenium.remote.http.W3CHttpResponseCodec.decode(W3CHttpResponseCodec.java:122)
	at org.openqa.selenium.remote.http.W3CHttpResponseCodec.decode(W3CHttpResponseCodec.java:49)
	at org.openqa.selenium.remote.HttpCommandExecutor.execute(HttpCommandExecutor.java:158)
	at org.openqa.selenium.remote.service.DriverCommandExecutor.execute(DriverCommandExecutor.java:83)
	at org.openqa.selenium.remote.RemoteWebDriver.execute(RemoteWebDriver.java:552)
	at org.openqa.selenium.remote.RemoteWebDriver.execute(RemoteWebDriver.java:609)
	at org.openqa.selenium.remote.RemoteWebDriver.getScreenshotAs(RemoteWebDriver.java:295)
	at com.ae.qa.base.TestBase.getScreenShot(TestBase.java:114)
	at com.ae.qa.base.TestBase.getResult(TestBase.java:204)
	at jdk.internal.reflect.GeneratedMethodAccessor6.invoke(Unknown Source)
	at java.base/jdk.internal.reflect.DelegatingMethodAccessorImpl.invoke(DelegatingMethodAccessorImpl.java:43)
	at java.base/java.lang.reflect.Method.invoke(Method.java:568)
	at org.testng.internal.invokers.MethodInvocationHelper.invokeMethod(MethodInvocationHelper.java:139)
	at org.testng.internal.invokers.MethodInvocationHelper.invokeMethodConsideringTimeout(MethodInvocationHelper.java:69)
	at org.testng.internal.invokers.ConfigInvoker.invokeConfigurationMethod(ConfigInvoker.java:361)
	at org.testng.internal.invokers.ConfigInvoker.invokeConfigurations(ConfigInvoker.java:296)
	at org.testng.internal.invokers.TestInvoker.runConfigMethods(TestInvoker.java:816)
	at org.testng.internal.invokers.TestInvoker.runAfterConfigurations(TestInvoker.java:785)
	at org.testng.internal.invokers.TestInvoker.invokeMethod(TestInvoker.java:761)
	at org.testng.internal.invokers.TestInvoker.invokeTestMethod(TestInvoker.java:221)
	at org.testng.internal.invokers.MethodRunner.runInSequence(MethodRunner.java:50)
	at org.testng.internal.invokers.TestInvoker$MethodInvocationAgent.invoke(TestInvoker.java:962)
	at org.testng.internal.invokers.TestInvoker.invokeTestMethods(TestInvoker.java:194)
	at org.testng.internal.invokers.TestMethodWorker.invokeTestMethods(TestMethodWorker.java:148)
	at org.testng.internal.invokers.TestMethodWorker.run(TestMethodWorker.java:128)
	at java.base/java.util.concurrent.ThreadPoolExecutor.runWorker(ThreadPoolExecutor.java:1136)
	at java.base/java.util.concurrent.ThreadPoolExecutor$Worker.run(ThreadPoolExecutor.java:635)
	at java.base/java.lang.Thread.run(Thread.java:833)
</failure>
    <system-out><![CDATA[The name of the testcase failed is :validateHomePageForConsumptionTabTest
]]></system-out>
  </testcase>
  <testcase name="getResult" classname="com.ae.qa.testcases.HomePageTest" time="0">
    <skipped/>
    <system-out><![CDATA[The name of the testcase Skipped is :validateUploadLicenseTest
]]></system-out>
  </testcase>
  <testcase name="initialization" classname="com.ae.qa.testcases.HomePageTest" time="0">
    <skipped/>
  </testcase>
  <testcase name="validateUploadLicenseTest" classname="com.ae.qa.testcases.HomePageTest" time="0">
    <skipped/>
    <system-out><![CDATA[validateUploadLicenseTest test case started
]]></system-out>
  </testcase>
  <testcase name="validateCreateAllotmentBasedTenantTest" classname="com.ae.qa.testcases.TenantsPageTest" time="8.493">
    <failure message="no such window: target window already closed&#10;from unknown error: web view not found&#10;  (Session info: chrome=112.0.5615.121)&#10;Build info: version: &apos;3.141.59&apos;, revision: &apos;e82be7d358&apos;, time: &apos;2018-11-14T08:17:03&apos;&#10;System info: host: &apos;AEDBSERVER&apos;, ip: &apos;10.41.5.163&apos;, os.name: &apos;Windows 10&apos;, os.arch: &apos;amd64&apos;, os.version: &apos;10.0&apos;, java.version: &apos;17.0.6&apos;&#10;Driver info: org.openqa.selenium.chrome.ChromeDriver&#10;Capabilities {acceptInsecureCerts: false, browserName: chrome, browserVersion: 112.0.5615.121, chrome: {chromedriverVersion: 112.0.5615.49 (bd2a7bcb881c..., userDataDir: C:\Program Files (x86)\scop...}, goog:chromeOptions: {debuggerAddress: localhost:62203}, javascriptEnabled: true, networkConnectionEnabled: false, pageLoadStrategy: normal, platform: WINDOWS, platformName: WINDOWS, proxy: Proxy(), setWindowRect: true, strictFileInteractability: false, timeouts: {implicit: 0, pageLoad: 300000, script: 30000}, unhandledPromptBehavior: dismiss and notify, webauthn:extension:credBlob: true, webauthn:extension:largeBlob: true, webauthn:extension:minPinLength: true, webauthn:extension:prf: true, webauthn:virtualAuthenticators: true}&#10;Session ID: 040a59f708dddfd409e60e7632eed92b&#10;*** Element info: {Using=xpath, value=//span[(text()=&apos;Tenants&apos;)]}" type="org.openqa.selenium.NoSuchWindowException">org.openqa.selenium.NoSuchWindowException: no such window: target window already closed
from unknown error: web view not found
  (Session info: chrome=112.0.5615.121)
Build info: version: '3.141.59', revision: 'e82be7d358', time: '2018-11-14T08:17:03'
System info: host: 'AEDBSERVER', ip: '10.41.5.163', os.name: 'Windows 10', os.arch: 'amd64', os.version: '10.0', java.version: '17.0.6'
Driver info: org.openqa.selenium.chrome.ChromeDriver
Capabilities {acceptInsecureCerts: false, browserName: chrome, browserVersion: 112.0.5615.121, chrome: {chromedriverVersion: 112.0.5615.49 (bd2a7bcb881c..., userDataDir: C:\Program Files (x86)\scop...}, goog:chromeOptions: {debuggerAddress: localhost:62203}, javascriptEnabled: true, networkConnectionEnabled: false, pageLoadStrategy: normal, platform: WINDOWS, platformName: WINDOWS, proxy: Proxy(), setWindowRect: true, strictFileInteractability: false, timeouts: {implicit: 0, pageLoad: 300000, script: 30000}, unhandledPromptBehavior: dismiss and notify, webauthn:extension:credBlob: true, webauthn:extension:largeBlob: true, webauthn:extension:minPinLength: true, webauthn:extension:prf: true, webauthn:virtualAuthenticators: true}
Session ID: 040a59f708dddfd409e60e7632eed92b
*** Element info: {Using=xpath, value=//span[(text()='Tenants')]}
	at java.base/jdk.internal.reflect.NativeConstructorAccessorImpl.newInstance0(Native Method)
	at java.base/jdk.internal.reflect.NativeConstructorAccessorImpl.newInstance(NativeConstructorAccessorImpl.java:77)
	at java.base/jdk.internal.reflect.DelegatingConstructorAccessorImpl.newInstance(DelegatingConstructorAccessorImpl.java:45)
	at java.base/java.lang.reflect.Constructor.newInstanceWithCaller(Constructor.java:499)
	at java.base/java.lang.reflect.Constructor.newInstance(Constructor.java:480)
	at org.openqa.selenium.remote.http.W3CHttpResponseCodec.createException(W3CHttpResponseCodec.java:187)
	at org.openqa.selenium.remote.http.W3CHttpResponseCodec.decode(W3CHttpResponseCodec.java:122)
	at org.openqa.selenium.remote.http.W3CHttpResponseCodec.decode(W3CHttpResponseCodec.java:49)
	at org.openqa.selenium.remote.HttpCommandExecutor.execute(HttpCommandExecutor.java:158)
	at org.openqa.selenium.remote.service.DriverCommandExecutor.execute(DriverCommandExecutor.java:83)
	at org.openqa.selenium.remote.RemoteWebDriver.execute(RemoteWebDriver.java:552)
	at org.openqa.selenium.remote.RemoteWebDriver.findElement(RemoteWebDriver.java:323)
	at org.openqa.selenium.remote.RemoteWebDriver.findElementByXPath(RemoteWebDriver.java:428)
	at org.openqa.selenium.By$ByXPath.findElement(By.java:353)
	at org.openqa.selenium.remote.RemoteWebDriver.findElement(RemoteWebDriver.java:315)
	at org.openqa.selenium.support.pagefactory.DefaultElementLocator.findElement(DefaultElementLocator.java:69)
	at org.openqa.selenium.support.pagefactory.internal.LocatingElementHandler.invoke(LocatingElementHandler.java:38)
	at jdk.proxy2/jdk.proxy2.$Proxy28.getWrappedElement(Unknown Source)
	at org.openqa.selenium.remote.internal.WebElementToJsonConverter.apply(WebElementToJsonConverter.java:50)
	at java.base/java.util.stream.ReferencePipeline$3$1.accept(ReferencePipeline.java:197)
	at java.base/java.util.Spliterators$ArraySpliterator.forEachRemaining(Spliterators.java:992)
	at java.base/java.util.stream.AbstractPipeline.copyInto(AbstractPipeline.java:509)
	at java.base/java.util.stream.AbstractPipeline.wrapAndCopyInto(AbstractPipeline.java:499)
	at java.base/java.util.stream.ReduceOps$ReduceOp.evaluateSequential(ReduceOps.java:921)
	at java.base/java.util.stream.AbstractPipeline.evaluate(AbstractPipeline.java:234)
	at java.base/java.util.stream.ReferencePipeline.collect(ReferencePipeline.java:682)
	at org.openqa.selenium.remote.RemoteWebDriver.executeScript(RemoteWebDriver.java:484)
	at com.ae.qa.pages.TenantsPage.validateCreateAllotmentBasedTenant(TenantsPage.java:361)
	at com.ae.qa.testcases.TenantsPageTest.validateCreateAllotmentBasedTenantTest(TenantsPageTest.java:128)
</failure>
    <system-out><![CDATA[[DEBUG] 2023-04-18 23:28:02.246 [TestNG-test=AESanity-1] TestBase - Execution started
[INFO ] 2023-04-18 23:28:05.362 [TestNG-test=AESanity-1] TestBase - Browser started successfully
[INFO ] 2023-04-18 23:28:17.251 [TestNG-test=AESanity-1] TestBase - User is navigated to AE portal
validateCreateAllotmentBasedTenantTest test case started
User log in Successfully
]]></system-out>
    <system-err><![CDATA[Starting ChromeDriver 112.0.5615.49 (bd2a7bcb881c11e8cfe3078709382934e3916914-refs/branch-heads/5615@{#936}) on port 25416
Only local connections are allowed.
Please see https://chromedriver.chromium.org/security-considerations for suggestions on keeping ChromeDriver safe.
ChromeDriver was started successfully.
Apr 18, 2023 11:28:05 PM org.openqa.selenium.remote.ProtocolHandshake createSession
INFO: Detected dialect: W3C
]]></system-err>
  </testcase>
  <testcase name="getResult" classname="com.ae.qa.testcases.TenantsPageTest" time="8.524">
    <failure message="no such window: target window already closed&#10;from unknown error: web view not found&#10;  (Session info: chrome=112.0.5615.121)&#10;Build info: version: &apos;3.141.59&apos;, revision: &apos;e82be7d358&apos;, time: &apos;2018-11-14T08:17:03&apos;&#10;System info: host: &apos;AEDBSERVER&apos;, ip: &apos;10.41.5.163&apos;, os.name: &apos;Windows 10&apos;, os.arch: &apos;amd64&apos;, os.version: &apos;10.0&apos;, java.version: &apos;17.0.6&apos;&#10;Driver info: org.openqa.selenium.chrome.ChromeDriver&#10;Capabilities {acceptInsecureCerts: false, browserName: chrome, browserVersion: 112.0.5615.121, chrome: {chromedriverVersion: 112.0.5615.49 (bd2a7bcb881c..., userDataDir: C:\Program Files (x86)\scop...}, goog:chromeOptions: {debuggerAddress: localhost:62203}, javascriptEnabled: true, networkConnectionEnabled: false, pageLoadStrategy: normal, platform: WINDOWS, platformName: WINDOWS, proxy: Proxy(), setWindowRect: true, strictFileInteractability: false, timeouts: {implicit: 0, pageLoad: 300000, script: 30000}, unhandledPromptBehavior: dismiss and notify, webauthn:extension:credBlob: true, webauthn:extension:largeBlob: true, webauthn:extension:minPinLength: true, webauthn:extension:prf: true, webauthn:virtualAuthenticators: true}&#10;Session ID: 040a59f708dddfd409e60e7632eed92b" type="org.openqa.selenium.NoSuchWindowException">org.openqa.selenium.NoSuchWindowException: no such window: target window already closed
from unknown error: web view not found
  (Session info: chrome=112.0.5615.121)
Build info: version: '3.141.59', revision: 'e82be7d358', time: '2018-11-14T08:17:03'
System info: host: 'AEDBSERVER', ip: '10.41.5.163', os.name: 'Windows 10', os.arch: 'amd64', os.version: '10.0', java.version: '17.0.6'
Driver info: org.openqa.selenium.chrome.ChromeDriver
Capabilities {acceptInsecureCerts: false, browserName: chrome, browserVersion: 112.0.5615.121, chrome: {chromedriverVersion: 112.0.5615.49 (bd2a7bcb881c..., userDataDir: C:\Program Files (x86)\scop...}, goog:chromeOptions: {debuggerAddress: localhost:62203}, javascriptEnabled: true, networkConnectionEnabled: false, pageLoadStrategy: normal, platform: WINDOWS, platformName: WINDOWS, proxy: Proxy(), setWindowRect: true, strictFileInteractability: false, timeouts: {implicit: 0, pageLoad: 300000, script: 30000}, unhandledPromptBehavior: dismiss and notify, webauthn:extension:credBlob: true, webauthn:extension:largeBlob: true, webauthn:extension:minPinLength: true, webauthn:extension:prf: true, webauthn:virtualAuthenticators: true}
Session ID: 040a59f708dddfd409e60e7632eed92b
	at java.base/jdk.internal.reflect.NativeConstructorAccessorImpl.newInstance0(Native Method)
	at java.base/jdk.internal.reflect.NativeConstructorAccessorImpl.newInstance(NativeConstructorAccessorImpl.java:77)
	at java.base/jdk.internal.reflect.DelegatingConstructorAccessorImpl.newInstance(DelegatingConstructorAccessorImpl.java:45)
	at java.base/java.lang.reflect.Constructor.newInstanceWithCaller(Constructor.java:499)
	at java.base/java.lang.reflect.Constructor.newInstance(Constructor.java:480)
	at org.openqa.selenium.remote.http.W3CHttpResponseCodec.createException(W3CHttpResponseCodec.java:187)
	at org.openqa.selenium.remote.http.W3CHttpResponseCodec.decode(W3CHttpResponseCodec.java:122)
	at org.openqa.selenium.remote.http.W3CHttpResponseCodec.decode(W3CHttpResponseCodec.java:49)
	at org.openqa.selenium.remote.HttpCommandExecutor.execute(HttpCommandExecutor.java:158)
	at org.openqa.selenium.remote.service.DriverCommandExecutor.execute(DriverCommandExecutor.java:83)
	at org.openqa.selenium.remote.RemoteWebDriver.execute(RemoteWebDriver.java:552)
	at org.openqa.selenium.remote.RemoteWebDriver.execute(RemoteWebDriver.java:609)
	at org.openqa.selenium.remote.RemoteWebDriver.getScreenshotAs(RemoteWebDriver.java:295)
	at com.ae.qa.base.TestBase.getScreenShot(TestBase.java:114)
	at com.ae.qa.base.TestBase.getResult(TestBase.java:204)
	at jdk.internal.reflect.GeneratedMethodAccessor6.invoke(Unknown Source)
	at java.base/jdk.internal.reflect.DelegatingMethodAccessorImpl.invoke(DelegatingMethodAccessorImpl.java:43)
	at java.base/java.lang.reflect.Method.invoke(Method.java:568)
	at org.testng.internal.invokers.MethodInvocationHelper.invokeMethod(MethodInvocationHelper.java:139)
	at org.testng.internal.invokers.MethodInvocationHelper.invokeMethodConsideringTimeout(MethodInvocationHelper.java:69)
	at org.testng.internal.invokers.ConfigInvoker.invokeConfigurationMethod(ConfigInvoker.java:361)
	at org.testng.internal.invokers.ConfigInvoker.invokeConfigurations(ConfigInvoker.java:296)
	at org.testng.internal.invokers.TestInvoker.runConfigMethods(TestInvoker.java:816)
	at org.testng.internal.invokers.TestInvoker.runAfterConfigurations(TestInvoker.java:785)
	at org.testng.internal.invokers.TestInvoker.invokeMethod(TestInvoker.java:761)
	at org.testng.internal.invokers.TestInvoker.invokeTestMethod(TestInvoker.java:221)
	at org.testng.internal.invokers.MethodRunner.runInSequence(MethodRunner.java:50)
	at org.testng.internal.invokers.TestInvoker$MethodInvocationAgent.invoke(TestInvoker.java:962)
	at org.testng.internal.invokers.TestInvoker.invokeTestMethods(TestInvoker.java:194)
	at org.testng.internal.invokers.TestMethodWorker.invokeTestMethods(TestMethodWorker.java:148)
	at org.testng.internal.invokers.TestMethodWorker.run(TestMethodWorker.java:128)
	at java.base/java.util.concurrent.ThreadPoolExecutor.runWorker(ThreadPoolExecutor.java:1136)
	at java.base/java.util.concurrent.ThreadPoolExecutor$Worker.run(ThreadPoolExecutor.java:635)
	at java.base/java.lang.Thread.run(Thread.java:833)
</failure>
    <system-out><![CDATA[The name of the testcase failed is :validateCreateAllotmentBasedTenantTest
]]></system-out>
  </testcase>
  <testcase name="getResult" classname="com.ae.qa.testcases.TenantsPageTest" time="0">
    <skipped/>
    <system-out><![CDATA[The name of the testcase Skipped is :validateAllocateConsumptionBasedTest
]]></system-out>
  </testcase>
  <testcase name="getResult" classname="com.ae.qa.testcases.TenantsPageTest" time="0">
    <skipped/>
    <system-out><![CDATA[The name of the testcase Skipped is :validateAmendLicenseTest
]]></system-out>
  </testcase>
  <testcase name="getResult" classname="com.ae.qa.testcases.TenantsPageTest" time="0">
    <skipped/>
    <system-out><![CDATA[The name of the testcase Skipped is :validateDisableTenantTest
]]></system-out>
  </testcase>
  <testcase name="getResult" classname="com.ae.qa.testcases.TenantsPageTest" time="0">
    <skipped/>
    <system-out><![CDATA[The name of the testcase Skipped is :validateSubmitRequestDisabledTenantTest
]]></system-out>
  </testcase>
  <testcase name="getResult" classname="com.ae.qa.testcases.TenantsPageTest" time="0">
    <skipped/>
    <system-out><![CDATA[The name of the testcase Skipped is :validateSubmitRequestEnableTenantTest
]]></system-out>
  </testcase>
  <testcase name="getResult" classname="com.ae.qa.testcases.TenantsPageTest" time="0">
    <skipped/>
    <system-out><![CDATA[The name of the testcase Skipped is :validateDisableAllomentBasedTenantTest
]]></system-out>
  </testcase>
  <testcase name="getResult" classname="com.ae.qa.testcases.TenantsPageTest" time="0">
    <skipped/>
    <system-out><![CDATA[The name of the testcase Skipped is :validateEnableAllomentBasedTenantTest
]]></system-out>
  </testcase>
  <testcase name="validateCreatingTenantLicenseAdminTest" classname="com.ae.qa.testcases.SystemUsersPageTest" time="36.343">
    <failure message="Cannot locate an element using xpath=//div[@id=&apos;options-list&apos;]/li/label[contains(text(),&apos;SYSADMIN&apos;)]/span&#10;For documentation on this error, please visit: https://www.seleniumhq.org/exceptions/no_such_element.html&#10;Build info: version: &apos;3.141.59&apos;, revision: &apos;e82be7d358&apos;, time: &apos;2018-11-14T08:17:03&apos;&#10;System info: host: &apos;AEDBSERVER&apos;, ip: &apos;10.41.5.163&apos;, os.name: &apos;Windows 10&apos;, os.arch: &apos;amd64&apos;, os.version: &apos;10.0&apos;, java.version: &apos;17.0.6&apos;&#10;Driver info: driver.version: RemoteWebDriver" type="org.openqa.selenium.NoSuchElementException">org.openqa.selenium.NoSuchElementException: Cannot locate an element using xpath=//div[@id='options-list']/li/label[contains(text(),'SYSADMIN')]/span
For documentation on this error, please visit: https://www.seleniumhq.org/exceptions/no_such_element.html
Build info: version: '3.141.59', revision: 'e82be7d358', time: '2018-11-14T08:17:03'
System info: host: 'AEDBSERVER', ip: '10.41.5.163', os.name: 'Windows 10', os.arch: 'amd64', os.version: '10.0', java.version: '17.0.6'
Driver info: driver.version: RemoteWebDriver
	at org.openqa.selenium.remote.RemoteWebDriver.findElement(RemoteWebDriver.java:327)
	at org.openqa.selenium.remote.RemoteWebDriver.findElementByXPath(RemoteWebDriver.java:428)
	at org.openqa.selenium.By$ByXPath.findElement(By.java:353)
	at org.openqa.selenium.remote.RemoteWebDriver.findElement(RemoteWebDriver.java:315)
	at com.ae.qa.pages.SystemUsersPage.creation(SystemUsersPage.java:114)
	at com.ae.qa.pages.SystemUsersPage.creatingTenantLicenseAdmin(SystemUsersPage.java:162)
	at com.ae.qa.testcases.SystemUsersPageTest.validateCreatingTenantLicenseAdminTest(SystemUsersPageTest.java:62)
</failure>
    <system-out><![CDATA[[DEBUG] 2023-04-18 23:28:25.747 [TestNG-test=AESanity-1] TestBase - Execution started
[INFO ] 2023-04-18 23:28:28.719 [TestNG-test=AESanity-1] TestBase - Browser started successfully
[INFO ] 2023-04-18 23:28:38.636 [TestNG-test=AESanity-1] TestBase - User is navigated to AE portal
validateCreatingTenantLicenseAdminTest test case started
User logged in successfully
[INFO ] 2023-04-18 23:28:51.313 [TestNG-test=AESanity-1] TestBase - started creating new system admin
]]></system-out>
    <system-err><![CDATA[Starting ChromeDriver 112.0.5615.49 (bd2a7bcb881c11e8cfe3078709382934e3916914-refs/branch-heads/5615@{#936}) on port 4766
Only local connections are allowed.
Please see https://chromedriver.chromium.org/security-considerations for suggestions on keeping ChromeDriver safe.
ChromeDriver was started successfully.
Apr 18, 2023 11:28:28 PM org.openqa.selenium.remote.ProtocolHandshake createSession
INFO: Detected dialect: W3C
]]></system-err>
  </testcase>
  <testcase name="getResult" classname="com.ae.qa.testcases.SystemUsersPageTest" time="36.352">
    <failure message="no such window: target window already closed&#10;from unknown error: web view not found&#10;  (Session info: chrome=112.0.5615.121)&#10;Build info: version: &apos;3.141.59&apos;, revision: &apos;e82be7d358&apos;, time: &apos;2018-11-14T08:17:03&apos;&#10;System info: host: &apos;AEDBSERVER&apos;, ip: &apos;10.41.5.163&apos;, os.name: &apos;Windows 10&apos;, os.arch: &apos;amd64&apos;, os.version: &apos;10.0&apos;, java.version: &apos;17.0.6&apos;&#10;Driver info: org.openqa.selenium.chrome.ChromeDriver&#10;Capabilities {acceptInsecureCerts: false, browserName: chrome, browserVersion: 112.0.5615.121, chrome: {chromedriverVersion: 112.0.5615.49 (bd2a7bcb881c..., userDataDir: C:\Program Files (x86)\scop...}, goog:chromeOptions: {debuggerAddress: localhost:62228}, javascriptEnabled: true, networkConnectionEnabled: false, pageLoadStrategy: normal, platform: WINDOWS, platformName: WINDOWS, proxy: Proxy(), setWindowRect: true, strictFileInteractability: false, timeouts: {implicit: 0, pageLoad: 300000, script: 30000}, unhandledPromptBehavior: dismiss and notify, webauthn:extension:credBlob: true, webauthn:extension:largeBlob: true, webauthn:extension:minPinLength: true, webauthn:extension:prf: true, webauthn:virtualAuthenticators: true}&#10;Session ID: a67f6b6c8932f7a16d8d48648d8b427c" type="org.openqa.selenium.NoSuchWindowException">org.openqa.selenium.NoSuchWindowException: no such window: target window already closed
from unknown error: web view not found
  (Session info: chrome=112.0.5615.121)
Build info: version: '3.141.59', revision: 'e82be7d358', time: '2018-11-14T08:17:03'
System info: host: 'AEDBSERVER', ip: '10.41.5.163', os.name: 'Windows 10', os.arch: 'amd64', os.version: '10.0', java.version: '17.0.6'
Driver info: org.openqa.selenium.chrome.ChromeDriver
Capabilities {acceptInsecureCerts: false, browserName: chrome, browserVersion: 112.0.5615.121, chrome: {chromedriverVersion: 112.0.5615.49 (bd2a7bcb881c..., userDataDir: C:\Program Files (x86)\scop...}, goog:chromeOptions: {debuggerAddress: localhost:62228}, javascriptEnabled: true, networkConnectionEnabled: false, pageLoadStrategy: normal, platform: WINDOWS, platformName: WINDOWS, proxy: Proxy(), setWindowRect: true, strictFileInteractability: false, timeouts: {implicit: 0, pageLoad: 300000, script: 30000}, unhandledPromptBehavior: dismiss and notify, webauthn:extension:credBlob: true, webauthn:extension:largeBlob: true, webauthn:extension:minPinLength: true, webauthn:extension:prf: true, webauthn:virtualAuthenticators: true}
Session ID: a67f6b6c8932f7a16d8d48648d8b427c
	at java.base/jdk.internal.reflect.NativeConstructorAccessorImpl.newInstance0(Native Method)
	at java.base/jdk.internal.reflect.NativeConstructorAccessorImpl.newInstance(NativeConstructorAccessorImpl.java:77)
	at java.base/jdk.internal.reflect.DelegatingConstructorAccessorImpl.newInstance(DelegatingConstructorAccessorImpl.java:45)
	at java.base/java.lang.reflect.Constructor.newInstanceWithCaller(Constructor.java:499)
	at java.base/java.lang.reflect.Constructor.newInstance(Constructor.java:480)
	at org.openqa.selenium.remote.http.W3CHttpResponseCodec.createException(W3CHttpResponseCodec.java:187)
	at org.openqa.selenium.remote.http.W3CHttpResponseCodec.decode(W3CHttpResponseCodec.java:122)
	at org.openqa.selenium.remote.http.W3CHttpResponseCodec.decode(W3CHttpResponseCodec.java:49)
	at org.openqa.selenium.remote.HttpCommandExecutor.execute(HttpCommandExecutor.java:158)
	at org.openqa.selenium.remote.service.DriverCommandExecutor.execute(DriverCommandExecutor.java:83)
	at org.openqa.selenium.remote.RemoteWebDriver.execute(RemoteWebDriver.java:552)
	at org.openqa.selenium.remote.RemoteWebDriver.execute(RemoteWebDriver.java:609)
	at org.openqa.selenium.remote.RemoteWebDriver.getScreenshotAs(RemoteWebDriver.java:295)
	at com.ae.qa.base.TestBase.getScreenShot(TestBase.java:114)
	at com.ae.qa.base.TestBase.getResult(TestBase.java:204)
	at jdk.internal.reflect.GeneratedMethodAccessor6.invoke(Unknown Source)
	at java.base/jdk.internal.reflect.DelegatingMethodAccessorImpl.invoke(DelegatingMethodAccessorImpl.java:43)
	at java.base/java.lang.reflect.Method.invoke(Method.java:568)
	at org.testng.internal.invokers.MethodInvocationHelper.invokeMethod(MethodInvocationHelper.java:139)
	at org.testng.internal.invokers.MethodInvocationHelper.invokeMethodConsideringTimeout(MethodInvocationHelper.java:69)
	at org.testng.internal.invokers.ConfigInvoker.invokeConfigurationMethod(ConfigInvoker.java:361)
	at org.testng.internal.invokers.ConfigInvoker.invokeConfigurations(ConfigInvoker.java:296)
	at org.testng.internal.invokers.TestInvoker.runConfigMethods(TestInvoker.java:816)
	at org.testng.internal.invokers.TestInvoker.runAfterConfigurations(TestInvoker.java:785)
	at org.testng.internal.invokers.TestInvoker.invokeMethod(TestInvoker.java:761)
	at org.testng.internal.invokers.TestInvoker.invokeTestMethod(TestInvoker.java:221)
	at org.testng.internal.invokers.MethodRunner.runInSequence(MethodRunner.java:50)
	at org.testng.internal.invokers.TestInvoker$MethodInvocationAgent.invoke(TestInvoker.java:962)
	at org.testng.internal.invokers.TestInvoker.invokeTestMethods(TestInvoker.java:194)
	at org.testng.internal.invokers.TestMethodWorker.invokeTestMethods(TestMethodWorker.java:148)
	at org.testng.internal.invokers.TestMethodWorker.run(TestMethodWorker.java:128)
	at java.base/java.util.concurrent.ThreadPoolExecutor.runWorker(ThreadPoolExecutor.java:1136)
	at java.base/java.util.concurrent.ThreadPoolExecutor$Worker.run(ThreadPoolExecutor.java:635)
	at java.base/java.lang.Thread.run(Thread.java:833)
</failure>
    <system-out><![CDATA[The name of the testcase failed is :validateCreatingTenantLicenseAdminTest
]]></system-out>
  </testcase>
  <testcase name="getResult" classname="com.ae.qa.testcases.SystemUsersPageTest" time="0">
    <skipped/>
    <system-out><![CDATA[The name of the testcase Skipped is :validateEditTenantLicenseAdminTest
]]></system-out>
  </testcase>
  <testcase name="getResult" classname="com.ae.qa.testcases.SystemUsersPageTest" time="0">
    <skipped/>
    <system-out><![CDATA[The name of the testcase Skipped is :validateDeleteSystemAdminTest
]]></system-out>
  </testcase>
  <testcase name="initialization" classname="com.ae.qa.testcases.SystemUsersPageTest" time="0">
    <skipped/>
  </testcase>
  <testcase name="initialization" classname="com.ae.qa.testcases.SystemUsersPageTest" time="0">
    <skipped/>
  </testcase>
  <testcase name="validateEditTenantLicenseAdminTest" classname="com.ae.qa.testcases.SystemUsersPageTest" time="0">
    <skipped/>
    <system-out><![CDATA[validateEditTenantLicenseAdminTest test case started
]]></system-out>
  </testcase>
  <testcase name="initialization" classname="com.ae.qa.testcases.TenantsPageTest" time="0">
    <skipped/>
  </testcase>
  <testcase name="initialization" classname="com.ae.qa.testcases.TenantsPageTest" time="0">
    <skipped/>
  </testcase>
  <testcase name="initialization" classname="com.ae.qa.testcases.TenantsPageTest" time="0">
    <skipped/>
    <system-out><![CDATA[The name of the testcase passed is :validateDeleteIntegrationTypeTest
]]></system-out>
  </testcase>
  <testcase name="initialization" classname="com.ae.qa.testcases.TenantsPageTest" time="0">
    <skipped/>
  </testcase>
  <testcase name="initialization" classname="com.ae.qa.testcases.TenantsPageTest" time="0">
    <skipped/>
  </testcase>
  <testcase name="initialization" classname="com.ae.qa.testcases.TenantsPageTest" time="0">
    <skipped/>
  </testcase>
  <testcase name="initialization" classname="com.ae.qa.testcases.TenantsPageTest" time="0">
    <skipped/>
  </testcase>
  <testcase name="validateAllocateConsumptionBasedTest" classname="com.ae.qa.testcases.TenantsPageTest" time="0">
    <skipped/>
    <system-out><![CDATA[validateAllocateConsumptionBasedTest test case started
]]></system-out>
  </testcase>
  <testcase name="validateAmendLicenseTest" classname="com.ae.qa.testcases.TenantsPageTest" time="0">
    <skipped/>
    <system-out><![CDATA[validateAmendLicenseTest test case started
]]></system-out>
  </testcase>
  <testcase name="validateLicenseDetailTabTest" classname="com.ae.qa.testcasesTenantAdmin.HomePageTestTA" time="48.112"/>
  <testcase name="validateLicenseDetailHomepageTest" classname="com.ae.qa.testcasesTenantAdmin.HomePageTestTA" time="11.711"/>
  <testcase name="validateMultipleWorkflowAssignmentTest" classname="com.ae.qa.testcasesTenantAdmin.WorkflowAssignmentPageTestTA" time="28.472"/>
  <testcase name="validateCreateHolidayCalenderTest" classname="com.ae.qa.testcasesTenantAdmin.HolidayCalenderPageTestTA" time="43.659"/>
  <testcase name="validateCreateHolidayCalenderUpcomingYearTest" classname="com.ae.qa.testcasesTenantAdmin.HolidayCalenderPageTestTA" time="43.138"/>
  <testcase name="validateEditHolidayCalenderTest" classname="com.ae.qa.testcasesTenantAdmin.HolidayCalenderPageTestTA" time="32.598"/>
  <testcase name="validateRemoveHolidayListDatesTest" classname="com.ae.qa.testcasesTenantAdmin.HolidayCalenderPageTestTA" time="44.522"/>
  <testcase name="validateCreateCloneHolidayCalenderTest" classname="com.ae.qa.testcasesTenantAdmin.HolidayCalenderPageTestTA" time="25.319"/>
  <testcase name="validateEditCloneHolidayCalenderTest" classname="com.ae.qa.testcasesTenantAdmin.HolidayCalenderPageTestTA" time="31.541"/>
  <testcase name="validateRenewHoildayCalenderTest" classname="com.ae.qa.testcasesTenantAdmin.HolidayCalenderPageTestTA" time="54.09"/>
  <testcase name="validateEditRenewHolidayCalenderTest" classname="com.ae.qa.testcasesTenantAdmin.HolidayCalenderPageTestTA" time="5.276">
    <failure message="stale element reference: element is not attached to the page document&#10;  (Session info: chrome=112.0.5615.121)&#10;For documentation on this error, please visit: https://www.seleniumhq.org/exceptions/stale_element_reference.html&#10;Build info: version: &apos;3.141.59&apos;, revision: &apos;e82be7d358&apos;, time: &apos;2018-11-14T08:17:03&apos;&#10;System info: host: &apos;AEDBSERVER&apos;, ip: &apos;10.41.5.163&apos;, os.name: &apos;Windows 10&apos;, os.arch: &apos;amd64&apos;, os.version: &apos;10.0&apos;, java.version: &apos;17.0.6&apos;&#10;Driver info: org.openqa.selenium.chrome.ChromeDriver&#10;Capabilities {acceptInsecureCerts: false, browserName: chrome, browserVersion: 112.0.5615.121, chrome: {chromedriverVersion: 112.0.5615.49 (bd2a7bcb881c..., userDataDir: C:\Program Files (x86)\scop...}, goog:chromeOptions: {debuggerAddress: localhost:64364}, javascriptEnabled: true, networkConnectionEnabled: false, pageLoadStrategy: normal, platform: WINDOWS, platformName: WINDOWS, proxy: Proxy(), setWindowRect: true, strictFileInteractability: false, timeouts: {implicit: 0, pageLoad: 300000, script: 30000}, unhandledPromptBehavior: dismiss and notify, webauthn:extension:credBlob: true, webauthn:extension:largeBlob: true, webauthn:extension:minPinLength: true, webauthn:extension:prf: true, webauthn:virtualAuthenticators: true}&#10;Session ID: 05efa1fec10efe522b57bd28da551b99" type="org.openqa.selenium.StaleElementReferenceException">org.openqa.selenium.StaleElementReferenceException: stale element reference: element is not attached to the page document
  (Session info: chrome=112.0.5615.121)
For documentation on this error, please visit: https://www.seleniumhq.org/exceptions/stale_element_reference.html
Build info: version: '3.141.59', revision: 'e82be7d358', time: '2018-11-14T08:17:03'
System info: host: 'AEDBSERVER', ip: '10.41.5.163', os.name: 'Windows 10', os.arch: 'amd64', os.version: '10.0', java.version: '17.0.6'
Driver info: org.openqa.selenium.chrome.ChromeDriver
Capabilities {acceptInsecureCerts: false, browserName: chrome, browserVersion: 112.0.5615.121, chrome: {chromedriverVersion: 112.0.5615.49 (bd2a7bcb881c..., userDataDir: C:\Program Files (x86)\scop...}, goog:chromeOptions: {debuggerAddress: localhost:64364}, javascriptEnabled: true, networkConnectionEnabled: false, pageLoadStrategy: normal, platform: WINDOWS, platformName: WINDOWS, proxy: Proxy(), setWindowRect: true, strictFileInteractability: false, timeouts: {implicit: 0, pageLoad: 300000, script: 30000}, unhandledPromptBehavior: dismiss and notify, webauthn:extension:credBlob: true, webauthn:extension:largeBlob: true, webauthn:extension:minPinLength: true, webauthn:extension:prf: true, webauthn:virtualAuthenticators: true}
Session ID: 05efa1fec10efe522b57bd28da551b99
	at java.base/jdk.internal.reflect.NativeConstructorAccessorImpl.newInstance0(Native Method)
	at java.base/jdk.internal.reflect.NativeConstructorAccessorImpl.newInstance(NativeConstructorAccessorImpl.java:77)
	at java.base/jdk.internal.reflect.DelegatingConstructorAccessorImpl.newInstance(DelegatingConstructorAccessorImpl.java:45)
	at java.base/java.lang.reflect.Constructor.newInstanceWithCaller(Constructor.java:499)
	at java.base/java.lang.reflect.Constructor.newInstance(Constructor.java:480)
	at org.openqa.selenium.remote.http.W3CHttpResponseCodec.createException(W3CHttpResponseCodec.java:187)
	at org.openqa.selenium.remote.http.W3CHttpResponseCodec.decode(W3CHttpResponseCodec.java:122)
	at org.openqa.selenium.remote.http.W3CHttpResponseCodec.decode(W3CHttpResponseCodec.java:49)
	at org.openqa.selenium.remote.HttpCommandExecutor.execute(HttpCommandExecutor.java:158)
	at org.openqa.selenium.remote.service.DriverCommandExecutor.execute(DriverCommandExecutor.java:83)
	at org.openqa.selenium.remote.RemoteWebDriver.execute(RemoteWebDriver.java:552)
	at org.openqa.selenium.remote.RemoteWebDriver.executeScript(RemoteWebDriver.java:489)
	at com.ae.qa.pagesTenantAdmin.HolidayCalenderPageTA.validateEditRenewHolidayCalender(HolidayCalenderPageTA.java:339)
	at com.ae.qa.testcasesTenantAdmin.HolidayCalenderPageTestTA.validateEditRenewHolidayCalenderTest(HolidayCalenderPageTestTA.java:96)
</failure>
    <system-out><![CDATA[The name of the testcase passed is :validateRenewHoildayCalenderTest
[DEBUG] 2023-04-18 23:38:19.200 [TestNG-test=AESanity-1] TestBase - Execution started
[INFO ] 2023-04-18 23:38:21.302 [TestNG-test=AESanity-1] TestBase - Browser started successfully
[INFO ] 2023-04-18 23:38:30.905 [TestNG-test=AESanity-1] TestBase - User is navigated to AE portal
validateEditRenewHolidayCalenderTest test case started
User logged in successfully
]]></system-out>
    <system-err><![CDATA[Starting ChromeDriver 112.0.5615.49 (bd2a7bcb881c11e8cfe3078709382934e3916914-refs/branch-heads/5615@{#936}) on port 40773
Only local connections are allowed.
Please see https://chromedriver.chromium.org/security-considerations for suggestions on keeping ChromeDriver safe.
ChromeDriver was started successfully.
Apr 18, 2023 11:38:21 PM org.openqa.selenium.remote.ProtocolHandshake createSession
INFO: Detected dialect: W3C
]]></system-err>
  </testcase>
  <testcase name="validateRemoveHoildayDatesRenewTest" classname="com.ae.qa.testcasesTenantAdmin.HolidayCalenderPageTestTA" time="51.741"/>
  <testcase name="validateDeleteHolidayCalenderTest" classname="com.ae.qa.testcasesTenantAdmin.HolidayCalenderPageTestTA" time="25.064"/>
  <testcase name="validateHolidayCalenderPageTest" classname="com.ae.qa.testcasesTenantAdmin.HolidayCalenderPageTestTA" time="15.587"/>
  <testcase name="validateDeleteScheduleTest" classname="com.ae.qa.testcasesTenantAdmin.SchedulerPageTestTA" time="22.845"/>
  <testcase name="validateReportNoneSingleWFTest" classname="com.ae.qa.testcasesTenantAdmin.DashboardsPageTestTA" time="0">
    <skipped/>
    <system-out><![CDATA[validateReportNoneSingleWFTest test case started
]]></system-out>
  </testcase>
  <testcase name="validateUploadSameSinglePluginTest" classname="com.ae.qa.testcases.PluginsPageTest" time="30.341"/>
  <testcase name="validateReportNoneSingleCategoryTest" classname="com.ae.qa.testcasesTenantAdmin.DashboardsPageTestTA" time="0">
    <skipped/>
    <system-out><![CDATA[validateReportNoneSingleCategoryTest test case started
]]></system-out>
  </testcase>
  <testcase name="validateUploadSinglePluginSameVersionTest" classname="com.ae.qa.testcases.PluginsPageTest" time="37.52"/>
  <testcase name="validateSinglePluginUploadLowerVersionTest" classname="com.ae.qa.testcases.PluginsPageTest" time="34.008"/>
  <testcase name="validateReportNoneMultipleCategoryTest" classname="com.ae.qa.testcasesTenantAdmin.DashboardsPageTestTA" time="0">
    <skipped/>
    <system-out><![CDATA[validateReportNoneMultipleCategoryTest test case started
]]></system-out>
  </testcase>
  <testcase name="validateEditDashboardRelativeDurationHourTest" classname="com.ae.qa.testcasesTenantAdmin.DashboardsPageTestTA" time="0">
    <skipped/>
    <system-out><![CDATA[validateEditDashboardRelativeDurationHourTest test case started
]]></system-out>
  </testcase>
  <testcase name="validateEditUploadDriverTest" classname="com.ae.qa.testcases.FileManagementPageTest" time="30.518"/>
  <testcase name="validateDeleteUploadDriverTest" classname="com.ae.qa.testcases.FileManagementPageTest" time="26.644"/>
  <testcase name="validateRelativeReportDurationHourTest" classname="com.ae.qa.testcasesTenantAdmin.DashboardsPageTestTA" time="0">
    <skipped/>
    <system-out><![CDATA[validateRelativeReportDurationHourTest test case started
]]></system-out>
  </testcase>
  <testcase name="validateEditDashboardRelativeDurationDayTest" classname="com.ae.qa.testcasesTenantAdmin.DashboardsPageTestTA" time="0">
    <skipped/>
    <system-out><![CDATA[validateEditDashboardRelativeDurationDayTest test case started
]]></system-out>
  </testcase>
  <testcase name="validateWFInActiveAfterSysadminRemovesPluginPermissionTest" classname="com.ae.qa.testcases.PluginAssignmentsPageTest" time="140.874"/>
  <testcase name="validateRelativeReportDurationDayTest" classname="com.ae.qa.testcasesTenantAdmin.DashboardsPageTestTA" time="0">
    <skipped/>
    <system-out><![CDATA[validateRelativeReportDurationDayTest test case started
]]></system-out>
  </testcase>
  <testcase name="validateWFFailureAfterSysadminRemovesPluginPermissionTest" classname="com.ae.qa.testcases.PluginAssignmentsPageTest" time="19.358"/>
  <testcase name="validateEditDashboardRelativeDurationMonthTest" classname="com.ae.qa.testcasesTenantAdmin.DashboardsPageTestTA" time="0">
    <skipped/>
    <system-out><![CDATA[validateEditDashboardRelativeDurationMonthTest test case started
]]></system-out>
  </testcase>
  <testcase name="validateWFActiveSuccessAfterSysadminAssignPluginPermissionTest" classname="com.ae.qa.testcases.PluginAssignmentsPageTest" time="51.244"/>
  <testcase name="validateRelativeReportDurationMonthTest" classname="com.ae.qa.testcasesTenantAdmin.DashboardsPageTestTA" time="0">
    <skipped/>
    <system-out><![CDATA[validateRelativeReportDurationMonthTest test case started
]]></system-out>
  </testcase>
  <testcase name="validateEditDashboardRelativeDurationYearTest" classname="com.ae.qa.testcasesTenantAdmin.DashboardsPageTestTA" time="0">
    <skipped/>
    <system-out><![CDATA[validateEditDashboardRelativeDurationYearTest test case started
]]></system-out>
  </testcase>
  <testcase name="validateIntegrationServiceStatusTest" classname="com.ae.qa.testcases.IntegrationServicePageTest" time="26.662"/>
  <testcase name="validateDeleteIntegrationTypeTest" classname="com.ae.qa.testcases.IntegrationTypesPageTest" time="28.773"/>
  <testcase name="validateDisableTenantTest" classname="com.ae.qa.testcases.TenantsPageTest" time="0">
    <skipped/>
    <system-out><![CDATA[validateDisableTenantTest test case started
]]></system-out>
  </testcase>
  <testcase name="validateSubmitRequestDisabledTenantTest" classname="com.ae.qa.testcases.TenantsPageTest" time="0">
    <skipped/>
    <system-out><![CDATA[validateSubmitRequestDisabledTenantTest test case started
]]></system-out>
  </testcase>
  <testcase name="validateSubmitRequestEnableTenantTest" classname="com.ae.qa.testcases.TenantsPageTest" time="0">
    <skipped/>
    <system-out><![CDATA[validateSubmitRequestEnableTenantTest test case started
]]></system-out>
  </testcase>
  <testcase name="validateDisableAllomentBasedTenantTest" classname="com.ae.qa.testcases.TenantsPageTest" time="0">
    <skipped/>
    <system-out><![CDATA[validateDisableAllomentBasedTenantTest test case started
]]></system-out>
  </testcase>
  <testcase name="validateEnableAllomentBasedTenantTest" classname="com.ae.qa.testcases.TenantsPageTest" time="0">
    <skipped/>
    <system-out><![CDATA[validateEnableAllomentBasedTenantTest test case started
]]></system-out>
  </testcase>
  <testcase name="validateDeleteSystemAdminTest" classname="com.ae.qa.testcases.SystemUsersPageTest" time="0">
    <skipped/>
    <system-out><![CDATA[validateDeleteSystemAdminTest test case started
]]></system-out>
  </testcase>
  <testcase name="validateAgentRestartTest" classname="com.ae.qa.testcasesTenantAdmin.AgentListPageTestTA" time="68.577"/>
  <testcase name="validateSubmitRequestDefaultCategoryTest" classname="com.ae.qa.testcasesTenantAdmin.CataloguePageTestTA" time="104.322"/>
  <testcase name="validateSubmitRequestCustomCategoryTest" classname="com.ae.qa.testcasesTenantAdmin.CataloguePageTestTA" time="24.079"/>
  <testcase name="validateUploadWFFileManagementTest" classname="com.ae.qa.testcasesTenantAdmin.FileManagementPageTestTA" time="29.985"/>
  <testcase name="validateEditWFFileManagementTest" classname="com.ae.qa.testcasesTenantAdmin.FileManagementPageTestTA" time="25.853"/>
  <testcase name="validateDeleteUploadWFFileManagementTest" classname="com.ae.qa.testcasesTenantAdmin.FileManagementPageTestTA" time="20.799"/>
  <testcase name="validateEditIntegrationTypesTATest" classname="com.ae.qa.testcasesTenantAdmin.IntegrationTypesPageTestTA" time="30.005"/>
  <testcase name="validateDeleteIntegrationTypeTATest" classname="com.ae.qa.testcasesTenantAdmin.IntegrationTypesPageTestTA" time="14.935"/>
  <testcase name="validateDownloadandAssignPSTest" classname="com.ae.qa.testcasesTenantAdmin.ProcessStudioPageTestTA" time="21.91">
    <failure message="element click intercepted: Element &lt;button type=&quot;button&quot; class=&quot;btn btn-primary btn-height&quot;&gt;...&lt;/button&gt; is not clickable at point (1225, 157). Other element would receive the click: &lt;div style=&quot;position: fixed; top: 0; right: 0; bottom: 0; left: 0; background: rgba(255, 255, 255, 0.4 ); z-index: 1200;&quot;&gt;...&lt;/div&gt;&#10;  (Session info: chrome=112.0.5615.121)&#10;Build info: version: &apos;3.141.59&apos;, revision: &apos;e82be7d358&apos;, time: &apos;2018-11-14T08:17:03&apos;&#10;System info: host: &apos;AEDBSERVER&apos;, ip: &apos;10.41.5.163&apos;, os.name: &apos;Windows 10&apos;, os.arch: &apos;amd64&apos;, os.version: &apos;10.0&apos;, java.version: &apos;17.0.6&apos;&#10;Driver info: org.openqa.selenium.chrome.ChromeDriver&#10;Capabilities {acceptInsecureCerts: false, browserName: chrome, browserVersion: 112.0.5615.121, chrome: {chromedriverVersion: 112.0.5615.49 (bd2a7bcb881c..., userDataDir: C:\Program Files (x86)\scop...}, goog:chromeOptions: {debuggerAddress: localhost:61963}, javascriptEnabled: true, networkConnectionEnabled: false, pageLoadStrategy: normal, platform: WINDOWS, platformName: WINDOWS, proxy: Proxy(), setWindowRect: true, strictFileInteractability: false, timeouts: {implicit: 0, pageLoad: 300000, script: 30000}, unhandledPromptBehavior: dismiss and notify, webauthn:extension:credBlob: true, webauthn:extension:largeBlob: true, webauthn:extension:minPinLength: true, webauthn:extension:prf: true, webauthn:virtualAuthenticators: true}&#10;Session ID: 3d7959e232427d4fffe573eb1d984d77" type="org.openqa.selenium.ElementClickInterceptedException"><![CDATA[org.openqa.selenium.ElementClickInterceptedException: element click intercepted: Element <button type="button" class="btn btn-primary btn-height">...</button> is not clickable at point (1225, 157). Other element would receive the click: <div style="position: fixed; top: 0; right: 0; bottom: 0; left: 0; background: rgba(255, 255, 255, 0.4 ); z-index: 1200;">...</div>
  (Session info: chrome=112.0.5615.121)
Build info: version: '3.141.59', revision: 'e82be7d358', time: '2018-11-14T08:17:03'
System info: host: 'AEDBSERVER', ip: '10.41.5.163', os.name: 'Windows 10', os.arch: 'amd64', os.version: '10.0', java.version: '17.0.6'
Driver info: org.openqa.selenium.chrome.ChromeDriver
Capabilities {acceptInsecureCerts: false, browserName: chrome, browserVersion: 112.0.5615.121, chrome: {chromedriverVersion: 112.0.5615.49 (bd2a7bcb881c..., userDataDir: C:\Program Files (x86)\scop...}, goog:chromeOptions: {debuggerAddress: localhost:61963}, javascriptEnabled: true, networkConnectionEnabled: false, pageLoadStrategy: normal, platform: WINDOWS, platformName: WINDOWS, proxy: Proxy(), setWindowRect: true, strictFileInteractability: false, timeouts: {implicit: 0, pageLoad: 300000, script: 30000}, unhandledPromptBehavior: dismiss and notify, webauthn:extension:credBlob: true, webauthn:extension:largeBlob: true, webauthn:extension:minPinLength: true, webauthn:extension:prf: true, webauthn:virtualAuthenticators: true}
Session ID: 3d7959e232427d4fffe573eb1d984d77
	at java.base/jdk.internal.reflect.NativeConstructorAccessorImpl.newInstance0(Native Method)
	at java.base/jdk.internal.reflect.NativeConstructorAccessorImpl.newInstance(NativeConstructorAccessorImpl.java:77)
	at java.base/jdk.internal.reflect.DelegatingConstructorAccessorImpl.newInstance(DelegatingConstructorAccessorImpl.java:45)
	at java.base/java.lang.reflect.Constructor.newInstanceWithCaller(Constructor.java:499)
	at java.base/java.lang.reflect.Constructor.newInstance(Constructor.java:480)
	at org.openqa.selenium.remote.http.W3CHttpResponseCodec.createException(W3CHttpResponseCodec.java:187)
	at org.openqa.selenium.remote.http.W3CHttpResponseCodec.decode(W3CHttpResponseCodec.java:122)
	at org.openqa.selenium.remote.http.W3CHttpResponseCodec.decode(W3CHttpResponseCodec.java:49)
	at org.openqa.selenium.remote.HttpCommandExecutor.execute(HttpCommandExecutor.java:158)
	at org.openqa.selenium.remote.service.DriverCommandExecutor.execute(DriverCommandExecutor.java:83)
	at org.openqa.selenium.remote.RemoteWebDriver.execute(RemoteWebDriver.java:552)
	at org.openqa.selenium.remote.RemoteWebElement.execute(RemoteWebElement.java:285)
	at org.openqa.selenium.remote.RemoteWebElement.click(RemoteWebElement.java:84)
	at jdk.internal.reflect.GeneratedMethodAccessor2.invoke(Unknown Source)
	at java.base/jdk.internal.reflect.DelegatingMethodAccessorImpl.invoke(DelegatingMethodAccessorImpl.java:43)
	at java.base/java.lang.reflect.Method.invoke(Method.java:568)
	at org.openqa.selenium.support.pagefactory.internal.LocatingElementHandler.invoke(LocatingElementHandler.java:51)
	at jdk.proxy2/jdk.proxy2.$Proxy28.click(Unknown Source)
	at com.ae.qa.pagesTenantAdmin.ProcessStudioPageTA.validateDownloadandAssignPS(ProcessStudioPageTA.java:70)
	at com.ae.qa.testcasesTenantAdmin.ProcessStudioPageTestTA.validateDownloadandAssignPSTest(ProcessStudioPageTestTA.java:25)
]]></failure>
    <system-out><![CDATA[The name of the testcase passed is :validateDeleteIntegrationTypeTATest
[DEBUG] 2023-04-18 23:57:23.668 [TestNG-test=AESanity-1] TestBase - Execution started
[INFO ] 2023-04-18 23:57:26.108 [TestNG-test=AESanity-1] TestBase - Browser started successfully
[INFO ] 2023-04-18 23:57:29.722 [TestNG-test=AESanity-1] TestBase - User is navigated to AE portal
validateDownloadandAssignPSTest test case started
User logged in successfully
Process Studio Tab is clicked
Process-studio download started
]]></system-out>
    <system-err><![CDATA[Starting ChromeDriver 112.0.5615.49 (bd2a7bcb881c11e8cfe3078709382934e3916914-refs/branch-heads/5615@{#936}) on port 8904
Only local connections are allowed.
Please see https://chromedriver.chromium.org/security-considerations for suggestions on keeping ChromeDriver safe.
ChromeDriver was started successfully.
Apr 18, 2023 11:57:26 PM org.openqa.selenium.remote.ProtocolHandshake createSession
INFO: Detected dialect: W3C
]]></system-err>
  </testcase>
  <testcase name="validateUnAssignPSTest" classname="com.ae.qa.testcasesTenantAdmin.ProcessStudioPageTestTA" time="28.1"/>
  <testcase name="validateProcessStudioPageTATest" classname="com.ae.qa.testcasesTenantAdmin.ProcessStudioPageTestTA" time="18.571"/>
  <testcase name="validateRequestFailureReasonTest" classname="com.ae.qa.testcasesTenantAdmin.RequestsPageTestTA" time="143.026"/>
  <testcase name="validateProcessStudioDownloadLinuxTest" classname="com.ae.qa.testcasesTenantAdmin.ProcessStudioPageTestTA" time="27.34"/>
  <testcase name="validateRestartRequestTest" classname="com.ae.qa.testcasesTenantAdmin.RequestsPageTestTA" time="20.002"/>
  <testcase name="validateTerminateRequestTest" classname="com.ae.qa.testcasesTenantAdmin.RequestsPageTestTA" time="119.183">
    <failure message="stale element reference: element is not attached to the page document&#10;  (Session info: chrome=112.0.5615.121)&#10;For documentation on this error, please visit: https://www.seleniumhq.org/exceptions/stale_element_reference.html&#10;Build info: version: &apos;3.141.59&apos;, revision: &apos;e82be7d358&apos;, time: &apos;2018-11-14T08:17:03&apos;&#10;System info: host: &apos;AEDBSERVER&apos;, ip: &apos;10.41.5.163&apos;, os.name: &apos;Windows 10&apos;, os.arch: &apos;amd64&apos;, os.version: &apos;10.0&apos;, java.version: &apos;17.0.6&apos;&#10;Driver info: org.openqa.selenium.chrome.ChromeDriver&#10;Capabilities {acceptInsecureCerts: false, browserName: chrome, browserVersion: 112.0.5615.121, chrome: {chromedriverVersion: 112.0.5615.49 (bd2a7bcb881c..., userDataDir: C:\Program Files (x86)\scop...}, goog:chromeOptions: {debuggerAddress: localhost:61797}, javascriptEnabled: true, networkConnectionEnabled: false, pageLoadStrategy: normal, platform: WINDOWS, platformName: WINDOWS, proxy: Proxy(), setWindowRect: true, strictFileInteractability: false, timeouts: {implicit: 0, pageLoad: 300000, script: 30000}, unhandledPromptBehavior: dismiss and notify, webauthn:extension:credBlob: true, webauthn:extension:largeBlob: true, webauthn:extension:minPinLength: true, webauthn:extension:prf: true, webauthn:virtualAuthenticators: true}&#10;Session ID: f3c8e6d1ff124bd128ac2dc78000ea6e" type="org.openqa.selenium.StaleElementReferenceException">org.openqa.selenium.StaleElementReferenceException: stale element reference: element is not attached to the page document
  (Session info: chrome=112.0.5615.121)
For documentation on this error, please visit: https://www.seleniumhq.org/exceptions/stale_element_reference.html
Build info: version: '3.141.59', revision: 'e82be7d358', time: '2018-11-14T08:17:03'
System info: host: 'AEDBSERVER', ip: '10.41.5.163', os.name: 'Windows 10', os.arch: 'amd64', os.version: '10.0', java.version: '17.0.6'
Driver info: org.openqa.selenium.chrome.ChromeDriver
Capabilities {acceptInsecureCerts: false, browserName: chrome, browserVersion: 112.0.5615.121, chrome: {chromedriverVersion: 112.0.5615.49 (bd2a7bcb881c..., userDataDir: C:\Program Files (x86)\scop...}, goog:chromeOptions: {debuggerAddress: localhost:61797}, javascriptEnabled: true, networkConnectionEnabled: false, pageLoadStrategy: normal, platform: WINDOWS, platformName: WINDOWS, proxy: Proxy(), setWindowRect: true, strictFileInteractability: false, timeouts: {implicit: 0, pageLoad: 300000, script: 30000}, unhandledPromptBehavior: dismiss and notify, webauthn:extension:credBlob: true, webauthn:extension:largeBlob: true, webauthn:extension:minPinLength: true, webauthn:extension:prf: true, webauthn:virtualAuthenticators: true}
Session ID: f3c8e6d1ff124bd128ac2dc78000ea6e
	at java.base/jdk.internal.reflect.NativeConstructorAccessorImpl.newInstance0(Native Method)
	at java.base/jdk.internal.reflect.NativeConstructorAccessorImpl.newInstance(NativeConstructorAccessorImpl.java:77)
	at java.base/jdk.internal.reflect.DelegatingConstructorAccessorImpl.newInstance(DelegatingConstructorAccessorImpl.java:45)
	at java.base/java.lang.reflect.Constructor.newInstanceWithCaller(Constructor.java:499)
	at java.base/java.lang.reflect.Constructor.newInstance(Constructor.java:480)
	at org.openqa.selenium.remote.http.W3CHttpResponseCodec.createException(W3CHttpResponseCodec.java:187)
	at org.openqa.selenium.remote.http.W3CHttpResponseCodec.decode(W3CHttpResponseCodec.java:122)
	at org.openqa.selenium.remote.http.W3CHttpResponseCodec.decode(W3CHttpResponseCodec.java:49)
	at org.openqa.selenium.remote.HttpCommandExecutor.execute(HttpCommandExecutor.java:158)
	at org.openqa.selenium.remote.service.DriverCommandExecutor.execute(DriverCommandExecutor.java:83)
	at org.openqa.selenium.remote.RemoteWebDriver.execute(RemoteWebDriver.java:552)
	at org.openqa.selenium.remote.RemoteWebElement.execute(RemoteWebElement.java:285)
	at org.openqa.selenium.remote.RemoteWebElement.getText(RemoteWebElement.java:166)
	at jdk.internal.reflect.GeneratedMethodAccessor4.invoke(Unknown Source)
	at java.base/jdk.internal.reflect.DelegatingMethodAccessorImpl.invoke(DelegatingMethodAccessorImpl.java:43)
	at java.base/java.lang.reflect.Method.invoke(Method.java:568)
	at org.openqa.selenium.support.pagefactory.internal.LocatingElementHandler.invoke(LocatingElementHandler.java:51)
	at jdk.proxy2/jdk.proxy2.$Proxy28.getText(Unknown Source)
	at com.ae.qa.pagesTenantAdmin.RequestsPageTA.validateTerminateRequest(RequestsPageTA.java:497)
	at com.ae.qa.testcasesTenantAdmin.RequestsPageTestTA.validateTerminateRequestTest(RequestsPageTestTA.java:102)
</failure>
    <system-out><![CDATA[The name of the testcase passed is :validateRestartRequestTest
[DEBUG] 2023-04-19 00:03:36.480 [TestNG-test=AESanity-1] TestBase - Execution started
[INFO ] 2023-04-19 00:03:44.196 [TestNG-test=AESanity-1] TestBase - Browser started successfully
[INFO ] 2023-04-19 00:03:48.950 [TestNG-test=AESanity-1] TestBase - User is navigated to AE portal
validateTerminateRequestTest test case started
User logged in successfully
Workflows Tab is clicked
Import button clicked
Enable RDP checkbox is unselected
Create Button is clicked
Priority is set
Expected Completion Time in Seconds is set
Maximum Completion Time in Seconds is set
Cleanup Requests older than Hours fields is set
Manual Execution Time is set
Manual Execution time unit is set
Config Parameter is clicked
Config Parameter is entered
Save button is clicked
Actual Message : Workflow updated successfully
Expected Message :Workflow updated successfully
Workflow updated
Workflow is enabled successfully
User signed out successfully
Tenant Admin signed in successfully
Agents tab is clicked
Workflow Assignment tab is clicked
Edit button is selected
Workflow is searched
Required wf is selected
Saved the operation
Assignment confirmed
Actual Wf Assignment Msg:Assignment saved successfully.
Expected Wf Assignment Msg:Assignment saved successfully.
Single workflow is successfully assigned to default agent
User signed out successfully
User logged in successfully
Catalogue Tab is clicked
Workflow whose request needs to be send is selected
Requests Tab is clicked
Request ID:- 5
]]></system-out>
    <system-err><![CDATA[Starting ChromeDriver 112.0.5615.49 (bd2a7bcb881c11e8cfe3078709382934e3916914-refs/branch-heads/5615@{#936}) on port 36518
Only local connections are allowed.
Please see https://chromedriver.chromium.org/security-considerations for suggestions on keeping ChromeDriver safe.
ChromeDriver was started successfully.
Apr 19, 2023 12:03:44 AM org.openqa.selenium.remote.ProtocolHandshake createSession
INFO: Detected dialect: W3C
]]></system-err>
  </testcase>
  <testcase name="validateEditWeeklyScheduleTest" classname="com.ae.qa.testcasesTenantAdmin.SchedulerPageTestTA" time="28.464"/>
  <testcase name="validateEditMonthlyScheduleTest" classname="com.ae.qa.testcasesTenantAdmin.SchedulerPageTestTA" time="24.644"/>
  <testcase name="validateEditInfineScheduleTest" classname="com.ae.qa.testcasesTenantAdmin.SchedulerPageTestTA" time="31.133"/>
  <testcase name="ValidateUnlockUserAccessApplicationTest" classname="com.ae.qa.testcasesTenantAdmin.TenantUsersPageTestTA" time="25.365"/>
  <testcase name="ValidateEnableUser" classname="com.ae.qa.testcasesTenantAdmin.TenantUsersPageTestTA" time="117.773">
    <failure message="Appropriate message is not loaded expected [Your account is inaccessible . Please contact your Administrator.] but found []" type="java.lang.AssertionError">java.lang.AssertionError: Appropriate message is not loaded expected [Your account is inaccessible . Please contact your Administrator.] but found []
	at org.testng.Assert.fail(Assert.java:110)
	at org.testng.Assert.failNotEquals(Assert.java:1413)
	at org.testng.Assert.assertEqualsImpl(Assert.java:149)
	at org.testng.Assert.assertEquals(Assert.java:131)
	at org.testng.Assert.assertEquals(Assert.java:655)
	at com.ae.qa.pagesTenantAdmin.TenantUsersPageTA.validateEnableUser(TenantUsersPageTA.java:545)
	at com.ae.qa.testcasesTenantAdmin.TenantUsersPageTestTA.ValidateEnableUser(TenantUsersPageTestTA.java:146)
</failure>
    <system-out><![CDATA[The name of the testcase passed is :ValidateUnlockUserAccessApplicationTest
[DEBUG] 2023-04-19 00:08:32.621 [TestNG-test=AESanity-1] TestBase - Execution started
[INFO ] 2023-04-19 00:08:34.543 [TestNG-test=AESanity-1] TestBase - Browser started successfully
[INFO ] 2023-04-19 00:08:39.747 [TestNG-test=AESanity-1] TestBase - User is navigated to AE portal
ValidateEnableUser test case started
User log in Successfully
started creating new Tenant User
Tenant User is created successfully
Actual message:User created successfully
Tenant User created successfully
User signed out successfully
Tenant Admin signed in successfully
Users tab is clicked
Tenant Users tab is clicked
Current Status:- UNVERIFIED
User signed out successfully
User changed first time password of User Successfully
Tenant User signed in successfully
User signed out successfully
Tenant Admin signed in successfully
Users tab is clicked
Tenant Users tab is clicked
Current Status:- ACTIVE
Active button is clicked
Disabled button is clicked
Current Status:- DISABLED
User signed out successfully
Actual Message on screen is:  and Expected message is: Your account is inaccessible . Please contact your Administrator.
]]></system-out>
    <system-err><![CDATA[Starting ChromeDriver 112.0.5615.49 (bd2a7bcb881c11e8cfe3078709382934e3916914-refs/branch-heads/5615@{#936}) on port 8791
Only local connections are allowed.
Please see https://chromedriver.chromium.org/security-considerations for suggestions on keeping ChromeDriver safe.
ChromeDriver was started successfully.
Apr 19, 2023 12:08:34 AM org.openqa.selenium.remote.ProtocolHandshake createSession
INFO: Detected dialect: W3C
]]></system-err>
  </testcase>
  <testcase name="ValidateDisabledUserTuserTest" classname="com.ae.qa.testcasesTenantAdmin.TenantUsersPageTestTA" time="99.082"/>
  <testcase name="validateDisabledDeleteTuserTest" classname="com.ae.qa.testcasesTenantAdmin.TenantUsersPageTestTA" time="29.35"/>
  <testcase name="validateEditTenantUserTest" classname="com.ae.qa.testcasesTenantAdmin.TenantUsersPageTestTA" time="85.903">
    <failure message="Tenant User details not edited successfully expected [User updated successfully] but found []" type="java.lang.AssertionError">java.lang.AssertionError: Tenant User details not edited successfully expected [User updated successfully] but found []
	at org.testng.Assert.fail(Assert.java:110)
	at org.testng.Assert.failNotEquals(Assert.java:1413)
	at org.testng.Assert.assertEqualsImpl(Assert.java:149)
	at org.testng.Assert.assertEquals(Assert.java:131)
	at org.testng.Assert.assertEquals(Assert.java:655)
	at com.ae.qa.pagesTenantAdmin.TenantUsersPageTA.validateEditTenantUser(TenantUsersPageTA.java:722)
	at com.ae.qa.testcasesTenantAdmin.TenantUsersPageTestTA.validateEditTenantUserTest(TenantUsersPageTestTA.java:179)
</failure>
    <system-out><![CDATA[The name of the testcase passed is :validateDisabledDeleteTuserTest
[DEBUG] 2023-04-19 00:13:00.267 [TestNG-test=AESanity-1] TestBase - Execution started
[INFO ] 2023-04-19 00:13:02.528 [TestNG-test=AESanity-1] TestBase - Browser started successfully
[INFO ] 2023-04-19 00:13:05.666 [TestNG-test=AESanity-1] TestBase - User is navigated to AE portal
validateEditTenantUserTest test case started
User log in Successfully
started creating new Workflow Admin
Workflow Admin is created successfully
Actual message:User created successfully
Workflow Admin created successfully
User signed out successfully
User changed first time password of User Successfully
Current Tenant Role is Workflow Admin
User signed out successfully
User log in Successfully
Users Tab is Clicked
TenantUsers Tab is Clicked
Edit Button is clicked
Email Id is edited successfully
New Role is edited successfully
Current New Role After Edit:- Tenant User
Save Button is clicked
Actual Edit Username Msg:- 
Expected Edit Username Msg:- User updated successfully
]]></system-out>
    <system-err><![CDATA[Starting ChromeDriver 112.0.5615.49 (bd2a7bcb881c11e8cfe3078709382934e3916914-refs/branch-heads/5615@{#936}) on port 8339
Only local connections are allowed.
Please see https://chromedriver.chromium.org/security-considerations for suggestions on keeping ChromeDriver safe.
ChromeDriver was started successfully.
Apr 19, 2023 12:13:02 AM org.openqa.selenium.remote.ProtocolHandshake createSession
INFO: Detected dialect: W3C
]]></system-err>
  </testcase>
  <testcase name="validateCreateActivityMonitorSpaceInUsernameTest" classname="com.ae.qa.testcasesTenantAdmin.TenantUsersPageTestTA" time="72.952"/>
  <testcase name="validateCreateAgentAdminApostropheLastnameTest" classname="com.ae.qa.testcasesTenantAdmin.TenantUsersPageTestTA" time="72.161"/>
  <testcase name="validateCreateUserAdminEmailidUsernameTest" classname="com.ae.qa.testcasesTenantAdmin.TenantUsersPageTestTA" time="72.353"/>
  <testcase name="validateEditWFtoSequentialTest" classname="com.ae.qa.testcasesTenantAdmin.WorkflowListPageTestTA" time="68.454">
    <failure message="Cannot locate element with text: &#10;For documentation on this error, please visit: https://www.seleniumhq.org/exceptions/no_such_element.html&#10;Build info: version: &apos;3.141.59&apos;, revision: &apos;e82be7d358&apos;, time: &apos;2018-11-14T08:17:03&apos;&#10;System info: host: &apos;AEDBSERVER&apos;, ip: &apos;10.41.5.163&apos;, os.name: &apos;Windows 10&apos;, os.arch: &apos;amd64&apos;, os.version: &apos;10.0&apos;, java.version: &apos;17.0.6&apos;&#10;Driver info: driver.version: unknown" type="org.openqa.selenium.NoSuchElementException">org.openqa.selenium.NoSuchElementException: Cannot locate element with text: 
For documentation on this error, please visit: https://www.seleniumhq.org/exceptions/no_such_element.html
Build info: version: '3.141.59', revision: 'e82be7d358', time: '2018-11-14T08:17:03'
System info: host: 'AEDBSERVER', ip: '10.41.5.163', os.name: 'Windows 10', os.arch: 'amd64', os.version: '10.0', java.version: '17.0.6'
Driver info: driver.version: unknown
	at org.openqa.selenium.support.ui.Select.selectByVisibleText(Select.java:147)
	at com.ae.qa.util.CommonWebElements.changePageSize(CommonWebElements.java:65)
	at com.ae.qa.pagesTenantAdmin.WorkflowListPageTA.validateEditWFtoSequential(WorkflowListPageTA.java:1260)
	at com.ae.qa.testcasesTenantAdmin.WorkflowListPageTestTA.validateEditWFtoSequentialTest(WorkflowListPageTestTA.java:264)
</failure>
    <system-out><![CDATA[The name of the testcase passed is :validateCreateUserAdminEmailidUsernameTest
[DEBUG] 2023-04-19 00:18:36.124 [TestNG-test=AESanity-1] TestBase - Execution started
[INFO ] 2023-04-19 00:18:38.319 [TestNG-test=AESanity-1] TestBase - Browser started successfully
[INFO ] 2023-04-19 00:18:41.671 [TestNG-test=AESanity-1] TestBase - User is navigated to AE portal
validateEditWFtoSequentialTest test case started
User logged in successfully
Workflows Tab is clicked
]]></system-out>
    <system-err><![CDATA[Starting ChromeDriver 112.0.5615.49 (bd2a7bcb881c11e8cfe3078709382934e3916914-refs/branch-heads/5615@{#936}) on port 27034
Only local connections are allowed.
Please see https://chromedriver.chromium.org/security-considerations for suggestions on keeping ChromeDriver safe.
ChromeDriver was started successfully.
Apr 19, 2023 12:18:38 AM org.openqa.selenium.remote.ProtocolHandshake createSession
INFO: Detected dialect: W3C
]]></system-err>
  </testcase>
  <testcase name="ValidateRemoveWFFromCategoryTest" classname="com.ae.qa.testcasesTenantAdmin.CategoriesPageTestTA" time="33.93"/>
  <testcase name="validateDeleteAgentTest" classname="com.ae.qa.testcasesTenantAdmin.AgentListPageTestTA" time="62.016"/>
  <testcase name="validateassignAssistedAgentToUser" classname="com.ae.qa.testcasesTenantAdmin.AgentListPageTestTA" time="27.25"/>
  <testcase name="validateDownloadAssistedAgentTest" classname="com.ae.qa.testcasesTenantAdmin.AgentListPageTestTA" time="128.89">
    <failure type="java.lang.NullPointerException:"><![CDATA[java.lang.NullPointerException: null
	at java.base/java.io.File.<init>(File.java:278)
	at com.ae.qa.pagesTenantAdmin.AgentListPageTA.downloadAssistedAgent(AgentListPageTA.java:310)
	at com.ae.qa.testcasesTenantAdmin.AgentListPageTestTA.validateDownloadAssistedAgentTest(AgentListPageTestTA.java:83)
]]></failure>
    <system-out><![CDATA[The name of the testcase passed is :validateassignAssistedAgentToUser
[DEBUG] 2023-04-19 00:22:18.070 [TestNG-test=AESanity-1] TestBase - Execution started
[INFO ] 2023-04-19 00:22:20.186 [TestNG-test=AESanity-1] TestBase - Browser started successfully
[INFO ] 2023-04-19 00:22:24.372 [TestNG-test=AESanity-1] TestBase - User is navigated to AE portal
validateDownloadAssistedAgentTest test case started
User LogIn Succesfully
User navigated to Agents Tab
User navigated to workflow assignment Tab
When Agent is not registered and user try to assign workflow to agent then get error message as: No agent registered
Now User needs to download agent first
User navigated to Agent List Tab
User navigated to Assisted Agent Tab
Assisted Agent download started
File unzipped properly
]]></system-out>
    <system-err><![CDATA[Starting ChromeDriver 112.0.5615.49 (bd2a7bcb881c11e8cfe3078709382934e3916914-refs/branch-heads/5615@{#936}) on port 38375
Only local connections are allowed.
Please see https://chromedriver.chromium.org/security-considerations for suggestions on keeping ChromeDriver safe.
ChromeDriver was started successfully.
Apr 19, 2023 12:22:20 AM org.openqa.selenium.remote.ProtocolHandshake createSession
INFO: Detected dialect: W3C
]]></system-err>
  </testcase>
  <testcase name="validatecheckStatusOfAssistedAgent" classname="com.ae.qa.testcasesTenantAdmin.AgentListPageTestTA" time="35.209">
    <failure message="stale element reference: element is not attached to the page document&#10;  (Session info: chrome=112.0.5615.121)&#10;For documentation on this error, please visit: https://www.seleniumhq.org/exceptions/stale_element_reference.html&#10;Build info: version: &apos;3.141.59&apos;, revision: &apos;e82be7d358&apos;, time: &apos;2018-11-14T08:17:03&apos;&#10;System info: host: &apos;AEDBSERVER&apos;, ip: &apos;10.41.5.163&apos;, os.name: &apos;Windows 10&apos;, os.arch: &apos;amd64&apos;, os.version: &apos;10.0&apos;, java.version: &apos;17.0.6&apos;&#10;Driver info: org.openqa.selenium.chrome.ChromeDriver&#10;Capabilities {acceptInsecureCerts: false, browserName: chrome, browserVersion: 112.0.5615.121, chrome: {chromedriverVersion: 112.0.5615.49 (bd2a7bcb881c..., userDataDir: C:\Program Files (x86)\scop...}, goog:chromeOptions: {debuggerAddress: localhost:57152}, javascriptEnabled: true, networkConnectionEnabled: false, pageLoadStrategy: normal, platform: WINDOWS, platformName: WINDOWS, proxy: Proxy(), setWindowRect: true, strictFileInteractability: false, timeouts: {implicit: 0, pageLoad: 300000, script: 30000}, unhandledPromptBehavior: dismiss and notify, webauthn:extension:credBlob: true, webauthn:extension:largeBlob: true, webauthn:extension:minPinLength: true, webauthn:extension:prf: true, webauthn:virtualAuthenticators: true}&#10;Session ID: 4aa1b79fd32f1ebd7d389ffc8f3eb820" type="org.openqa.selenium.StaleElementReferenceException">org.openqa.selenium.StaleElementReferenceException: stale element reference: element is not attached to the page document
  (Session info: chrome=112.0.5615.121)
For documentation on this error, please visit: https://www.seleniumhq.org/exceptions/stale_element_reference.html
Build info: version: '3.141.59', revision: 'e82be7d358', time: '2018-11-14T08:17:03'
System info: host: 'AEDBSERVER', ip: '10.41.5.163', os.name: 'Windows 10', os.arch: 'amd64', os.version: '10.0', java.version: '17.0.6'
Driver info: org.openqa.selenium.chrome.ChromeDriver
Capabilities {acceptInsecureCerts: false, browserName: chrome, browserVersion: 112.0.5615.121, chrome: {chromedriverVersion: 112.0.5615.49 (bd2a7bcb881c..., userDataDir: C:\Program Files (x86)\scop...}, goog:chromeOptions: {debuggerAddress: localhost:57152}, javascriptEnabled: true, networkConnectionEnabled: false, pageLoadStrategy: normal, platform: WINDOWS, platformName: WINDOWS, proxy: Proxy(), setWindowRect: true, strictFileInteractability: false, timeouts: {implicit: 0, pageLoad: 300000, script: 30000}, unhandledPromptBehavior: dismiss and notify, webauthn:extension:credBlob: true, webauthn:extension:largeBlob: true, webauthn:extension:minPinLength: true, webauthn:extension:prf: true, webauthn:virtualAuthenticators: true}
Session ID: 4aa1b79fd32f1ebd7d389ffc8f3eb820
	at java.base/jdk.internal.reflect.NativeConstructorAccessorImpl.newInstance0(Native Method)
	at java.base/jdk.internal.reflect.NativeConstructorAccessorImpl.newInstance(NativeConstructorAccessorImpl.java:77)
	at java.base/jdk.internal.reflect.DelegatingConstructorAccessorImpl.newInstance(DelegatingConstructorAccessorImpl.java:45)
	at java.base/java.lang.reflect.Constructor.newInstanceWithCaller(Constructor.java:499)
	at java.base/java.lang.reflect.Constructor.newInstance(Constructor.java:480)
	at org.openqa.selenium.remote.http.W3CHttpResponseCodec.createException(W3CHttpResponseCodec.java:187)
	at org.openqa.selenium.remote.http.W3CHttpResponseCodec.decode(W3CHttpResponseCodec.java:122)
	at org.openqa.selenium.remote.http.W3CHttpResponseCodec.decode(W3CHttpResponseCodec.java:49)
	at org.openqa.selenium.remote.HttpCommandExecutor.execute(HttpCommandExecutor.java:158)
	at org.openqa.selenium.remote.service.DriverCommandExecutor.execute(DriverCommandExecutor.java:83)
	at org.openqa.selenium.remote.RemoteWebDriver.execute(RemoteWebDriver.java:552)
	at org.openqa.selenium.remote.RemoteWebElement.execute(RemoteWebElement.java:285)
	at org.openqa.selenium.remote.RemoteWebElement.getText(RemoteWebElement.java:166)
	at jdk.internal.reflect.GeneratedMethodAccessor4.invoke(Unknown Source)
	at java.base/jdk.internal.reflect.DelegatingMethodAccessorImpl.invoke(DelegatingMethodAccessorImpl.java:43)
	at java.base/java.lang.reflect.Method.invoke(Method.java:568)
	at org.openqa.selenium.support.pagefactory.internal.LocatingElementHandler.invoke(LocatingElementHandler.java:51)
	at jdk.proxy2/jdk.proxy2.$Proxy28.getText(Unknown Source)
	at com.ae.qa.pagesTenantAdmin.AgentListPageTA.checkStatusOfAssistedAgent(AgentListPageTA.java:331)
	at com.ae.qa.testcasesTenantAdmin.AgentListPageTestTA.validatecheckStatusOfAssistedAgent(AgentListPageTestTA.java:92)
</failure>
    <system-out><![CDATA[The name of the testcase failed is :validateDownloadAssistedAgentTest
[DEBUG] 2023-04-19 00:24:39.004 [TestNG-test=AESanity-1] TestBase - Execution started
[INFO ] 2023-04-19 00:24:41.697 [TestNG-test=AESanity-1] TestBase - Browser started successfully
[INFO ] 2023-04-19 00:24:46.102 [TestNG-test=AESanity-1] TestBase - User is navigated to AE portal
validatecheckStatusOfAssistedAgent test case started
User LogIn Succesfully
User navigated to Agents Tab
User navigated to Assisted Agents Tab
]]></system-out>
    <system-err><![CDATA[Starting ChromeDriver 112.0.5615.49 (bd2a7bcb881c11e8cfe3078709382934e3916914-refs/branch-heads/5615@{#936}) on port 11528
Only local connections are allowed.
Please see https://chromedriver.chromium.org/security-considerations for suggestions on keeping ChromeDriver safe.
ChromeDriver was started successfully.
Apr 19, 2023 12:24:41 AM org.openqa.selenium.remote.ProtocolHandshake createSession
INFO: Detected dialect: W3C
]]></system-err>
  </testcase>
  <testcase name="validateunassignAssistedAgentToUser" classname="com.ae.qa.testcasesTenantAdmin.AgentListPageTestTA" time="82.309"/>
  <testcase name="ValidateEditAssistedAgentName" classname="com.ae.qa.testcasesTenantAdmin.AgentListPageTestTA" time="28.193"/>
  <testcase name="validateImportWFAssistedAgent" classname="com.ae.qa.testcasesTenantAdmin.WorkflowListPageTestTA" time="72.013">
    <failure message="Cannot locate an element using id=popup-button-ok&#10;For documentation on this error, please visit: https://www.seleniumhq.org/exceptions/no_such_element.html&#10;Build info: version: &apos;3.141.59&apos;, revision: &apos;e82be7d358&apos;, time: &apos;2018-11-14T08:17:03&apos;&#10;System info: host: &apos;AEDBSERVER&apos;, ip: &apos;10.41.5.163&apos;, os.name: &apos;Windows 10&apos;, os.arch: &apos;amd64&apos;, os.version: &apos;10.0&apos;, java.version: &apos;17.0.6&apos;&#10;Driver info: driver.version: RemoteWebDriver" type="org.openqa.selenium.NoSuchElementException">org.openqa.selenium.NoSuchElementException: Cannot locate an element using id=popup-button-ok
For documentation on this error, please visit: https://www.seleniumhq.org/exceptions/no_such_element.html
Build info: version: '3.141.59', revision: 'e82be7d358', time: '2018-11-14T08:17:03'
System info: host: 'AEDBSERVER', ip: '10.41.5.163', os.name: 'Windows 10', os.arch: 'amd64', os.version: '10.0', java.version: '17.0.6'
Driver info: driver.version: RemoteWebDriver
	at org.openqa.selenium.remote.RemoteWebDriver.findElement(RemoteWebDriver.java:327)
	at org.openqa.selenium.remote.RemoteWebDriver.findElementById(RemoteWebDriver.java:372)
	at org.openqa.selenium.By$ById.findElement(By.java:188)
	at org.openqa.selenium.remote.RemoteWebDriver.findElement(RemoteWebDriver.java:315)
	at org.openqa.selenium.support.pagefactory.DefaultElementLocator.findElement(DefaultElementLocator.java:69)
	at org.openqa.selenium.support.pagefactory.internal.LocatingElementHandler.invoke(LocatingElementHandler.java:38)
	at jdk.proxy2/jdk.proxy2.$Proxy28.click(Unknown Source)
	at com.ae.qa.pagesTenantAdmin.CataloguePageTA.validateSubmitRequest(CataloguePageTA.java:95)
	at com.ae.qa.pagesTenantAdmin.WorkflowListPageTA.validateImportWFAssistedAgent(WorkflowListPageTA.java:788)
	at com.ae.qa.testcasesTenantAdmin.WorkflowListPageTestTA.validateImportWFAssistedAgent(WorkflowListPageTestTA.java:168)
</failure>
    <system-out><![CDATA[The name of the testcase passed is :ValidateEditAssistedAgentName
[DEBUG] 2023-04-19 00:27:40.339 [TestNG-test=AESanity-1] TestBase - Execution started
[INFO ] 2023-04-19 00:27:42.426 [TestNG-test=AESanity-1] TestBase - Browser started successfully
[INFO ] 2023-04-19 00:27:45.979 [TestNG-test=AESanity-1] TestBase - User is navigated to AE portal
validateImportWFAssistedAgent test case started
User logged in successfully
Workflows Tab is clicked
Import button clicked
assisted Workflow is selected
assisted Workflow is unselected
Enable RDP checkbox is unselected
Create Button is clicked
Priority is set
Expected Completion Time in Seconds is set
Maximum Completion Time in Seconds is set
Cleanup Requests older than Hours fields is set
Manual Execution Time is set
Manual Execution time unit is set
Save button is clicked
Actual Message : Workflow updated successfully
Expected Message :Workflow updated successfully
Workflow updated
Workflow is enabled successfully
User signed out successfully
User logged in successfully
Catalogue Tab is clicked
Workflow whose request needs to be send is selected
]]></system-out>
    <system-err><![CDATA[Starting ChromeDriver 112.0.5615.49 (bd2a7bcb881c11e8cfe3078709382934e3916914-refs/branch-heads/5615@{#936}) on port 25078
Only local connections are allowed.
Please see https://chromedriver.chromium.org/security-considerations for suggestions on keeping ChromeDriver safe.
ChromeDriver was started successfully.
Apr 19, 2023 12:27:42 AM org.openqa.selenium.remote.ProtocolHandshake createSession
INFO: Detected dialect: W3C
]]></system-err>
  </testcase>
  <testcase name="getResult" classname="com.ae.qa.testcasesTenantAdmin.WorkflowListPageTestTA" time="72.023">
    <failure message="no such window: target window already closed&#10;from unknown error: web view not found&#10;  (Session info: chrome=112.0.5615.121)&#10;Build info: version: &apos;3.141.59&apos;, revision: &apos;e82be7d358&apos;, time: &apos;2018-11-14T08:17:03&apos;&#10;System info: host: &apos;AEDBSERVER&apos;, ip: &apos;10.41.5.163&apos;, os.name: &apos;Windows 10&apos;, os.arch: &apos;amd64&apos;, os.version: &apos;10.0&apos;, java.version: &apos;17.0.6&apos;&#10;Driver info: org.openqa.selenium.chrome.ChromeDriver&#10;Capabilities {acceptInsecureCerts: false, browserName: chrome, browserVersion: 112.0.5615.121, chrome: {chromedriverVersion: 112.0.5615.49 (bd2a7bcb881c..., userDataDir: C:\Program Files (x86)\scop...}, goog:chromeOptions: {debuggerAddress: localhost:57847}, javascriptEnabled: true, networkConnectionEnabled: false, pageLoadStrategy: normal, platform: WINDOWS, platformName: WINDOWS, proxy: Proxy(), setWindowRect: true, strictFileInteractability: false, timeouts: {implicit: 0, pageLoad: 300000, script: 30000}, unhandledPromptBehavior: dismiss and notify, webauthn:extension:credBlob: true, webauthn:extension:largeBlob: true, webauthn:extension:minPinLength: true, webauthn:extension:prf: true, webauthn:virtualAuthenticators: true}&#10;Session ID: 62350e6ac7cc42b739c35ef58f096dcf" type="org.openqa.selenium.NoSuchWindowException">org.openqa.selenium.NoSuchWindowException: no such window: target window already closed
from unknown error: web view not found
  (Session info: chrome=112.0.5615.121)
Build info: version: '3.141.59', revision: 'e82be7d358', time: '2018-11-14T08:17:03'
System info: host: 'AEDBSERVER', ip: '10.41.5.163', os.name: 'Windows 10', os.arch: 'amd64', os.version: '10.0', java.version: '17.0.6'
Driver info: org.openqa.selenium.chrome.ChromeDriver
Capabilities {acceptInsecureCerts: false, browserName: chrome, browserVersion: 112.0.5615.121, chrome: {chromedriverVersion: 112.0.5615.49 (bd2a7bcb881c..., userDataDir: C:\Program Files (x86)\scop...}, goog:chromeOptions: {debuggerAddress: localhost:57847}, javascriptEnabled: true, networkConnectionEnabled: false, pageLoadStrategy: normal, platform: WINDOWS, platformName: WINDOWS, proxy: Proxy(), setWindowRect: true, strictFileInteractability: false, timeouts: {implicit: 0, pageLoad: 300000, script: 30000}, unhandledPromptBehavior: dismiss and notify, webauthn:extension:credBlob: true, webauthn:extension:largeBlob: true, webauthn:extension:minPinLength: true, webauthn:extension:prf: true, webauthn:virtualAuthenticators: true}
Session ID: 62350e6ac7cc42b739c35ef58f096dcf
	at java.base/jdk.internal.reflect.NativeConstructorAccessorImpl.newInstance0(Native Method)
	at java.base/jdk.internal.reflect.NativeConstructorAccessorImpl.newInstance(NativeConstructorAccessorImpl.java:77)
	at java.base/jdk.internal.reflect.DelegatingConstructorAccessorImpl.newInstance(DelegatingConstructorAccessorImpl.java:45)
	at java.base/java.lang.reflect.Constructor.newInstanceWithCaller(Constructor.java:499)
	at java.base/java.lang.reflect.Constructor.newInstance(Constructor.java:480)
	at org.openqa.selenium.remote.http.W3CHttpResponseCodec.createException(W3CHttpResponseCodec.java:187)
	at org.openqa.selenium.remote.http.W3CHttpResponseCodec.decode(W3CHttpResponseCodec.java:122)
	at org.openqa.selenium.remote.http.W3CHttpResponseCodec.decode(W3CHttpResponseCodec.java:49)
	at org.openqa.selenium.remote.HttpCommandExecutor.execute(HttpCommandExecutor.java:158)
	at org.openqa.selenium.remote.service.DriverCommandExecutor.execute(DriverCommandExecutor.java:83)
	at org.openqa.selenium.remote.RemoteWebDriver.execute(RemoteWebDriver.java:552)
	at org.openqa.selenium.remote.RemoteWebDriver.execute(RemoteWebDriver.java:609)
	at org.openqa.selenium.remote.RemoteWebDriver.getScreenshotAs(RemoteWebDriver.java:295)
	at com.ae.qa.base.TestBase.getScreenShot(TestBase.java:114)
	at com.ae.qa.base.TestBase.getResult(TestBase.java:204)
	at jdk.internal.reflect.GeneratedMethodAccessor6.invoke(Unknown Source)
	at java.base/jdk.internal.reflect.DelegatingMethodAccessorImpl.invoke(DelegatingMethodAccessorImpl.java:43)
	at java.base/java.lang.reflect.Method.invoke(Method.java:568)
	at org.testng.internal.invokers.MethodInvocationHelper.invokeMethod(MethodInvocationHelper.java:139)
	at org.testng.internal.invokers.MethodInvocationHelper.invokeMethodConsideringTimeout(MethodInvocationHelper.java:69)
	at org.testng.internal.invokers.ConfigInvoker.invokeConfigurationMethod(ConfigInvoker.java:361)
	at org.testng.internal.invokers.ConfigInvoker.invokeConfigurations(ConfigInvoker.java:296)
	at org.testng.internal.invokers.TestInvoker.runConfigMethods(TestInvoker.java:816)
	at org.testng.internal.invokers.TestInvoker.runAfterConfigurations(TestInvoker.java:785)
	at org.testng.internal.invokers.TestInvoker.invokeMethod(TestInvoker.java:761)
	at org.testng.internal.invokers.TestInvoker.invokeTestMethod(TestInvoker.java:221)
	at org.testng.internal.invokers.MethodRunner.runInSequence(MethodRunner.java:50)
	at org.testng.internal.invokers.TestInvoker$MethodInvocationAgent.invoke(TestInvoker.java:962)
	at org.testng.internal.invokers.TestInvoker.invokeTestMethods(TestInvoker.java:194)
	at org.testng.internal.invokers.TestMethodWorker.invokeTestMethods(TestMethodWorker.java:148)
	at org.testng.internal.invokers.TestMethodWorker.run(TestMethodWorker.java:128)
	at java.base/java.util.concurrent.ThreadPoolExecutor.runWorker(ThreadPoolExecutor.java:1136)
	at java.base/java.util.concurrent.ThreadPoolExecutor$Worker.run(ThreadPoolExecutor.java:635)
	at java.base/java.lang.Thread.run(Thread.java:833)
</failure>
    <system-out><![CDATA[The name of the testcase failed is :validateImportWFAssistedAgent
]]></system-out>
  </testcase>
  <testcase name="validateAssistedAgentLogsTest" classname="com.ae.qa.testcasesTenantAdmin.AgentLogsPageTestTA" time="65.41"/>
  <testcase name="ValidateDeletePSTest" classname="com.ae.qa.testcases.ArtifactsPageTest" time="23.839"/>
  <testcase name="ValidateDeleteCategoryTest" classname="com.ae.qa.testcasesTenantAdmin.CategoriesPageTestTA" time="33.857"/>
  <testcase name="validateDeleteSmtpServerTATest" classname="com.ae.qa.testcasesTenantAdmin.SmtpPageTestTA" time="16.388"/>
</testsuite>