<?xml version="1.0" encoding="UTF-8"?>
<!-- Generated by org.testng.reporters.JUnitReportReporter -->
<testsuite hostname="aedbserver" failures="0" tests="5" name="com.ae.qa.testcasesTenantAdmin.SchedulerPageTestTA" time="193.490" errors="1" timestamp="2023-04-24T18:48:02 IST" skipped="0">
  <testcase classname="com.ae.qa.testcasesTenantAdmin.SchedulerPageTestTA" name="validateAdvSearchForScheduleNameEqualToSchedulerPageTATest" time="43.511"/>
  <system-out>
    <![CDATA[User log in Successfully
Advanced Search is clicked
Schedule Name is selected
equal to comparator is selected
Add filter button is clicked successfully
Search button is clicked
Below validation is to validate new tenant record is visible in webtable]]>
  </system-out>
  <testcase classname="com.ae.qa.testcasesTenantAdmin.SchedulerPageTestTA" name="validateAdvSearchForScheduleNameNotEqualToSchedulerPageTATest" time="43.968"/>
  <system-out>
    <![CDATA[User log in Successfully
Advanced Search is clicked
Schedule Name is selected
not equal to comparator is selected
Add filter button is clicked successfully
Search button is clicked
Below validation is to validate new tenant record is visible in webtable]]>
  </system-out>
  <testcase classname="com.ae.qa.testcasesTenantAdmin.SchedulerPageTestTA" name="validateAdvSearchForScheduleNameIsLikeSchedulerPageTATest" time="51.985"/>
  <system-out>
    <![CDATA[User log in Successfully
Advanced Search is clicked
Schedule Name is selected
is like comparator is selected
Add filter button is clicked successfully
Search button is clicked
Below validation is to validate new tenant record is visible in webtable]]>
  </system-out>
  <testcase classname="com.ae.qa.testcasesTenantAdmin.SchedulerPageTestTA" name="validateAdvSearchForScheduleNameBeginsWithSchedulerPageTATest" time="16.056">
    <error message="Test data cannot find . . ." type="java.lang.Exception">
      <![CDATA[java.lang.Exception: Test data cannot find . . .
at com.ae.qa.util.ExcelHandler.getTestDataInMap(ExcelHandler.java:54)
at com.ae.qa.testcasesTenantAdmin.SchedulerPageTestTA.validateAdvSearchForScheduleNameBeginsWithSchedulerPageTATest(SchedulerPageTestTA.java:177)
at java.base/jdk.internal.reflect.NativeMethodAccessorImpl.invoke0(Native Method)
at java.base/jdk.internal.reflect.NativeMethodAccessorImpl.invoke(NativeMethodAccessorImpl.java:77)
at java.base/jdk.internal.reflect.DelegatingMethodAccessorImpl.invoke(DelegatingMethodAccessorImpl.java:43)
at java.base/java.lang.reflect.Method.invoke(Method.java:568)
at org.testng.internal.invokers.MethodInvocationHelper.invokeMethod(MethodInvocationHelper.java:139)
at org.testng.internal.invokers.TestInvoker.invokeMethod(TestInvoker.java:677)
at org.testng.internal.invokers.TestInvoker.invokeTestMethod(TestInvoker.java:221)
at org.testng.internal.invokers.MethodRunner.runInSequence(MethodRunner.java:50)
at org.testng.internal.invokers.TestInvoker$MethodInvocationAgent.invoke(TestInvoker.java:962)
at org.testng.internal.invokers.TestInvoker.invokeTestMethods(TestInvoker.java:194)
at org.testng.internal.invokers.TestMethodWorker.invokeTestMethods(TestMethodWorker.java:148)
at org.testng.internal.invokers.TestMethodWorker.run(TestMethodWorker.java:128)
at java.base/java.util.ArrayList.forEach(ArrayList.java:1511)
at org.testng.TestRunner.privateRun(TestRunner.java:806)
at org.testng.TestRunner.run(TestRunner.java:601)
at org.testng.SuiteRunner.runTest(SuiteRunner.java:433)
at org.testng.SuiteRunner.runSequentially(SuiteRunner.java:427)
at org.testng.SuiteRunner.privateRun(SuiteRunner.java:387)
at org.testng.SuiteRunner.run(SuiteRunner.java:330)
at org.testng.SuiteRunnerWorker.runSuite(SuiteRunnerWorker.java:52)
at org.testng.SuiteRunnerWorker.run(SuiteRunnerWorker.java:95)
at org.testng.TestNG.runSuitesSequentially(TestNG.java:1256)
at org.testng.TestNG.runSuitesLocally(TestNG.java:1176)
at org.testng.TestNG.runSuites(TestNG.java:1099)
at org.testng.TestNG.run(TestNG.java:1067)
at org.testng.remote.AbstractRemoteTestNG.run(AbstractRemoteTestNG.java:115)
at org.testng.remote.RemoteTestNG.initAndRun(RemoteTestNG.java:251)
at org.testng.remote.RemoteTestNG.main(RemoteTestNG.java:77)
]]>
    </error>
  </testcase> <!-- validateAdvSearchForScheduleNameBeginsWithSchedulerPageTATest -->
  <system-out/>
  <testcase classname="com.ae.qa.testcasesTenantAdmin.SchedulerPageTestTA" name="validateAdvSearchForScheduleNameEndsWithSchedulerPageTATest" time="37.970"/>
  <system-out>
    <![CDATA[User log in Successfully
Advanced Search is clicked
Schedule Name is selected
ends with comparator is selected
Add filter button is clicked successfully
Search button is clicked
Below validation is to validate new tenant record is visible in webtable]]>
  </system-out>
</testsuite> <!-- com.ae.qa.testcasesTenantAdmin.SchedulerPageTestTA -->
