<?xml version="1.0" encoding="UTF-8"?>
<!-- Generated by org.testng.reporters.JUnitReportReporter -->
<testsuite hostname="aedbserver" failures="0" tests="1" name="com.ae.qa.testcasesActivityMonitor.AgentListPageTestAM" time="22.395" errors="0" timestamp="2023-04-17T12:26:22 IST" skipped="0">
  <testcase classname="com.ae.qa.testcasesActivityMonitor.AgentListPageTestAM" name="validateAgentDetailsAMTest" time="22.395"/>
  <system-out>
    <![CDATA[User log in Successfully
User navigated to Agents Tab
Agent details is verified successfully.
User signed out successfully]]>
  </system-out>
</testsuite> <!-- com.ae.qa.testcasesActivityMonitor.AgentListPageTestAM -->
