<?xml version="1.0" encoding="UTF-8"?>
<!-- Generated by org.testng.reporters.JUnitReportReporter -->
<testsuite hostname="aedbserver" failures="0" tests="2" name="com.ae.qa.testcasesWorkflowAdmin.SchedulerPageTestWA" time="152.171" errors="0" timestamp="2023-04-17T19:53:22 IST" skipped="0">
  <testcase classname="com.ae.qa.testcasesWorkflowAdmin.SchedulerPageTestWA" name="validateEditScheduleCreateTATest" time="124.754"/>
  <system-out>
    <![CDATA[User logged in successfully
Workflows Tab is clicked
Scheduler tab clicked
Add new Button clicked
Schedule form details started
Schedule submitted
Actual Success Msg:Schedule created successfully
Expected Success Msg:Schedule created successfully
Daily Schedule created successfully
User signed out successfully
User logged in successfully
Workflows Tab is clicked
Scheduler tab clicked
End date changed
Repeat Every checkbox is selected
Repeat time is selcted
End Time is selected
Submit button clicked
Actual Success Msg:Schedule Edited successfully
Expected Success Msg:Schedule Edited successfully
Schedule edited successfully
User signed out successfully]]>
  </system-out>
  <testcase classname="com.ae.qa.testcasesWorkflowAdmin.SchedulerPageTestWA" name="validateInactiveScheduleCreateTATest" time="27.417"/>
  <system-out>
    <![CDATA[User logged in successfully
Workflows Tab is clicked
Scheduler tab clicked
Status Slider bar is clicked
Schedule created by Tenant admin is made Inactive successfully
User signed out successfully]]>
  </system-out>
</testsuite> <!-- com.ae.qa.testcasesWorkflowAdmin.SchedulerPageTestWA -->
