<?xml version="1.0" encoding="UTF-8"?>
<!-- Generated by org.testng.reporters.JUnitReportReporter -->
<testsuite hostname="aedbserver" failures="0" tests="2" name="com.ae.qa.testcasesTenantAdmin.HolidayCalenderPageTestTA" time="98.891" errors="0" timestamp="2023-04-24T09:59:40 IST" skipped="0">
  <testcase classname="com.ae.qa.testcasesTenantAdmin.HolidayCalenderPageTestTA" name="validateTimeZoneDropdownEqualToHolidayPageTATest" time="48.750"/>
  <system-out>
    <![CDATA[User log in Successfully
Advanced Search is clicked
Time Zone is selected
equal to comparator is selected
Asia/Calcutta value to be searched
Add filter button is clicked successfully
Search button is clicked
Below validation is to validate new Time Zone record is visible in webtable]]>
  </system-out>
  <testcase classname="com.ae.qa.testcasesTenantAdmin.HolidayCalenderPageTestTA" name="validateTimeZoneDropdownNotEqualToHolidayPageTATest" time="50.141"/>
  <system-out>
    <![CDATA[User log in Successfully
Advanced Search is clicked
Time Zone is selected
not equal to comparator is selected
Asia/Dubai value to be searched
Add filter button is clicked successfully
Search button is clicked
Below validation is to validate new TimeZone record is visible in webtable]]>
  </system-out>
</testsuite> <!-- com.ae.qa.testcasesTenantAdmin.HolidayCalenderPageTestTA -->
