<?xml version="1.0" encoding="UTF-8"?>
<!-- Generated by org.testng.reporters.JUnitReportReporter -->
<testsuite hostname="aedbserver" failures="0" tests="11" name="com.ae.qa.testcasesTenantAdmin.HolidayCalenderPageTestTA" time="514.797" errors="0" timestamp="2023-04-14T17:25:29 IST" skipped="0">
  <testcase classname="com.ae.qa.testcasesTenantAdmin.HolidayCalenderPageTestTA" name="validateCreateHolidayCalenderTest" time="55.274"/>
  <system-out>
    <![CDATA[User logged in successfully
Holiday Calender Tab is clicked
User signed out successfully]]>
  </system-out>
  <testcase classname="com.ae.qa.testcasesTenantAdmin.HolidayCalenderPageTestTA" name="validateCreateHolidayCalenderUpcomingYearTest" time="52.219"/>
  <system-out>
    <![CDATA[User logged in successfully
Holiday Calender Tab is clicked
User signed out successfully]]>
  </system-out>
  <testcase classname="com.ae.qa.testcasesTenantAdmin.HolidayCalenderPageTestTA" name="validateEditHolidayCalenderTest" time="42.592"/>
  <system-out>
    <![CDATA[User logged in successfully
Holiday Calender Tab is clicked
User signed out successfully]]>
  </system-out>
  <testcase classname="com.ae.qa.testcasesTenantAdmin.HolidayCalenderPageTestTA" name="validateRemoveHolidayListDatesTest" time="57.928"/>
  <system-out>
    <![CDATA[User logged in successfully
Holiday Calender Tab is clicked
User signed out successfully]]>
  </system-out>
  <testcase classname="com.ae.qa.testcasesTenantAdmin.HolidayCalenderPageTestTA" name="validateCreateCloneHolidayCalenderTest" time="53.268"/>
  <system-out>
    <![CDATA[User logged in successfully
Holiday Calender Tab is clicked
User signed out successfully]]>
  </system-out>
  <testcase classname="com.ae.qa.testcasesTenantAdmin.HolidayCalenderPageTestTA" name="validateEditCloneHolidayCalenderTest" time="39.109"/>
  <system-out>
    <![CDATA[User logged in successfully
Holiday Calender Tab is clicked
User signed out successfully]]>
  </system-out>
  <testcase classname="com.ae.qa.testcasesTenantAdmin.HolidayCalenderPageTestTA" name="validateRenewHoildayCalenderTest" time="58.991"/>
  <system-out>
    <![CDATA[User logged in successfully
Holiday Calender Tab is clicked
User signed out successfully]]>
  </system-out>
  <testcase classname="com.ae.qa.testcasesTenantAdmin.HolidayCalenderPageTestTA" name="validateEditRenewHolidayCalenderTest" time="40.375"/>
  <system-out>
    <![CDATA[User logged in successfully
Holiday Calender Tab is clicked
User signed out successfully]]>
  </system-out>
  <testcase classname="com.ae.qa.testcasesTenantAdmin.HolidayCalenderPageTestTA" name="validateRemoveHoildayDatesRenewTest" time="53.939"/>
  <system-out>
    <![CDATA[User logged in successfully
Holiday Calender Tab is clicked
User signed out successfully]]>
  </system-out>
  <testcase classname="com.ae.qa.testcasesTenantAdmin.HolidayCalenderPageTestTA" name="validateDeleteHolidayCalenderTest" time="35.677"/>
  <system-out>
    <![CDATA[User logged in successfully
Holiday Calender Tab is clicked
User signed out successfully]]>
  </system-out>
  <testcase classname="com.ae.qa.testcasesTenantAdmin.HolidayCalenderPageTestTA" name="validateHolidayCalenderPageTest" time="25.425"/>
  <system-out>
    <![CDATA[User logged in successfully
Actual page title displayed on screen is: Holiday Calendar and Expected page title is: Holiday Calendar
Respective Page is clicked and appropriate page is loaded properly
User signed out successfully]]>
  </system-out>
</testsuite> <!-- com.ae.qa.testcasesTenantAdmin.HolidayCalenderPageTestTA -->
