<?xml version="1.0" encoding="UTF-8"?>
<!-- Generated by org.testng.reporters.JUnitReportReporter -->
<testsuite hostname="aedbserver" failures="0" tests="5" name="com.ae.qa.testcases.TenantsPageTest" time="364.548" errors="0" timestamp="2023-04-23T18:33:21 IST" skipped="0">
  <testcase classname="com.ae.qa.testcases.TenantsPageTest" name="validateCreatedEqualToTenantPageTest" time="73.531"/>
  <system-out>
    <![CDATA[Advanced Search is clicked
Created is selected
exact date comparator is selected
Add filter button is clicked successfully
Search button is clicked
User is getting correct records for created on date with equal to criteria
User is getting correct records for created on date with equal to criteria
User is getting correct records for created on date with equal to criteria
User is getting correct records for created on date with equal to criteria
User is getting correct records for created on date with equal to criteria
User is getting correct records for created on date with equal to criteria
User is getting correct records for created on date with equal to criteria
User is getting correct records for created on date with equal to criteria
User is getting correct records for created on date with equal to criteria]]>
  </system-out>
  <testcase classname="com.ae.qa.testcases.TenantsPageTest" name="validateCreatedBeforeTenantPageTest" time="69.288"/>
  <system-out>
    <![CDATA[Advanced Search is clicked
Created is selected
before comparator is selected
Add filter button is clicked successfully
Search button is clicked
User is getting correct records for created on date with before criteria
User is getting correct records for created on date with before criteria
User is getting correct records for created on date with before criteria
User is getting correct records for created on date with before criteria
User is getting correct records for created on date with before criteria
User is getting correct records for created on date with before criteria
User is getting correct records for created on date with before criteria
User is getting correct records for created on date with before criteria
User is getting correct records for created on date with before criteria]]>
  </system-out>
  <testcase classname="com.ae.qa.testcases.TenantsPageTest" name="validateCreatedAfterTenantPageTest" time="70.156"/>
  <system-out>
    <![CDATA[Advanced Search is clicked
Created is selected
after comparator is selected
Add filter button is clicked successfully
Search button is clicked
User is getting correct records for created on date with after criteria
User is getting correct records for created on date with after criteria
User is getting correct records for created on date with after criteria
User is getting correct records for created on date with after criteria
User is getting correct records for created on date with after criteria
User is getting correct records for created on date with after criteria
User is getting correct records for created on date with after criteria
User is getting correct records for created on date with after criteria
User is getting correct records for created on date with after criteria]]>
  </system-out>
  <testcase classname="com.ae.qa.testcases.TenantsPageTest" name="validateCreatedInBetweenTenantPageTest" time="75.959"/>
  <system-out>
    <![CDATA[Advanced Search is clicked
Created is selected
in between comparator is selected
Add filter button is clicked successfully
Search button is clicked
User is getting correct records for created on date with after criteria
User is getting correct records for created on date with after criteria
User is getting correct records for created on date with after criteria
User is getting correct records for created on date with after criteria
User is getting correct records for created on date with after criteria
User is getting correct records for created on date with after criteria
User is getting correct records for created on date with after criteria
User is getting correct records for created on date with after criteria
User is getting correct records for created on date with after criteria]]>
  </system-out>
  <testcase classname="com.ae.qa.testcases.TenantsPageTest" name="validateCreatedNotInBetweenTenantPageTest" time="75.614"/>
  <system-out>
    <![CDATA[Advanced Search is clicked
Created is selected
not in between comparator is selected
Add filter button is clicked successfully
Search button is clicked
User is getting correct records for created on date with after criteria
User is getting correct records for created on date with after criteria
User is getting correct records for created on date with after criteria
User is getting correct records for created on date with after criteria
User is getting correct records for created on date with after criteria
User is getting correct records for created on date with after criteria
User is getting correct records for created on date with after criteria
User is getting correct records for created on date with after criteria
User is getting correct records for created on date with after criteria]]>
  </system-out>
</testsuite> <!-- com.ae.qa.testcases.TenantsPageTest -->
