<?xml version="1.0" encoding="UTF-8"?>
<!-- Generated by org.testng.reporters.JUnitReportReporter -->
<testsuite hostname="aedbserver" failures="0" tests="3" name="com.ae.qa.testcases.PluginAssignmentsPageTest" time="234.278" errors="0" timestamp="2023-04-17T12:50:21 IST" skipped="0">
  <testcase classname="com.ae.qa.testcases.PluginAssignmentsPageTest" name="validateWFInActiveAfterSysadminRemovesPluginPermissionTest" time="150.200"/>
  <system-out>
    <![CDATA[User log in Successfully
Plugins Tab is selected
New Plugin button clicked
Single Plugin Jar started uploading
Single plugin jar uploaded successfully
User logged in successfully
Workflows Tab is clicked
Import button clicked
Is Assisted Workflow checkbox is unselected
Create Button is clicked
Priority is set
Expected Completion Time in Seconds is set
Maximum Completion Time in Seconds is set
Cleanup Requests older than Hours fields is set
Manual Execution Time is set
Manual Execution time unit is set
Save button is clicked
Workflow updated
Workflow is enabled successfully
User log in Successfully
Plugin Tab is Selected
Plugin Assignment tab is Selected
Save Button is Clicked
User logged in successfully
Workflows Tab is clicked
HexColor of WF Slider:-#ced4da]]>
  </system-out>
  <testcase classname="com.ae.qa.testcases.PluginAssignmentsPageTest" name="validateWFFailureAfterSysadminRemovesPluginPermissionTest" time="27.195"/>
  <system-out>
    <![CDATA[User logged in successfully
Workflows Tab is clicked
Plugin permission is removed so workflow cannot be made inactive]]>
  </system-out>
  <testcase classname="com.ae.qa.testcases.PluginAssignmentsPageTest" name="validateWFActiveSuccessAfterSysadminAssignPluginPermissionTest" time="56.883"/>
  <system-out>
    <![CDATA[User log in Successfully
Plugin Tab is Selected
Plugin Assignment tab is Selected
Save Button is Clicked
User logged in successfully
Workflows Tab is clicked
HexColor of WF Slider:-#4492d6]]>
  </system-out>
</testsuite> <!-- com.ae.qa.testcases.PluginAssignmentsPageTest -->
