<?xml version="1.0" encoding="UTF-8"?>
<!-- Generated by org.testng.reporters.JUnitReportReporter -->
<testsuite hostname="aedbserver" failures="0" tests="2" name="com.ae.qa.testcases.SecurityQuestionsPageTest" time="87.199" errors="0" timestamp="2023-04-13T16:49:04 IST" skipped="0">
  <testcase classname="com.ae.qa.testcases.SecurityQuestionsPageTest" name="validateUpdatingSecQuesWithWrongPswdTest" time="46.088"/>
  <system-out>
    <![CDATA[User log in Successfully
Security questions can not be updated due to wrong password]]>
  </system-out>
  <testcase classname="com.ae.qa.testcases.SecurityQuestionsPageTest" name="validateUpdatingSecurityQuesTest" time="41.111"/>
  <system-out>
    <![CDATA[User log in Successfully
Security questions updated successfully]]>
  </system-out>
</testsuite> <!-- com.ae.qa.testcases.SecurityQuestionsPageTest -->
