<?xml version="1.0" encoding="UTF-8"?>
<!-- Generated by org.testng.reporters.JUnitReportReporter -->
<testsuite hostname="aedbserver" failures="0" tests="1" name="com.ae.qa.testcases.PurgeSchedulePageTest" time="49.660" errors="0" timestamp="2023-04-22T11:11:10 IST" skipped="0">
  <testcase classname="com.ae.qa.testcases.PurgeSchedulePageTest" name="validatePurgingScheduleWeekendTest" time="49.660"/>
  <system-out>
    <![CDATA[User log in Successfully
Schedule created for day of week]]>
  </system-out>
</testsuite> <!-- com.ae.qa.testcases.PurgeSchedulePageTest -->
