<?xml version="1.0" encoding="UTF-8"?>
<!-- Generated by org.testng.reporters.JUnitReportReporter -->
<testsuite hostname="aedbserver" failures="0" tests="2" name="com.ae.qa.testcasesWorkflowAdmin.WorkflowListPageTestWA" time="88.101" errors="0" timestamp="2023-04-17T20:07:36 IST" skipped="0">
  <testcase classname="com.ae.qa.testcasesWorkflowAdmin.WorkflowListPageTestWA" name="validateExportWFVerifiedWATest" time="51.241"/>
  <system-out>
    <![CDATA[User LogIn Succesfully
workflowList  tab clicked
Clicked the Dropdown button
Clicked the Export option from dropdown
Clicked the Workflows dropdown 
Clicked on search bar
Multiple Workflow are exported successfully
User signed out successfully]]>
  </system-out>
  <testcase classname="com.ae.qa.testcasesWorkflowAdmin.WorkflowListPageTestWA" name="validateEditWFWATest" time="36.860"/>
  <system-out>
    <![CDATA[User LogIn Succesfully
workflowList  tab clicked
Edit button is clicked
Priority is set
Cleanup Requests older than Hours fields is set
Save button is clicked
Workflow updated
User signed out successfully]]>
  </system-out>
</testsuite> <!-- com.ae.qa.testcasesWorkflowAdmin.WorkflowListPageTestWA -->
