<?xml version="1.0" encoding="UTF-8"?>
<!-- Generated by org.testng.reporters.JUnitReportReporter -->
<testsuite hostname="aedbserver" failures="0" tests="1" name="com.ae.qa.testcasesTenantAdmin.ProcessStudioPageTestTA" time="32.095" errors="0" timestamp="2023-04-21T10:18:26 IST" skipped="0">
  <testcase classname="com.ae.qa.testcasesTenantAdmin.ProcessStudioPageTestTA" name="validateUnAssignPSTest" time="32.095"/>
  <system-out>
    <![CDATA[User logged in successfully
Process Studio Tab is clicked
Save button is clicked]]>
  </system-out>
</testsuite> <!-- com.ae.qa.testcasesTenantAdmin.ProcessStudioPageTestTA -->
