<?xml version="1.0" encoding="UTF-8"?>
<!-- Generated by org.testng.reporters.JUnitReportReporter -->
<testsuite hostname="aedbserver" failures="0" tests="4" name="com.ae.qa.testcasesTenantAdmin.AuditLogsPageTestTA" time="407.522" errors="0" timestamp="2023-04-24T02:21:53 IST" skipped="0">
  <testcase classname="com.ae.qa.testcasesTenantAdmin.AuditLogsPageTestTA" name="validateStatusDropdownEqualToAuditLogsPageTATest" time="137.741"/>
  <system-out>
    <![CDATA[User log in Successfully
Advanced Search is clicked
Status is selected
equal to comparator is selected
Success value to be searched
Add filter button is clicked successfully
Search button is clicked
Below validation is to validate new tenant record is visible in webtable]]>
  </system-out>
  <testcase classname="com.ae.qa.testcasesTenantAdmin.AuditLogsPageTestTA" name="validateStatusDropdownNotEqualToAuditLogsPageTATest" time="93.012"/>
  <system-out>
    <![CDATA[User log in Successfully
Advanced Search is clicked
Status is selected
not equal to comparator is selected
Success value to be searched
Add filter button is clicked successfully
Search button is clicked
Below validation is to validate new tenant record is visible in webtable]]>
  </system-out>
  <testcase classname="com.ae.qa.testcasesTenantAdmin.AuditLogsPageTestTA" name="validateLogLevelDropdownEqualToAuditLogsPageTATest" time="138.010"/>
  <system-out>
    <![CDATA[User log in Successfully
Advanced Search is clicked
Log Level is selected
equal to comparator is selected
INFO value to be searched
Add filter button is clicked successfully
Search button is clicked
Below validation is to validate new tenant record is visible in webtable]]>
  </system-out>
  <testcase classname="com.ae.qa.testcasesTenantAdmin.AuditLogsPageTestTA" name="validateLogLevelDropdownNotEqualToAuditLogsPageTATest" time="38.759"/>
  <system-out>
    <![CDATA[User log in Successfully
Advanced Search is clicked
Log Level is selected
not equal to comparator is selected
INFO value to be searched
Add filter button is clicked successfully
Search button is clicked
Below validation is to validate new tenant record is visible in webtable]]>
  </system-out>
</testsuite> <!-- com.ae.qa.testcasesTenantAdmin.AuditLogsPageTestTA -->
