<?xml version="1.0" encoding="UTF-8"?>
<!-- Generated by org.testng.reporters.JUnitReportReporter -->
<testsuite hostname="aedbserver" failures="0" tests="1" name="com.ae.qa.testcases.ArtifactsPageTest" time="54.904" errors="0" timestamp="2023-04-13T11:14:29 IST" skipped="0">
  <testcase classname="com.ae.qa.testcases.ArtifactsPageTest" name="ValidateUpdatePSTest" time="54.904"/>
  <system-out>
    <![CDATA[Edit button is clicked
Upload PS button clicked
 Actual message after updating artifact: Artifact updated successfully
Artifact updated successfully]]>
  </system-out>
</testsuite> <!-- com.ae.qa.testcases.ArtifactsPageTest -->
