<?xml version="1.0" encoding="UTF-8"?>
<!-- Generated by org.testng.reporters.JUnitReportReporter -->
<testsuite hostname="aedbserver" failures="0" tests="1" name="com.ae.qa.testcases.SystemSettingsPageTest" time="39.324" errors="0" timestamp="2023-04-13T12:42:08 IST" skipped="0">
  <testcase classname="com.ae.qa.testcases.SystemSettingsPageTest" name="validateInvalidURLTest" time="39.324"/>
  <system-out>
    <![CDATA[User logged in successfully
Settings tab clicked
configure button is clicked
Started configuring server url
Verify button is clicked]]>
  </system-out>
</testsuite> <!-- com.ae.qa.testcases.SystemSettingsPageTest -->
