<?xml version="1.0" encoding="UTF-8"?>
<!-- Generated by org.testng.reporters.JUnitReportReporter -->
<testsuite hostname="aedbserver" failures="0" tests="2" name="com.ae.qa.testcases.TenantUsersPageTest" time="148.553" errors="0" timestamp="2023-04-24T01:29:40 IST" skipped="0">
  <testcase classname="com.ae.qa.testcases.TenantUsersPageTest" name="validateStateDropdownEqualToTenantusersPageTest" time="97.730"/>
  <system-out>
    <![CDATA[User log in Successfully
Advanced Search is clicked
State is selected
equal to comparator is selected
ACTIVE value to be searched
Add filter button is clicked successfully
Search button is clicked
Below validation is to validate new tenant record is visible in webtable]]>
  </system-out>
  <testcase classname="com.ae.qa.testcases.TenantUsersPageTest" name="validateStateDropdownNotEqualToTenantusersPageTest" time="50.823"/>
  <system-out>
    <![CDATA[User log in Successfully
Advanced Search is clicked
State is selected
not equal to comparator is selected
ACTIVE value to be searched
Add filter button is clicked successfully
Search button is clicked
Below validation is to validate new tenant record is visible in webtable]]>
  </system-out>
</testsuite> <!-- com.ae.qa.testcases.TenantUsersPageTest -->
