<?xml version="1.0" encoding="UTF-8"?>
<!-- Generated by org.testng.reporters.JUnitReportReporter -->
<testsuite hostname="aedbserver" failures="0" tests="5" name="com.ae.qa.testcasesActivityMonitor.RequestsPageTestAM" time="173.650" errors="0" timestamp="2023-04-17T12:33:53 IST" skipped="0">
  <testcase classname="com.ae.qa.testcasesActivityMonitor.RequestsPageTestAM" name="validateCheckColumnInRequestAMTest" time="29.689"/>
  <system-out>
    <![CDATA[User logged in successfully
Requests Tab is clicked
All Column got displayed in records after Checking select All checkbox.
User signed out successfully]]>
  </system-out>
  <testcase classname="com.ae.qa.testcasesActivityMonitor.RequestsPageTestAM" name="validateUncheckColumnInRequestAMTest" time="26.120"/>
  <system-out>
    <![CDATA[User logged in successfully
Requests Tab is clicked
Select All Checkbox is not already selected, Hence selected twice to deselect it.
Selected count of No. of colums 3
Total No of columns in table: 3
Field of Columns: Id
Field of Columns: Workflow Name
Field of Columns: Status
Column Value found
All Options got deselected except Id,Workflow Name,Status.
User signed out successfully]]>
  </system-out>
  <testcase classname="com.ae.qa.testcasesActivityMonitor.RequestsPageTestAM" name="validateSpecificColumnInRequestAMTest" time="33.340"/>
  <system-out>
    <![CDATA[User logged in successfully
Requests Tab is clicked
Select All Checkbox is not already selected, Hence selected twice to deselect it.
Field of Columns: Id
Field of Columns: Workflow Name
Field of Columns: Priority
Field of Columns: Status
Field of Columns: Completed
Column Value found
All columns selected found in table.
User signed out successfully]]>
  </system-out>
  <testcase classname="com.ae.qa.testcasesActivityMonitor.RequestsPageTestAM" name="validateDownloadRequestAMTest" time="35.175"/>
  <system-out>
    <![CDATA[User logged in successfully
Requests Tab is clicked
Download button is clicked & request download started
User signed out successfully]]>
  </system-out>
  <testcase classname="com.ae.qa.testcasesActivityMonitor.RequestsPageTestAM" name="validateRequestStatusAMTest" time="49.326"/>
  <system-out>
    <![CDATA[User logged in successfully
Requests Tab is clicked
Additional status details is clicked
Message after execution of wf:Message : Execution Successful
Workflow status is:Complete
User signed out successfully]]>
  </system-out>
</testsuite> <!-- com.ae.qa.testcasesActivityMonitor.RequestsPageTestAM -->
