<?xml version="1.0" encoding="UTF-8"?>
<!-- Generated by org.testng.reporters.JUnitReportReporter -->
<testsuite hostname="aedbserver" failures="0" tests="1" name="com.ae.qa.testcasesTenantUser.SchedulerPageTestTU" time="76.510" errors="0" timestamp="2023-04-17T17:26:45 IST" skipped="0">
  <testcase classname="com.ae.qa.testcasesTenantUser.SchedulerPageTestTU" name="validateDailyScheduleTUTest" time="76.510"/>
  <system-out>
    <![CDATA[User logged in successfully
Workflows Tab is clicked
Scheduler tab clicked
Add new Button clicked
Schedule form details started
Schedule submitted
Actual Success Msg:Schedule created successfully
Expected Success Msg:Schedule created successfully
Daily Schedule created successfully
User signed out successfully]]>
  </system-out>
</testsuite> <!-- com.ae.qa.testcasesTenantUser.SchedulerPageTestTU -->
