<?xml version="1.0" encoding="UTF-8"?>
<!-- Generated by org.testng.reporters.JUnitReportReporter -->
<testsuite hostname="aedbserver" failures="0" tests="2" name="com.ae.qa.testcasesAgentAdmin.AgentListPageTestAA" time="111.884" errors="0" timestamp="2023-04-17T13:46:13 IST" skipped="0">
  <testcase classname="com.ae.qa.testcasesAgentAdmin.AgentListPageTestAA" name="validateStopAgentAATest" time="73.861"/>
  <system-out>
    <![CDATA[User LogIn Succesfully
User navigated to Agents Tab
Current status of Assisted Agent is: Running
Assisted Agent is in running mode
Stop Button is Clicked
Confirm Stop Button is Clicked
Current status of Assisted Agent is: Running
Current status of Assisted Agent is: Running
Current status of Assisted Agent is: Stopped
Agent is in Stopped mode
Agent is stopped successfully
User signed out successfully]]>
  </system-out>
  <testcase classname="com.ae.qa.testcasesAgentAdmin.AgentListPageTestAA" name="validateDeleteAgentAATest" time="38.023"/>
  <system-out>
    <![CDATA[User LogIn Succesfully
User navigated to Agents Tab
Current status of Agent is: Stopped
Agent is in Stopped mode
Delete Button is Clicked
Confirm Delete Button is Clicked
Agent is deleted successfully
User signed out successfully]]>
  </system-out>
</testsuite> <!-- com.ae.qa.testcasesAgentAdmin.AgentListPageTestAA -->
