<?xml version="1.0" encoding="UTF-8"?>
<!-- Generated by org.testng.reporters.JUnitReportReporter -->
<testsuite hostname="aedbserver" failures="0" tests="15" name="com.ae.qa.testcasesTenantAdmin.PluginsPageTestTA" time="1452.524" errors="0" timestamp="2023-04-24T10:49:03 IST" skipped="0">
  <testcase classname="com.ae.qa.testcasesTenantAdmin.PluginsPageTestTA" name="validateAdvSearchForPluginNameEqualToPluginsPageTATest" time="42.473"/>
  <system-out>
    <![CDATA[User log in Successfully
Advanced Search is clicked
Plugin Name is selected
equal to comparator is selected
Add filter button is clicked successfully
Search button is clicked
Below validation is to validate new tenant record is visible in webtable]]>
  </system-out>
  <testcase classname="com.ae.qa.testcasesTenantAdmin.PluginsPageTestTA" name="validateAdvSearchForPluginNameNotEqualToPluginsPageTATest" time="133.006"/>
  <system-out>
    <![CDATA[User log in Successfully
Advanced Search is clicked
Plugin Name is selected
not equal to comparator is selected
Add filter button is clicked successfully
Search button is clicked
Below validation is to validate new tenant record is visible in webtable]]>
  </system-out>
  <testcase classname="com.ae.qa.testcasesTenantAdmin.PluginsPageTestTA" name="validateAdvSearchForPluginNameIsLikePluginsPageTATest" time="49.216"/>
  <system-out>
    <![CDATA[User log in Successfully
Advanced Search is clicked
Plugin Name is selected
is like comparator is selected
Add filter button is clicked successfully
Search button is clicked
Below validation is to validate new tenant record is visible in webtable]]>
  </system-out>
  <testcase classname="com.ae.qa.testcasesTenantAdmin.PluginsPageTestTA" name="validateAdvSearchForPluginNameBeginsWithPluginsPageTATest" time="47.502"/>
  <system-out>
    <![CDATA[User log in Successfully
Advanced Search is clicked
Plugin Name is selected
begins with comparator is selected
Add filter button is clicked successfully
Search button is clicked
Below validation is to validate new tenant record is visible in webtable]]>
  </system-out>
  <testcase classname="com.ae.qa.testcasesTenantAdmin.PluginsPageTestTA" name="validateAdvSearchForPluginNameEndsWithPluginsPageTATest" time="43.030"/>
  <system-out>
    <![CDATA[User log in Successfully
Advanced Search is clicked
Plugin Name is selected
ends with comparator is selected
Add filter button is clicked successfully
Search button is clicked
Below validation is to validate new tenant record is visible in webtable]]>
  </system-out>
  <testcase classname="com.ae.qa.testcasesTenantAdmin.PluginsPageTestTA" name="validateCreatedEqualToPluginsPageTATest" time="99.642"/>
  <system-out>
    <![CDATA[Advanced Search is clicked
Created is selected
exact date comparator is selected
Add filter button is clicked successfully
Search button is clicked
User is getting correct records for created on date with equal to criteria
User is getting correct records for created on date with equal to criteria
User is getting correct records for created on date with equal to criteria
User is getting correct records for created on date with equal to criteria
User is getting correct records for created on date with equal to criteria
User is getting correct records for created on date with equal to criteria
User is getting correct records for created on date with equal to criteria
User is getting correct records for created on date with equal to criteria
User is getting correct records for created on date with equal to criteria
User is getting correct records for created on date with equal to criteria
User is getting correct records for created on date with equal to criteria
User is getting correct records for created on date with equal to criteria
User is getting correct records for created on date with equal to criteria
User is getting correct records for created on date with equal to criteria
User is getting correct records for created on date with equal to criteria
User is getting correct records for created on date with equal to criteria
User is getting correct records for created on date with equal to criteria
User is getting correct records for created on date with equal to criteria
User is getting correct records for created on date with equal to criteria
User is getting correct records for created on date with equal to criteria]]>
  </system-out>
  <testcase classname="com.ae.qa.testcasesTenantAdmin.PluginsPageTestTA" name="validateCreatedBeforePluginsPageTATest" time="114.891"/>
  <system-out>
    <![CDATA[Advanced Search is clicked
Created is selected
before comparator is selected
Add filter button is clicked successfully
Search button is clicked
User is getting correct records for created on date with before criteria
User is getting correct records for created on date with before criteria
User is getting correct records for created on date with before criteria
User is getting correct records for created on date with before criteria
User is getting correct records for created on date with before criteria
User is getting correct records for created on date with before criteria
User is getting correct records for created on date with before criteria
User is getting correct records for created on date with before criteria
User is getting correct records for created on date with before criteria
User is getting correct records for created on date with before criteria
User is getting correct records for created on date with before criteria
User is getting correct records for created on date with before criteria
User is getting correct records for created on date with before criteria
User is getting correct records for created on date with before criteria
User is getting correct records for created on date with before criteria
User is getting correct records for created on date with before criteria
User is getting correct records for created on date with before criteria
User is getting correct records for created on date with before criteria
User is getting correct records for created on date with before criteria
User is getting correct records for created on date with before criteria]]>
  </system-out>
  <testcase classname="com.ae.qa.testcasesTenantAdmin.PluginsPageTestTA" name="validateCreatedAfterPluginsPageTATest" time="100.692"/>
  <system-out>
    <![CDATA[Advanced Search is clicked
Created is selected
after comparator is selected
Add filter button is clicked successfully
Search button is clicked
User is getting correct records for created on date with after criteria
User is getting correct records for created on date with after criteria
User is getting correct records for created on date with after criteria
User is getting correct records for created on date with after criteria
User is getting correct records for created on date with after criteria
User is getting correct records for created on date with after criteria
User is getting correct records for created on date with after criteria
User is getting correct records for created on date with after criteria
User is getting correct records for created on date with after criteria
User is getting correct records for created on date with after criteria
User is getting correct records for created on date with after criteria
User is getting correct records for created on date with after criteria
User is getting correct records for created on date with after criteria
User is getting correct records for created on date with after criteria
User is getting correct records for created on date with after criteria
User is getting correct records for created on date with after criteria
User is getting correct records for created on date with after criteria
User is getting correct records for created on date with after criteria
User is getting correct records for created on date with after criteria
User is getting correct records for created on date with after criteria]]>
  </system-out>
  <testcase classname="com.ae.qa.testcasesTenantAdmin.PluginsPageTestTA" name="validateCreatedInBetweenPluginsPageTATest" time="108.392"/>
  <system-out>
    <![CDATA[Advanced Search is clicked
Created is selected
in between comparator is selected
Add filter button is clicked successfully
Search button is clicked
User is getting correct records for created on date with after criteria
User is getting correct records for created on date with after criteria
User is getting correct records for created on date with after criteria
User is getting correct records for created on date with after criteria
User is getting correct records for created on date with after criteria
User is getting correct records for created on date with after criteria
User is getting correct records for created on date with after criteria
User is getting correct records for created on date with after criteria
User is getting correct records for created on date with after criteria
User is getting correct records for created on date with after criteria
User is getting correct records for created on date with after criteria
User is getting correct records for created on date with after criteria
User is getting correct records for created on date with after criteria
User is getting correct records for created on date with after criteria
User is getting correct records for created on date with after criteria
User is getting correct records for created on date with after criteria
User is getting correct records for created on date with after criteria
User is getting correct records for created on date with after criteria
User is getting correct records for created on date with after criteria
User is getting correct records for created on date with after criteria]]>
  </system-out>
  <testcase classname="com.ae.qa.testcasesTenantAdmin.PluginsPageTestTA" name="validateCreatedNotInBetweenPluginsPageTATest" time="194.510"/>
  <system-out>
    <![CDATA[Advanced Search is clicked
Created is selected
not in between comparator is selected
Add filter button is clicked successfully
Search button is clicked
User is getting correct records for created on date with after criteria
User is getting correct records for created on date with after criteria
User is getting correct records for created on date with after criteria
User is getting correct records for created on date with after criteria
User is getting correct records for created on date with after criteria
User is getting correct records for created on date with after criteria
User is getting correct records for created on date with after criteria
User is getting correct records for created on date with after criteria
User is getting correct records for created on date with after criteria
User is getting correct records for created on date with after criteria
User is getting correct records for created on date with after criteria
User is getting correct records for created on date with after criteria
User is getting correct records for created on date with after criteria
User is getting correct records for created on date with after criteria
User is getting correct records for created on date with after criteria
User is getting correct records for created on date with after criteria
User is getting correct records for created on date with after criteria
User is getting correct records for created on date with after criteria
User is getting correct records for created on date with after criteria
User is getting correct records for created on date with after criteria
User is getting correct records for created on date with after criteria
User is getting correct records for created on date with after criteria
User is getting correct records for created on date with after criteria
User is getting correct records for created on date with after criteria
User is getting correct records for created on date with after criteria
User is getting correct records for created on date with after criteria
User is getting correct records for created on date with after criteria
User is getting correct records for created on date with after criteria
User is getting correct records for created on date with after criteria
User is getting correct records for created on date with after criteria
User is getting correct records for created on date with after criteria
User is getting correct records for created on date with after criteria
User is getting correct records for created on date with after criteria
User is getting correct records for created on date with after criteria
User is getting correct records for created on date with after criteria
User is getting correct records for created on date with after criteria
User is getting correct records for created on date with after criteria
User is getting correct records for created on date with after criteria
User is getting correct records for created on date with after criteria
User is getting correct records for created on date with after criteria
User is getting correct records for created on date with after criteria
User is getting correct records for created on date with after criteria
User is getting correct records for created on date with after criteria
User is getting correct records for created on date with after criteria
User is getting correct records for created on date with after criteria
User is getting correct records for created on date with after criteria
User is getting correct records for created on date with after criteria
User is getting correct records for created on date with after criteria
User is getting correct records for created on date with after criteria
User is getting correct records for created on date with after criteria]]>
  </system-out>
  <testcase classname="com.ae.qa.testcasesTenantAdmin.PluginsPageTestTA" name="validateLastModifiedCreatedEqualToPluginsPageTATest" time="103.348"/>
  <system-out>
    <![CDATA[Advanced Search is clicked
Last Modified is selected
exact date comparator is selected
Add filter button is clicked successfully
Search button is clicked
User is getting correct records for created on date with equal to criteria
User is getting correct records for created on date with equal to criteria
User is getting correct records for created on date with equal to criteria
User is getting correct records for created on date with equal to criteria
User is getting correct records for created on date with equal to criteria
User is getting correct records for created on date with equal to criteria
User is getting correct records for created on date with equal to criteria
User is getting correct records for created on date with equal to criteria
User is getting correct records for created on date with equal to criteria
User is getting correct records for created on date with equal to criteria
User is getting correct records for created on date with equal to criteria
User is getting correct records for created on date with equal to criteria
User is getting correct records for created on date with equal to criteria
User is getting correct records for created on date with equal to criteria
User is getting correct records for created on date with equal to criteria
User is getting correct records for created on date with equal to criteria
User is getting correct records for created on date with equal to criteria
User is getting correct records for created on date with equal to criteria
User is getting correct records for created on date with equal to criteria
User is getting correct records for created on date with equal to criteria]]>
  </system-out>
  <testcase classname="com.ae.qa.testcasesTenantAdmin.PluginsPageTestTA" name="validateLastModifiedCreatedBeforePluginsPageTATest" time="100.912"/>
  <system-out>
    <![CDATA[Advanced Search is clicked
Last Modified is selected
before comparator is selected
Add filter button is clicked successfully
Search button is clicked
User is getting correct records for created on date with before criteria
User is getting correct records for created on date with before criteria
User is getting correct records for created on date with before criteria
User is getting correct records for created on date with before criteria
User is getting correct records for created on date with before criteria
User is getting correct records for created on date with before criteria
User is getting correct records for created on date with before criteria
User is getting correct records for created on date with before criteria
User is getting correct records for created on date with before criteria
User is getting correct records for created on date with before criteria
User is getting correct records for created on date with before criteria
User is getting correct records for created on date with before criteria
User is getting correct records for created on date with before criteria
User is getting correct records for created on date with before criteria
User is getting correct records for created on date with before criteria
User is getting correct records for created on date with before criteria
User is getting correct records for created on date with before criteria
User is getting correct records for created on date with before criteria
User is getting correct records for created on date with before criteria
User is getting correct records for created on date with before criteria]]>
  </system-out>
  <testcase classname="com.ae.qa.testcasesTenantAdmin.PluginsPageTestTA" name="validateLastModifiedCreatedAfterPluginsPageTATest" time="101.770"/>
  <system-out>
    <![CDATA[Advanced Search is clicked
Last Modified is selected
after comparator is selected
Add filter button is clicked successfully
Search button is clicked
User is getting correct records for created on date with after criteria
User is getting correct records for created on date with after criteria
User is getting correct records for created on date with after criteria
User is getting correct records for created on date with after criteria
User is getting correct records for created on date with after criteria
User is getting correct records for created on date with after criteria
User is getting correct records for created on date with after criteria
User is getting correct records for created on date with after criteria
User is getting correct records for created on date with after criteria
User is getting correct records for created on date with after criteria
User is getting correct records for created on date with after criteria
User is getting correct records for created on date with after criteria
User is getting correct records for created on date with after criteria
User is getting correct records for created on date with after criteria
User is getting correct records for created on date with after criteria
User is getting correct records for created on date with after criteria
User is getting correct records for created on date with after criteria
User is getting correct records for created on date with after criteria
User is getting correct records for created on date with after criteria
User is getting correct records for created on date with after criteria]]>
  </system-out>
  <testcase classname="com.ae.qa.testcasesTenantAdmin.PluginsPageTestTA" name="validateLastModifiedCreatedInBetweenPluginsPageTATest" time="104.592"/>
  <system-out>
    <![CDATA[Advanced Search is clicked
Last Modified is selected
in between comparator is selected
Add filter button is clicked successfully
Search button is clicked
User is getting correct records for created on date with after criteria
User is getting correct records for created on date with after criteria
User is getting correct records for created on date with after criteria
User is getting correct records for created on date with after criteria
User is getting correct records for created on date with after criteria
User is getting correct records for created on date with after criteria
User is getting correct records for created on date with after criteria
User is getting correct records for created on date with after criteria
User is getting correct records for created on date with after criteria
User is getting correct records for created on date with after criteria
User is getting correct records for created on date with after criteria
User is getting correct records for created on date with after criteria
User is getting correct records for created on date with after criteria
User is getting correct records for created on date with after criteria
User is getting correct records for created on date with after criteria
User is getting correct records for created on date with after criteria
User is getting correct records for created on date with after criteria
User is getting correct records for created on date with after criteria
User is getting correct records for created on date with after criteria
User is getting correct records for created on date with after criteria]]>
  </system-out>
  <testcase classname="com.ae.qa.testcasesTenantAdmin.PluginsPageTestTA" name="validateLastUpdatedModifiedNotInBetweenPluginsPageTATest" time="108.548"/>
  <system-out>
    <![CDATA[Advanced Search is clicked
Last Modified is selected
not in between comparator is selected
Add filter button is clicked successfully
Search button is clicked
User is getting correct records for created on date with after criteria
User is getting correct records for created on date with after criteria
User is getting correct records for created on date with after criteria
User is getting correct records for created on date with after criteria
User is getting correct records for created on date with after criteria
User is getting correct records for created on date with after criteria
User is getting correct records for created on date with after criteria
User is getting correct records for created on date with after criteria
User is getting correct records for created on date with after criteria
User is getting correct records for created on date with after criteria
User is getting correct records for created on date with after criteria
User is getting correct records for created on date with after criteria
User is getting correct records for created on date with after criteria
User is getting correct records for created on date with after criteria
User is getting correct records for created on date with after criteria
User is getting correct records for created on date with after criteria
User is getting correct records for created on date with after criteria
User is getting correct records for created on date with after criteria
User is getting correct records for created on date with after criteria
User is getting correct records for created on date with after criteria]]>
  </system-out>
</testsuite> <!-- com.ae.qa.testcasesTenantAdmin.PluginsPageTestTA -->
