<?xml version="1.0" encoding="UTF-8"?>
<!-- Generated by org.testng.reporters.JUnitReportReporter -->
<testsuite hostname="aedbserver" failures="0" tests="1" name="com.ae.qa.testcases.HomePageTest" time="82.097" errors="0" timestamp="2023-03-20T14:49:15 IST" skipped="0">
  <testcase classname="com.ae.qa.testcases.HomePageTest" name="validateSearchFunctionalityTest" time="82.097"/>
  <system-out>
    <![CDATA[User log in Successfully
User searched for functionality: Logs and Found is: Logs
Search Functionality working properly]]>
  </system-out>
</testsuite> <!-- com.ae.qa.testcases.HomePageTest -->
