<?xml version="1.0" encoding="UTF-8"?>
<!-- Generated by org.testng.reporters.JUnitReportReporter -->
<testsuite hostname="aedbserver" failures="0" tests="3" name="com.ae.qa.testcasesTenantAdmin.WorkflowListPageTestTA" time="413.056" errors="0" timestamp="2023-04-20T17:21:01 IST" skipped="0">
  <testcase classname="com.ae.qa.testcasesTenantAdmin.WorkflowListPageTestTA" name="validateExportWFDevelopmentAndImportInUATSATest" time="136.712"/>
  <system-out>
    <![CDATA[Workflows Tab is clicked
Import button clicked
Is Assisted Workflow checkbox is unselected
Create Button is clicked
Priority is set
Expected Completion Time in Seconds is set
Maximum Completion Time in Seconds is set
Cleanup Requests older than Hours fields is set
Manual Execution Time is set
Manual Execution time unit is set
Save button is clicked
Workflow updated
Workflow is enabled successfully
User signed out successfully
Workflows Tab is clicked
Clicked the Dropdown button
Clicked the Export option from dropdown
Clicked the Workflows dropdown 
Clicked on search bar
Checked the Workflow name 
Clicked on export bottun
User signed out successfully
Workflows Tab is clicked
Import button clicked
Is Assisted Workflow checkbox is unselected
Create Button is clicked
Priority is set
Expected Completion Time in Seconds is set
Maximum Completion Time in Seconds is set
Cleanup Requests older than Hours fields is set
Manual Execution Time is set
Manual Execution time unit is set
Save button is clicked
Workflow updated
Workflow is enabled successfully
User signed out successfully]]>
  </system-out>
  <testcase classname="com.ae.qa.testcasesTenantAdmin.WorkflowListPageTestTA" name="validateExportWFDevelopmentAndImportInEnterpriseSATest" time="140.183"/>
  <system-out>
    <![CDATA[Workflows Tab is clicked
Import button clicked
Is Assisted Workflow checkbox is unselected
Create Button is clicked
Priority is set
Expected Completion Time in Seconds is set
Maximum Completion Time in Seconds is set
Cleanup Requests older than Hours fields is set
Manual Execution Time is set
Manual Execution time unit is set
Save button is clicked
Workflow updated
Workflow is enabled successfully
User signed out successfully
Workflows Tab is clicked
Clicked the Dropdown button
Clicked the Export option from dropdown
Clicked the Workflows dropdown 
Clicked on search bar
Checked the Workflow name 
Clicked on export bottun
User signed out successfully
Workflows Tab is clicked
Import button clicked
Is Assisted Workflow checkbox is unselected
Create Button is clicked
Priority is set
Expected Completion Time in Seconds is set
Maximum Completion Time in Seconds is set
Cleanup Requests older than Hours fields is set
Manual Execution Time is set
Manual Execution time unit is set
Save button is clicked
Workflow updated
Workflow is enabled successfully
User signed out successfully]]>
  </system-out>
  <testcase classname="com.ae.qa.testcasesTenantAdmin.WorkflowListPageTestTA" name="validateExportWFUATAndImportInEnterpriseSATest" time="136.161"/>
  <system-out>
    <![CDATA[Workflows Tab is clicked
Import button clicked
Is Assisted Workflow checkbox is unselected
Create Button is clicked
Priority is set
Expected Completion Time in Seconds is set
Maximum Completion Time in Seconds is set
Cleanup Requests older than Hours fields is set
Manual Execution Time is set
Manual Execution time unit is set
Save button is clicked
Workflow updated
Workflow is enabled successfully
User signed out successfully
Workflows Tab is clicked
Clicked the Dropdown button
Clicked the Export option from dropdown
Clicked the Workflows dropdown 
Clicked on search bar
Checked the Workflow name 
Clicked on export bottun
User signed out successfully
Workflows Tab is clicked
Import button clicked
Is Assisted Workflow checkbox is unselected
Create Button is clicked
Priority is set
Expected Completion Time in Seconds is set
Maximum Completion Time in Seconds is set
Cleanup Requests older than Hours fields is set
Manual Execution Time is set
Manual Execution time unit is set
Save button is clicked
Workflow updated
Workflow is enabled successfully
User signed out successfully]]>
  </system-out>
</testsuite> <!-- com.ae.qa.testcasesTenantAdmin.WorkflowListPageTestTA -->
