<?xml version="1.0" encoding="UTF-8"?>
<!-- Generated by org.testng.reporters.JUnitReportReporter -->
<testsuite hostname="aedbserver" failures="0" tests="1" name="com.ae.qa.testcasesTenantUser.AgentListPageTestTU" time="73.844" errors="0" timestamp="2023-04-17T17:18:38 IST" skipped="0">
  <testcase classname="com.ae.qa.testcasesTenantUser.AgentListPageTestTU" name="validateAssistedAgentDeleteTUTest" time="73.844"/>
  <system-out>
    <![CDATA[User LogIn Succesfully
User navigated to Agents Tab
User navigated to Agentslist Tab
Current status of Agent is: Running
Agent is in running mode
Stop Button is Clicked
Confirm Stop Button is Clicked
Actual_Message:-Stopping agent [kalyani.gomkale@aedbserver] is in progress
Expected Message:- Stopping agent [kalyani.gomkale@aedbserver] is in progress
Agent is stopped successfully
User signed out successfully
User LogIn Succesfully
User navigated to Agents Tab
User navigated to Agentslist Tab
Current status of Agent is: Running
Agent is in Stopped mode
Delete Button is Clicked
Confirm Delete Button is Clicked
Agent is deleted successfully
User signed out successfully]]>
  </system-out>
</testsuite> <!-- com.ae.qa.testcasesTenantUser.AgentListPageTestTU -->
