<?xml version="1.0" encoding="UTF-8"?>
<!-- Generated by org.testng.reporters.JUnitReportReporter -->
<testsuite hostname="aedbserver" failures="0" tests="6" name="com.ae.qa.testcasesTenantAdmin.RequestsPageTestTA" time="200.800" errors="0" timestamp="2023-04-14T18:19:30 IST" skipped="0">
  <testcase classname="com.ae.qa.testcasesTenantAdmin.RequestsPageTestTA" name="validateRequestStatusTest" time="48.818"/>
  <system-out>
    <![CDATA[User logged in successfully
Requests Tab is clicked
Additional status details is clicked
Message after execution of wf:Message : Execution Successful
Workflow status is:Complete]]>
  </system-out>
  <testcase classname="com.ae.qa.testcasesTenantAdmin.RequestsPageTestTA" name="validatecheckColumnsInRequests" time="30.567"/>
  <system-out>
    <![CDATA[User logged in successfully
Requests Tab is clicked
All Column got displayed in records after Checking select All checkbox.
User signed out successfully]]>
  </system-out>
  <testcase classname="com.ae.qa.testcasesTenantAdmin.RequestsPageTestTA" name="validatedeselectAllInRequests" time="28.528"/>
  <system-out>
    <![CDATA[User logged in successfully
Requests Tab is clicked
Select All Checkbox is not already selected, Hence selected twice to deselect it.
Selected count of No. of colums 3
Total No of columns in table: 3
Field of Columns: Id
Field of Columns: Workflow Name
Field of Columns: Status
Column Value found
All Options got deselected except Id,Workflow Name,Status.
User signed out successfully]]>
  </system-out>
  <testcase classname="com.ae.qa.testcasesTenantAdmin.RequestsPageTestTA" name="validateSpecificColumnInRequests" time="34.473"/>
  <system-out>
    <![CDATA[User logged in successfully
Requests Tab is clicked
Select All Checkbox is not already selected, Hence selected twice to deselect it.
Field of Columns: Id
Field of Columns: Workflow Name
Field of Columns: Priority
Field of Columns: Status
Field of Columns: Completed
Column Value found
All columns selected found in table.
User signed out successfully]]>
  </system-out>
  <testcase classname="com.ae.qa.testcasesTenantAdmin.RequestsPageTestTA" name="validateDownloadRequestTest" time="29.951"/>
  <system-out>
    <![CDATA[User logged in successfully
Requests Tab is clicked
Download button is clicked & request download started
User signed out successfully]]>
  </system-out>
  <testcase classname="com.ae.qa.testcasesTenantAdmin.RequestsPageTestTA" name="validateRequestsPageTATest" time="28.463"/>
  <system-out>
    <![CDATA[User log in Successfully
Actual page title displayed on screen is: Requests and Expected page title is: Requests
Respective Page is clicked and appropriate page is loaded properly
User signed out successfully]]>
  </system-out>
</testsuite> <!-- com.ae.qa.testcasesTenantAdmin.RequestsPageTestTA -->
