<?xml version="1.0" encoding="UTF-8"?>
<!-- Generated by org.testng.reporters.JUnitReportReporter -->
<testsuite hostname="aedbserver" failures="0" tests="1" name="com.ae.qa.testcasesTenantAdmin.HomePageTestTA" time="62.085" errors="0" timestamp="2023-03-20T19:59:33 IST" skipped="0">
  <testcase classname="com.ae.qa.testcasesTenantAdmin.HomePageTestTA" name="validateLicenseDetailHomepageTest" time="62.085"/>
  <system-out>
    <![CDATA[User log in Successfully
Actual Agent Thread count:-20
Actual Step Units count:-10000
Actual Expiry Date:-14-Sep-2023
License details on Homepage are validated successfully
User signed out successfully]]>
  </system-out>
</testsuite> <!-- com.ae.qa.testcasesTenantAdmin.HomePageTestTA -->
