<?xml version="1.0" encoding="UTF-8"?>
<!-- Generated by org.testng.reporters.JUnitReportReporter -->
<testsuite hostname="DESKTOP-5VHKQUJ" failures="0" tests="3" name="com.ae.qa.testcasesTenantAdmin.SmtpPageTestTA" time="141.497" errors="0" timestamp="09 Jan 2023 07:46:56 GMT" skipped="0">
  <testcase classname="com.ae.qa.testcasesTenantAdmin.SmtpPageTestTA" name="validateAddSmtpServerTATest" time="81.860"/>
  <testcase classname="com.ae.qa.testcasesTenantAdmin.SmtpPageTestTA" name="validateEditSmtpServerTATest" time="35.211"/>
  <testcase classname="com.ae.qa.testcasesTenantAdmin.SmtpPageTestTA" name="validateDeleteSmtpServerTATest" time="24.426"/>
</testsuite> <!-- com.ae.qa.testcasesTenantAdmin.SmtpPageTestTA -->
