<?xml version="1.0" encoding="UTF-8"?>
<!-- Generated by org.testng.reporters.JUnitReportReporter -->
<testsuite hostname="DESKTOP-5VHKQUJ" failures="0" tests="6" name="com.ae.qa.testcases.AuditLogsPageTest" time="197.710" errors="0" timestamp="09 Jan 2023 07:46:56 GMT" skipped="0">
  <testcase classname="com.ae.qa.testcases.AuditLogsPageTest" name="validatedownloadingAuditLogs" time="39.322"/>
  <testcase classname="com.ae.qa.testcases.AuditLogsPageTest" name="validatecheckColumnsInAuditLogs" time="27.328"/>
  <testcase classname="com.ae.qa.testcases.AuditLogsPageTest" name="validatedeselectAllInAuditLogs" time="31.120"/>
  <testcase classname="com.ae.qa.testcases.AuditLogsPageTest" name="verifySpecificColumnTest" time="28.863"/>
  <testcase classname="com.ae.qa.testcases.AuditLogsPageTest" name="verifycheckLogsTest" time="40.606"/>
  <testcase classname="com.ae.qa.testcases.AuditLogsPageTest" name="validateLogsPageTest" time="30.471"/>
</testsuite> <!-- com.ae.qa.testcases.AuditLogsPageTest -->
