<?xml version="1.0" encoding="UTF-8"?>
<!-- Generated by org.testng.reporters.JUnitReportReporter -->
<testsuite hostname="DESKTOP-5VHKQUJ" failures="0" tests="4" name="com.ae.qa.testcasesTenantAdmin.AuditLogsPageTestTA" time="125.191" errors="0" timestamp="09 Jan 2023 07:46:56 GMT" skipped="0">
  <testcase classname="com.ae.qa.testcasesTenantAdmin.AuditLogsPageTestTA" name="validatedownloadingAuditLogsTA" time="42.766"/>
  <testcase classname="com.ae.qa.testcasesTenantAdmin.AuditLogsPageTestTA" name="validatecheckColumnsInAuditLogsTA" time="28.398"/>
  <testcase classname="com.ae.qa.testcasesTenantAdmin.AuditLogsPageTestTA" name="validatedeselectAllInAuditLogsTA" time="27.893"/>
  <testcase classname="com.ae.qa.testcasesTenantAdmin.AuditLogsPageTestTA" name="verifySpecificColumnTestTA" time="26.134"/>
</testsuite> <!-- com.ae.qa.testcasesTenantAdmin.AuditLogsPageTestTA -->
