<?xml version="1.0" encoding="UTF-8"?>
<!-- Generated by org.testng.reporters.JUnitReportReporter -->
<testsuite hostname="DESKTOP-5VHKQUJ" failures="0" tests="3" name="com.ae.qa.testcases.IntegrationTypesPageTest" time="131.677" errors="0" timestamp="09 Jan 2023 07:46:56 GMT" skipped="0">
  <testcase classname="com.ae.qa.testcases.IntegrationTypesPageTest" name="validateAddIntegrationTypesTest" time="47.119"/>
  <testcase classname="com.ae.qa.testcases.IntegrationTypesPageTest" name="validateEditIntegrationTypesTest" time="37.782"/>
  <testcase classname="com.ae.qa.testcases.IntegrationTypesPageTest" name="validateIntegrationTypePageTest" time="46.776"/>
</testsuite> <!-- com.ae.qa.testcases.IntegrationTypesPageTest -->
