<?xml version="1.0" encoding="UTF-8"?>
<!-- Generated by org.testng.reporters.JUnitReportReporter -->
<testsuite hostname="DESKTOP-5VHKQUJ" failures="0" tests="2" name="com.ae.qa.testcasesWorkflowAdmin.AgentListPageTestWA" time="217.154" errors="0" timestamp="06 Feb 2023 07:57:12 GMT" skipped="0">
  <testcase classname="com.ae.qa.testcasesWorkflowAdmin.AgentListPageTestWA" name="validateAssistedAgentDownloadWATest" time="157.683"/>
  <testcase classname="com.ae.qa.testcasesWorkflowAdmin.AgentListPageTestWA" name="validateCheckAgentStatusWATest" time="59.471"/>
</testsuite> <!-- com.ae.qa.testcasesWorkflowAdmin.AgentListPageTestWA -->
