<?xml version="1.0" encoding="UTF-8"?>
<!-- Generated by org.testng.reporters.JUnitReportReporter -->
<testsuite hostname="DESKTOP-5VHKQUJ" failures="0" tests="6" name="com.ae.qa.testcases.LoginPageTest" time="264.878" errors="0" timestamp="09 Jan 2023 07:46:56 GMT" skipped="0">
  <testcase classname="com.ae.qa.testcases.LoginPageTest" name="validateForgotPswdTest" time="5.727"/>
  <testcase classname="com.ae.qa.testcases.LoginPageTest" name="ValidateSettingPwdWOComplexityTest" time="86.287"/>
  <testcase classname="com.ae.qa.testcases.LoginPageTest" name="ValidateResetPswdTest" time="49.411"/>
  <testcase classname="com.ae.qa.testcases.LoginPageTest" name="ValidateLoginWithResetPswdTest" time="36.379"/>
  <testcase classname="com.ae.qa.testcases.LoginPageTest" name="validateUnlockUserWithSecQueAndResetPswdTest" time="66.366"/>
  <testcase classname="com.ae.qa.testcases.LoginPageTest" name="ValidateLoginOfUnlockUserTest" time="20.708"/>
</testsuite> <!-- com.ae.qa.testcases.LoginPageTest -->
