<?xml version="1.0" encoding="UTF-8"?>
<!-- Generated by org.testng.reporters.JUnitReportReporter -->
<testsuite hostname="aedbserver" failures="0" tests="4" name="com.ae.qa.testcasesTenantUser.RequestPageTestTU" time="139.099" errors="0" timestamp="2023-04-18T18:17:43 IST" skipped="0">
  <testcase classname="com.ae.qa.testcasesTenantUser.RequestPageTestTU" name="validateCheckColumnInRequestTUTest" time="32.848"/>
  <system-out>
    <![CDATA[User logged in successfully
Requests Tab is clicked
All Column got displayed in records after Checking select All checkbox.
User signed out successfully]]>
  </system-out>
  <testcase classname="com.ae.qa.testcasesTenantUser.RequestPageTestTU" name="validateUncheckColumnInRequestTUTest" time="36.733"/>
  <system-out>
    <![CDATA[User logged in successfully
Requests Tab is clicked
Select All Checkbox is not already selected, Hence selected twice to deselect it.
Selected count of No. of colums 3
Total No of columns in table: 3
Field of Columns: Id
Field of Columns: Workflow Name
Field of Columns: Status
Column Value found
All Options got deselected except Id,Workflow Name,Status.
User signed out successfully]]>
  </system-out>
  <testcase classname="com.ae.qa.testcasesTenantUser.RequestPageTestTU" name="validateSpecificColumnInRequestTUTest" time="34.718"/>
  <system-out>
    <![CDATA[User logged in successfully
Requests Tab is clicked
Select All Checkbox is not already selected, Hence selected twice to deselect it.
Field of Columns: Id
Field of Columns: Workflow Name
Field of Columns: Priority
Field of Columns: Status
Field of Columns: Completed
Column Value found
All columns selected found in table.
User signed out successfully]]>
  </system-out>
  <testcase classname="com.ae.qa.testcasesTenantUser.RequestPageTestTU" name="validateDownloadRequestTUTest" time="34.800"/>
  <system-out>
    <![CDATA[User logged in successfully
Requests Tab is clicked
Download button is clicked & request download started
User signed out successfully]]>
  </system-out>
</testsuite> <!-- com.ae.qa.testcasesTenantUser.RequestPageTestTU -->
