<?xml version="1.0" encoding="UTF-8"?>
<!-- Generated by org.testng.reporters.JUnitReportReporter -->
<testsuite hostname="DESKTOP-5VHKQUJ" failures="0" tests="3" name="com.ae.qa.testcases.WorkflowsPageTest" time="108.762" errors="0" timestamp="09 Jan 2023 07:46:56 GMT" skipped="0">
  <testcase classname="com.ae.qa.testcases.WorkflowsPageTest" name="validateDisableWorkflowsTest" time="37.877"/>
  <testcase classname="com.ae.qa.testcases.WorkflowsPageTest" name="validateEnableWorkflowsTest" time="38.340"/>
  <testcase classname="com.ae.qa.testcases.WorkflowsPageTest" name="validateWorkflowsPageTest" time="32.545"/>
</testsuite> <!-- com.ae.qa.testcases.WorkflowsPageTest -->
