<?xml version="1.0" encoding="UTF-8"?>
<!-- Generated by org.testng.reporters.JUnitReportReporter -->
<testsuite hostname="DESKTOP-5VHKQUJ" failures="0" tests="4" name="com.ae.qa.testcases.InformationPageTest" time="158.224" errors="0" timestamp="09 Jan 2023 07:46:56 GMT" skipped="0">
  <testcase classname="com.ae.qa.testcases.InformationPageTest" name="validateLastLoginTest" time="34.984"/>
  <testcase classname="com.ae.qa.testcases.InformationPageTest" name="validateViewProfileTest" time="51.673"/>
  <testcase classname="com.ae.qa.testcases.InformationPageTest" name="validateChangePasswordTest" time="34.610"/>
  <testcase classname="com.ae.qa.testcases.InformationPageTest" name="validateAboutTabTest" time="36.957"/>
</testsuite> <!-- com.ae.qa.testcases.InformationPageTest -->
