<?xml version="1.0" encoding="UTF-8"?>
<!-- Generated by org.testng.reporters.JUnitReportReporter -->
<testsuite hostname="aedbserver" failures="0" tests="6" name="com.ae.qa.testcasesUserAdmin.UserGroupsPageTestUA" time="213.791" errors="0" timestamp="2023-04-18T18:17:43 IST" skipped="0">
  <testcase classname="com.ae.qa.testcasesUserAdmin.UserGroupsPageTestUA" name="validateCreateUserGroupUATest" time="30.506"/>
  <system-out>
    <![CDATA[User logged in successfully
started creating new User Group
Actual Username:User group created successfully
Expected Username:User group created successfully
New user group is created
User signed out successfully]]>
  </system-out>
  <testcase classname="com.ae.qa.testcasesUserAdmin.UserGroupsPageTestUA" name="validateEditUserGroupUATest" time="34.257"/>
  <system-out>
    <![CDATA[User logged in successfully
Edit button is clicked
Description of user group updated
Actual Username:Changes saved to user group
Expected Username:Changes saved to user group
User group got edited successfully
User signed out successfully]]>
  </system-out>
  <testcase classname="com.ae.qa.testcasesUserAdmin.UserGroupsPageTestUA" name="validateAddUserToGroupUATest" time="38.952"/>
  <system-out>
    <![CDATA[User logged in successfully
Users Tab clicked
UsersGroup Tab clicked
Show Member button is clicked
assigning user1
Actual Username:User(s) added to the group successfully
Expected Username:User(s) added to the group successfully
User1 assigned and validated
User signed out successfully]]>
  </system-out>
  <testcase classname="com.ae.qa.testcasesUserAdmin.UserGroupsPageTestUA" name="validateRemoveUserFromGroupUATest" time="35.511"/>
  <system-out>
    <![CDATA[User logged in successfully
Users tab clicked
Users group tab clicked
Show Member button is clicked
Removing user1
Actual Username:User(s) removed from the group successfully
Expected Username:User(s) removed from the group successfully
User1 removed
User signed out successfully]]>
  </system-out>
  <testcase classname="com.ae.qa.testcasesUserAdmin.UserGroupsPageTestUA" name="addMultipleUserToGroupUATest" time="42.271"/>
  <system-out>
    <![CDATA[User logged in successfully
Users Tab clicked
UsersGroup Tab clicked
Show Member button is clicked
assigning user1
Actual Username:User(s) added to the group successfully
Expected Username:User(s) added to the group successfully
User1 assigned and validated
Validation of no.of users
Multiple user added to the group
User signed out successfully]]>
  </system-out>
  <testcase classname="com.ae.qa.testcasesUserAdmin.UserGroupsPageTestUA" name="validateDeleteUserGroupUATest" time="32.294"/>
  <system-out>
    <![CDATA[User logged in successfully
Users tab clicked
Users group tab clicked
Delete button is clicked
Actual Username:User group deleted successfully
Expected Username:User group deleted successfully
User group deleted
User signed out successfully]]>
  </system-out>
</testsuite> <!-- com.ae.qa.testcasesUserAdmin.UserGroupsPageTestUA -->
