<?xml version="1.0" encoding="UTF-8"?>
<!-- Generated by org.testng.reporters.JUnitReportReporter -->
<testsuite hostname="aedbserver" failures="0" tests="1" name="com.ae.qa.testcasesTenantAdmin.LoginPageTestTA" time="23.941" errors="0" timestamp="2023-04-27T19:48:53 IST" skipped="0">
  <testcase classname="com.ae.qa.testcasesTenantAdmin.LoginPageTestTA" name="ValidateFirstTimeTALoginTest" time="23.941"/>
  <system-out>
    <![CDATA[User changed first time password of User Successfully]]>
  </system-out>
</testsuite> <!-- com.ae.qa.testcasesTenantAdmin.LoginPageTestTA -->
