<?xml version="1.0" encoding="UTF-8"?>
<!-- Generated by org.testng.reporters.JUnitReportReporter -->
<testsuite hostname="aedbserver" failures="1" tests="4" name="com.ae.qa.testcasesTenantAdmin.AgentLogsPageTestTA" time="203.374" errors="0" timestamp="2023-04-27T19:48:52 IST" skipped="0">
  <testcase classname="com.ae.qa.testcasesTenantAdmin.AgentLogsPageTestTA" name="validateAgentLogsTest" time="76.662"/>
  <system-out>
    <![CDATA[User logged in successfully
Agent Logs Tab is clicked
New Request button is clicked
agent Radio button is selected by default
Agent is been selected
Start Date selected
End Date selected
Agent log submitted successfully
Actual Success Msg:Request submitted successfully
Expected Success Msg:Request submitted successfully
Agent logs request submitted successfully
Actual Success Msg:Download started
Expected Success Msg:Download started
Agents log downloaded successfully for Agent kalyani.gomkale@aedbserver
User signed out successfully]]>
  </system-out>
  <testcase classname="com.ae.qa.testcasesTenantAdmin.AgentLogsPageTestTA" name="validateWorkflowLogsTest" time="22.321">
    <failure message="Workflow logs request not submitted expected [Request submitted successfully] but found [Request with id [1] not found]" type="java.lang.AssertionError">
      <![CDATA[java.lang.AssertionError: Workflow logs request not submitted expected [Request submitted successfully] but found [Request with id [1] not found]
at org.testng.Assert.fail(Assert.java:110)
at org.testng.Assert.failNotEquals(Assert.java:1413)
at org.testng.Assert.assertEqualsImpl(Assert.java:149)
at org.testng.Assert.assertEquals(Assert.java:131)
at org.testng.Assert.assertEquals(Assert.java:655)
at com.ae.qa.pagesTenantAdmin.AgentLogsPageTA.validateWorkflowLogs(AgentLogsPageTA.java:169)
at com.ae.qa.testcasesTenantAdmin.AgentLogsPageTestTA.validateWorkflowLogsTest(AgentLogsPageTestTA.java:35)
at java.base/jdk.internal.reflect.NativeMethodAccessorImpl.invoke0(Native Method)
at java.base/jdk.internal.reflect.NativeMethodAccessorImpl.invoke(NativeMethodAccessorImpl.java:77)
at java.base/jdk.internal.reflect.DelegatingMethodAccessorImpl.invoke(DelegatingMethodAccessorImpl.java:43)
at java.base/java.lang.reflect.Method.invoke(Method.java:568)
at org.testng.internal.invokers.MethodInvocationHelper.invokeMethod(MethodInvocationHelper.java:139)
at org.testng.internal.invokers.TestInvoker.invokeMethod(TestInvoker.java:677)
at org.testng.internal.invokers.TestInvoker.invokeTestMethod(TestInvoker.java:221)
at org.testng.internal.invokers.MethodRunner.runInSequence(MethodRunner.java:50)
at org.testng.internal.invokers.TestInvoker$MethodInvocationAgent.invoke(TestInvoker.java:962)
at org.testng.internal.invokers.TestInvoker.invokeTestMethods(TestInvoker.java:194)
at org.testng.internal.invokers.TestMethodWorker.invokeTestMethods(TestMethodWorker.java:148)
at org.testng.internal.invokers.TestMethodWorker.run(TestMethodWorker.java:128)
at java.base/java.util.concurrent.ThreadPoolExecutor.runWorker(ThreadPoolExecutor.java:1136)
at java.base/java.util.concurrent.ThreadPoolExecutor$Worker.run(ThreadPoolExecutor.java:635)
at java.base/java.lang.Thread.run(Thread.java:833)
]]>
    </failure>
  </testcase> <!-- validateWorkflowLogsTest -->
  <system-out>
    <![CDATA[User logged in successfully
Agent Logs Tab is clicked
New Request button is clicked
Request Radio Button is selected
Request ID entered.
Actual Success Msg:Request with id [1] not found
Expected Success Msg:Request submitted successfully]]>
  </system-out>
  <testcase classname="com.ae.qa.testcasesTenantAdmin.AgentLogsPageTestTA" name="validateAgentLogsPageTATest" time="26.575"/>
  <system-out>
    <![CDATA[User log in Successfully
Actual page title displayed on screen is: Agent Logs and Expected page title is: Agent Logs
Respective Page is clicked and appropriate page is loaded properly
User signed out successfully]]>
  </system-out>
  <testcase classname="com.ae.qa.testcasesTenantAdmin.AgentLogsPageTestTA" name="validateAssistedAgentLogsTest" time="77.816"/>
  <system-out>
    <![CDATA[User logged in successfully
Agent Logs Tab is clicked
New Request button is clicked
agent Radio button is selected by default
Agent is been selected
Start Date selected
End Date selected
Agent log submitted successfully
Actual Success Msg:Request submitted successfully
Expected Success Msg:Request submitted successfully
Agent logs request submitted successfully
Actual Success Msg:Download started
Expected Success Msg:Download started
Agents log downloaded successfully for Agent kalyani.gomkale@aedbserver
User signed out successfully]]>
  </system-out>
</testsuite> <!-- com.ae.qa.testcasesTenantAdmin.AgentLogsPageTestTA -->
