<?xml version="1.0" encoding="UTF-8"?>
<!-- Generated by org.testng.reporters.JUnitReportReporter -->
<testsuite hostname="aedbserver" failures="0" tests="3" name="com.ae.qa.testcases.PurgeSchedulePageTest" time="157.468" errors="0" timestamp="2023-04-27T19:48:53 IST" skipped="0">
  <testcase classname="com.ae.qa.testcases.PurgeSchedulePageTest" name="validatePurgingScheduleDayTest" time="59.986"/>
  <system-out>
    <![CDATA[User log in Successfully
Add button clicked
Schedule created for day of Month]]>
  </system-out>
  <testcase classname="com.ae.qa.testcases.PurgeSchedulePageTest" name="validatePurgingScheduleWeekendTest" time="63.551"/>
  <system-out>
    <![CDATA[User log in Successfully
Schedule created for day of week]]>
  </system-out>
  <testcase classname="com.ae.qa.testcases.PurgeSchedulePageTest" name="validatePurgeSchedulePageTest" time="33.931"/>
  <system-out>
    <![CDATA[User log in Successfully
Actual page title displayed on screen is: Purging Configuration and Expected page title is: Purging Configuration
Respective Page is clicked and appropriate page is loaded properly]]>
  </system-out>
</testsuite> <!-- com.ae.qa.testcases.PurgeSchedulePageTest -->
