<?xml version="1.0" encoding="UTF-8"?>
<!-- Generated by org.testng.reporters.JUnitReportReporter -->
<testsuite hostname="aedbserver" failures="0" tests="7" name="com.ae.qa.testcasesAgentAdmin.AgentListPageTestAA" time="442.664" errors="0" timestamp="2023-04-18T18:17:43 IST" skipped="0">
  <testcase classname="com.ae.qa.testcasesAgentAdmin.AgentListPageTestAA" name="validateEditAssistedAgentNameAATest" time="38.624"/>
  <system-out>
    <![CDATA[User navigated to Agents Tab
User navigated to Assisted Agents Tab
User clicked on Edit Btn
Actual message displayed on screen is: Changes saved to the agent and Expected message is: Changes saved to the agent
Edit button is clicked and Assisted agent name is changed successfully
Agent Name Changed successfully.
User signed out successfully]]>
  </system-out>
  <testcase classname="com.ae.qa.testcasesAgentAdmin.AgentListPageTestAA" name="validateDeleteAssistedAgentAATest" time="70.475"/>
  <system-out>
    <![CDATA[User LogIn Succesfully
User navigated to Agents Tab
User navigated to Assisted Agents Tab
Current status of Agent is: Running
Agent is in running mode
Stop Button is Clicked
Confirm Stop Button is Clicked
Actual_Message:-Stopping agent [kalyani.gomkale@aedbserver] is in progress
Expected Message:- Stopping agent [kalyani.gomkale@aedbserver] is in progress
Agent is stopped successfully
User signed out successfully
User LogIn Succesfully
User navigated to Agents Tab
User navigated to Assisted Agents Tab
Current status of Agent is: Running
Agent is in Stopped mode
Delete Button is Clicked
Confirm Delete Button is Clicked
Agent is deleted successfully
User signed out successfully]]>
  </system-out>
  <testcase classname="com.ae.qa.testcasesAgentAdmin.AgentListPageTestAA" name="downloadAgentAATest" time="136.925"/>
  <system-out>
    <![CDATA[User LogIn Succesfully
User navigated to Agents Tab
User navigated to Agent List Tab
Agent download started
File unzipped properly
User signed out successfully]]>
  </system-out>
  <testcase classname="com.ae.qa.testcasesAgentAdmin.AgentListPageTestAA" name="checkStatusOfAgentAATest" time="70.168"/>
  <system-out>
    <![CDATA[User LogIn Succesfully
User navigated to Agents Tab
Current status of Agent is: Stopped
Current status of Agent is: Running
Agent is in running mode
User signed out successfully]]>
  </system-out>
  <testcase classname="com.ae.qa.testcasesAgentAdmin.AgentListPageTestAA" name="validateEditAgentNameAATest" time="32.857"/>
  <system-out>
    <![CDATA[User navigated to Agents Tab
User navigated to Agentslist Tab
User clicked on Edit Btn
Actual message displayed on screen is: Changes saved to the agent and Expected message is: Changes saved to the agent
Edit button is clicked and Assisted agent name is changed successfully
Agent Name Changed successfully.
User signed out successfully]]>
  </system-out>
  <testcase classname="com.ae.qa.testcasesAgentAdmin.AgentListPageTestAA" name="validateStopAgentAATest" time="61.364"/>
  <system-out>
    <![CDATA[User LogIn Succesfully
User navigated to Agents Tab
Current status of Assisted Agent is: Running
Assisted Agent is in running mode
Stop Button is Clicked
Confirm Stop Button is Clicked
Current status of Assisted Agent is: Running
Current status of Assisted Agent is: Stopped
Agent is in Stopped mode
Agent is stopped successfully
User signed out successfully]]>
  </system-out>
  <testcase classname="com.ae.qa.testcasesAgentAdmin.AgentListPageTestAA" name="validateDeleteAgentAATest" time="32.251"/>
  <system-out>
    <![CDATA[User LogIn Succesfully
User navigated to Agents Tab
Current status of Agent is: Stopped
Agent is in Stopped mode
Delete Button is Clicked
Confirm Delete Button is Clicked
Agent is deleted successfully
User signed out successfully]]>
  </system-out>
</testsuite> <!-- com.ae.qa.testcasesAgentAdmin.AgentListPageTestAA -->
