<?xml version="1.0" encoding="UTF-8"?>
<!-- Generated by org.testng.reporters.JUnitReportReporter -->
<testsuite hostname="aedbserver" failures="2" tests="17" name="com.ae.qa.testcasesTenantAdmin.TenantUsersPageTestTA" time="1289.386" errors="0" timestamp="2023-04-19T00:32:14 IST" skipped="0">
  <testcase classname="com.ae.qa.testcasesTenantAdmin.TenantUsersPageTestTA" name="ValidateCreatingWorkflowAdminTest" time="56.639"/>
  <system-out>
    <![CDATA[User log in Successfully
started creating new Workflow Admin
Workflow Admin is created successfully
Workflow Admin created successfully
User signed out successfully]]>
  </system-out>
  <testcase classname="com.ae.qa.testcasesTenantAdmin.TenantUsersPageTestTA" name="ValidateCreatingTenantAdminTest" time="57.049"/>
  <system-out>
    <![CDATA[User log in Successfully
started creating new Tenant Admin
Tenant Admin is created successfully
Tenant Admin created successfully
User signed out successfully]]>
  </system-out>
  <testcase classname="com.ae.qa.testcasesTenantAdmin.TenantUsersPageTestTA" name="ValidateCreatingUserAdminTest" time="60.916"/>
  <system-out>
    <![CDATA[User log in Successfully
started creating new User Admin
User Admin is created successfully
User Admin created successfully
User signed out successfully]]>
  </system-out>
  <testcase classname="com.ae.qa.testcasesTenantAdmin.TenantUsersPageTestTA" name="ValidateCreatingTenantUserTest" time="59.078"/>
  <system-out>
    <![CDATA[User log in Successfully
started creating new Tenant
User is created successfully
Tenant User created successfully
User signed out successfully]]>
  </system-out>
  <testcase classname="com.ae.qa.testcasesTenantAdmin.TenantUsersPageTestTA" name="ValidateUnverifiedStatusTest" time="86.217"/>
  <system-out>
    <![CDATA[User log in Successfully
started creating new Tenant
User is created successfully
Tenant User created successfully
User signed out successfully
User log in Successfully
Actual Status of New Tenant user is :UNVERIFIED
Expected Status of New Tenant user is :UNVERIFIED
Status of newly created user is UNVERIFIED, verified successfully
User signed out successfully]]>
  </system-out>
  <testcase classname="com.ae.qa.testcasesTenantAdmin.TenantUsersPageTestTA" name="ValidateActiveStatusTest" time="55.165"/>
  <system-out>
    <![CDATA[User changed first time password of User Successfully
User log in Successfully
User signed out successfully
Login into TA to verify status
Actual Status of Tenant user after changing password is :ACTIVE
Expected Status of Tenant user after changing password is :ACTIVE
Status of user whose First time password changed is ACTIVE, verified successfully
User signed out successfully]]>
  </system-out>
  <testcase classname="com.ae.qa.testcasesTenantAdmin.TenantUsersPageTestTA" name="valiateEnableLockedUserTest" time="49.882"/>
  <system-out>
    <![CDATA[User log in Successfully
Locked button clicked
Action is selected to UNLOCK user and next button is clicked
MadhuRani1enabled successfully
User signed out successfully]]>
  </system-out>
  <testcase classname="com.ae.qa.testcasesTenantAdmin.TenantUsersPageTestTA" name="ValidateBulkUserUploadWithEmailTest" time="104.188"/>
  <system-out>
    <![CDATA[Tenant Admin signed in successfully
Users tab is clicked
Tenant Users tab is clicked
Dropdown Selector button is selected
Native Users is Selected
Bulk User file is uploaded
Rohil
Omkar
Bulk User file is uploaded
Users tab is clicked
User signed out successfully
User changed first time password of User Successfully
User signed out successfully]]>
  </system-out>
  <testcase classname="com.ae.qa.testcasesTenantAdmin.TenantUsersPageTestTA" name="ValidateBulkUserUploadWithoutEmailTest" time="96.432"/>
  <system-out>
    <![CDATA[Tenant Admin signed in successfully
Users tab is clicked
Tenant Users tab is clicked
Dropdown Selector button is selected
Native Users is Selected
Bulk User file is uploaded
Suyash
Jitin
Bulk User file is uploaded
Users tab is clicked
User signed out successfully
User changed first time password of User Successfully
User signed out successfully]]>
  </system-out>
  <testcase classname="com.ae.qa.testcasesTenantAdmin.TenantUsersPageTestTA" name="ValidateUnlockUserAccessApplicationTest" time="34.060"/>
  <system-out>
    <![CDATA[User changed first time password of User Successfully
User is able to access the application as per his role
User signed out successfully]]>
  </system-out>
  <testcase classname="com.ae.qa.testcasesTenantAdmin.TenantUsersPageTestTA" name="ValidateEnableUser" time="126.870">
    <failure message="Appropriate message is not loaded expected [Your account is inaccessible . Please contact your Administrator.] but found []" type="java.lang.AssertionError">
      <![CDATA[java.lang.AssertionError: Appropriate message is not loaded expected [Your account is inaccessible . Please contact your Administrator.] but found []
at org.testng.Assert.fail(Assert.java:110)
at org.testng.Assert.failNotEquals(Assert.java:1413)
at org.testng.Assert.assertEqualsImpl(Assert.java:149)
at org.testng.Assert.assertEquals(Assert.java:131)
at org.testng.Assert.assertEquals(Assert.java:655)
at com.ae.qa.pagesTenantAdmin.TenantUsersPageTA.validateEnableUser(TenantUsersPageTA.java:545)
at com.ae.qa.testcasesTenantAdmin.TenantUsersPageTestTA.ValidateEnableUser(TenantUsersPageTestTA.java:146)
at java.base/jdk.internal.reflect.NativeMethodAccessorImpl.invoke0(Native Method)
at java.base/jdk.internal.reflect.NativeMethodAccessorImpl.invoke(NativeMethodAccessorImpl.java:77)
at java.base/jdk.internal.reflect.DelegatingMethodAccessorImpl.invoke(DelegatingMethodAccessorImpl.java:43)
at java.base/java.lang.reflect.Method.invoke(Method.java:568)
at org.testng.internal.invokers.MethodInvocationHelper.invokeMethod(MethodInvocationHelper.java:139)
at org.testng.internal.invokers.TestInvoker.invokeMethod(TestInvoker.java:677)
at org.testng.internal.invokers.TestInvoker.invokeTestMethod(TestInvoker.java:221)
at org.testng.internal.invokers.MethodRunner.runInSequence(MethodRunner.java:50)
at org.testng.internal.invokers.TestInvoker$MethodInvocationAgent.invoke(TestInvoker.java:962)
at org.testng.internal.invokers.TestInvoker.invokeTestMethods(TestInvoker.java:194)
at org.testng.internal.invokers.TestMethodWorker.invokeTestMethods(TestMethodWorker.java:148)
at org.testng.internal.invokers.TestMethodWorker.run(TestMethodWorker.java:128)
at java.base/java.util.concurrent.ThreadPoolExecutor.runWorker(ThreadPoolExecutor.java:1136)
at java.base/java.util.concurrent.ThreadPoolExecutor$Worker.run(ThreadPoolExecutor.java:635)
at java.base/java.lang.Thread.run(Thread.java:833)
]]>
    </failure>
  </testcase> <!-- ValidateEnableUser -->
  <system-out>
    <![CDATA[User log in Successfully
started creating new Tenant User
Tenant User is created successfully
Tenant User created successfully
User signed out successfully
Tenant Admin signed in successfully
Users tab is clicked
Tenant Users tab is clicked
User signed out successfully
User changed first time password of User Successfully
Tenant User signed in successfully
User signed out successfully
Tenant Admin signed in successfully
Users tab is clicked
Tenant Users tab is clicked
Active button is clicked
Disabled button is clicked
User signed out successfully
Actual Message on screen is:  and Expected message is: Your account is inaccessible . Please contact your Administrator.]]>
  </system-out>
  <testcase classname="com.ae.qa.testcasesTenantAdmin.TenantUsersPageTestTA" name="ValidateDisabledUserTuserTest" time="107.140"/>
  <system-out>
    <![CDATA[User log in Successfully
started creating new Tenant
User is created successfully
Tenant User created successfully
User signed out successfully
User changed first time password of User Successfully
User signed out successfully
Tenant Admin signed in successfully
Users tab is clicked
Tenant Users tab is clicked
Active button is clicked
Disabled button is clicked
User signed out successfully]]>
  </system-out>
  <testcase classname="com.ae.qa.testcasesTenantAdmin.TenantUsersPageTestTA" name="validateDisabledDeleteTuserTest" time="39.502"/>
  <system-out>
    <![CDATA[Tenant Admin signed in successfully
Users tab is clicked
Tenant Users tab is clicked
Delete this user checkbox is selected
User signed out successfully]]>
  </system-out>
  <testcase classname="com.ae.qa.testcasesTenantAdmin.TenantUsersPageTestTA" name="validateEditTenantUserTest" time="92.622">
    <failure message="Tenant User details not edited successfully expected [User updated successfully] but found []" type="java.lang.AssertionError">
      <![CDATA[java.lang.AssertionError: Tenant User details not edited successfully expected [User updated successfully] but found []
at org.testng.Assert.fail(Assert.java:110)
at org.testng.Assert.failNotEquals(Assert.java:1413)
at org.testng.Assert.assertEqualsImpl(Assert.java:149)
at org.testng.Assert.assertEquals(Assert.java:131)
at org.testng.Assert.assertEquals(Assert.java:655)
at com.ae.qa.pagesTenantAdmin.TenantUsersPageTA.validateEditTenantUser(TenantUsersPageTA.java:722)
at com.ae.qa.testcasesTenantAdmin.TenantUsersPageTestTA.validateEditTenantUserTest(TenantUsersPageTestTA.java:179)
at java.base/jdk.internal.reflect.NativeMethodAccessorImpl.invoke0(Native Method)
at java.base/jdk.internal.reflect.NativeMethodAccessorImpl.invoke(NativeMethodAccessorImpl.java:77)
at java.base/jdk.internal.reflect.DelegatingMethodAccessorImpl.invoke(DelegatingMethodAccessorImpl.java:43)
at java.base/java.lang.reflect.Method.invoke(Method.java:568)
at org.testng.internal.invokers.MethodInvocationHelper.invokeMethod(MethodInvocationHelper.java:139)
at org.testng.internal.invokers.TestInvoker.invokeMethod(TestInvoker.java:677)
at org.testng.internal.invokers.TestInvoker.invokeTestMethod(TestInvoker.java:221)
at org.testng.internal.invokers.MethodRunner.runInSequence(MethodRunner.java:50)
at org.testng.internal.invokers.TestInvoker$MethodInvocationAgent.invoke(TestInvoker.java:962)
at org.testng.internal.invokers.TestInvoker.invokeTestMethods(TestInvoker.java:194)
at org.testng.internal.invokers.TestMethodWorker.invokeTestMethods(TestMethodWorker.java:148)
at org.testng.internal.invokers.TestMethodWorker.run(TestMethodWorker.java:128)
at java.base/java.util.concurrent.ThreadPoolExecutor.runWorker(ThreadPoolExecutor.java:1136)
at java.base/java.util.concurrent.ThreadPoolExecutor$Worker.run(ThreadPoolExecutor.java:635)
at java.base/java.lang.Thread.run(Thread.java:833)
]]>
    </failure>
  </testcase> <!-- validateEditTenantUserTest -->
  <system-out>
    <![CDATA[User log in Successfully
started creating new Workflow Admin
Workflow Admin is created successfully
Workflow Admin created successfully
User signed out successfully
User changed first time password of User Successfully
Current Tenant Role is Workflow Admin
User signed out successfully
User log in Successfully
Users Tab is Clicked
TenantUsers Tab is Clicked
Edit Button is clicked
Email Id is edited successfully
New Role is edited successfully
Save Button is clicked]]>
  </system-out>
  <testcase classname="com.ae.qa.testcasesTenantAdmin.TenantUsersPageTestTA" name="validateCreateActivityMonitorSpaceInUsernameTest" time="101.526"/>
  <system-out>
    <![CDATA[User log in Successfully
started creating new Activity Monitor
Activity Monitor is created successfully
Activity Monitor created successfully
User signed out successfully
User changed first time password of User Successfully
Activity Monitor role with space in username is created successfully
User signed out successfully]]>
  </system-out>
  <testcase classname="com.ae.qa.testcasesTenantAdmin.TenantUsersPageTestTA" name="validateCreateAgentAdminApostropheLastnameTest" time="80.605"/>
  <system-out>
    <![CDATA[User log in Successfully
started creating new Agent Admin
Agent Admin is created successfully
Agent Admin created successfully
User signed out successfully
User changed first time password of User Successfully
Agent admin role with Apostrophe in last name is created successfully
User signed out successfully]]>
  </system-out>
  <testcase classname="com.ae.qa.testcasesTenantAdmin.TenantUsersPageTestTA" name="validateCreateUserAdminEmailidUsernameTest" time="81.495"/>
  <system-out>
    <![CDATA[User log in Successfully
started creating new User Admin
User Admin is created successfully
User Admin created successfully
User signed out successfully
User changed first time password of User Successfully
User admin role with Email id in username is created successfully
User signed out successfully]]>
  </system-out>
</testsuite> <!-- com.ae.qa.testcasesTenantAdmin.TenantUsersPageTestTA -->
