<?xml version="1.0" encoding="UTF-8"?>
<!-- Generated by org.testng.reporters.JUnitReportReporter -->
<testsuite hostname="aedbserver" failures="0" tests="11" name="com.ae.qa.testcasesTenantAdmin.SchedulerPageTestTA" time="633.711" errors="0" timestamp="2023-04-19T00:32:14 IST" skipped="0">
  <testcase classname="com.ae.qa.testcasesTenantAdmin.SchedulerPageTestTA" name="validateDailyScheduleTest" time="79.025"/>
  <system-out>
    <![CDATA[User logged in successfully
Workflows Tab is clicked
Scheduler tab clicked
Add new Button clicked
Schedule form details started
Schedule submitted
Actual Success Msg:Schedule created successfully
Expected Success Msg:Schedule created successfully
Daily Schedule created successfully
User signed out successfully]]>
  </system-out>
  <testcase classname="com.ae.qa.testcasesTenantAdmin.SchedulerPageTestTA" name="validateEditDailyScheduleTest" time="49.501"/>
  <system-out>
    <![CDATA[User logged in successfully
Workflows Tab is clicked
Scheduler tab clicked
End date changed
Submit button clicked
Actual Success Msg:Schedule Edited successfully
Expected Success Msg:Schedule Edited successfully
Schedule edited successfully
User signed out successfully]]>
  </system-out>
  <testcase classname="com.ae.qa.testcasesTenantAdmin.SchedulerPageTestTA" name="validateWeeklyScheduleTest" time="91.666"/>
  <system-out>
    <![CDATA[User logged in successfully
Workflows Tab is clicked
Scheduler tab clicked
Add new Button clicked
Schedule form details started
Start day selected
End day selected
Schedule type selected
Repeat Every checkbox is selected
Repeat time is selcted
End Time is selected
Schedule submitted
Actual Success Msg:Schedule created successfully
Expected Success Msg:Schedule created successfully
Weekly Schedule created successfully
User signed out successfully]]>
  </system-out>
  <testcase classname="com.ae.qa.testcasesTenantAdmin.SchedulerPageTestTA" name="validateMonthlyScheduleTest" time="100.655"/>
  <system-out>
    <![CDATA[User logged in successfully
Workflows Tab is clicked
Scheduler tab clicked
Add new Button clicked
Schedule form details started
Repeat Every checkbox is selected
Repeat time is selcted
End Time is selected
Schedule submitted
Actual Success Msg:Schedule created successfully
Expected Success Msg:Schedule created successfully
Weekly Schedule created successfully
User signed out successfully]]>
  </system-out>
  <testcase classname="com.ae.qa.testcasesTenantAdmin.SchedulerPageTestTA" name="validateInfineScheduleTest" time="93.632"/>
  <system-out>
    <![CDATA[User logged in successfully
Workflows Tab is clicked
Scheduler tab clicked
Add new Button clicked
Schedule form details started
Run Schedule Infinitely checbox selected
Repeat Every checkbox is selected
Repeat time is selcted
Schedule submitted
Actual Success Msg:Schedule created successfully
Expected Success Msg:Schedule created successfully
Infinite Weekly Schedule created successfully
User signed out successfully]]>
  </system-out>
  <testcase classname="com.ae.qa.testcasesTenantAdmin.SchedulerPageTestTA" name="validateTransferScheduleTest" time="36.648"/>
  <system-out>
    <![CDATA[User logged in successfully
Workflows Tab is clicked
Scheduler tab clicked
Add Transfer Schedule button is clicked
User from whom schedule needs to transfer is selcted
User to whom schedule needs to is selcted
Transfer button clicked
Actual Success Msg:Schedules transferred successfully
Expected Success Msg:Schedules transferred successfully
Schedule transfered successfully
User signed out successfully]]>
  </system-out>
  <testcase classname="com.ae.qa.testcasesTenantAdmin.SchedulerPageTestTA" name="validateSchedulerPageTATest" time="27.565"/>
  <system-out>
    <![CDATA[User log in Successfully
Actual page title displayed on screen is: Scheduler and Expected page title is: Scheduler
Respective Page is clicked and appropriate page is loaded properly
User signed out successfully]]>
  </system-out>
  <testcase classname="com.ae.qa.testcasesTenantAdmin.SchedulerPageTestTA" name="validateDeleteScheduleTest" time="42.414"/>
  <system-out>
    <![CDATA[User logged in successfully
Workflows Tab is clicked
Scheduler tab clicked
Schedule got disable
Delete schedule button clicked
Actual Success Msg:For automation deleted successfully
Expected Success Msg:For automation deleted successfully
Schedule deleted successfully
User signed out successfully]]>
  </system-out>
  <testcase classname="com.ae.qa.testcasesTenantAdmin.SchedulerPageTestTA" name="validateEditWeeklyScheduleTest" time="39.585"/>
  <system-out>
    <![CDATA[User logged in successfully
Workflows Tab is clicked
Scheduler tab clicked
Repeat time is selcted
Submit button clicked
Actual Success Msg:Schedule Edited successfully
Expected Success Msg:Schedule Edited successfully
Schedule edited successfully
User signed out successfully]]>
  </system-out>
  <testcase classname="com.ae.qa.testcasesTenantAdmin.SchedulerPageTestTA" name="validateEditMonthlyScheduleTest" time="32.738"/>
  <system-out>
    <![CDATA[User logged in successfully
Workflows Tab is clicked
Scheduler tab clicked
Submit button clicked
Actual Success Msg:Schedule Edited successfully
Expected Success Msg:Schedule Edited successfully
Schedule edited successfully
User signed out successfully]]>
  </system-out>
  <testcase classname="com.ae.qa.testcasesTenantAdmin.SchedulerPageTestTA" name="validateEditInfineScheduleTest" time="40.282"/>
  <system-out>
    <![CDATA[User logged in successfully
Workflows Tab is clicked
Scheduler tab clicked
Repeat Every checkbox is unselected
Submit button clicked
Actual Success Msg:Schedule Edited successfully
Expected Success Msg:Schedule Edited successfully
Schedule edited successfully
User signed out successfully]]>
  </system-out>
</testsuite> <!-- com.ae.qa.testcasesTenantAdmin.SchedulerPageTestTA -->
