<?xml version="1.0" encoding="UTF-8"?>
<!-- Generated by org.testng.reporters.JUnitReportReporter -->
<testsuite hostname="DESKTOP-5VHKQUJ" failures="1" tests="4" name="com.ae.qa.testcasesTenantUser.AgentListPageTestTU" time="266.316" errors="0" timestamp="06 Feb 2023 07:57:12 GMT" skipped="0">
  <testcase classname="com.ae.qa.testcasesTenantUser.AgentListPageTestTU" name="validateAssistedAgentDownloadTUTest" time="154.893"/>
  <testcase classname="com.ae.qa.testcasesTenantUser.AgentListPageTestTU" name="validateCheckAgentStatusTUTest" time="26.588"/>
  <testcase classname="com.ae.qa.testcasesTenantUser.AgentListPageTestTU" name="validateEditAssistedAgentNameTUTest" time="33.454">
    <failure message="Assisted Agent Name did not get changed expected [Access Denied] but found [Changes saved to the agent]" type="java.lang.AssertionError">
      <![CDATA[java.lang.AssertionError: Assisted Agent Name did not get changed expected [Access Denied] but found [Changes saved to the agent]
at org.testng.Assert.fail(Assert.java:96)
at org.testng.Assert.failNotEquals(Assert.java:776)
at org.testng.Assert.assertEqualsImpl(Assert.java:137)
at org.testng.Assert.assertEquals(Assert.java:118)
at org.testng.Assert.assertEquals(Assert.java:453)
at com.ae.qa.pages.TenantUser.AgentListPageTU.validateEditAssistedAgentNameTU(AgentListPageTU.java:130)
at com.ae.qa.testcasesTenantUser.AgentListPageTestTU.validateEditAssistedAgentNameTUTest(AgentListPageTestTU.java:43)
at java.base/jdk.internal.reflect.NativeMethodAccessorImpl.invoke0(Native Method)
at java.base/jdk.internal.reflect.NativeMethodAccessorImpl.invoke(NativeMethodAccessorImpl.java:78)
at java.base/jdk.internal.reflect.DelegatingMethodAccessorImpl.invoke(DelegatingMethodAccessorImpl.java:43)
at java.base/java.lang.reflect.Method.invoke(Method.java:567)
at org.testng.internal.MethodInvocationHelper.invokeMethod(MethodInvocationHelper.java:124)
at org.testng.internal.Invoker.invokeMethod(Invoker.java:583)
at org.testng.internal.Invoker.invokeTestMethod(Invoker.java:719)
at org.testng.internal.Invoker.invokeTestMethods(Invoker.java:989)
at org.testng.internal.TestMethodWorker.invokeTestMethods(TestMethodWorker.java:125)
at org.testng.internal.TestMethodWorker.run(TestMethodWorker.java:109)
at java.base/java.util.concurrent.ThreadPoolExecutor.runWorker(ThreadPoolExecutor.java:1130)
at java.base/java.util.concurrent.ThreadPoolExecutor$Worker.run(ThreadPoolExecutor.java:630)
at java.base/java.lang.Thread.run(Thread.java:831)
]]>
    </failure>
  </testcase> <!-- validateEditAssistedAgentNameTUTest -->
  <testcase classname="com.ae.qa.testcasesTenantUser.AgentListPageTestTU" name="validateAssistedAgentDeleteTUTest" time="51.381"/>
</testsuite> <!-- com.ae.qa.testcasesTenantUser.AgentListPageTestTU -->
