<?xml version="1.0" encoding="UTF-8"?>
<!-- Generated by org.testng.reporters.JUnitReportReporter -->
<testsuite hostname="DESKTOP-5VHKQUJ" failures="0" tests="4" name="com.ae.qa.testcasesUserAdmin.TenantUsersPageTestUA" time="306.385" errors="0" timestamp="06 Feb 2023 07:57:12 GMT" skipped="0">
  <testcase classname="com.ae.qa.testcasesUserAdmin.TenantUsersPageTestUA" name="validateCreateUserWithoutEmailUATest" time="76.605"/>
  <testcase classname="com.ae.qa.testcasesUserAdmin.TenantUsersPageTestUA" name="validateCreateUserWithEmailUATest" time="79.922"/>
  <testcase classname="com.ae.qa.testcasesUserAdmin.TenantUsersPageTestUA" name="validateEditUserUATest" time="47.595"/>
  <testcase classname="com.ae.qa.testcasesUserAdmin.TenantUsersPageTestUA" name="validateBulkUserUploadWithEmailUATest" time="102.263"/>
</testsuite> <!-- com.ae.qa.testcasesUserAdmin.TenantUsersPageTestUA -->
