<?xml version="1.0" encoding="UTF-8"?>
<!-- Generated by org.testng.reporters.JUnitReportReporter -->
<testsuite hostname="DESKTOP-5VHKQUJ" failures="1" tests="1" name="com.ae.qa.testcasesTenantAdmin.IntegrationTypeConfigPageTestTA" time="65.252" errors="0" timestamp="09 Jan 2023 07:46:56 GMT" skipped="0">
  <testcase classname="com.ae.qa.testcasesTenantAdmin.IntegrationTypeConfigPageTestTA" name="validateTypeConfBothTATest" time="65.252">
    <failure message="Integration Type configuration fail expected [Integration configuration [RemedyForce service requests] created] but found [Integration configuration [RemedyForce service requests] test connection failed!!]" type="java.lang.AssertionError">
      <![CDATA[java.lang.AssertionError: Integration Type configuration fail expected [Integration configuration [RemedyForce service requests] created] but found [Integration configuration [RemedyForce service requests] test connection failed!!]
at org.testng.Assert.fail(Assert.java:96)
at org.testng.Assert.failNotEquals(Assert.java:776)
at org.testng.Assert.assertEqualsImpl(Assert.java:137)
at org.testng.Assert.assertEquals(Assert.java:118)
at org.testng.Assert.assertEquals(Assert.java:453)
at com.ae.qa.pagesTenantAdmin.IntegrationTypeConfigPageTA.validateTypeConfBothTA(IntegrationTypeConfigPageTA.java:181)
at com.ae.qa.testcasesTenantAdmin.IntegrationTypeConfigPageTestTA.validateTypeConfBothTATest(IntegrationTypeConfigPageTestTA.java:28)
at java.base/jdk.internal.reflect.NativeMethodAccessorImpl.invoke0(Native Method)
at java.base/jdk.internal.reflect.NativeMethodAccessorImpl.invoke(NativeMethodAccessorImpl.java:78)
at java.base/jdk.internal.reflect.DelegatingMethodAccessorImpl.invoke(DelegatingMethodAccessorImpl.java:43)
at java.base/java.lang.reflect.Method.invoke(Method.java:567)
at org.testng.internal.MethodInvocationHelper.invokeMethod(MethodInvocationHelper.java:124)
at org.testng.internal.Invoker.invokeMethod(Invoker.java:583)
at org.testng.internal.Invoker.invokeTestMethod(Invoker.java:719)
at org.testng.internal.Invoker.invokeTestMethods(Invoker.java:989)
at org.testng.internal.TestMethodWorker.invokeTestMethods(TestMethodWorker.java:125)
at org.testng.internal.TestMethodWorker.run(TestMethodWorker.java:109)
at java.base/java.util.concurrent.ThreadPoolExecutor.runWorker(ThreadPoolExecutor.java:1130)
at java.base/java.util.concurrent.ThreadPoolExecutor$Worker.run(ThreadPoolExecutor.java:630)
at java.base/java.lang.Thread.run(Thread.java:831)
]]>
    </failure>
  </testcase> <!-- validateTypeConfBothTATest -->
</testsuite> <!-- com.ae.qa.testcasesTenantAdmin.IntegrationTypeConfigPageTestTA -->
