<?xml version="1.0" encoding="UTF-8"?>
<!-- Generated by org.testng.reporters.JUnitReportReporter -->
<testsuite hostname="DESKTOP-5VHKQUJ" failures="0" tests="3" name="com.ae.qa.testcasesTenantAdmin.TenantPolicyPageTestTA" time="262.715" errors="0" timestamp="09 Jan 2023 07:46:56 GMT" skipped="0">
  <testcase classname="com.ae.qa.testcasesTenantAdmin.TenantPolicyPageTestTA" name="validatePswdComplexityTATest" time="48.252"/>
  <testcase classname="com.ae.qa.testcasesTenantAdmin.TenantPolicyPageTestTA" name="validatePasswordHistoryTATest" time="79.466"/>
  <testcase classname="com.ae.qa.testcasesTenantAdmin.TenantPolicyPageTestTA" name="validateNoOfAttemptsTATest" time="134.997"/>
</testsuite> <!-- com.ae.qa.testcasesTenantAdmin.TenantPolicyPageTestTA -->
