<?xml version="1.0" encoding="UTF-8"?>
<!-- Generated by org.testng.reporters.JUnitReportReporter -->
<testsuite hostname="aedbserver" failures="1" tests="3" name="com.ae.qa.testcasesTenantAdmin.SmtpPageTestTA" time="117.103" errors="0" timestamp="2023-04-19T00:32:14 IST" skipped="0">
  <testcase classname="com.ae.qa.testcasesTenantAdmin.SmtpPageTestTA" name="validateAddSmtpServerTATest" time="54.096"/>
  <system-out>
    <![CDATA[User logged in successfully
Settings tab clicked
SMTP tab clicked
Add smtp config button clicked
Tested connection successfully
Smtp configured successfully
User signed out successfully]]>
  </system-out>
  <testcase classname="com.ae.qa.testcasesTenantAdmin.SmtpPageTestTA" name="validateEditSmtpServerTATest" time="34.097">
    <failure message="SMTP configuration Failed expected [AutomationEdge successfully configured for mail services] but found []" type="java.lang.AssertionError">
      <![CDATA[java.lang.AssertionError: SMTP configuration Failed expected [AutomationEdge successfully configured for mail services] but found []
at org.testng.Assert.fail(Assert.java:110)
at org.testng.Assert.failNotEquals(Assert.java:1413)
at org.testng.Assert.assertEqualsImpl(Assert.java:149)
at org.testng.Assert.assertEquals(Assert.java:131)
at org.testng.Assert.assertEquals(Assert.java:655)
at com.ae.qa.pagesTenantAdmin.SmtpPageTA.validateEditSmtpServerTA(SmtpPageTA.java:158)
at com.ae.qa.testcasesTenantAdmin.SmtpPageTestTA.validateEditSmtpServerTATest(SmtpPageTestTA.java:38)
at java.base/jdk.internal.reflect.NativeMethodAccessorImpl.invoke0(Native Method)
at java.base/jdk.internal.reflect.NativeMethodAccessorImpl.invoke(NativeMethodAccessorImpl.java:77)
at java.base/jdk.internal.reflect.DelegatingMethodAccessorImpl.invoke(DelegatingMethodAccessorImpl.java:43)
at java.base/java.lang.reflect.Method.invoke(Method.java:568)
at org.testng.internal.invokers.MethodInvocationHelper.invokeMethod(MethodInvocationHelper.java:139)
at org.testng.internal.invokers.TestInvoker.invokeMethod(TestInvoker.java:677)
at org.testng.internal.invokers.TestInvoker.invokeTestMethod(TestInvoker.java:221)
at org.testng.internal.invokers.MethodRunner.runInSequence(MethodRunner.java:50)
at org.testng.internal.invokers.TestInvoker$MethodInvocationAgent.invoke(TestInvoker.java:962)
at org.testng.internal.invokers.TestInvoker.invokeTestMethods(TestInvoker.java:194)
at org.testng.internal.invokers.TestMethodWorker.invokeTestMethods(TestMethodWorker.java:148)
at org.testng.internal.invokers.TestMethodWorker.run(TestMethodWorker.java:128)
at java.base/java.util.concurrent.ThreadPoolExecutor.runWorker(ThreadPoolExecutor.java:1136)
at java.base/java.util.concurrent.ThreadPoolExecutor$Worker.run(ThreadPoolExecutor.java:635)
at java.base/java.lang.Thread.run(Thread.java:833)
]]>
    </failure>
  </testcase> <!-- validateEditSmtpServerTATest -->
  <system-out>
    <![CDATA[User logged in successfully
Settings tab clicked
SMTP tab clicked
Edit button clicked
Tested connection successfully]]>
  </system-out>
  <testcase classname="com.ae.qa.testcasesTenantAdmin.SmtpPageTestTA" name="validateDeleteSmtpServerTATest" time="28.910"/>
  <system-out>
    <![CDATA[User logged in successfully
Settings tab clicked
SMTP tab clicked
Delete button clicked
Confirmation popup agree for deletion
Smtp Configuration details deleted successfully
User signed out successfully]]>
  </system-out>
</testsuite> <!-- com.ae.qa.testcasesTenantAdmin.SmtpPageTestTA -->
