<?xml version="1.0" encoding="UTF-8"?>
<!-- Generated by org.testng.reporters.JUnitReportReporter -->
<testsuite hostname="DESKTOP-5VHKQUJ" failures="0" tests="4" name="com.ae.qa.testcasesWorkflowAdmin.CategoriesPageTestWA" time="154.900" errors="0" timestamp="06 Feb 2023 07:57:12 GMT" skipped="0">
  <testcase classname="com.ae.qa.testcasesWorkflowAdmin.CategoriesPageTestWA" name="ValidateCreateCategoryWATest" time="38.700"/>
  <testcase classname="com.ae.qa.testcasesWorkflowAdmin.CategoriesPageTestWA" name="ValidateEditCategoryWATest" time="44.988"/>
  <testcase classname="com.ae.qa.testcasesWorkflowAdmin.CategoriesPageTestWA" name="ValidateAssignWFToCategoryWATest" time="35.882"/>
  <testcase classname="com.ae.qa.testcasesWorkflowAdmin.CategoriesPageTestWA" name="ValidateRemoveWFFromCategoryWATest" time="35.330"/>
</testsuite> <!-- com.ae.qa.testcasesWorkflowAdmin.CategoriesPageTestWA -->
