<?xml version="1.0" encoding="UTF-8"?>
<!-- Generated by org.testng.reporters.JUnitReportReporter -->
<testsuite hostname="DESKTOP-5VHKQUJ" failures="0" tests="8" name="com.ae.qa.testcasesWorkflowAdmin.RequestsPageTestWA" time="514.076" errors="0" timestamp="06 Feb 2023 07:57:12 GMT" skipped="0">
  <testcase classname="com.ae.qa.testcasesWorkflowAdmin.RequestsPageTestWA" name="validatecheckColumnsInRequestsWATest" time="28.083"/>
  <testcase classname="com.ae.qa.testcasesWorkflowAdmin.RequestsPageTestWA" name="validatedeselectAllInRequestsWATest" time="30.464"/>
  <testcase classname="com.ae.qa.testcasesWorkflowAdmin.RequestsPageTestWA" name="validateSpecificColumnInRequestsWATest" time="42.248"/>
  <testcase classname="com.ae.qa.testcasesWorkflowAdmin.RequestsPageTestWA" name="validateRequestFailureReasonWATest" time="159.242"/>
  <testcase classname="com.ae.qa.testcasesWorkflowAdmin.RequestsPageTestWA" name="validateDownloadRequestWATest" time="30.964"/>
  <testcase classname="com.ae.qa.testcasesWorkflowAdmin.RequestsPageTestWA" name="validateRequestStatusWATest" time="53.267"/>
  <testcase classname="com.ae.qa.testcasesWorkflowAdmin.RequestsPageTestWA" name="validateRestartRequestWATest" time="24.754"/>
  <testcase classname="com.ae.qa.testcasesWorkflowAdmin.RequestsPageTestWA" name="validateTerminateRequestWATest" time="145.054"/>
</testsuite> <!-- com.ae.qa.testcasesWorkflowAdmin.RequestsPageTestWA -->
