<?xml version="1.0" encoding="UTF-8"?>
<!-- Generated by org.testng.reporters.JUnitReportReporter -->
<testsuite hostname="DESKTOP-5VHKQUJ" failures="0" tests="1" name="com.ae.qa.testcasesTenantAdmin.CataloguePageTestTA" time="38.427" errors="0" timestamp="09 Jan 2023 07:46:56 GMT" skipped="0">
  <testcase classname="com.ae.qa.testcasesTenantAdmin.CataloguePageTestTA" name="validateSubmitRequestTest" time="38.427"/>
</testsuite> <!-- com.ae.qa.testcasesTenantAdmin.CataloguePageTestTA -->
