<?xml version="1.0" encoding="UTF-8"?>
<!-- Generated by org.testng.reporters.JUnitReportReporter -->
<testsuite hostname="DESKTOP-5VHKQUJ" failures="0" tests="24" name="com.ae.qa.testcases.SystemUsersPageTest" time="974.253" errors="0" timestamp="30 Jan 2023 08:09:43 GMT" skipped="0">
  <testcase classname="com.ae.qa.testcases.SystemUsersPageTest" name="validateAdvSearchForUserNameEqualToSystemUserPageTest" time="44.288"/>
  <testcase classname="com.ae.qa.testcases.SystemUsersPageTest" name="validateAdvSearchForUserNameNotEqualToSystemUserPageTest" time="32.299"/>
  <testcase classname="com.ae.qa.testcases.SystemUsersPageTest" name="validateAdvSearchForUserNameIsLikeSystemUserPageTest" time="37.366"/>
  <testcase classname="com.ae.qa.testcases.SystemUsersPageTest" name="validateAdvSearchForUserNameBeginsWithSystemUserPageTest" time="37.911"/>
  <testcase classname="com.ae.qa.testcases.SystemUsersPageTest" name="validateAdvSearchForUserNameEndsWithSystemUserPageTest" time="31.395"/>
  <testcase classname="com.ae.qa.testcases.SystemUsersPageTest" name="validateAdvSearchForFirstNameEqualToSystemUserPageTest" time="29.242"/>
  <testcase classname="com.ae.qa.testcases.SystemUsersPageTest" name="validateAdvSearchForFirstNameNotEqualToSystemUserPageTest" time="29.008"/>
  <testcase classname="com.ae.qa.testcases.SystemUsersPageTest" name="validateAdvSearchForFirstNameIsLikeSystemUserPageTest" time="34.175"/>
  <testcase classname="com.ae.qa.testcases.SystemUsersPageTest" name="validateAdvSearchForFirstNameBeginsWithSystemUserPageTest" time="35.844"/>
  <testcase classname="com.ae.qa.testcases.SystemUsersPageTest" name="validateAdvSearchForFirstNameEndsWithSystemUserPageTest" time="50.460"/>
  <testcase classname="com.ae.qa.testcases.SystemUsersPageTest" name="validateAdvSearchForLastNameEqualToSystemUserPageTest" time="28.322"/>
  <testcase classname="com.ae.qa.testcases.SystemUsersPageTest" name="validateAdvSearchForLastNameNotEqualToSystemUserPageTest" time="31.429"/>
  <testcase classname="com.ae.qa.testcases.SystemUsersPageTest" name="validateAdvSearchForLastNameIsLikeSystemUserPageTest" time="33.651"/>
  <testcase classname="com.ae.qa.testcases.SystemUsersPageTest" name="validateAdvSearchForLastNameBeginsWithSystemUserPageTest" time="43.648"/>
  <testcase classname="com.ae.qa.testcases.SystemUsersPageTest" name="validateAdvSearchForLastNameEndsWithSystemUserPageTest" time="34.393"/>
  <testcase classname="com.ae.qa.testcases.SystemUsersPageTest" name="validateCreatedEqualToSystemUserPageTest" time="45.018"/>
  <testcase classname="com.ae.qa.testcases.SystemUsersPageTest" name="validateCreatedBeforeSystemUserPageTest" time="60.830"/>
  <testcase classname="com.ae.qa.testcases.SystemUsersPageTest" name="validateCreatedAfterSystemUserPageTest" time="45.266"/>
  <testcase classname="com.ae.qa.testcases.SystemUsersPageTest" name="validateCreatedInBetweenSystemUserPageTest" time="48.337"/>
  <testcase classname="com.ae.qa.testcases.SystemUsersPageTest" name="validateLastUpdatedCreatedEqualToSystemUserPageTest" time="42.211"/>
  <testcase classname="com.ae.qa.testcases.SystemUsersPageTest" name="validateLastUpdatedCreatedBeforeSystemUserPageTest" time="57.516"/>
  <testcase classname="com.ae.qa.testcases.SystemUsersPageTest" name="validateLastUpdatedCreatedAfterSystemUserPageTest" time="47.184"/>
  <testcase classname="com.ae.qa.testcases.SystemUsersPageTest" name="validateLastUpdatedCreatedInBetweenSystemUserPageTest" time="45.984"/>
  <testcase classname="com.ae.qa.testcases.SystemUsersPageTest" name="validateLastUpdatedCreatedNotInBetweenSystemUserPageTest" time="48.476"/>
</testsuite> <!-- com.ae.qa.testcases.SystemUsersPageTest -->
