<?xml version="1.0" encoding="UTF-8"?>
<!-- Generated by org.testng.reporters.JUnitReportReporter -->
<testsuite hostname="aedbserver" failures="0" tests="3" name="com.ae.qa.testcasesWorkflowAdmin.InformationPageTestWA" time="122.429" errors="0" timestamp="2023-04-18T18:17:43 IST" skipped="0">
  <testcase classname="com.ae.qa.testcasesWorkflowAdmin.InformationPageTestWA" name="validateLastLoginWATest" time="33.890"/>
  <system-out>
    <![CDATA[User changed first time password of User Successfully
User log in Successfully
Last login time displayed successfully
User signed out successfully]]>
  </system-out>
  <testcase classname="com.ae.qa.testcasesWorkflowAdmin.InformationPageTestWA" name="validateViewProfileWATest" time="55.837"/>
  <system-out>
    <![CDATA[User logged in successfully
Profile details validation successfully.
User signed out successfully]]>
  </system-out>
  <testcase classname="com.ae.qa.testcasesWorkflowAdmin.InformationPageTestWA" name="validateAboutTabWATest" time="32.702"/>
  <system-out>
    <![CDATA[User log in successfully
User signed out successfully]]>
  </system-out>
</testsuite> <!-- com.ae.qa.testcasesWorkflowAdmin.InformationPageTestWA -->
