<?xml version="1.0" encoding="UTF-8"?>
<!-- Generated by org.testng.reporters.JUnitReportReporter -->
<testsuite hostname="aedbserver" failures="0" tests="1" name="com.ae.qa.testcasesTenantAdmin.DataSourcesPageTestTA" time="63.981" errors="0" timestamp="2023-04-19T00:32:14 IST" skipped="0">
  <testcase classname="com.ae.qa.testcasesTenantAdmin.DataSourcesPageTestTA" name="validateCreateDataSourcePostgresTest" time="63.981"/>
  <system-out>
    <![CDATA[User LogIn Succesfully
Report tab clicked
DataSource  tab clicked
Data-Source Form opened
Button Clicked
Create button is clicked.
Datsource created succesfully
User signed out successfully]]>
  </system-out>
</testsuite> <!-- com.ae.qa.testcasesTenantAdmin.DataSourcesPageTestTA -->
