<?xml version="1.0" encoding="UTF-8"?>
<!-- Generated by org.testng.reporters.JUnitReportReporter -->
<testsuite hostname="DESKTOP-5VHKQUJ" failures="0" tests="5" name="com.ae.qa.testcasesActivityMonitor.AgentListPageTestAM" time="139.969" errors="0" timestamp="06 Feb 2023 07:57:11 GMT" skipped="0">
  <testcase classname="com.ae.qa.testcasesActivityMonitor.AgentListPageTestAM" name="validateAssistedAgentDetailsAMTest" time="25.680"/>
  <testcase classname="com.ae.qa.testcasesActivityMonitor.AgentListPageTestAM" name="validateAgentDetailsAMTest" time="25.014"/>
  <testcase classname="com.ae.qa.testcasesActivityMonitor.AgentListPageTestAM" name="checkColumnsInAgentListAMTest" time="28.667"/>
  <testcase classname="com.ae.qa.testcasesActivityMonitor.AgentListPageTestAM" name="deselectAllInAgentListAMTest" time="25.761"/>
  <testcase classname="com.ae.qa.testcasesActivityMonitor.AgentListPageTestAM" name="SpecificColumnInAgentListAMTest" time="34.847"/>
</testsuite> <!-- com.ae.qa.testcasesActivityMonitor.AgentListPageTestAM -->
