<?xml version="1.0" encoding="UTF-8"?>
<!-- Generated by org.testng.reporters.JUnitReportReporter -->
<testsuite hostname="aedbserver" failures="0" tests="5" name="com.ae.qa.testcasesTenantAdmin.InformationPageTestTA" time="180.530" errors="0" timestamp="2023-04-27T19:48:52 IST" skipped="0">
  <testcase classname="com.ae.qa.testcasesTenantAdmin.InformationPageTestTA" name="validateLastLoginTATest" time="29.047"/>
  <system-out>
    <![CDATA[User logged in successfully
Last login time displayed successfully
User signed out successfully]]>
  </system-out>
  <testcase classname="com.ae.qa.testcasesTenantAdmin.InformationPageTestTA" name="validateViewProfileTATest" time="53.003"/>
  <system-out>
    <![CDATA[User logged in successfully
Profile details validation successfully.
User signed out successfully]]>
  </system-out>
  <testcase classname="com.ae.qa.testcasesTenantAdmin.InformationPageTestTA" name="validateSetTenantLogo" time="36.005"/>
  <system-out>
    <![CDATA[User log in successfully
Save button is clicked
Tenant logo uploaded successfully
User signed out successfully]]>
  </system-out>
  <testcase classname="com.ae.qa.testcasesTenantAdmin.InformationPageTestTA" name="validateRemoveTenantLogo" time="27.486"/>
  <system-out>
    <![CDATA[User log in successfully
Tenant logo removed successfully
User signed out successfully]]>
  </system-out>
  <testcase classname="com.ae.qa.testcasesTenantAdmin.InformationPageTestTA" name="validateAboutTabTest" time="34.989"/>
  <system-out>
    <![CDATA[User log in successfully
User signed out successfully]]>
  </system-out>
</testsuite> <!-- com.ae.qa.testcasesTenantAdmin.InformationPageTestTA -->
