<?xml version="1.0" encoding="UTF-8"?>
<!-- Generated by org.testng.reporters.JUnitReportReporter -->
<testsuite hostname="DESKTOP-5VHKQUJ" failures="0" tests="5" name="com.ae.qa.testcases.SystemSettingsPageTest" time="200.598" errors="0" timestamp="09 Jan 2023 07:46:56 GMT" skipped="0">
  <testcase classname="com.ae.qa.testcases.SystemSettingsPageTest" name="validateAgentServerNotSetTest" time="71.445"/>
  <testcase classname="com.ae.qa.testcases.SystemSettingsPageTest" name="validateInvalidURLTest" time="25.826"/>
  <testcase classname="com.ae.qa.testcases.SystemSettingsPageTest" name="validateServerUrlTest" time="35.028"/>
  <testcase classname="com.ae.qa.testcases.SystemSettingsPageTest" name="validateEditCleanUpRequest" time="38.166"/>
  <testcase classname="com.ae.qa.testcases.SystemSettingsPageTest" name="validateSystemSettingsPageTest" time="30.133"/>
</testsuite> <!-- com.ae.qa.testcases.SystemSettingsPageTest -->
