<?xml version="1.0" encoding="UTF-8"?>
<!-- Generated by org.testng.reporters.JUnitReportReporter -->
<testsuite hostname="DESKTOP-5VHKQUJ" failures="0" tests="3" name="com.ae.qa.testcasesTenantUser.InformationPageTestTU" time="113.631" errors="0" timestamp="06 Feb 2023 07:57:12 GMT" skipped="0">
  <testcase classname="com.ae.qa.testcasesTenantUser.InformationPageTestTU" name="validateLastLoginTUTest" time="33.342"/>
  <testcase classname="com.ae.qa.testcasesTenantUser.InformationPageTestTU" name="validateViewProfileTUTest" time="49.585"/>
  <testcase classname="com.ae.qa.testcasesTenantUser.InformationPageTestTU" name="validateAboutTabTUTest" time="30.704"/>
</testsuite> <!-- com.ae.qa.testcasesTenantUser.InformationPageTestTU -->
