<?xml version="1.0" encoding="UTF-8"?>
<!-- Generated by org.testng.reporters.JUnitReportReporter -->
<testsuite hostname="DESKTOP-5VHKQUJ" failures="0" tests="4" name="com.ae.qa.testcasesTenantUser.RequestPageTestTU" time="105.967" errors="0" timestamp="06 Feb 2023 07:57:12 GMT" skipped="0">
  <testcase classname="com.ae.qa.testcasesTenantUser.RequestPageTestTU" name="validateCheckColumnInRequestTUTest" time="23.523"/>
  <testcase classname="com.ae.qa.testcasesTenantUser.RequestPageTestTU" name="validateUncheckColumnInRequestTUTest" time="24.489"/>
  <testcase classname="com.ae.qa.testcasesTenantUser.RequestPageTestTU" name="validateSpecificColumnInRequestTUTest" time="30.203"/>
  <testcase classname="com.ae.qa.testcasesTenantUser.RequestPageTestTU" name="validateDownloadRequestTUTest" time="27.752"/>
</testsuite> <!-- com.ae.qa.testcasesTenantUser.RequestPageTestTU -->
