<?xml version="1.0" encoding="UTF-8"?>
<!-- Generated by org.testng.reporters.JUnitReportReporter -->
<testsuite hostname="DESKTOP-5VHKQUJ" failures="0" tests="2" name="com.ae.qa.testcasesAgentAdmin.PluginsPageTestAA" time="88.800" errors="0" timestamp="06 Feb 2023 07:57:12 GMT" skipped="0">
  <testcase classname="com.ae.qa.testcasesAgentAdmin.PluginsPageTestAA" name="validatePluginStepsAATest" time="42.855"/>
  <testcase classname="com.ae.qa.testcasesAgentAdmin.PluginsPageTestAA" name="validateWFPluginUtilizationAATest" time="45.945"/>
</testsuite> <!-- com.ae.qa.testcasesAgentAdmin.PluginsPageTestAA -->
