<?xml version="1.0" encoding="UTF-8"?>
<!-- Generated by org.testng.reporters.JUnitReportReporter -->
<testsuite hostname="DESKTOP-5VHKQUJ" failures="0" tests="8" name="com.ae.qa.testcasesTenantAdmin.CredentialsPageTestTA" time="347.830" errors="0" timestamp="09 Jan 2023 07:46:56 GMT" skipped="0">
  <testcase classname="com.ae.qa.testcasesTenantAdmin.CredentialsPageTestTA" name="ValidateCreateCredentialsTest" time="56.604"/>
  <testcase classname="com.ae.qa.testcasesTenantAdmin.CredentialsPageTestTA" name="ValidateEditCredentialsTest" time="63.627"/>
  <testcase classname="com.ae.qa.testcasesTenantAdmin.CredentialsPageTestTA" name="ValidateDuplicateCredentialsTest" time="44.417"/>
  <testcase classname="com.ae.qa.testcasesTenantAdmin.CredentialsPageTestTA" name="ValidateCreateCredentialPoolTest" time="39.747"/>
  <testcase classname="com.ae.qa.testcasesTenantAdmin.CredentialsPageTestTA" name="ValidateDuplicateCredentialPoolTest" time="34.568"/>
  <testcase classname="com.ae.qa.testcasesTenantAdmin.CredentialsPageTestTA" name="ValidateMoveCredentialToPoolTest" time="31.067"/>
  <testcase classname="com.ae.qa.testcasesTenantAdmin.CredentialsPageTestTA" name="ValidateDeleteCredentialPoolTest" time="43.724"/>
  <testcase classname="com.ae.qa.testcasesTenantAdmin.CredentialsPageTestTA" name="ValidateDeleteCredentialTest" time="34.076"/>
</testsuite> <!-- com.ae.qa.testcasesTenantAdmin.CredentialsPageTestTA -->
