<?xml version="1.0" encoding="UTF-8"?>
<!-- Generated by org.testng.reporters.JUnitReportReporter -->
<testsuite hostname="aedbserver" failures="0" tests="6" name="com.ae.qa.testcasesTenantAdmin.CategoriesPageTestTA" time="291.320" errors="0" timestamp="2023-04-19T00:32:14 IST" skipped="0">
  <testcase classname="com.ae.qa.testcasesTenantAdmin.CategoriesPageTestTA" name="ValidateCreateCategoryTest" time="60.830"/>
  <system-out>
    <![CDATA[User LogIn Succesfully
Categories tab clicked
Category name is entered which is only mandatory field
Actual Category created message is :Workflow category created successfully
Expected Category created message is :Workflow category created successfully
Category created succesfully
User signed out successfully]]>
  </system-out>
  <testcase classname="com.ae.qa.testcasesTenantAdmin.CategoriesPageTestTA" name="ValidateEditCategoryTest" time="54.542"/>
  <system-out>
    <![CDATA[User LogIn Succesfully
Categories tab clicked
Edit Button corresponding to required category is clicked
Category Description is entered
Actual Category edited message is :Workflow category updated successfully
Expected Category edited message is :Workflow category updated successfully
Category edited succesfully
User signed out successfully]]>
  </system-out>
  <testcase classname="com.ae.qa.testcasesTenantAdmin.CategoriesPageTestTA" name="ValidateAssignWFToCategoryTest" time="43.974"/>
  <system-out>
    <![CDATA[User LogIn Succesfully
Categories tab clicked
Workflow which needs to move is checked
category in which wf needs to move is selected from dropdown
Actual message is :Workflow(s) category changed successfully
Expected message is :Workflow(s) category changed successfully
Workflow assigned to category succesfully
User signed out successfully]]>
  </system-out>
  <testcase classname="com.ae.qa.testcasesTenantAdmin.CategoriesPageTestTA" name="ValidateCreateDuplicateCategoryTest" time="44.302"/>
  <system-out>
    <![CDATA[User LogIn Succesfully
Categories tab clicked
Category name is entered which is only mandatory field
Actual message is :Duplicate category name [WebGUI]
Expected message is :Duplicate category name [WebGUI]
Category can't be created with duplicate name
User signed out successfully]]>
  </system-out>
  <testcase classname="com.ae.qa.testcasesTenantAdmin.CategoriesPageTestTA" name="ValidateRemoveWFFromCategoryTest" time="45.805"/>
  <system-out>
    <![CDATA[User LogIn Succesfully
Categories tab clicked
Category from which wf needs to remove is selected
Workflow assigned to category is removed
Actual message is :Workflow removed from this category successfully
Expected message is :Workflow removed from this category successfully
Workflow removed from category succesfully
User signed out successfully]]>
  </system-out>
  <testcase classname="com.ae.qa.testcasesTenantAdmin.CategoriesPageTestTA" name="ValidateDeleteCategoryTest" time="41.867"/>
  <system-out>
    <![CDATA[User LogIn Succesfully
Category  tab clicked
Actual Category deleted message is :Workflow category deleted successfully
Expected Category deleted message is :Workflow category deleted successfully
Category Deleted succesfully
User signed out successfully]]>
  </system-out>
</testsuite> <!-- com.ae.qa.testcasesTenantAdmin.CategoriesPageTestTA -->
