<?xml version="1.0" encoding="UTF-8"?>
<!-- Generated by org.testng.reporters.JUnitReportReporter -->
<testsuite hostname="DESKTOP-5VHKQUJ" failures="0" tests="4" name="com.ae.qa.testcasesWorkflowAdmin.WorkflowListPageTestWA" time="295.611" errors="0" timestamp="06 Feb 2023 07:57:12 GMT" skipped="0">
  <testcase classname="com.ae.qa.testcasesWorkflowAdmin.WorkflowListPageTestWA" name="validateImportWFConfigParamWATest" time="69.714"/>
  <testcase classname="com.ae.qa.testcasesWorkflowAdmin.WorkflowListPageTestWA" name="validateUpdateWFConfigParamCreatedByTAdminWATest" time="140.024"/>
  <testcase classname="com.ae.qa.testcasesWorkflowAdmin.WorkflowListPageTestWA" name="validateExportWFVerifiedWATest" time="57.228"/>
  <testcase classname="com.ae.qa.testcasesWorkflowAdmin.WorkflowListPageTestWA" name="validateEditWFWATest" time="28.645"/>
</testsuite> <!-- com.ae.qa.testcasesWorkflowAdmin.WorkflowListPageTestWA -->
