<?xml version="1.0" encoding="UTF-8"?>
<!-- Generated by org.testng.reporters.JUnitReportReporter -->
<testsuite hostname="aedbserver" failures="0" tests="6" name="com.ae.qa.testcases.LoginPageTest" time="260.763" errors="0" timestamp="2023-04-27T19:48:53 IST" skipped="0">
  <testcase classname="com.ae.qa.testcases.LoginPageTest" name="validateForgotPswdTest" time="13.027"/>
  <system-out>
    <![CDATA[Forgotten password link is Present]]>
  </system-out>
  <testcase classname="com.ae.qa.testcases.LoginPageTest" name="ValidateSettingPwdWOComplexityTest" time="78.378"/>
  <system-out>
    <![CDATA[User log in Successfully
Forgot password link clicked
Username entered
submitted
security questions submitted]]>
  </system-out>
  <testcase classname="com.ae.qa.testcases.LoginPageTest" name="ValidateResetPswdTest" time="53.940"/>
  <system-out>
    <![CDATA[Forgot password link clicked
Username entered
submitted
security questions submitted
Set new password successfully
Password set successfully]]>
  </system-out>
  <testcase classname="com.ae.qa.testcases.LoginPageTest" name="ValidateLoginWithResetPswdTest" time="30.060"/>
  <system-out/>
  <testcase classname="com.ae.qa.testcases.LoginPageTest" name="validateUnlockUserWithSecQueAndResetPswdTest" time="59.020"/>
  <system-out>
    <![CDATA[Forgot password link clicked
Username entered
submitted
security questions submitted
Set new password successfully
Password set successfully]]>
  </system-out>
  <testcase classname="com.ae.qa.testcases.LoginPageTest" name="ValidateLoginOfUnlockUserTest" time="26.338"/>
  <system-out/>
</testsuite> <!-- com.ae.qa.testcases.LoginPageTest -->
