<?xml version="1.0" encoding="UTF-8"?>
<!-- Generated by org.testng.reporters.JUnitReportReporter -->
<testsuite hostname="aedbserver" failures="0" tests="4" name="com.ae.qa.testcases.InformationPageTest" time="198.255" errors="0" timestamp="2023-04-27T19:48:53 IST" skipped="0">
  <testcase classname="com.ae.qa.testcases.InformationPageTest" name="validateLastLoginTest" time="48.042"/>
  <system-out>
    <![CDATA[User logged in successfully
Last login time displayed successfully]]>
  </system-out>
  <testcase classname="com.ae.qa.testcases.InformationPageTest" name="validateViewProfileTest" time="54.964"/>
  <system-out>
    <![CDATA[User logged in successfully
Profile details validation successfully.]]>
  </system-out>
  <testcase classname="com.ae.qa.testcases.InformationPageTest" name="validateChangePasswordTest" time="51.918"/>
  <system-out/>
  <testcase classname="com.ae.qa.testcases.InformationPageTest" name="validateAboutTabTest" time="43.331"/>
  <system-out>
    <![CDATA[User log in successfully]]>
  </system-out>
</testsuite> <!-- com.ae.qa.testcases.InformationPageTest -->
