<?xml version="1.0" encoding="UTF-8"?>
<!-- Generated by org.testng.reporters.JUnitReportReporter -->
<testsuite hostname="DESKTOP-5VHKQUJ" failures="0" tests="3" name="com.ae.qa.testcasesWorkflowAdmin.InformationPageTestWA" time="108.444" errors="0" timestamp="06 Feb 2023 07:57:12 GMT" skipped="0">
  <testcase classname="com.ae.qa.testcasesWorkflowAdmin.InformationPageTestWA" name="validateLastLoginWATest" time="28.592"/>
  <testcase classname="com.ae.qa.testcasesWorkflowAdmin.InformationPageTestWA" name="validateViewProfileWATest" time="51.296"/>
  <testcase classname="com.ae.qa.testcasesWorkflowAdmin.InformationPageTestWA" name="validateAboutTabWATest" time="28.556"/>
</testsuite> <!-- com.ae.qa.testcasesWorkflowAdmin.InformationPageTestWA -->
