<?xml version="1.0" encoding="UTF-8"?>
<!-- Generated by org.testng.reporters.JUnitReportReporter -->
<testsuite hostname="DESKTOP-5VHKQUJ" failures="0" tests="3" name="com.ae.qa.testcases.PluginsPageTest" time="195.878" errors="0" timestamp="09 Jan 2023 07:46:56 GMT" skipped="0">
  <testcase classname="com.ae.qa.testcases.PluginsPageTest" name="validateUploadPluginsTest" time="122.537"/>
  <testcase classname="com.ae.qa.testcases.PluginsPageTest" name="validateUploadSinglePluginsTest" time="44.150"/>
  <testcase classname="com.ae.qa.testcases.PluginsPageTest" name="validatePluginsPageTest" time="29.191"/>
</testsuite> <!-- com.ae.qa.testcases.PluginsPageTest -->
