<?xml version="1.0" encoding="UTF-8"?>
<!-- Generated by org.testng.reporters.JUnitReportReporter -->
<testsuite hostname="aedbserver" failures="0" tests="4" name="com.ae.qa.testcasesWorkflowAdmin.WorkflowListPageTestWA" time="273.717" errors="0" timestamp="2023-04-21T15:47:22 IST" skipped="0">
  <testcase classname="com.ae.qa.testcasesWorkflowAdmin.WorkflowListPageTestWA" name="validateImportWFConfigParamWATest" time="63.391"/>
  <system-out>
    <![CDATA[User logged in successfully
Workflows Tab is clicked
Import button clicked
Is Assisted Workflow checkbox is unselected
Create Button is clicked
Priority is set
Expected Completion Time in Seconds is set
Maximum Completion Time in Seconds is set
Cleanup Requests older than Hours fields is set
Manual Execution Time is set
Manual Execution time unit is set
Config Parameter is clicked
Config Parameter is entered
Save button is clicked
Workflow updated
Workflow is enabled successfully
User signed out successfully]]>
  </system-out>
  <testcase classname="com.ae.qa.testcasesWorkflowAdmin.WorkflowListPageTestWA" name="validateUpdateWFConfigParamCreatedByTAdminWATest" time="137.688"/>
  <system-out>
    <![CDATA[User logged in successfully
Workflows Tab is clicked
Import button clicked
Is Assisted Workflow checkbox is unselected
Create Button is clicked
Priority is set
Expected Completion Time in Seconds is set
Maximum Completion Time in Seconds is set
Cleanup Requests older than Hours fields is set
Manual Execution Time is set
Manual Execution time unit is set
Save button is clicked
Workflow updated
Workflow is enabled successfully
User signed out successfully
Workflows Tab is clicked
Import Dropdown is clicked
Update Button is Clicked
Workflow is been selected
Updated workflow file is choosed
Save button is clicked
Configuration Parameters dropdown is clicked
Save button is clicked
Workflow updated
Workflow is enabled successfully
User signed out successfully
Tenant Admin signed in successfully
Agents tab is clicked
Workflow Assignment tab is clicked
Edit button is selected
Workflow is searched
Required wf is selected
Saved the operation
Assignment confirmed
Actual Wf Assignment Msg:Assignment saved successfully.
Expected Wf Assignment Msg:Assignment saved successfully.
Single workflow is successfully assigned to default agent
User signed out successfully
Catalogue Tab is clicked
Workflow whose request needs to be send is selected
Run Parameter are displayed and entered
Submit request button is clicked
OK button is clicked
User signed out successfully]]>
  </system-out>
  <testcase classname="com.ae.qa.testcasesWorkflowAdmin.WorkflowListPageTestWA" name="validateExportWFVerifiedWATest" time="43.502"/>
  <system-out>
    <![CDATA[User LogIn Succesfully
workflowList  tab clicked
Clicked the Dropdown button
Clicked the Export option from dropdown
Clicked the Workflows dropdown 
Clicked on search bar
Multiple Workflow are exported successfully
User signed out successfully]]>
  </system-out>
  <testcase classname="com.ae.qa.testcasesWorkflowAdmin.WorkflowListPageTestWA" name="validateEditWFWATest" time="29.136"/>
  <system-out>
    <![CDATA[User LogIn Succesfully
workflowList  tab clicked
Edit button is clicked
Priority is set
Cleanup Requests older than Hours fields is set
Save button is clicked
Workflow updated
User signed out successfully]]>
  </system-out>
</testsuite> <!-- com.ae.qa.testcasesWorkflowAdmin.WorkflowListPageTestWA -->
