<?xml version="1.0" encoding="UTF-8"?>
<!-- Generated by org.testng.reporters.JUnitReportReporter -->
<testsuite hostname="DESKTOP-5VHKQUJ" failures="0" tests="6" name="com.ae.qa.testcasesUserAdmin.UserGroupsPageTestUA" time="186.983" errors="0" timestamp="06 Feb 2023 07:57:12 GMT" skipped="0">
  <testcase classname="com.ae.qa.testcasesUserAdmin.UserGroupsPageTestUA" name="validateCreateUserGroupUATest" time="30.990"/>
  <testcase classname="com.ae.qa.testcasesUserAdmin.UserGroupsPageTestUA" name="validateEditUserGroupUATest" time="26.484"/>
  <testcase classname="com.ae.qa.testcasesUserAdmin.UserGroupsPageTestUA" name="validateAddUserToGroupUATest" time="34.496"/>
  <testcase classname="com.ae.qa.testcasesUserAdmin.UserGroupsPageTestUA" name="validateRemoveUserFromGroupUATest" time="33.270"/>
  <testcase classname="com.ae.qa.testcasesUserAdmin.UserGroupsPageTestUA" name="addMultipleUserToGroupUATest" time="35.862"/>
  <testcase classname="com.ae.qa.testcasesUserAdmin.UserGroupsPageTestUA" name="validateDeleteUserGroupUATest" time="25.881"/>
</testsuite> <!-- com.ae.qa.testcasesUserAdmin.UserGroupsPageTestUA -->
