<?xml version="1.0" encoding="UTF-8"?>
<!-- Generated by org.testng.reporters.JUnitReportReporter -->
<testsuite hostname="DESKTOP-5VHKQUJ" failures="0" tests="5" name="com.ae.qa.testcasesTenantAdmin.InformationPageTestTA" time="189.977" errors="0" timestamp="09 Jan 2023 07:46:56 GMT" skipped="0">
  <testcase classname="com.ae.qa.testcasesTenantAdmin.InformationPageTestTA" name="validateLastLoginTATest" time="24.993"/>
  <testcase classname="com.ae.qa.testcasesTenantAdmin.InformationPageTestTA" name="validateViewProfileTATest" time="55.340"/>
  <testcase classname="com.ae.qa.testcasesTenantAdmin.InformationPageTestTA" name="validateSetTenantLogo" time="49.055"/>
  <testcase classname="com.ae.qa.testcasesTenantAdmin.InformationPageTestTA" name="validateRemoveTenantLogo" time="27.408"/>
  <testcase classname="com.ae.qa.testcasesTenantAdmin.InformationPageTestTA" name="validateAboutTabTest" time="33.181"/>
</testsuite> <!-- com.ae.qa.testcasesTenantAdmin.InformationPageTestTA -->
