<?xml version="1.0" encoding="UTF-8"?>
<!-- Generated by org.testng.reporters.JUnitReportReporter -->
<testsuite hostname="aedbserver" failures="0" tests="4" name="com.ae.qa.testcasesWorkflowAdmin.CategoriesPageTestWA" time="182.016" errors="0" timestamp="2023-04-18T18:17:43 IST" skipped="0">
  <testcase classname="com.ae.qa.testcasesWorkflowAdmin.CategoriesPageTestWA" name="ValidateCreateCategoryWATest" time="41.369"/>
  <system-out>
    <![CDATA[User LogIn Succesfully
Categories tab clicked
Category name is entered which is only mandatory field
Actual Category created message is :Workflow category created successfully
Expected Category created message is :Workflow category created successfully
Category created succesfully
User signed out successfully]]>
  </system-out>
  <testcase classname="com.ae.qa.testcasesWorkflowAdmin.CategoriesPageTestWA" name="ValidateEditCategoryWATest" time="62.466"/>
  <system-out>
    <![CDATA[User LogIn Succesfully
Categories tab clicked
Edit Button corresponding to required category is clicked
Category Description is entered
Actual Category edited message is :Workflow category updated successfully
Expected Category edited message is :Workflow category updated successfully
Category edited succesfully
User signed out successfully]]>
  </system-out>
  <testcase classname="com.ae.qa.testcasesWorkflowAdmin.CategoriesPageTestWA" name="ValidateAssignWFToCategoryWATest" time="39.757"/>
  <system-out>
    <![CDATA[User LogIn Succesfully
Categories tab clicked
Workflow which needs to move is checked
category in which wf needs to move is selected from dropdown
Actual message is :Workflow(s) category changed successfully
Expected message is :Workflow(s) category changed successfully
Workflow assigned to category succesfully
User signed out successfully]]>
  </system-out>
  <testcase classname="com.ae.qa.testcasesWorkflowAdmin.CategoriesPageTestWA" name="ValidateRemoveWFFromCategoryWATest" time="38.424"/>
  <system-out>
    <![CDATA[User LogIn Succesfully
Categories tab clicked
Category from which wf needs to remove is selected
Workflow assigned to category is removed
Actual message is :Workflow removed from this category successfully
Expected message is :Workflow removed from this category successfully
Workflow removed from category succesfully
User signed out successfully]]>
  </system-out>
</testsuite> <!-- com.ae.qa.testcasesWorkflowAdmin.CategoriesPageTestWA -->
