<?xml version="1.0" encoding="UTF-8"?>
<!-- Generated by org.testng.reporters.JUnitReportReporter -->
<testsuite hostname="DESKTOP-5VHKQUJ" failures="0" tests="3" name="com.ae.qa.testcases.TenantUsersPageTest" time="249.366" errors="0" timestamp="09 Jan 2023 07:46:56 GMT" skipped="0">
  <testcase classname="com.ae.qa.testcases.TenantUsersPageTest" name="ValidateCreatingTenantAdminTest" time="67.836"/>
  <testcase classname="com.ae.qa.testcases.TenantUsersPageTest" name="ValidateEditTenantUserTest" time="143.794"/>
  <testcase classname="com.ae.qa.testcases.TenantUsersPageTest" name="validateTenantUsersPageTest" time="37.736"/>
</testsuite> <!-- com.ae.qa.testcases.TenantUsersPageTest -->
