<?xml version="1.0" encoding="UTF-8"?>
<!-- Generated by org.testng.reporters.JUnitReportReporter -->
<testsuite hostname="aedbserver" failures="0" tests="4" name="com.ae.qa.testcases.InformationPageTest" time="230.196" errors="0" timestamp="2023-04-19T00:32:14 IST" skipped="0">
  <testcase classname="com.ae.qa.testcases.InformationPageTest" name="validateLastLoginTest" time="49.642"/>
  <system-out>
    <![CDATA[User logged in successfully
Last login time displayed successfully]]>
  </system-out>
  <testcase classname="com.ae.qa.testcases.InformationPageTest" name="validateViewProfileTest" time="72.952"/>
  <system-out>
    <![CDATA[User logged in successfully
Profile details validation successfully.]]>
  </system-out>
  <testcase classname="com.ae.qa.testcases.InformationPageTest" name="validateChangePasswordTest" time="55.110"/>
  <system-out/>
  <testcase classname="com.ae.qa.testcases.InformationPageTest" name="validateAboutTabTest" time="52.492"/>
  <system-out>
    <![CDATA[User log in successfully]]>
  </system-out>
</testsuite> <!-- com.ae.qa.testcases.InformationPageTest -->
