<?xml version="1.0" encoding="UTF-8"?>
<!-- Generated by org.testng.reporters.JUnitReportReporter -->
<testsuite hostname="aedbserver" failures="0" tests="4" name="com.ae.qa.testcasesTenantUser.AgentListPageTestTU" time="334.108" errors="0" timestamp="2023-04-18T18:17:43 IST" skipped="0">
  <testcase classname="com.ae.qa.testcasesTenantUser.AgentListPageTestTU" name="validateAssistedAgentDownloadTUTest" time="161.801"/>
  <system-out>
    <![CDATA[User LogIn Succesfully
User navigated to Agents Tab
User navigated to Assisted Agents Tab
User navigated to Assign To User Tab
User signed out successfully
User LogIn Succesfully
User navigated to Agent List Tab
Agent download started
File unzipped properly
User signed out successfully]]>
  </system-out>
  <testcase classname="com.ae.qa.testcasesTenantUser.AgentListPageTestTU" name="validateCheckAgentStatusTUTest" time="70.379"/>
  <system-out>
    <![CDATA[User LogIn Succesfully
User navigated to Agents Tab
User navigated to Agent List Tab
Current status of Assisted Agent is: Running
Assisted Agent is in running mode
User signed out successfully]]>
  </system-out>
  <testcase classname="com.ae.qa.testcasesTenantUser.AgentListPageTestTU" name="validateEditAssistedAgentNameTUTest" time="29.372"/>
  <system-out>
    <![CDATA[User navigated to Agents Tab
User navigated to Agentslist Tab
User clicked on Edit Btn
Actual message displayed on screen is: Changes saved to the agent and Expected message is: Changes saved to the agent
Edit button is clicked and Assisted agent name is changed successfully
User signed out successfully]]>
  </system-out>
  <testcase classname="com.ae.qa.testcasesTenantUser.AgentListPageTestTU" name="validateAssistedAgentDeleteTUTest" time="72.556"/>
  <system-out>
    <![CDATA[User LogIn Succesfully
User navigated to Agents Tab
User navigated to Agentslist Tab
Current status of Agent is: Running
Agent is in running mode
Stop Button is Clicked
Confirm Stop Button is Clicked
Actual_Message:-Stopping agent [kalyani.gomkale@aedbserver] is in progress
Expected Message:- Stopping agent [kalyani.gomkale@aedbserver] is in progress
Agent is stopped successfully
User signed out successfully
User LogIn Succesfully
User navigated to Agents Tab
User navigated to Agentslist Tab
Current status of Agent is: Running
Agent is in Stopped mode
Delete Button is Clicked
Confirm Delete Button is Clicked
Agent is deleted successfully
User signed out successfully]]>
  </system-out>
</testsuite> <!-- com.ae.qa.testcasesTenantUser.AgentListPageTestTU -->
