<?xml version="1.0" encoding="UTF-8"?>
<!-- Generated by org.testng.reporters.JUnitReportReporter -->
<testsuite hostname="aedbserver" failures="0" tests="4" name="com.ae.qa.testcasesTenantAdmin.HomePageTestTA" time="181.407" errors="0" timestamp="2023-04-19T00:32:14 IST" skipped="0">
  <testcase classname="com.ae.qa.testcasesTenantAdmin.HomePageTestTA" name="validateUploadLicenseTest" time="63.195"/>
  <system-out>
    <![CDATA[Workflows Tab is clicked
Import button clicked
Create Button is clicked
Import is not possible w/o License 
HomeTab is clicked
Upload Licens ebox is clicked
License file submitted
Upload button is clicked
License Uploaded successfully for Tenant
User signed out successfully]]>
  </system-out>
  <testcase classname="com.ae.qa.testcasesTenantAdmin.HomePageTestTA" name="validateSearchFunctionalityTATest" time="27.509"/>
  <system-out>
    <![CDATA[User log in Successfully
User searched for functionality: Single Sign-On and Found is: Single Sign-On
Search Functionality working properly
User signed out successfully]]>
  </system-out>
  <testcase classname="com.ae.qa.testcasesTenantAdmin.HomePageTestTA" name="validateLicenseDetailTabTest" time="59.885"/>
  <system-out>
    <![CDATA[User log in Successfully
Home Tab is clicked
License Details Tab is clicked
DEVELOPMENT
10
20
3
10000
30
15-Sep-2022
14-Sep-2023
Actual License details :-[DEVELOPMENT, 10, 20, 3, 10000, 30, 15-Sep-2022, 14-Sep-2023]
Expected License details :-[DEVELOPMENT, 10, 20, 3, 10000, 30, 15-Sep-2022, 14-Sep-2023]
License details are validated successfully
User signed out successfully]]>
  </system-out>
  <testcase classname="com.ae.qa.testcasesTenantAdmin.HomePageTestTA" name="validateLicenseDetailHomepageTest" time="30.818"/>
  <system-out>
    <![CDATA[User log in Successfully
Actual Agent Thread count:-20
Actual Step Units count:-10000
Actual Expiry Date:-14-Sep-2023
License details on Homepage are validated successfully
User signed out successfully]]>
  </system-out>
</testsuite> <!-- com.ae.qa.testcasesTenantAdmin.HomePageTestTA -->
