<?xml version="1.0" encoding="UTF-8"?>
<!-- Generated by org.testng.reporters.JUnitReportReporter -->
<testsuite hostname="DESKTOP-5VHKQUJ" failures="0" tests="10" name="com.ae.qa.testcasesWorkflowAdmin.SchedulerPageTestWA" time="618.986" errors="0" timestamp="06 Feb 2023 07:57:12 GMT" skipped="0">
  <testcase classname="com.ae.qa.testcasesWorkflowAdmin.SchedulerPageTestWA" name="validateDailyScheduleWATest" time="94.525"/>
  <testcase classname="com.ae.qa.testcasesWorkflowAdmin.SchedulerPageTestWA" name="validateEditDailyScheduleWATest" time="50.877"/>
  <testcase classname="com.ae.qa.testcasesWorkflowAdmin.SchedulerPageTestWA" name="validateWeeklyScheduleWATest" time="85.624"/>
  <testcase classname="com.ae.qa.testcasesWorkflowAdmin.SchedulerPageTestWA" name="validateEditWeeklyScheduleWATest" time="31.739"/>
  <testcase classname="com.ae.qa.testcasesWorkflowAdmin.SchedulerPageTestWA" name="validateMonthlyScheduleWATest" time="84.188"/>
  <testcase classname="com.ae.qa.testcasesWorkflowAdmin.SchedulerPageTestWA" name="validateEditMonthlyScheduleWATest" time="32.477"/>
  <testcase classname="com.ae.qa.testcasesWorkflowAdmin.SchedulerPageTestWA" name="validateInfineScheduleWATest" time="74.602"/>
  <testcase classname="com.ae.qa.testcasesWorkflowAdmin.SchedulerPageTestWA" name="validateDeleteScheduleWATest" time="27.418"/>
  <testcase classname="com.ae.qa.testcasesWorkflowAdmin.SchedulerPageTestWA" name="validateEditScheduleCreateTATest" time="112.967"/>
  <testcase classname="com.ae.qa.testcasesWorkflowAdmin.SchedulerPageTestWA" name="validateInactiveScheduleCreateTATest" time="24.569"/>
</testsuite> <!-- com.ae.qa.testcasesWorkflowAdmin.SchedulerPageTestWA -->
