<?xml version="1.0" encoding="UTF-8"?>
<!-- Generated by org.testng.reporters.JUnitReportReporter -->
<testsuite hostname="DESKTOP-5VHKQUJ" failures="0" tests="8" name="com.ae.qa.testcasesWorkflowAdmin.DashboardsPageTestWA" time="437.296" errors="0" timestamp="06 Feb 2023 07:57:12 GMT" skipped="0">
  <testcase classname="com.ae.qa.testcasesWorkflowAdmin.DashboardsPageTestWA" name="validateDashboardNoneWATest" time="39.196"/>
  <testcase classname="com.ae.qa.testcasesWorkflowAdmin.DashboardsPageTestWA" name="validateReportNoneMultipleWFWATest" time="79.867"/>
  <testcase classname="com.ae.qa.testcasesWorkflowAdmin.DashboardsPageTestWA" name="validateDashboardRelativeWATest" time="46.935"/>
  <testcase classname="com.ae.qa.testcasesWorkflowAdmin.DashboardsPageTestWA" name="validateEditDashboardToCustomWATest" time="80.892"/>
  <testcase classname="com.ae.qa.testcasesWorkflowAdmin.DashboardsPageTestWA" name="validateSetAsDefaultReportWATest" time="26.891"/>
  <testcase classname="com.ae.qa.testcasesWorkflowAdmin.DashboardsPageTestWA" name="validateDashboardTodayWATest" time="63.512"/>
  <testcase classname="com.ae.qa.testcasesWorkflowAdmin.DashboardsPageTestWA" name="validateReportCustomWATest" time="70.382"/>
  <testcase classname="com.ae.qa.testcasesWorkflowAdmin.DashboardsPageTestWA" name="validateDeleteDashboardWithReportWATest" time="29.621"/>
</testsuite> <!-- com.ae.qa.testcasesWorkflowAdmin.DashboardsPageTestWA -->
