<?xml version="1.0" encoding="UTF-8"?>
<!-- Generated by org.testng.reporters.JUnitReportReporter -->
<testsuite hostname="DESKTOP-5VHKQUJ" failures="0" tests="5" name="com.ae.qa.testcasesTenantAdmin.RequestsPageTestTA" time="195.217" errors="0" timestamp="09 Jan 2023 07:46:56 GMT" skipped="0">
  <testcase classname="com.ae.qa.testcasesTenantAdmin.RequestsPageTestTA" name="validateRequestStatusTest" time="53.698"/>
  <testcase classname="com.ae.qa.testcasesTenantAdmin.RequestsPageTestTA" name="validatecheckColumnsInRequests" time="34.536"/>
  <testcase classname="com.ae.qa.testcasesTenantAdmin.RequestsPageTestTA" name="validatedeselectAllInRequests" time="31.581"/>
  <testcase classname="com.ae.qa.testcasesTenantAdmin.RequestsPageTestTA" name="validateSpecificColumnInRequests" time="39.360"/>
  <testcase classname="com.ae.qa.testcasesTenantAdmin.RequestsPageTestTA" name="validateDownloadRequestTest" time="36.042"/>
</testsuite> <!-- com.ae.qa.testcasesTenantAdmin.RequestsPageTestTA -->
