<?xml version="1.0" encoding="UTF-8"?>
<!-- Generated by org.testng.reporters.JUnitReportReporter -->
<testsuite hostname="DESKTOP-5VHKQUJ" failures="0" tests="4" name="com.ae.qa.testcases.PurgePolicyPageTest" time="169.949" errors="0" timestamp="09 Jan 2023 07:46:56 GMT" skipped="0">
  <testcase classname="com.ae.qa.testcases.PurgePolicyPageTest" name="validateWFReqLessThanNotfTest" time="55.173"/>
  <testcase classname="com.ae.qa.testcases.PurgePolicyPageTest" name="validatePurgePolicyDurationTest" time="47.501"/>
  <testcase classname="com.ae.qa.testcases.PurgePolicyPageTest" name="validateUpdatePurgePolicyEntityTest" time="37.642"/>
  <testcase classname="com.ae.qa.testcases.PurgePolicyPageTest" name="validatePurgePolicyPageTest" time="29.633"/>
</testsuite> <!-- com.ae.qa.testcases.PurgePolicyPageTest -->
