<?xml version="1.0" encoding="UTF-8"?>
<!-- Generated by org.testng.reporters.JUnitReportReporter -->
<testsuite hostname="DESKTOP-5VHKQUJ" failures="0" tests="3" name="com.ae.qa.testcasesTenantAdmin.IntegrationServicePageTestTA" time="119.197" errors="0" timestamp="09 Jan 2023 07:46:56 GMT" skipped="0">
  <testcase classname="com.ae.qa.testcasesTenantAdmin.IntegrationServicePageTestTA" name="validateAddIntegrationServicesTATest" time="64.706"/>
  <testcase classname="com.ae.qa.testcasesTenantAdmin.IntegrationServicePageTestTA" name="validateEditIntegrationServicesTATest" time="30.775"/>
  <testcase classname="com.ae.qa.testcasesTenantAdmin.IntegrationServicePageTestTA" name="validateDownloadIntegrationServicesTATest" time="23.716"/>
</testsuite> <!-- com.ae.qa.testcasesTenantAdmin.IntegrationServicePageTestTA -->
