<?xml version="1.0" encoding="UTF-8"?>
<!-- Generated by org.testng.reporters.JUnitReportReporter -->
<testsuite hostname="aedbserver" failures="0" tests="6" name="com.ae.qa.testcases.SecurityQuestionsPageTest" time="251.700" errors="0" timestamp="2023-04-27T19:48:53 IST" skipped="0">
  <testcase classname="com.ae.qa.testcases.SecurityQuestionsPageTest" name="validateSkipQuesTest" time="29.613"/>
  <system-out>
    <![CDATA[User log in Successfully
User skipped the set security question and navigated to Tenants Tab]]>
  </system-out>
  <testcase classname="com.ae.qa.testcases.SecurityQuestionsPageTest" name="validateSecurityQuesTest" time="45.632"/>
  <system-out>
    <![CDATA[User log in Successfully
Security questions set successfully]]>
  </system-out>
  <testcase classname="com.ae.qa.testcases.SecurityQuestionsPageTest" name="validateUpdatingSecQuesWithWrongPswdTest" time="43.082"/>
  <system-out>
    <![CDATA[User log in Successfully
Security questions can not be updated due to wrong password]]>
  </system-out>
  <testcase classname="com.ae.qa.testcases.SecurityQuestionsPageTest" name="validateUpdatingSecurityQuesTest" time="39.866"/>
  <system-out>
    <![CDATA[User log in Successfully
Security questions updated successfully]]>
  </system-out>
  <testcase classname="com.ae.qa.testcases.SecurityQuestionsPageTest" name="validateSkipThenSetQuesTest" time="57.589"/>
  <system-out>
    <![CDATA[User changed first time password of sysadmin Successfully
User log in Successfully
User first skip the security question and then set security questions successfully]]>
  </system-out>
  <testcase classname="com.ae.qa.testcases.SecurityQuestionsPageTest" name="validateSecurityQuestionsPageTest" time="35.918"/>
  <system-out>
    <![CDATA[User log in Successfully
Actual page title displayed on screen is: Reset Security Questions and Expected page title is: Reset Security Questions
Respective Page is clicked and appropriate page is loaded properly]]>
  </system-out>
</testsuite> <!-- com.ae.qa.testcases.SecurityQuestionsPageTest -->
