<?xml version="1.0" encoding="UTF-8"?>
<!-- Generated by org.testng.reporters.JUnitReportReporter -->
<testsuite hostname="aedbserver" failures="0" tests="1" name="com.ae.qa.testcasesTenantUser.WorkflowListPageTestTU" time="182.357" errors="0" timestamp="2023-04-18T18:17:42 IST" skipped="0">
  <testcase classname="com.ae.qa.testcasesTenantUser.WorkflowListPageTestTU" name="validateEditWorkflowTUTest" time="182.357"/>
  <system-out>
    <![CDATA[User logged in successfully
Workflows Tab is clicked
Import button clicked
Is Assisted Workflow checkbox is unselected
Create Button is clicked
Priority is set
Expected Completion Time in Seconds is set
Maximum Completion Time in Seconds is set
Cleanup Requests older than Hours fields is set
Manual Execution Time is set
Manual Execution time unit is set
Config Parameter is clicked
Config Parameter is entered
Save button is clicked
Workflow updated
Workflow is enabled successfully
User signed out successfully
User LogIn Succesfully
Permissions tab clicked
Workflow view button is clicked
Right Search Bar is clicked
View Permission for Tenant user is Selected
Run Permission for Tenant user is Selected
Modify Permission for Tenant user is Selected
Save button is clicked
User signed out successfully
User LogIn Succesfully
Categories tab clicked
User view button is clicked
Left Search Bar is clicked
Search Bar is clicked
View Permission for Workflow is Selected
Run Permission for Workflow is Selected
Modify Permission for Workflow is Selected
Save button is clicked
User signed out successfully
User LogIn Succesfully
Workflow tab is clicked
Workflow is present in table.
Edit button is Clicked
Config Parameter is clicked
Config Parameter is entered
Save button is clicked
Workflow edited successfully
User signed out successfully]]>
  </system-out>
</testsuite> <!-- com.ae.qa.testcasesTenantUser.WorkflowListPageTestTU -->
