<?xml version="1.0" encoding="UTF-8"?>
<!-- Generated by org.testng.reporters.JUnitReportReporter -->
<testsuite hostname="aedbserver" failures="1" tests="3" name="com.ae.qa.testcasesTenantAdmin.TenantPolicyPageTestTA" time="273.544" errors="0" timestamp="2023-04-19T00:32:14 IST" skipped="0">
  <testcase classname="com.ae.qa.testcasesTenantAdmin.TenantPolicyPageTestTA" name="validatePswdComplexityTATest" time="52.578"/>
  <system-out>
    <![CDATA[Settings tab clicked
Tenant Policy tab clicked
Clicked save button now validate the password complexity at confirm policy popup
Expected Arraylist is:[At least 1 uppercase letter(s), At least 1 lowercase letter(s), At least 1 digit(s), At least 1 special character(s) out of @#$_!&, Password length should be between 6-19]
Values in arrayList Before:[At least 1 uppercase letter(s), At least 1 lowercase letter(s), At least 1 digit(s), At least 1 special character(s) out of @#$_!&]
Validation done as Password complexity match while changing password]]>
  </system-out>
  <testcase classname="com.ae.qa.testcasesTenantAdmin.TenantPolicyPageTestTA" name="validatePasswordHistoryTATest" time="83.325"/>
  <system-out>
    <![CDATA[User log in Successfully
Settings tab clicked
Tenant Policy tab clicked
Below validation validates number of password to be checked is equal to what user set in confirm Policy pop-up
Password policy updated
Password History of sysadmin validated successfully]]>
  </system-out>
  <testcase classname="com.ae.qa.testcasesTenantAdmin.TenantPolicyPageTestTA" name="validateNoOfAttemptsTATest" time="137.641">
    <failure message="expected [Your account is inaccessible . Please contact your Administrator.] but found []" type="java.lang.AssertionError">
      <![CDATA[java.lang.AssertionError: expected [Your account is inaccessible . Please contact your Administrator.] but found []
at org.testng.Assert.fail(Assert.java:110)
at org.testng.Assert.failNotEquals(Assert.java:1413)
at org.testng.Assert.assertEqualsImpl(Assert.java:149)
at org.testng.Assert.assertEquals(Assert.java:131)
at org.testng.Assert.assertEquals(Assert.java:655)
at org.testng.Assert.assertEquals(Assert.java:665)
at com.ae.qa.pagesTenantAdmin.TenantPolicyPageTA.validateNoOfAttempts(TenantPolicyPageTA.java:388)
at com.ae.qa.testcasesTenantAdmin.TenantPolicyPageTestTA.validateNoOfAttemptsTATest(TenantPolicyPageTestTA.java:43)
at java.base/jdk.internal.reflect.NativeMethodAccessorImpl.invoke0(Native Method)
at java.base/jdk.internal.reflect.NativeMethodAccessorImpl.invoke(NativeMethodAccessorImpl.java:77)
at java.base/jdk.internal.reflect.DelegatingMethodAccessorImpl.invoke(DelegatingMethodAccessorImpl.java:43)
at java.base/java.lang.reflect.Method.invoke(Method.java:568)
at org.testng.internal.invokers.MethodInvocationHelper.invokeMethod(MethodInvocationHelper.java:139)
at org.testng.internal.invokers.TestInvoker.invokeMethod(TestInvoker.java:677)
at org.testng.internal.invokers.TestInvoker.invokeTestMethod(TestInvoker.java:221)
at org.testng.internal.invokers.MethodRunner.runInSequence(MethodRunner.java:50)
at org.testng.internal.invokers.TestInvoker$MethodInvocationAgent.invoke(TestInvoker.java:962)
at org.testng.internal.invokers.TestInvoker.invokeTestMethods(TestInvoker.java:194)
at org.testng.internal.invokers.TestMethodWorker.invokeTestMethods(TestMethodWorker.java:148)
at org.testng.internal.invokers.TestMethodWorker.run(TestMethodWorker.java:128)
at java.base/java.util.concurrent.ThreadPoolExecutor.runWorker(ThreadPoolExecutor.java:1136)
at java.base/java.util.concurrent.ThreadPoolExecutor$Worker.run(ThreadPoolExecutor.java:635)
at java.base/java.lang.Thread.run(Thread.java:833)
]]>
    </failure>
  </testcase> <!-- validateNoOfAttemptsTATest -->
  <system-out>
    <![CDATA[User log in Successfully
Settings tab clicked
Tenant Policy tab clicked
Save button clicked & Below validation validates no.of attempts for wrong password is equal to what user set in confirm Policy pop-up
No.of wrong attempts actually set is:4 No.of attempts set by user is:4
No.of wrong attempts actually set is:4 No.of attempts set by user is:4
Ok button clicked in confirm policy popup
Actual Message after password policy update:Password policy updated successfully
Expected Message after password policy update:Password policy updated successfully
User signed out successfully
Actual_msg:
Expected_msg:Your account is inaccessible . Please contact your Administrator.]]>
  </system-out>
</testsuite> <!-- com.ae.qa.testcasesTenantAdmin.TenantPolicyPageTestTA -->
