<?xml version="1.0" encoding="UTF-8"?>
<!-- Generated by org.testng.reporters.JUnitReportReporter -->
<testsuite hostname="aedbserver" failures="0" tests="3" name="com.ae.qa.testcasesActivityMonitor.InformationPageTestAM" time="213.942" errors="0" timestamp="2023-04-21T15:47:22 IST" skipped="0">
  <testcase classname="com.ae.qa.testcasesActivityMonitor.InformationPageTestAM" name="validateLastLoginAMTest" time="99.903"/>
  <system-out>
    <![CDATA[User log in Successfully
started creating new Tenant
User is created successfully
Activity Monitor created successfully
User signed out successfully
User changed first time password of User Successfully
User log in Successfully
Last login time displayed successfully
User signed out successfully]]>
  </system-out>
  <testcase classname="com.ae.qa.testcasesActivityMonitor.InformationPageTestAM" name="validateViewProfileAMTest" time="63.096"/>
  <system-out>
    <![CDATA[User logged in successfully
Profile details validation successfully.
User signed out successfully]]>
  </system-out>
  <testcase classname="com.ae.qa.testcasesActivityMonitor.InformationPageTestAM" name="validateAboutTabAMTest" time="50.943"/>
  <system-out>
    <![CDATA[User log in successfully
User signed out successfully]]>
  </system-out>
</testsuite> <!-- com.ae.qa.testcasesActivityMonitor.InformationPageTestAM -->
