<?xml version="1.0" encoding="UTF-8"?>
<!-- Generated by org.testng.reporters.JUnitReportReporter -->
<testsuite hostname="aedbserver" failures="0" tests="1" name="com.ae.qa.testcasesTenantAdmin.PurgePolicyPageTestTA" time="55.836" errors="0" timestamp="2023-04-27T19:48:53 IST" skipped="0">
  <testcase classname="com.ae.qa.testcasesTenantAdmin.PurgePolicyPageTestTA" name="validateUpdationPurgePolicyDurationTATest" time="55.836"/>
  <system-out>
    <![CDATA[User log in Successfully
Actual success message after setting purging policy:Policy saved successfully
Expected success message after setting purging policy:Policy saved successfully
Purge policy UPDATED successfully
User signed out successfully]]>
  </system-out>
</testsuite> <!-- com.ae.qa.testcasesTenantAdmin.PurgePolicyPageTestTA -->
