<?xml version="1.0" encoding="UTF-8"?>
<!-- Generated by org.testng.reporters.JUnitReportReporter -->
<testsuite hostname="DESKTOP-5VHKQUJ" failures="0" tests="1" name="com.ae.qa.testcasesTenantAdmin.IntegrationTypesPageTestTA" time="35.503" errors="0" timestamp="09 Jan 2023 07:46:56 GMT" skipped="0">
  <testcase classname="com.ae.qa.testcasesTenantAdmin.IntegrationTypesPageTestTA" name="validateAddIntegrationTypesTATest" time="35.503"/>
</testsuite> <!-- com.ae.qa.testcasesTenantAdmin.IntegrationTypesPageTestTA -->
