<?xml version="1.0" encoding="UTF-8"?>
<!-- Generated by org.testng.reporters.JUnitReportReporter -->
<testsuite hostname="DESKTOP-5VHKQUJ" failures="0" tests="1" name="com.ae.qa.testcasesTenantUser.CataloguePageTestTU" time="118.309" errors="0" timestamp="06 Feb 2023 07:57:12 GMT" skipped="0">
  <testcase classname="com.ae.qa.testcasesTenantUser.CataloguePageTestTU" name="validateSubmitReqDefaultCategoryTUTest" time="118.309"/>
</testsuite> <!-- com.ae.qa.testcasesTenantUser.CataloguePageTestTU -->
