<?xml version="1.0" encoding="UTF-8"?>
<!-- Generated by org.testng.reporters.JUnitReportReporter -->
<testsuite hostname="DESKTOP-5VHKQUJ" failures="0" tests="4" name="com.ae.qa.testcasesTenantAdmin.HomePageTestTA" time="146.674" errors="0" timestamp="09 Jan 2023 07:46:56 GMT" skipped="0">
  <testcase classname="com.ae.qa.testcasesTenantAdmin.HomePageTestTA" name="validateUploadLicenseTest" time="57.020"/>
  <testcase classname="com.ae.qa.testcasesTenantAdmin.HomePageTestTA" name="validateSearchFunctionalityTATest" time="17.353"/>
  <testcase classname="com.ae.qa.testcasesTenantAdmin.HomePageTestTA" name="validateLicenseDetailTabTest" time="55.467"/>
  <testcase classname="com.ae.qa.testcasesTenantAdmin.HomePageTestTA" name="validateLicenseDetailHomepageTest" time="16.834"/>
</testsuite> <!-- com.ae.qa.testcasesTenantAdmin.HomePageTestTA -->
