<?xml version="1.0" encoding="UTF-8"?>
<!-- Generated by org.testng.reporters.JUnitReportReporter -->
<testsuite hostname="aedbserver" failures="0" tests="2" name="com.ae.qa.testcasesWorkflowAdmin.PluginsPageTestWA" time="95.398" errors="0" timestamp="2023-04-21T15:47:22 IST" skipped="0">
  <testcase classname="com.ae.qa.testcasesWorkflowAdmin.PluginsPageTestWA" name="validatePluginStepsWATest" time="54.917"/>
  <system-out>
    <![CDATA[User log in Successfully
Plugins Tab is selected
Advanced Search is Clicked
OOTB-Plugin Plugin is searched
Plugin step button is clicked
Plugin Step is displayed]]>
  </system-out>
  <testcase classname="com.ae.qa.testcasesWorkflowAdmin.PluginsPageTestWA" name="validateWFPluginUtilizationWATest" time="40.481"/>
  <system-out>
    <![CDATA[User log in Successfully
Plugins Tab is selected
Advanced Search is Clicked
OOTB-Plugin Plugin is searched
Plugin Utlization button is clicked
Plugin Native Utilization is displayed]]>
  </system-out>
</testsuite> <!-- com.ae.qa.testcasesWorkflowAdmin.PluginsPageTestWA -->
