<?xml version="1.0" encoding="UTF-8"?>
<!-- Generated by org.testng.reporters.JUnitReportReporter -->
<testsuite hostname="DESKTOP-5VHKQUJ" failures="0" tests="7" name="com.ae.qa.testcasesActivityMonitor.DashboardsPageTestAM" time="390.570" errors="0" timestamp="06 Feb 2023 07:57:12 GMT" skipped="0">
  <testcase classname="com.ae.qa.testcasesActivityMonitor.DashboardsPageTestAM" name="validateDashboardNoneAMTest" time="43.831"/>
  <testcase classname="com.ae.qa.testcasesActivityMonitor.DashboardsPageTestAM" name="validateReportNoneMultipleWFAMTest" time="73.226"/>
  <testcase classname="com.ae.qa.testcasesActivityMonitor.DashboardsPageTestAM" name="validateDashboardRelativeAMTest" time="45.417"/>
  <testcase classname="com.ae.qa.testcasesActivityMonitor.DashboardsPageTestAM" name="validateEditDashboardToCustomAMTest" time="71.064"/>
  <testcase classname="com.ae.qa.testcasesActivityMonitor.DashboardsPageTestAM" name="validateSetAsDefaultReportAMTest" time="28.772"/>
  <testcase classname="com.ae.qa.testcasesActivityMonitor.DashboardsPageTestAM" name="validateDashboardTodayAMTest" time="57.760"/>
  <testcase classname="com.ae.qa.testcasesActivityMonitor.DashboardsPageTestAM" name="validateReportCustomAMTest" time="70.500"/>
</testsuite> <!-- com.ae.qa.testcasesActivityMonitor.DashboardsPageTestAM -->
