<?xml version="1.0" encoding="UTF-8"?>
<!-- Generated by org.testng.reporters.JUnitReportReporter -->
<testsuite hostname="DESKTOP-5VHKQUJ" failures="0" tests="2" name="com.ae.qa.testcases.SmtpPageTest" time="113.052" errors="0" timestamp="09 Jan 2023 07:46:56 GMT" skipped="0">
  <testcase classname="com.ae.qa.testcases.SmtpPageTest" name="validateAddSmtpServerTest" time="74.148"/>
  <testcase classname="com.ae.qa.testcases.SmtpPageTest" name="validateSMTPPageTest" time="38.904"/>
</testsuite> <!-- com.ae.qa.testcases.SmtpPageTest -->
