<?xml version="1.0" encoding="UTF-8"?>
<!-- Generated by org.testng.reporters.JUnitReportReporter -->
<testsuite hostname="DESKTOP-5VHKQUJ" failures="0" tests="3" name="com.ae.qa.testcases.HomePageTest" time="111.842" errors="0" timestamp="09 Jan 2023 07:46:56 GMT" skipped="0">
  <testcase classname="com.ae.qa.testcases.HomePageTest" name="validateSearchFunctionalityTest" time="29.501"/>
  <testcase classname="com.ae.qa.testcases.HomePageTest" name="validateHomePageForConsumptionTabTest" time="22.102"/>
  <testcase classname="com.ae.qa.testcases.HomePageTest" name="validateUploadLicenseTest" time="60.239"/>
</testsuite> <!-- com.ae.qa.testcases.HomePageTest -->
