<?xml version="1.0" encoding="UTF-8"?>
<!-- Generated by org.testng.reporters.JUnitReportReporter -->
<testsuite hostname="DESKTOP-5VHKQUJ" failures="0" tests="4" name="com.ae.qa.testcases.SysadminPolicyPageTest" time="393.060" errors="0" timestamp="09 Jan 2023 07:46:56 GMT" skipped="0">
  <testcase classname="com.ae.qa.testcases.SysadminPolicyPageTest" name="validatePswdComplexityTest" time="46.575"/>
  <testcase classname="com.ae.qa.testcases.SysadminPolicyPageTest" name="validatePasswordHistoryTest" time="114.073"/>
  <testcase classname="com.ae.qa.testcases.SysadminPolicyPageTest" name="validateNoOfAttemptsTest" time="180.597"/>
  <testcase classname="com.ae.qa.testcases.SysadminPolicyPageTest" name="validateSysadminPolicyPageTest" time="51.815"/>
</testsuite> <!-- com.ae.qa.testcases.SysadminPolicyPageTest -->
