<?xml version="1.0" encoding="UTF-8"?>
<!-- Generated by org.testng.reporters.JUnitReportReporter -->
<testsuite hostname="aedbserver" failures="1" tests="6" name="com.ae.qa.testcases.IntegrationServicePageTest" time="251.998" errors="0" timestamp="2023-04-19T00:32:14 IST" skipped="0">
  <testcase classname="com.ae.qa.testcases.IntegrationServicePageTest" name="validateAddIntegrationServicesTest" time="74.830"/>
  <system-out>
    <![CDATA[User log in Successfully
Create Button is clicked
Actual values in Integration table: LPT-0919
Actual details of Integration service in table are :[LPT-0919]
Actual values in Integration table: KalyaniG
Actual details of Integration service in table are :[LPT-0919, KalyaniG]
Actual values in Integration table: 10.81.24.109
Actual details of Integration service in table are :[LPT-0919, KalyaniG, 10.81.24.109]
Actual values in Integration table: 5901
Actual details of Integration service in table are :[LPT-0919, KalyaniG, 10.81.24.109, 5901]
Expected details of Integration service in table are: [LPT-0919, KalyaniG, 10.81.24.109, 5901]
Integration service details verified in table]]>
  </system-out>
  <testcase classname="com.ae.qa.testcases.IntegrationServicePageTest" name="validateEditIntegrationServicesTest" time="40.989"/>
  <system-out>
    <![CDATA[User log in Successfully
Edit button clicked, Service with IntService1 name is editing
UserName is edited
Update Button is clicked, now validate the change in table
Actual Machine Name in Integration table: VM-0163 and Expected Machinename in Integrationtable: VM-0163
Integration service edited successfully]]>
  </system-out>
  <testcase classname="com.ae.qa.testcases.IntegrationServicePageTest" name="validateDownloadIntegrationServicesTest" time="37.785"/>
  <system-out>
    <![CDATA[User log in Successfully
Download button clicked and downloading integrtration service started]]>
  </system-out>
  <testcase classname="com.ae.qa.testcases.IntegrationServicePageTest" name="validateEnableIntForMultipleTATest" time="24.364">
    <failure message="Integration service not enabled for multiple Tenant. expected [Operation completed successfully] but found []" type="java.lang.AssertionError">
      <![CDATA[java.lang.AssertionError: Integration service not enabled for multiple Tenant. expected [Operation completed successfully] but found []
at org.testng.Assert.fail(Assert.java:110)
at org.testng.Assert.failNotEquals(Assert.java:1413)
at org.testng.Assert.assertEqualsImpl(Assert.java:149)
at org.testng.Assert.assertEquals(Assert.java:131)
at org.testng.Assert.assertEquals(Assert.java:655)
at com.ae.qa.pages.IntegrationServicesPage.validateEnableIntForMultipleTA(IntegrationServicesPage.java:220)
at com.ae.qa.testcases.IntegrationServicePageTest.validateEnableIntForMultipleTATest(IntegrationServicePageTest.java:56)
at java.base/jdk.internal.reflect.NativeMethodAccessorImpl.invoke0(Native Method)
at java.base/jdk.internal.reflect.NativeMethodAccessorImpl.invoke(NativeMethodAccessorImpl.java:77)
at java.base/jdk.internal.reflect.DelegatingMethodAccessorImpl.invoke(DelegatingMethodAccessorImpl.java:43)
at java.base/java.lang.reflect.Method.invoke(Method.java:568)
at org.testng.internal.invokers.MethodInvocationHelper.invokeMethod(MethodInvocationHelper.java:139)
at org.testng.internal.invokers.TestInvoker.invokeMethod(TestInvoker.java:677)
at org.testng.internal.invokers.TestInvoker.invokeTestMethod(TestInvoker.java:221)
at org.testng.internal.invokers.MethodRunner.runInSequence(MethodRunner.java:50)
at org.testng.internal.invokers.TestInvoker$MethodInvocationAgent.invoke(TestInvoker.java:962)
at org.testng.internal.invokers.TestInvoker.invokeTestMethods(TestInvoker.java:194)
at org.testng.internal.invokers.TestMethodWorker.invokeTestMethods(TestMethodWorker.java:148)
at org.testng.internal.invokers.TestMethodWorker.run(TestMethodWorker.java:128)
at java.base/java.util.concurrent.ThreadPoolExecutor.runWorker(ThreadPoolExecutor.java:1136)
at java.base/java.util.concurrent.ThreadPoolExecutor$Worker.run(ThreadPoolExecutor.java:635)
at java.base/java.lang.Thread.run(Thread.java:833)
]]>
    </failure>
  </testcase> <!-- validateEnableIntForMultipleTATest -->
  <system-out>
    <![CDATA[User log in Successfully
Enable button is clicked
Integration service enable for Tenant1: KG01 and allowed number of configuration is: 2
Integration service enable for Tenant2: KG02 and allowed number of configuration is: 1
Submit button is clicked]]>
  </system-out>
  <testcase classname="com.ae.qa.testcases.IntegrationServicePageTest" name="validateIntegrationServicesPageTest" time="38.092"/>
  <system-out>
    <![CDATA[User log in Successfully
Actual page title displayed on screen is: Services and Expected page title is: Services
Respective Page is clicked and appropriate page is loaded properly]]>
  </system-out>
  <testcase classname="com.ae.qa.testcases.IntegrationServicePageTest" name="validateIntegrationServiceStatusTest" time="35.938"/>
  <system-out>
    <![CDATA[User log in Successfully
Actual Status of Integration service: Stopped and Expected Status of Integration service: table: Stopped]]>
  </system-out>
</testsuite> <!-- com.ae.qa.testcases.IntegrationServicePageTest -->
