<?xml version="1.0" encoding="UTF-8"?>
<!-- Generated by org.testng.reporters.JUnitReportReporter -->
<testsuite hostname="aedbserver" failures="0" tests="3" name="com.ae.qa.testcasesWorkflowAdmin.InformationPageTestWA" time="160.362" errors="0" timestamp="2023-04-21T15:47:22 IST" skipped="0">
  <testcase classname="com.ae.qa.testcasesWorkflowAdmin.InformationPageTestWA" name="validateLastLoginWATest" time="39.619"/>
  <system-out>
    <![CDATA[User changed first time password of User Successfully
User log in Successfully
Last login time displayed successfully
User signed out successfully]]>
  </system-out>
  <testcase classname="com.ae.qa.testcasesWorkflowAdmin.InformationPageTestWA" name="validateViewProfileWATest" time="63.390"/>
  <system-out>
    <![CDATA[User logged in successfully
Profile details validation successfully.
User signed out successfully]]>
  </system-out>
  <testcase classname="com.ae.qa.testcasesWorkflowAdmin.InformationPageTestWA" name="validateAboutTabWATest" time="57.353"/>
  <system-out>
    <![CDATA[User log in successfully
User signed out successfully]]>
  </system-out>
</testsuite> <!-- com.ae.qa.testcasesWorkflowAdmin.InformationPageTestWA -->
