<?xml version="1.0" encoding="UTF-8"?>
<!-- Generated by org.testng.reporters.JUnitReportReporter -->
<testsuite hostname="aedbserver" failures="0" tests="4" name="com.ae.qa.testcasesTenantAdmin.IntegrationTypesPageTestTA" time="135.877" errors="0" timestamp="2023-04-19T00:32:14 IST" skipped="0">
  <testcase classname="com.ae.qa.testcasesTenantAdmin.IntegrationTypesPageTestTA" name="validateAddIntegrationTypesTATest" time="45.749"/>
  <system-out>
    <![CDATA[User log in Successfully
Submit Button is clicked
Integration type created successfully
User signed out successfully]]>
  </system-out>
  <testcase classname="com.ae.qa.testcasesTenantAdmin.IntegrationTypesPageTestTA" name="validateIntegrationTypesPageTATest" time="25.764"/>
  <system-out>
    <![CDATA[User log in Successfully
Actual page title displayed on screen is: Types and Expected page title is: Types
Respective Page is clicked and appropriate page is loaded properly
User signed out successfully]]>
  </system-out>
  <testcase classname="com.ae.qa.testcasesTenantAdmin.IntegrationTypesPageTestTA" name="validateEditIntegrationTypesTATest" time="38.636"/>
  <system-out>
    <![CDATA[User log in Successfully
Edit button is clicked
Submit Button is clicked
Integration type updated successfully
User signed out successfully]]>
  </system-out>
  <testcase classname="com.ae.qa.testcasesTenantAdmin.IntegrationTypesPageTestTA" name="validateDeleteIntegrationTypeTATest" time="25.728"/>
  <system-out>
    <![CDATA[User log in Successfully
Delete button is clicked successfully
Integration type is deleted successfully
User signed out successfully]]>
  </system-out>
</testsuite> <!-- com.ae.qa.testcasesTenantAdmin.IntegrationTypesPageTestTA -->
