<?xml version="1.0" encoding="UTF-8"?>
<!-- Generated by org.testng.reporters.JUnitReportReporter -->
<testsuite hostname="DESKTOP-5VHKQUJ" failures="0" tests="4" name="com.ae.qa.testcases.ArtifactsPageTest" time="238.078" errors="0" timestamp="09 Jan 2023 07:46:56 GMT" skipped="0">
  <testcase classname="com.ae.qa.testcases.ArtifactsPageTest" name="validateUploadPSTest" time="93.587"/>
  <testcase classname="com.ae.qa.testcases.ArtifactsPageTest" name="ValidateUpdatePSTest" time="68.522"/>
  <testcase classname="com.ae.qa.testcases.ArtifactsPageTest" name="validateArtifactsPageTest" time="30.424"/>
  <testcase classname="com.ae.qa.testcases.ArtifactsPageTest" name="ValidateDeletePSTest" time="45.545"/>
</testsuite> <!-- com.ae.qa.testcases.ArtifactsPageTest -->
