<?xml version="1.0" encoding="UTF-8"?>
<!-- Generated by org.testng.reporters.JUnitReportReporter -->
<testsuite hostname="aedbserver" failures="0" tests="3" name="com.ae.qa.testcases.TenantUsersPageTest" time="257.608" errors="0" timestamp="2023-04-27T19:48:53 IST" skipped="0">
  <testcase classname="com.ae.qa.testcases.TenantUsersPageTest" name="ValidateCreatingTenantAdminTest" time="69.645"/>
  <system-out>
    <![CDATA[User logged in successfully
started creating new Tenant
User is created successfully
New user is verified and present in the webtable]]>
  </system-out>
  <testcase classname="com.ae.qa.testcases.TenantUsersPageTest" name="ValidateEditTenantUserTest" time="147.052"/>
  <system-out>
    <![CDATA[User logged in successfully
started creating new Tenant
User is created successfully
New user is verified and present in the webtable
User logged in successfully
Tenant User details got edited.]]>
  </system-out>
  <testcase classname="com.ae.qa.testcases.TenantUsersPageTest" name="validateTenantUsersPageTest" time="40.911"/>
  <system-out>
    <![CDATA[User log in Successfully
Actual page title displayed on screen is: Tenant Users and Expected page title is: Tenant Users
Respective Page is clicked and appropriate page is loaded properly]]>
  </system-out>
</testsuite> <!-- com.ae.qa.testcases.TenantUsersPageTest -->
