<?xml version="1.0" encoding="UTF-8"?>
<!-- Generated by org.testng.reporters.JUnitReportReporter -->
<testsuite hostname="aedbserver" failures="0" tests="4" name="com.ae.qa.testcases.PurgePolicyPageTest" time="166.449" errors="0" timestamp="2023-04-27T19:48:53 IST" skipped="0">
  <testcase classname="com.ae.qa.testcases.PurgePolicyPageTest" name="validateWFReqLessThanNotfTest" time="44.305"/>
  <system-out>
    <![CDATA[User log in Successfully
Actual Error when notification history is gretaer than wf requestNotification History Duration has be less than or equal to Workflow Requests Duration
Expected Error when notification history is gretaer than wf request:Notification History Duration has be less than or equal to Workflow Requests Duration
Getting correct error message.]]>
  </system-out>
  <testcase classname="com.ae.qa.testcases.PurgePolicyPageTest" name="validatePurgePolicyDurationTest" time="42.672"/>
  <system-out>
    <![CDATA[User log in Successfully
Actual success message after setting purging policy:Policy saved successfully
Expected success message after setting purging policy:Policy saved successfully
Purge policy saved successfully]]>
  </system-out>
  <testcase classname="com.ae.qa.testcases.PurgePolicyPageTest" name="validateUpdatePurgePolicyEntityTest" time="41.160"/>
  <system-out>
    <![CDATA[User log in Successfully
Actual success message after setting purging policy:Policy saved successfully
Expected success message after setting purging policy:Policy saved successfully
Purge policy saved successfully]]>
  </system-out>
  <testcase classname="com.ae.qa.testcases.PurgePolicyPageTest" name="validatePurgePolicyPageTest" time="38.312"/>
  <system-out>
    <![CDATA[User log in Successfully
Actual page title displayed on screen is: Purging Configuration and Expected page title is: Purging Configuration
Respective Page is clicked and appropriate page is loaded properly]]>
  </system-out>
</testsuite> <!-- com.ae.qa.testcases.PurgePolicyPageTest -->
