<?xml version="1.0" encoding="UTF-8"?>
<!-- Generated by org.testng.reporters.JUnitReportReporter -->
<testsuite hostname="aedbserver" failures="0" tests="2" name="com.ae.qa.testcasesWorkflowAdmin.AgentListPageTestWA" time="216.952" errors="0" timestamp="2023-04-21T15:47:22 IST" skipped="0">
  <testcase classname="com.ae.qa.testcasesWorkflowAdmin.AgentListPageTestWA" name="validateAssistedAgentDownloadWATest" time="185.485"/>
  <system-out>
    <![CDATA[User LogIn Succesfully
User navigated to Agents Tab
User navigated to Assisted Agents Tab
User navigated to Assign To User Tab
User signed out successfully
User LogIn Succesfully
User navigated to Agent List Tab
Agent download started
File unzipped properly
User signed out successfully]]>
  </system-out>
  <testcase classname="com.ae.qa.testcasesWorkflowAdmin.AgentListPageTestWA" name="validateCheckAgentStatusWATest" time="31.467"/>
  <system-out>
    <![CDATA[User LogIn Succesfully
User navigated to Agents Tab
User navigated to Agent List Tab
Current status of Assisted Agent is: Running
Assisted Agent is in running mode
User signed out successfully]]>
  </system-out>
</testsuite> <!-- com.ae.qa.testcasesWorkflowAdmin.AgentListPageTestWA -->
