<?xml version="1.0" encoding="UTF-8"?>
<!-- Generated by org.testng.reporters.JUnitReportReporter -->
<testsuite hostname="DESKTOP-5VHKQUJ" failures="0" tests="2" name="com.ae.qa.testcases.FileManagementPageTest" time="74.015" errors="0" timestamp="09 Jan 2023 07:46:56 GMT" skipped="0">
  <testcase classname="com.ae.qa.testcases.FileManagementPageTest" name="validateUploadDriverTest" time="42.842"/>
  <testcase classname="com.ae.qa.testcases.FileManagementPageTest" name="validateFileManagmentPageTest" time="31.173"/>
</testsuite> <!-- com.ae.qa.testcases.FileManagementPageTest -->
