<?xml version="1.0" encoding="UTF-8"?>
<!-- Generated by org.testng.reporters.JUnitReportReporter -->
<testsuite hostname="DESKTOP-5VHKQUJ" failures="0" tests="9" name="com.ae.qa.testcasesTenantAdmin.TenantUsersPageTestTA" time="588.544" errors="0" timestamp="09 Jan 2023 07:46:56 GMT" skipped="0">
  <testcase classname="com.ae.qa.testcasesTenantAdmin.TenantUsersPageTestTA" name="ValidateCreatingWorkflowAdminTest" time="62.540"/>
  <testcase classname="com.ae.qa.testcasesTenantAdmin.TenantUsersPageTestTA" name="ValidateCreatingTenantAdminTest" time="52.284"/>
  <testcase classname="com.ae.qa.testcasesTenantAdmin.TenantUsersPageTestTA" name="ValidateCreatingUserAdminTest" time="53.559"/>
  <testcase classname="com.ae.qa.testcasesTenantAdmin.TenantUsersPageTestTA" name="ValidateCreatingTenantUserTest" time="55.528"/>
  <testcase classname="com.ae.qa.testcasesTenantAdmin.TenantUsersPageTestTA" name="ValidateUnverifiedStatusTest" time="69.024"/>
  <testcase classname="com.ae.qa.testcasesTenantAdmin.TenantUsersPageTestTA" name="ValidateActiveStatusTest" time="51.892"/>
  <testcase classname="com.ae.qa.testcasesTenantAdmin.TenantUsersPageTestTA" name="valiateEnableLockedUserTest" time="38.570"/>
  <testcase classname="com.ae.qa.testcasesTenantAdmin.TenantUsersPageTestTA" name="ValidateBulkUserUploadWithEmailTest" time="94.326"/>
  <testcase classname="com.ae.qa.testcasesTenantAdmin.TenantUsersPageTestTA" name="ValidateBulkUserUploadWithoutEmailTest" time="110.821"/>
</testsuite> <!-- com.ae.qa.testcasesTenantAdmin.TenantUsersPageTestTA -->
