<?xml version="1.0" encoding="UTF-8"?>
<!-- Generated by org.testng.reporters.JUnitReportReporter -->
<testsuite hostname="aedbserver" failures="0" tests="5" name="com.ae.qa.testcasesActivityMonitor.RequestsPageTestAM" time="218.163" errors="1" timestamp="2023-04-21T15:47:22 IST" skipped="0">
  <testcase classname="com.ae.qa.testcasesActivityMonitor.RequestsPageTestAM" name="validateCheckColumnInRequestAMTest" time="38.918"/>
  <system-out>
    <![CDATA[User logged in successfully
Requests Tab is clicked
All Column got displayed in records after Checking select All checkbox.
User signed out successfully]]>
  </system-out>
  <testcase classname="com.ae.qa.testcasesActivityMonitor.RequestsPageTestAM" name="validateUncheckColumnInRequestAMTest" time="31.154"/>
  <system-out>
    <![CDATA[User logged in successfully
Requests Tab is clicked
Select All Checkbox is not already selected, Hence selected twice to deselect it.
Selected count of No. of colums 3
Total No of columns in table: 3
Field of Columns: Id
Field of Columns: Workflow Name
Field of Columns: Status
Column Value found
All Options got deselected except Id,Workflow Name,Status.
User signed out successfully]]>
  </system-out>
  <testcase classname="com.ae.qa.testcasesActivityMonitor.RequestsPageTestAM" name="validateSpecificColumnInRequestAMTest" time="58.155"/>
  <system-out>
    <![CDATA[User logged in successfully
Requests Tab is clicked
Select All Checkbox is not already selected, Hence selected twice to deselect it.
Field of Columns: Id
Field of Columns: Workflow Name
Field of Columns: Priority
Field of Columns: Status
Field of Columns: Completed
Column Value found
All columns selected found in table.
User signed out successfully]]>
  </system-out>
  <testcase classname="com.ae.qa.testcasesActivityMonitor.RequestsPageTestAM" name="validateDownloadRequestAMTest" time="50.398"/>
  <system-out>
    <![CDATA[User logged in successfully
Requests Tab is clicked
Download button is clicked & request download started
User signed out successfully]]>
  </system-out>
  <testcase classname="com.ae.qa.testcasesActivityMonitor.RequestsPageTestAM" name="validateRequestStatusAMTest" time="39.538">
    <error message="element click intercepted: Element &lt;button name=&quot;refresh-btn&quot; type=&quot;button&quot; class=&quot;btn btn-secondary title-bar-items&quot; title=&quot;Refresh Table&quot;&gt;...&lt;/button&gt; is not clickable at point (283, 206). Other element would receive the click: &lt;div class=&quot;column-selector-div&quot;&gt;...&lt;/div&gt;
  (Session info: chrome=112.0.5615.138)
Build info: version: &#039;3.141.59&#039;, revision: &#039;e82be7d358&#039;, time: &#039;2018-11-14T08:17:03&#039;
System info: host: &#039;AEDBSERVER&#039;, ip: &#039;10.41.5.163&#039;, os.name: &#039;Windows 10&#039;, os.arch: &#039;amd64&#039;, os.version: &#039;10.0&#039;, java.version: &#039;17.0.6&#039;
Driver info: org.openqa.selenium.chrome.ChromeDriver
Capabilities {acceptInsecureCerts: false, browserName: chrome, browserVersion: 112.0.5615.138, chrome: {chromedriverVersion: 112.0.5615.49 (bd2a7bcb881c..., userDataDir: C:\Program Files (x86)\scop...}, goog:chromeOptions: {debuggerAddress: localhost:54788}, javascriptEnabled: true, networkConnectionEnabled: false, pageLoadStrategy: normal, platform: WINDOWS, platformName: WINDOWS, proxy: Proxy(), setWindowRect: true, strictFileInteractability: false, timeouts: {implicit: 0, pageLoad: 300000, script: 30000}, unhandledPromptBehavior: dismiss and notify, webauthn:extension:credBlob: true, webauthn:extension:largeBlob: true, webauthn:extension:minPinLength: true, webauthn:extension:prf: true, webauthn:virtualAuthenticators: true}
Session ID: c7f7599b03f64542798a72c5d083adb0" type="org.openqa.selenium.ElementClickInterceptedException">
      <![CDATA[org.openqa.selenium.ElementClickInterceptedException: element click intercepted: Element <button name="refresh-btn" type="button" class="btn btn-secondary title-bar-items" title="Refresh Table">...</button> is not clickable at point (283, 206). Other element would receive the click: <div class="column-selector-div">...</div>
  (Session info: chrome=112.0.5615.138)
Build info: version: '3.141.59', revision: 'e82be7d358', time: '2018-11-14T08:17:03'
System info: host: 'AEDBSERVER', ip: '10.41.5.163', os.name: 'Windows 10', os.arch: 'amd64', os.version: '10.0', java.version: '17.0.6'
Driver info: org.openqa.selenium.chrome.ChromeDriver
Capabilities {acceptInsecureCerts: false, browserName: chrome, browserVersion: 112.0.5615.138, chrome: {chromedriverVersion: 112.0.5615.49 (bd2a7bcb881c..., userDataDir: C:\Program Files (x86)\scop...}, goog:chromeOptions: {debuggerAddress: localhost:54788}, javascriptEnabled: true, networkConnectionEnabled: false, pageLoadStrategy: normal, platform: WINDOWS, platformName: WINDOWS, proxy: Proxy(), setWindowRect: true, strictFileInteractability: false, timeouts: {implicit: 0, pageLoad: 300000, script: 30000}, unhandledPromptBehavior: dismiss and notify, webauthn:extension:credBlob: true, webauthn:extension:largeBlob: true, webauthn:extension:minPinLength: true, webauthn:extension:prf: true, webauthn:virtualAuthenticators: true}
Session ID: c7f7599b03f64542798a72c5d083adb0
at java.base/jdk.internal.reflect.NativeConstructorAccessorImpl.newInstance0(Native Method)
at java.base/jdk.internal.reflect.NativeConstructorAccessorImpl.newInstance(NativeConstructorAccessorImpl.java:77)
at java.base/jdk.internal.reflect.DelegatingConstructorAccessorImpl.newInstance(DelegatingConstructorAccessorImpl.java:45)
at java.base/java.lang.reflect.Constructor.newInstanceWithCaller(Constructor.java:499)
at java.base/java.lang.reflect.Constructor.newInstance(Constructor.java:480)
at org.openqa.selenium.remote.http.W3CHttpResponseCodec.createException(W3CHttpResponseCodec.java:187)
at org.openqa.selenium.remote.http.W3CHttpResponseCodec.decode(W3CHttpResponseCodec.java:122)
at org.openqa.selenium.remote.http.W3CHttpResponseCodec.decode(W3CHttpResponseCodec.java:49)
at org.openqa.selenium.remote.HttpCommandExecutor.execute(HttpCommandExecutor.java:158)
at org.openqa.selenium.remote.service.DriverCommandExecutor.execute(DriverCommandExecutor.java:83)
at org.openqa.selenium.remote.RemoteWebDriver.execute(RemoteWebDriver.java:552)
at org.openqa.selenium.remote.RemoteWebElement.execute(RemoteWebElement.java:285)
at org.openqa.selenium.remote.RemoteWebElement.click(RemoteWebElement.java:84)
at jdk.internal.reflect.GeneratedMethodAccessor3.invoke(Unknown Source)
at java.base/jdk.internal.reflect.DelegatingMethodAccessorImpl.invoke(DelegatingMethodAccessorImpl.java:43)
at java.base/java.lang.reflect.Method.invoke(Method.java:568)
at org.openqa.selenium.support.pagefactory.internal.LocatingElementHandler.invoke(LocatingElementHandler.java:51)
at jdk.proxy2/jdk.proxy2.$Proxy27.click(Unknown Source)
at com.ae.qa.pages.ActivityMonitor.RequestsPageAM.validateRequestStatusAM(RequestsPageAM.java:205)
at com.ae.qa.testcasesActivityMonitor.RequestsPageTestAM.validateRequestStatusAMTest(RequestsPageTestAM.java:61)
at java.base/jdk.internal.reflect.NativeMethodAccessorImpl.invoke0(Native Method)
at java.base/jdk.internal.reflect.NativeMethodAccessorImpl.invoke(NativeMethodAccessorImpl.java:77)
at java.base/jdk.internal.reflect.DelegatingMethodAccessorImpl.invoke(DelegatingMethodAccessorImpl.java:43)
at java.base/java.lang.reflect.Method.invoke(Method.java:568)
at org.testng.internal.invokers.MethodInvocationHelper.invokeMethod(MethodInvocationHelper.java:139)
at org.testng.internal.invokers.TestInvoker.invokeMethod(TestInvoker.java:677)
at org.testng.internal.invokers.TestInvoker.invokeTestMethod(TestInvoker.java:221)
at org.testng.internal.invokers.MethodRunner.runInSequence(MethodRunner.java:50)
at org.testng.internal.invokers.TestInvoker$MethodInvocationAgent.invoke(TestInvoker.java:962)
at org.testng.internal.invokers.TestInvoker.invokeTestMethods(TestInvoker.java:194)
at org.testng.internal.invokers.TestMethodWorker.invokeTestMethods(TestMethodWorker.java:148)
at org.testng.internal.invokers.TestMethodWorker.run(TestMethodWorker.java:128)
at java.base/java.util.concurrent.ThreadPoolExecutor.runWorker(ThreadPoolExecutor.java:1136)
at java.base/java.util.concurrent.ThreadPoolExecutor$Worker.run(ThreadPoolExecutor.java:635)
at java.base/java.lang.Thread.run(Thread.java:833)
]]>
    </error>
  </testcase> <!-- validateRequestStatusAMTest -->
  <system-out>
    <![CDATA[User logged in successfully
Requests Tab is clicked]]>
  </system-out>
</testsuite> <!-- com.ae.qa.testcasesActivityMonitor.RequestsPageTestAM -->
