<?xml version="1.0" encoding="UTF-8"?>
<!-- Generated by org.testng.reporters.JUnitReportReporter -->
<testsuite hostname="aedbserver" failures="0" tests="4" name="com.ae.qa.testcasesTenantAdmin.AuditLogsPageTestTA" time="144.545" errors="0" timestamp="2023-04-19T00:32:14 IST" skipped="0">
  <testcase classname="com.ae.qa.testcasesTenantAdmin.AuditLogsPageTestTA" name="validatedownloadingAuditLogsTA" time="48.129"/>
  <system-out>
    <![CDATA[User logged in successfully
Clicked on logs tab
Clicked on Audit logs tab
Clicked the download button
Audit logs download started Successfully
User signed out successfully]]>
  </system-out>
  <testcase classname="com.ae.qa.testcasesTenantAdmin.AuditLogsPageTestTA" name="validatecheckColumnsInAuditLogsTA" time="35.472"/>
  <system-out>
    <![CDATA[User logged in successfully
Clicked on Audit logs tab
All Column got displayed in records after Checking select All checkbox.
User signed out successfully]]>
  </system-out>
  <testcase classname="com.ae.qa.testcasesTenantAdmin.AuditLogsPageTestTA" name="validatedeselectAllInAuditLogsTA" time="30.478"/>
  <system-out>
    <![CDATA[User logged in successfully
Clicked on Audit logs tab
Select All Checkbox is not already selected, Hence selected twice to deselect it.
Selected count of No. of colums 2
Total No of columns in table: 2
Field of Columns: Entity
Field of Columns: Object Id
Column Value found
All Options got deselected except Entity and ObjectId.
User signed out successfully]]>
  </system-out>
  <testcase classname="com.ae.qa.testcasesTenantAdmin.AuditLogsPageTestTA" name="verifySpecificColumnTestTA" time="30.466"/>
  <system-out>
    <![CDATA[User logged in successfully
Clicked on Audit logs tab
Select All Checkbox is not already selected, Hence selected twice to deselect it.
Field of Columns: Entity
Field of Columns: Object Id
Field of Columns: Description
Field of Columns: Source
Column Value found
All columns selected found in table with Entity and ObjectId.
User signed out successfully]]>
  </system-out>
</testsuite> <!-- com.ae.qa.testcasesTenantAdmin.AuditLogsPageTestTA -->
