<?xml version="1.0" encoding="UTF-8"?>
<!-- Generated by org.testng.reporters.JUnitReportReporter -->
<testsuite hostname="DESKTOP-5VHKQUJ" failures="0" tests="2" name="com.ae.qa.testcasesWorkflowAdmin.CataloguePageTestWA" time="114.077" errors="0" timestamp="06 Feb 2023 07:57:12 GMT" skipped="0">
  <testcase classname="com.ae.qa.testcasesWorkflowAdmin.CataloguePageTestWA" name="validateSubmitReqDefaultCategoryWATest" time="32.430"/>
  <testcase classname="com.ae.qa.testcasesWorkflowAdmin.CataloguePageTestWA" name="validateSubmitReqCustomCategoryWATest" time="81.647"/>
</testsuite> <!-- com.ae.qa.testcasesWorkflowAdmin.CataloguePageTestWA -->
