<?xml version="1.0" encoding="UTF-8"?>
<!-- Generated by org.testng.reporters.JUnitReportReporter -->
<testsuite hostname="aedbserver" failures="0" tests="1" name="com.ae.qa.testcasesTenantUser.SchedulerPageTestTU" time="167.682" errors="0" timestamp="2023-04-21T15:47:22 IST" skipped="0">
  <testcase classname="com.ae.qa.testcasesTenantUser.SchedulerPageTestTU" name="validateDailyScheduleTUTest" time="167.682"/>
  <system-out>
    <![CDATA[Tenant Admin signed in successfully
Agents tab is clicked
Workflow Assignment tab is clicked
Edit button is selected
Workflow is searched
Required wf is selected
Saved the operation
Assignment confirmed
Actual Wf Assignment Msg:Assignment saved successfully.
Expected Wf Assignment Msg:Assignment saved successfully.
Single workflow is successfully assigned to default agent
User signed out successfully
User logged in successfully
Workflows Tab is clicked
Scheduler tab clicked
Add new Button clicked
Schedule form details started
Schedule submitted
Actual Success Msg:Schedule created successfully
Expected Success Msg:Schedule created successfully
Daily Schedule created successfully
User signed out successfully]]>
  </system-out>
</testsuite> <!-- com.ae.qa.testcasesTenantUser.SchedulerPageTestTU -->
