<?xml version="1.0" encoding="UTF-8"?>
<!-- Generated by org.testng.reporters.JUnitReportReporter -->
<testsuite hostname="aedbserver" failures="0" tests="4" name="com.ae.qa.testcases.ArtifactsPageTest" time="256.252" errors="0" timestamp="2023-04-19T00:32:14 IST" skipped="0">
  <testcase classname="com.ae.qa.testcases.ArtifactsPageTest" name="validateUploadPSTest" time="115.639"/>
  <system-out>
    <![CDATA[Upload button is clicked
Upload PS button clicked
Failure message for Invalid Artifact name: Artifact name for Process Studio distribution is case-sensitive. Please enter name as "Process Studio".
Please upload artifacts with valid name
Artifact name has given correctly
Upload PS button clicked
Success message for valid Artifact name: Artifact uploaded successfully
Artifact uploaded successfully
Actual Entity after uploading PS Upload: ARTIFACT
Actual Operation after uploading PS Upload: UPLOAD
Entry and Operation in Logs after uploading PS is verified
Entity after uploading PS is verified]]>
  </system-out>
  <testcase classname="com.ae.qa.testcases.ArtifactsPageTest" name="ValidateUpdatePSTest" time="66.033"/>
  <system-out>
    <![CDATA[Edit button is clicked
Upload PS button clicked
 Actual message after updating artifact: Artifact updated successfully
Artifact updated successfully]]>
  </system-out>
  <testcase classname="com.ae.qa.testcases.ArtifactsPageTest" name="validateArtifactsPageTest" time="36.056"/>
  <system-out>
    <![CDATA[User log in Successfully
Actual page title displayed on screen is: Artifacts and Expected page title is: Artifacts
Respective Page is clicked and appropriate page is loaded properly]]>
  </system-out>
  <testcase classname="com.ae.qa.testcases.ArtifactsPageTest" name="ValidateDeletePSTest" time="38.524"/>
  <system-out>
    <![CDATA[Delete button is clicked
Confirmed for deletion of Artifact
 Actual message after deletion of artifact: Artifact <Process Studio> deleted successfully
Artifact deleted successfully]]>
  </system-out>
</testsuite> <!-- com.ae.qa.testcases.ArtifactsPageTest -->
