<?xml version="1.0" encoding="UTF-8"?>
<!-- Generated by org.testng.reporters.JUnitReportReporter -->
<testsuite hostname="DESKTOP-5VHKQUJ" failures="0" tests="1" name="com.ae.qa.testcasesTenantAdmin.LoginPageTestTA" time="17.575" errors="0" timestamp="09 Jan 2023 07:46:56 GMT" skipped="0">
  <testcase classname="com.ae.qa.testcasesTenantAdmin.LoginPageTestTA" name="ValidateFirstTimeTALoginTest" time="17.575"/>
</testsuite> <!-- com.ae.qa.testcasesTenantAdmin.LoginPageTestTA -->
