<?xml version="1.0" encoding="UTF-8"?>
<!-- Generated by org.testng.reporters.JUnitReportReporter -->
<testsuite hostname="DESKTOP-5VHKQUJ" failures="0" tests="1" name="com.ae.qa.testcasesTenantUser.SchedulerPageTestTU" time="110.261" errors="0" timestamp="06 Feb 2023 07:57:12 GMT" skipped="0">
  <testcase classname="com.ae.qa.testcasesTenantUser.SchedulerPageTestTU" name="validateDailyScheduleTUTest" time="110.261"/>
</testsuite> <!-- com.ae.qa.testcasesTenantUser.SchedulerPageTestTU -->
