<?xml version="1.0" encoding="UTF-8"?>
<!-- Generated by org.testng.reporters.JUnitReportReporter -->
<testsuite hostname="DESKTOP-5VHKQUJ" failures="0" tests="3" name="com.ae.qa.testcasesAgentAdmin.InformationPageTestAA" time="156.629" errors="0" timestamp="06 Feb 2023 07:57:12 GMT" skipped="0">
  <testcase classname="com.ae.qa.testcasesAgentAdmin.InformationPageTestAA" name="validateLastLoginAATest" time="79.455"/>
  <testcase classname="com.ae.qa.testcasesAgentAdmin.InformationPageTestAA" name="validateViewProfileAATest" time="47.723"/>
  <testcase classname="com.ae.qa.testcasesAgentAdmin.InformationPageTestAA" name="validateAboutTabAATest" time="29.451"/>
</testsuite> <!-- com.ae.qa.testcasesAgentAdmin.InformationPageTestAA -->
