<?xml version="1.0" encoding="UTF-8"?>
<!-- Generated by org.testng.reporters.JUnitReportReporter -->
<testsuite hostname="DESKTOP-5VHKQUJ" failures="0" tests="6" name="com.ae.qa.testcasesTenantAdmin.CategoriesPageTestTA" time="290.363" errors="0" timestamp="09 Jan 2023 07:46:56 GMT" skipped="0">
  <testcase classname="com.ae.qa.testcasesTenantAdmin.CategoriesPageTestTA" name="ValidateCreateCategoryTest" time="66.377"/>
  <testcase classname="com.ae.qa.testcasesTenantAdmin.CategoriesPageTestTA" name="ValidateEditCategoryTest" time="58.881"/>
  <testcase classname="com.ae.qa.testcasesTenantAdmin.CategoriesPageTestTA" name="ValidateAssignWFToCategoryTest" time="39.475"/>
  <testcase classname="com.ae.qa.testcasesTenantAdmin.CategoriesPageTestTA" name="ValidateCreateDuplicateCategoryTest" time="43.527"/>
  <testcase classname="com.ae.qa.testcasesTenantAdmin.CategoriesPageTestTA" name="ValidateRemoveWFFromCategoryTest" time="40.801"/>
  <testcase classname="com.ae.qa.testcasesTenantAdmin.CategoriesPageTestTA" name="ValidateDeleteCategoryTest" time="41.302"/>
</testsuite> <!-- com.ae.qa.testcasesTenantAdmin.CategoriesPageTestTA -->
