<?xml version="1.0" encoding="UTF-8"?>
<!-- Generated by org.testng.reporters.JUnitReportReporter -->
<testsuite hostname="aedbserver" failures="1" tests="4" name="com.ae.qa.testcases.IntegrationTypesPageTest" time="163.792" errors="0" timestamp="2023-04-19T00:32:14 IST" skipped="0">
  <testcase classname="com.ae.qa.testcases.IntegrationTypesPageTest" name="validateAddIntegrationTypesTest" time="49.482"/>
  <system-out>
    <![CDATA[User log in Successfully
Submit Button is clicked
Integration type created successfully]]>
  </system-out>
  <testcase classname="com.ae.qa.testcases.IntegrationTypesPageTest" name="validateEditIntegrationTypesTest" time="33.667">
    <failure message="Integration type not updated. expected [Integration type jar for [remedyforce] updated successfully] but found []" type="java.lang.AssertionError">
      <![CDATA[java.lang.AssertionError: Integration type not updated. expected [Integration type jar for [remedyforce] updated successfully] but found []
at org.testng.Assert.fail(Assert.java:110)
at org.testng.Assert.failNotEquals(Assert.java:1413)
at org.testng.Assert.assertEqualsImpl(Assert.java:149)
at org.testng.Assert.assertEquals(Assert.java:131)
at org.testng.Assert.assertEquals(Assert.java:655)
at com.ae.qa.pages.IntegrationTypesPage.validateEditIntegrationTypes(IntegrationTypesPage.java:108)
at com.ae.qa.testcases.IntegrationTypesPageTest.validateEditIntegrationTypesTest(IntegrationTypesPageTest.java:36)
at java.base/jdk.internal.reflect.NativeMethodAccessorImpl.invoke0(Native Method)
at java.base/jdk.internal.reflect.NativeMethodAccessorImpl.invoke(NativeMethodAccessorImpl.java:77)
at java.base/jdk.internal.reflect.DelegatingMethodAccessorImpl.invoke(DelegatingMethodAccessorImpl.java:43)
at java.base/java.lang.reflect.Method.invoke(Method.java:568)
at org.testng.internal.invokers.MethodInvocationHelper.invokeMethod(MethodInvocationHelper.java:139)
at org.testng.internal.invokers.TestInvoker.invokeMethod(TestInvoker.java:677)
at org.testng.internal.invokers.TestInvoker.invokeTestMethod(TestInvoker.java:221)
at org.testng.internal.invokers.MethodRunner.runInSequence(MethodRunner.java:50)
at org.testng.internal.invokers.TestInvoker$MethodInvocationAgent.invoke(TestInvoker.java:962)
at org.testng.internal.invokers.TestInvoker.invokeTestMethods(TestInvoker.java:194)
at org.testng.internal.invokers.TestMethodWorker.invokeTestMethods(TestMethodWorker.java:148)
at org.testng.internal.invokers.TestMethodWorker.run(TestMethodWorker.java:128)
at java.base/java.util.concurrent.ThreadPoolExecutor.runWorker(ThreadPoolExecutor.java:1136)
at java.base/java.util.concurrent.ThreadPoolExecutor$Worker.run(ThreadPoolExecutor.java:635)
at java.base/java.lang.Thread.run(Thread.java:833)
]]>
    </failure>
  </testcase> <!-- validateEditIntegrationTypesTest -->
  <system-out>
    <![CDATA[User log in Successfully
Edit button is clicked
Submit Button is clicked]]>
  </system-out>
  <testcase classname="com.ae.qa.testcases.IntegrationTypesPageTest" name="validateIntegrationTypePageTest" time="38.491"/>
  <system-out>
    <![CDATA[User log in Successfully
Actual page title displayed on screen is: Types and Expected page title is: Types
Respective Page is clicked and appropriate page is loaded properly]]>
  </system-out>
  <testcase classname="com.ae.qa.testcases.IntegrationTypesPageTest" name="validateDeleteIntegrationTypeTest" time="42.152"/>
  <system-out>
    <![CDATA[User log in Successfully
Actual success msg is: Integration type [RemedyForce] deleted successfully
Expected success msg is: Integration type [RemedyForce] deleted successfully
Integration type is deleted successfully]]>
  </system-out>
</testsuite> <!-- com.ae.qa.testcases.IntegrationTypesPageTest -->
