<?xml version="1.0" encoding="UTF-8"?>
<!-- Generated by org.testng.reporters.JUnitReportReporter -->
<testsuite hostname="aedbserver" failures="0" tests="5" name="com.ae.qa.testcasesActivityMonitor.AgentListPageTestAM" time="135.081" errors="0" timestamp="2023-04-18T18:17:43 IST" skipped="0">
  <testcase classname="com.ae.qa.testcasesActivityMonitor.AgentListPageTestAM" name="validateAssistedAgentDetailsAMTest" time="24.313"/>
  <system-out>
    <![CDATA[User log in Successfully
User navigated to Agents Tab
User navigated to Assisted Agents Tab
Assisted Agent details is verified successfully.
User signed out successfully]]>
  </system-out>
  <testcase classname="com.ae.qa.testcasesActivityMonitor.AgentListPageTestAM" name="validateAgentDetailsAMTest" time="23.544"/>
  <system-out>
    <![CDATA[User log in Successfully
User navigated to Agents Tab
Agent details is verified successfully.
User signed out successfully]]>
  </system-out>
  <testcase classname="com.ae.qa.testcasesActivityMonitor.AgentListPageTestAM" name="checkColumnsInAgentListAMTest" time="27.601"/>
  <system-out>
    <![CDATA[User logged in successfully
User navigated to AgentList tab
All Column got displayed in records after Checking select All checkbox.
User signed out successfully]]>
  </system-out>
  <testcase classname="com.ae.qa.testcasesActivityMonitor.AgentListPageTestAM" name="deselectAllInAgentListAMTest" time="27.087"/>
  <system-out>
    <![CDATA[User logged in successfully
User navigated to AgentList tab
Select All Checkbox is not already selected, Hence selected twice to deselect it.
Selected count of No. of colums 3
Total No of columns in table: 3
Field of Columns: Agent Name
Field of Columns: Status
Field of Columns: Resource Utilization
Column Value found
All Options got deselected except Agent Name,Status and Resource Utilization.
User signed out successfully]]>
  </system-out>
  <testcase classname="com.ae.qa.testcasesActivityMonitor.AgentListPageTestAM" name="SpecificColumnInAgentListAMTest" time="32.536"/>
  <system-out>
    <![CDATA[User logged in successfully
User navigated to AgentList tab
Select All Checkbox is not already selected, Hence selected twice to deselect it.
Field of Columns: Agent Name
Field of Columns: Execution Threads
Field of Columns: Executing Workflows
Field of Columns: Status
Field of Columns: Resource Utilization
Column Value found
All columns selected found in table.
User signed out successfully]]>
  </system-out>
</testsuite> <!-- com.ae.qa.testcasesActivityMonitor.AgentListPageTestAM -->
