<?xml version="1.0" encoding="UTF-8"?>
<!-- Generated by org.testng.reporters.JUnitReportReporter -->
<testsuite hostname="DESKTOP-5VHKQUJ" failures="0" tests="3" name="com.ae.qa.testcases.PurgeSchedulePageTest" time="126.192" errors="0" timestamp="09 Jan 2023 07:46:56 GMT" skipped="0">
  <testcase classname="com.ae.qa.testcases.PurgeSchedulePageTest" name="validatePurgingScheduleDayTest" time="50.436"/>
  <testcase classname="com.ae.qa.testcases.PurgeSchedulePageTest" name="validatePurgingScheduleWeekendTest" time="40.149"/>
  <testcase classname="com.ae.qa.testcases.PurgeSchedulePageTest" name="validatePurgeSchedulePageTest" time="35.607"/>
</testsuite> <!-- com.ae.qa.testcases.PurgeSchedulePageTest -->
