<?xml version="1.0" encoding="UTF-8"?>
<!-- Generated by org.testng.reporters.JUnitReportReporter -->
<testsuite hostname="DESKTOP-5VHKQUJ" failures="0" tests="2" name="com.ae.qa.testcasesWorkflowAdmin.PluginsPageTestWA" time="78.357" errors="0" timestamp="06 Feb 2023 07:57:12 GMT" skipped="0">
  <testcase classname="com.ae.qa.testcasesWorkflowAdmin.PluginsPageTestWA" name="validatePluginStepsWATest" time="36.077"/>
  <testcase classname="com.ae.qa.testcasesWorkflowAdmin.PluginsPageTestWA" name="validateWFPluginUtilizationWATest" time="42.280"/>
</testsuite> <!-- com.ae.qa.testcasesWorkflowAdmin.PluginsPageTestWA -->
