<?xml version="1.0" encoding="UTF-8"?>
<!-- Generated by org.testng.reporters.JUnitReportReporter -->
<testsuite hostname="DESKTOP-5VHKQUJ" failures="0" tests="3" name="com.ae.qa.testcasesUserAdmin.InformationPageTestUA" time="125.218" errors="0" timestamp="06 Feb 2023 07:57:12 GMT" skipped="0">
  <testcase classname="com.ae.qa.testcasesUserAdmin.InformationPageTestUA" name="validateLastLoginUATest" time="31.307"/>
  <testcase classname="com.ae.qa.testcasesUserAdmin.InformationPageTestUA" name="validateViewProfileUATest" time="49.299"/>
  <testcase classname="com.ae.qa.testcasesUserAdmin.InformationPageTestUA" name="validateAboutTabUATest" time="44.612"/>
</testsuite> <!-- com.ae.qa.testcasesUserAdmin.InformationPageTestUA -->
